[2015.11.06-09.45.38:198][  0]Log file open, 11/06/15 10:45:38
[2015.11.06-09.45.38:198][  0]LogInit:Display: Running engine for game: TheGame
[2015.11.06-09.45.38:198][  0]LogInit:Display: RandInit(-620684099) SRandInit(-620684098).
[2015.11.06-09.45.38:198][  0]LogTaskGraph: Started task graph with 4 named threads and 7 total threads.
[2015.11.06-09.45.38:198][  0]LogStats: Stats thread started at 0.067019
[2015.11.06-09.45.38:198][  0]LogInit:Warning: Incompatible or missing module: UE4Editor-TheGame.dll
[2015.11.06-09.45.42:956][  0]Running C:/Program Files/Epic Games/4.9/Engine/Binaries/DotNET/UnrealBuildTool.exe TheGame Development Win64 -project="C:/Users/Spellabbet/Documents/GitHub/UnrealTutorial/TheGame/TheGame.uproject" -rocket -editorrecompile -progress -noubtmakefiles
[2015.11.06-09.45.46:162][  0]@progress push 5%
[2015.11.06-09.45.46:763][  0]Parsing headers for TheGameEditor
[2015.11.06-09.45.46:763][  0]  Running UnrealHeaderTool "C:/Users/Spellabbet/Documents/GitHub/UnrealTutorial/TheGame/TheGame.uproject" "C:\Users\Spellabbet\Documents\GitHub\UnrealTutorial\TheGame\Intermediate\Build\Win64\TheGameEditor\Development\UnrealHeaderTool.manifest" -LogCmds="loginit warning, logexit warning, logdatabase error" -rocket -installed
[2015.11.06-09.45.52:870][  0]Reflection code generated for TheGameEditor in 6,1422719 seconds
[2015.11.06-09.45.53:071][  0]@progress pop
[2015.11.06-09.45.55:181][  0]Performing 13 actions (4 in parallel)
[2015.11.06-09.45.55:181][  0][2/13] Resource PCLaunch.rc
[2015.11.06-09.45.55:181][  0][3/13] Resource ModuleVersionResource.rc.inl
[2015.11.06-09.45.55:181][  0]PCH.TheGame.h.cpp
[2015.11.06-09.46.12:634][  0]TheGameHUD.cpp
[2015.11.06-09.46.12:634][  0]TheGameGameMode.cpp
[2015.11.06-09.46.12:634][  0]TheGameCharacter.cpp
[2015.11.06-09.46.12:634][  0]TheGame.generated.cpp
[2015.11.06-09.46.13:035][  0]DoorOpener.cpp
[2015.11.06-09.46.13:136][  0]TheGameProjectile.cpp
[2015.11.06-09.46.13:236][  0]Door.cpp
[2015.11.06-09.46.13:437][  0]Enemy.cpp
[2015.11.06-09.46.13:437][  0]TheGame.cpp
[2015.11.06-09.46.13:939][  0][13/13] Link UE4Editor-TheGame.dll
[2015.11.06-09.46.14:041][  0]   Creating library C:\Users\Spellabbet\Documents\GitHub\UnrealTutorial\TheGame\Intermediate/Build/Win64\UE4Editor\Development\UE4Editor-TheGame.lib and object C:\Users\Spellabbet\Documents\GitHub\UnrealTutorial\TheGame\Intermediate/Build/Win64\UE4Editor\Development\UE4Editor-TheGame.exp
[2015.11.06-09.46.14:342][  0]-------- End Detailed Actions Stats -----------------------------------------------------------
[2015.11.06-09.46.14:342][  0]Total build time: 31,34 seconds
[2015.11.06-09.46.14:677][  0]LogInit: Version: 4.9.2-2707645+++depot+UE4-Releases+4.9
[2015.11.06-09.46.14:677][  0]LogInit: API Version: 2672455
[2015.11.06-09.46.14:677][  0]LogInit: Compiled (64-bit): Sep 28 2015 10:25:44
[2015.11.06-09.46.14:677][  0]LogInit: Compiled with Visual C++: 18.00.21005.01
[2015.11.06-09.46.14:677][  0]LogInit: Build Configuration: Development
[2015.11.06-09.46.14:677][  0]LogInit: Branch Name: ++depot+UE4-Releases+4.9
[2015.11.06-09.46.14:677][  0]LogInit: Command line:  
[2015.11.06-09.46.14:677][  0]LogInit: Base directory: C:/Program Files/Epic Games/4.9/Engine/Binaries/Win64/
[2015.11.06-09.46.14:677][  0]LogInit: Rocket: 1
[2015.11.06-09.46.14:683][  0]LogInit: Using libcurl 7.41.0
[2015.11.06-09.46.14:683][  0]LogInit:  - built for x86_64-pc-win32
[2015.11.06-09.46.14:683][  0]LogInit:  - supports SSL with WinSSL
[2015.11.06-09.46.14:683][  0]LogInit:  - other features:
[2015.11.06-09.46.14:683][  0]LogInit:      CURL_VERSION_SSL
[2015.11.06-09.46.14:683][  0]LogInit:      CURL_VERSION_IPV6
[2015.11.06-09.46.14:683][  0]LogInit:      CURL_VERSION_ASYNCHDNS
[2015.11.06-09.46.14:683][  0]LogInit:      CURL_VERSION_LARGEFILE
[2015.11.06-09.46.14:683][  0]LogInit:      CURL_VERSION_IDN
[2015.11.06-09.46.14:683][  0]LogInit:  CurlRequestOptions (configurable via config and command line):
[2015.11.06-09.46.14:683][  0]LogInit:  - bVerifyPeer = true  - Libcurl will verify peer certificate
[2015.11.06-09.46.14:683][  0]LogInit:  - bUseHttpProxy = false  - Libcurl will NOT use HTTP proxy
[2015.11.06-09.46.14:683][  0]LogInit:  - bDontReuseConnections = false  - Libcurl will reuse connections
[2015.11.06-09.46.14:683][  0]LogInit:  - CertBundlePath = nullptr  - Libcurl will use whatever was configured at build time.
[2015.11.06-09.46.14:689][  0]LogInit: Presizing for 0 objects not considered by GC, pre-allocating 0 bytes.
[2015.11.06-09.46.14:694][  0]LogInit: Object subsystem initialized
[2015.11.06-09.46.14:695][  0]LogInit: Selected Device Profile: [Windows]
[2015.11.06-09.46.14:695][  0]LogInit: Applying CVar settings loaded from the selected device profile: [Windows]
[2015.11.06-09.46.14:702][  0]LogInit: Computer: SpellabbA333-08
[2015.11.06-09.46.14:702][  0]LogInit: User: Spellabbet
[2015.11.06-09.46.14:702][  0]LogInit: CPU Page size=4096, Cores=4
[2015.11.06-09.46.14:702][  0]LogInit: High frequency timer resolution =3.507523 MHz
[2015.11.06-09.46.14:702][  0]LogMemory: Memory total: Physical=15.9GB (16GB approx)
[2015.11.06-09.46.14:702][  0]LogMemory: Platform Memory Stats for Windows
[2015.11.06-09.46.14:702][  0]LogMemory: Process Physical Memory: 54.48 MB used, 54.48 MB peak
[2015.11.06-09.46.14:702][  0]LogMemory: Process Virtual Memory: 55.25 MB used, 55.25 MB peak
[2015.11.06-09.46.14:702][  0]LogMemory: Physical Memory: 3353.61 MB used, 16318.82 MB total
[2015.11.06-09.46.14:702][  0]LogMemory: Virtual Memory: 370.78 MB used, 134217728.00 MB total
[2015.11.06-09.46.14:728][  0]LogTextLocalizationManager: No translations for ('sv-SE') exist, falling back to 'en' for localization and internationalization data.
[2015.11.06-09.46.15:361][  0]LogD3D11RHI: Found D3D11 adapter 0: NVIDIA GeForce GTX 960 (Feature Level 11_0)
[2015.11.06-09.46.15:361][  0]LogD3D11RHI: Adapter has 1965MB of dedicated video memory, 0MB of dedicated system memory, and 2048MB of shared system memory, 1 output[s]
[2015.11.06-09.46.15:363][  0]LogD3D11RHI: Found D3D11 adapter 1: Microsoft Basic Render Driver (Feature Level 11_0)
[2015.11.06-09.46.15:363][  0]LogD3D11RHI: Adapter has 0MB of dedicated video memory, 0MB of dedicated system memory, and 256MB of shared system memory, 0 output[s]
[2015.11.06-09.46.15:363][  0]LogD3D11RHI: Chosen D3D11 Adapter Id = 0
[2015.11.06-09.46.15:367][  0]LogD3D11RHI: !Direct3DDevice
[2015.11.06-09.46.15:367][  0]LogRHI: Texture pool is 1361 MB (70% of 1945 MB)
[2015.11.06-09.46.15:379][  0]LogD3D11RHI: Async texture creation enabled
[2015.11.06-09.46.15:394][  0]LogShaderCompilers: Guid format shader working directory is 15 characters bigger than the processId version (../../../../../../Users/Spellabbet/Documents/GitHub/UnrealTutorial/TheGame/Intermediate/Shaders/WorkingDirectory/5512/).
[2015.11.06-09.46.15:394][  0]LogShaderCompilers: Cleaned the shader compiler working directory '../../../../../../Users/Spellabbet/Documents/GitHub/UnrealTutorial/TheGame/Intermediate/Shaders/tmp/91773E1D41AC30686E8C34B252E3B7E2/'.
[2015.11.06-09.46.15:394][  0]LogShaderCompilers:Display: Using Local Shader Compiler.
[2015.11.06-09.46.16:286][  0]LogTemp:Display: Loaded TP AllDesktopTargetPlatform
[2015.11.06-09.46.16:290][  0]LogTemp:Display: Loaded TP WindowsClientTargetPlatform
[2015.11.06-09.46.16:294][  0]LogTemp:Display: Loaded TP WindowsNoEditorTargetPlatform
[2015.11.06-09.46.16:299][  0]LogTemp:Display: Loaded TP WindowsServerTargetPlatform
[2015.11.06-09.46.16:303][  0]LogTemp:Display: Loaded TP WindowsTargetPlatform
[2015.11.06-09.46.16:305][  0]LogTemp:Display: Loaded TP AndroidTargetPlatform
[2015.11.06-09.46.16:308][  0]LogTemp:Display: Loaded TP Android_ASTCTargetPlatform
[2015.11.06-09.46.16:310][  0]LogTemp:Display: Loaded TP Android_ATCTargetPlatform
[2015.11.06-09.46.16:313][  0]LogTemp:Display: Loaded TP Android_DXTTargetPlatform
[2015.11.06-09.46.16:316][  0]LogTemp:Display: Loaded TP Android_ETC1TargetPlatform
[2015.11.06-09.46.16:318][  0]LogTemp:Display: Loaded TP Android_ETC2TargetPlatform
[2015.11.06-09.46.16:321][  0]LogTemp:Display: Loaded TP Android_PVRTCTargetPlatform
[2015.11.06-09.46.16:321][  0]LogTemp:Display: Loaded TP HTML5TargetPlatform
[2015.11.06-09.46.16:338][  0]LogTemp:Display: Loaded TP IOSTargetPlatform
[2015.11.06-09.46.16:340][  0]LogTemp:Display: Loaded TP LinuxNoEditorTargetPlatform
[2015.11.06-09.46.16:343][  0]LogTemp:Display: Loaded TP LinuxServerTargetPlatform
[2015.11.06-09.46.16:346][  0]LogTemp:Display: Loaded TP LinuxTargetPlatform
[2015.11.06-09.46.16:346][  0]LogTargetPlatformManager:Display: Building Assets For Windows
[2015.11.06-09.46.16:409][  0]LogDerivedDataCache:Display: Max Cache Size: 512 MB
[2015.11.06-09.46.16:444][  0]LogDerivedDataCache: Loaded boot cache 0.04s 44MB C:/Users/Spellabbet/AppData/Local/UnrealEngine/4.9/DerivedDataCache/Boot.ddc.
[2015.11.06-09.46.16:444][  0]LogDerivedDataCache:Display: Loaded Boot cache: C:/Users/Spellabbet/AppData/Local/UnrealEngine/4.9/DerivedDataCache/Boot.ddc
[2015.11.06-09.46.16:444][  0]LogDerivedDataCache: FDerivedDataBackendGraph:  Pak pak cache file ../../../../../../Users/Spellabbet/Documents/GitHub/UnrealTutorial/TheGame/DerivedDataCache/DDC.ddp not found, will not use a pak cache.
[2015.11.06-09.46.16:445][  0]LogDerivedDataCache: Unable to find inner node Pak for hierarchical cache Hierarchy.
[2015.11.06-09.46.16:445][  0]LogDerivedDataCache: FDerivedDataBackendGraph:  CompressedPak pak cache file ../../../../../../Users/Spellabbet/Documents/GitHub/UnrealTutorial/TheGame/DerivedDataCache/Compressed.ddp not found, will not use a pak cache.
[2015.11.06-09.46.16:445][  0]LogDerivedDataCache: Unable to find inner node CompressedPak for hierarchical cache Hierarchy.
[2015.11.06-09.46.16:553][  0]LogDerivedDataCache:Display: Pak cache opened for reading ../../../Engine/DerivedDataCache/Compressed.ddp.
[2015.11.06-09.46.16:566][  0]LogDerivedDataCache: Using Local data cache path C:/Users/Spellabbet/AppData/Local/UnrealEngine/Common/DerivedDataCache: Writable
[2015.11.06-09.46.16:686][  0]LogCollisionProfile:Warning: Profile (Trigger) - Custom Channel Name = 'Projectile' hasn't been found
[2015.11.06-09.46.16:704][  0]LogInit: Selected Device Profile: [Windows]
[2015.11.06-09.46.16:706][  0]LogContentStreaming: Texture pool size is 0.000000MB
[2015.11.06-09.46.16:803][  0]LogMeshUtilities: No automatic mesh reduction module available
[2015.11.06-09.46.16:803][  0]LogMeshUtilities: No automatic mesh merging module available
[2015.11.06-09.46.16:990][  0]LogInit: WinSock: version 1.1 (2.2), MaxSocks=32767, MaxUdp=65467
[2015.11.06-09.46.17:514][  0]UdpMessaging: Initializing bridge on interface 0.0.0.0:0 to multicast group 230.0.0.1:6666.
[2015.11.06-09.46.17:984][  0]LogSkinnedMeshComp:Warning: GetSocketByName(): No SkeletalMesh for CharacterMesh1P
[2015.11.06-09.46.18:080][  0]LogSkinnedMeshComp:Warning: GetSocketByName(): No SkeletalMesh for CharacterMesh1P
[2015.11.06-09.46.18:174][  0]LogSkinnedMeshComp:Warning: GetSocketByName(): No SkeletalMesh for CharacterMesh1P
[2015.11.06-09.46.18:176][  0]LogSkinnedMeshComp:Warning: GetSocketByName(): No SkeletalMesh for CharacterMesh1P
[2015.11.06-09.46.18:181][  0]LogSkinnedMeshComp:Warning: GetSocketByName(): No SkeletalMesh for CharacterMesh1P
[2015.11.06-09.46.18:202][  0]LogSkinnedMeshComp:Warning: GetSocketByName(): No SkeletalMesh for CharacterMesh1P
[2015.11.06-09.46.18:207][  0]LogSkinnedMeshComp:Warning: GetSocketByName(): No SkeletalMesh for CharacterMesh1P
[2015.11.06-09.46.18:364][  0]LogAssetRegistry: FAssetRegistry took 0.0106 seconds to start up
[2015.11.06-09.46.18:494][  0]SourceControl: Info Source control is disabled
[2015.11.06-09.46.18:501][  0]SourceControl: Info Source control is disabled
[2015.11.06-09.46.18:509][  0]SourceControl: Info Source control is disabled
[2015.11.06-09.46.18:517][  0]SourceControl: Info Source control is disabled
[2015.11.06-09.46.18:634][  0]LogLinker:Warning: Asset '../../../Engine/Plugins/Runtime/LeapMotionController/Content/LM_PassthroughMaterial.uasset' has been saved with empty engine version. The asset will be loaded but may be incompatible.
[2015.11.06-09.46.18:697][  0]LogObj: 38027 objects as part of root set at end of initial load.
[2015.11.06-09.46.18:697][  0]LogUObjectAllocator: 9464472 out of 0 bytes used by permanent object pool.
[2015.11.06-09.46.18:752][  0]LogEngine: Initializing Engine...
[2015.11.06-09.46.18:754][  0]LogHMD: Can't find Oculus library dev build: is proper Runtime installed? Version: 0.7.0.0
[2015.11.06-09.46.18:755][  0]LogHMD: SteamVR failed to initialize.  Err: 110
[2015.11.06-09.46.18:851][  0]LogAIModule: Creating AISystem for world NewWorld
[2015.11.06-09.46.18:855][  0]LogInit: XAudio2 using 'Speakers (4- High Definition Audio Device)' : 2 channels at 44.1 kHz using 16 bits per sample (channel mask 0x3)
[2015.11.06-09.46.18:866][  0]LogInit: FAudioDevice initialized.
[2015.11.06-09.46.18:884][  0]LogDerivedDataCache: Saved boot cache 0.02s 44MB C:/Users/Spellabbet/AppData/Local/UnrealEngine/4.9/DerivedDataCache/Boot.ddc.
[2015.11.06-09.46.18:887][  0]LogInit: Texture streaming: Enabled
[2015.11.06-09.46.18:891][  0]LogAnalytics: Creating configured Analytics provider AnalyticsET
[2015.11.06-09.46.18:891][  0]LogAnalytics: [UEEditor.Rocket.Release] APIServer = http://et2.epicgames.com/ET2/. AppVersion = 4.9.2-2707645+++depot+UE4-Releases+4.9
[2015.11.06-09.46.18:892][  0]LogAnalytics: [UEEditor.Rocket.Release] SetUserId 7e3fa46547d3e524ffb1328701b2a07b|99f216c1865e471987722078da7bde5f|060e5e79-a789-49c4-8abd-5d8b330400a7
[2015.11.06-09.46.18:892][  0]LogAnalytics: [UEEditor.Rocket.Release] AnalyticsET::StartSession
[2015.11.06-09.46.18:908][  0]LogInit: Transaction tracking system initialized
[2015.11.06-09.46.18:932][  0]BlueprintLog: New page: Editor Load
[2015.11.06-09.46.19:050][  0]LocalizationService: Info Localization service is disabled
[2015.11.06-09.46.19:109][  0]LogConsoleResponse:Display: 
[2015.11.06-09.46.19:195][  0]LogCook:Display: Done creating registry. It took  0.00s.
[2015.11.06-09.46.19:240][  0]LogFileCache: Scanning file cache for directory 'C:/Users/Spellabbet/Documents/GitHub/UnrealTutorial/TheGame/Content/' took 0.01s
[2015.11.06-09.46.19:240][  0]SourceControl: Info Source control is disabled
[2015.11.06-09.46.19:240][  0]Cmd: MAP LOAD FILE="../../../../../../Users/Spellabbet/Documents/GitHub/UnrealTutorial/TheGame/Content/FirstPersonCPP/Maps/FirstPersonExampleMap.umap" TEMPLATE=0 SHOWPROGRESS=1 FEATURELEVEL=3
[2015.11.06-09.46.19:240][  0]LightingResults: New page: Lighting Build
[2015.11.06-09.46.19:243][  0]MapCheck: New page: Map Check
[2015.11.06-09.46.19:243][  0]LightingResults: New page: Lighting Build
[2015.11.06-09.46.19:258][  0]LogParticles: Destroying 0 GPU particle simulations for FXSystem 0x000000C410969620
[2015.11.06-09.46.19:453][  0]LogSkinnedMeshComp:Warning: GetSocketByName(): No SkeletalMesh for CharacterMesh1P
[2015.11.06-09.46.20:089][  0]LogMaterial: Missing cached shader map for material M_Rock, compiling. 
[2015.11.06-09.46.20:199][  0]LogTexture:Display: Building textures: HQ_Lightmap0_6 (AutoDXT)
[2015.11.06-09.46.20:269][  0]LogTexture:Display: Building textures: LQ_Lightmap_0_6 (DXT1)
[2015.11.06-09.46.20:272][  0]LogTexture:Display: Building textures: SkyOcclusion0_6 (AutoDXT)
[2015.11.06-09.46.20:275][  0]LogTexture:Display: Building textures: ShadowMapTexture2D_7 (G8)
[2015.11.06-09.46.20:778][  0]LogTexture:Display: Building textures: Can (AutoDXT)
[2015.11.06-09.46.20:804][  0]LogAIModule: Creating AISystem for world FirstPersonExampleMap
[2015.11.06-09.46.20:815][  0]LogEditorServer: Finished looking for orphan Actors (0.000 secs)
[2015.11.06-09.46.20:816][  0]Cmd: MAP CHECKDEP NOCLEARLOG
[2015.11.06-09.46.20:859][  0]MapCheck: Info Map check complete: 0 Error(s), 0 Warning(s), took 43.401ms to complete.
[2015.11.06-09.46.20:859][  0]LogFileHelpers: Loading map 'FirstPersonExampleMap' took 1.619
[2015.11.06-09.46.20:959][  0]LogCollectionManager: Loaded 0 collections in 0.001995 seconds
[2015.11.06-09.46.21:006][  0]LogFileCache: Scanning file cache for directory 'C:/Users/Spellabbet/Documents/GitHub/UnrealTutorial/TheGame/Saved/Collections/' took 0.01s
[2015.11.06-09.46.21:006][  0]LogFileCache: Scanning file cache for directory 'C:/Users/Spellabbet/Documents/GitHub/UnrealTutorial/TheGame/Content/Developers/Spellabbet/Collections/' took 0.01s
[2015.11.06-09.46.21:006][  0]LogFileCache: Scanning file cache for directory 'C:/Users/Spellabbet/Documents/GitHub/UnrealTutorial/TheGame/Content/Collections/' took 0.01s
[2015.11.06-09.46.21:006][  0]LogContentBrowser: Native class hierarchy populated in 0.0116 seconds. Added 1874 classes and 335 folders.
[2015.11.06-09.46.21:012][  0]LogCollectionManager: Rebuilt the GUID cache for 0 collections in 0.000002 seconds
[2015.11.06-09.46.21:020][  0]LogContentBrowser: Native class hierarchy updated for 'WidgetCarousel' in 0.0013 seconds. Added 0 classes and 0 folders.
[2015.11.06-09.46.21:067][  0]LogContentBrowser: Native class hierarchy updated for 'AddContentDialog' in 0.0013 seconds. Added 0 classes and 0 folders.
[2015.11.06-09.46.21:072][  0]LogContentBrowser: Native class hierarchy updated for 'SceneOutliner' in 0.0013 seconds. Added 1 classes and 2 folders.
[2015.11.06-09.46.21:100][  0]LogCrashTracker: Crashtracker disabled due to settings.
[2015.11.06-09.46.21:103][  0]LogUObjectGlobals:Warning: Failed to find object 'Class None.'
[2015.11.06-09.46.21:126][  0]LogLoad: Full Startup: 43.61 seconds (BP compile: 0.15 seconds)
[2015.11.06-09.46.21:183][  0]LogContentStreaming: Texture pool size now 1000 MB
[2015.11.06-09.46.21:321][  0]LogRenderer: Reallocating scene render targets to support 1208x556 (Frame:2).
[2015.11.06-09.46.21:576][  7]LogAssetRegistry: Asset discovery search completed in 3.2231 seconds
[2015.11.06-09.46.21:576][  7]LogCollectionManager: Rebuilt the object cache for 0 collections in 0.000000 seconds (found 0 objects)
[2015.11.06-09.46.21:576][  7]LogCollectionManager: Fixed up redirectors for 0 collections in 0.000021 seconds (updated 0 objects)
[2015.11.06-09.46.23:184][149]LogBlueprintUserMessages: Early PlayInEditor Detection: Level '/Game/FirstPersonCPP/Maps/FirstPersonExampleMap.FirstPersonExampleMap:PersistentLevel' has LevelScriptBlueprint '/Game/FirstPersonCPP/Maps/FirstPersonExampleMap.FirstPersonExampleMap:PersistentLevel.FirstPersonExampleMap' with GeneratedClass '/Game/FirstPersonCPP/Maps/FirstPersonExampleMap.FirstPersonExampleMap_C' with ClassGeneratedBy '/Game/FirstPersonCPP/Maps/FirstPersonExampleMap.FirstPersonExampleMap:PersistentLevel.FirstPersonExampleMap'
[2015.11.06-09.46.23:184][149]LogPlayLevel: PlayLevel: No blueprints needed recompiling
[2015.11.06-09.46.23:185][149]PIE: New page: PIE session: FirstPersonExampleMap (Nov 6, 2015, 11:46:23 AM)
[2015.11.06-09.46.23:185][149]LogPlayLevel: Creating play world package: /Game/FirstPersonCPP/Maps/UEDPIE_0_FirstPersonExampleMap
[2015.11.06-09.46.23:186][149]LogSkinnedMeshComp:Warning: GetSocketByName(): No SkeletalMesh for CharacterMesh1P
[2015.11.06-09.46.24:301][149]LogPlayLevel: PIE: StaticDuplicateObject took: (1.116157s)
[2015.11.06-09.46.24:302][149]LogAIModule: Creating AISystem for world FirstPersonExampleMap
[2015.11.06-09.46.24:302][149]LogPlayLevel: PIE: World Init took: (0.000763s)
[2015.11.06-09.46.24:302][149]LogPlayLevel: PIE: Created PIE world by copying editor world from /Game/FirstPersonCPP/Maps/FirstPersonExampleMap.FirstPersonExampleMap to /Game/FirstPersonCPP/Maps/UEDPIE_0_FirstPersonExampleMap.FirstPersonExampleMap (1.117186s)
[2015.11.06-09.46.24:302][149]LogActorComponent: UnregisterComponent: (/Engine/Transient.CharMoveComp) Not registered. Aborting.
[2015.11.06-09.46.24:303][149]LogActorComponent: UnregisterComponent: (/Engine/Transient.CharacterMovementComponent_0) Not registered. Aborting.
[2015.11.06-09.46.24:303][149]LogActorComponent: UnregisterComponent: (/Engine/Transient.PawnSensing_GEN_VARIABLE) Not registered. Aborting.
[2015.11.06-09.46.24:303][149]LogActorComponent: UnregisterComponent: (/Engine/Transient.ProjectileComp) Not registered. Aborting.
[2015.11.06-09.46.24:333][149]LogInit: XAudio2 using 'Speakers (4- High Definition Audio Device)' : 2 channels at 44.1 kHz using 16 bits per sample (channel mask 0x3)
[2015.11.06-09.46.24:337][149]LogInit: FAudioDevice initialized.
[2015.11.06-09.46.25:182][149]LogWorld: Game class is 'TheGameGameMode'
[2015.11.06-09.46.25:190][149]LogWorld:Warning: *** WARNING - PATHS MAY NOT BE VALID ***
[2015.11.06-09.46.25:190][149]LogWorld: Bringing World /Game/FirstPersonCPP/Maps/UEDPIE_0_FirstPersonExampleMap.FirstPersonExampleMap up for play (max tick rate 0) at 2015.11.06-10.46.25
[2015.11.06-09.46.25:190][149]LogActor:Warning: GameSession /Game/FirstPersonCPP/Maps/UEDPIE_0_FirstPersonExampleMap.FirstPersonExampleMap:PersistentLevel.GameSession_0 has natively added scene component(s), but none of them were set as the actor's RootComponent - picking one arbitrarily
[2015.11.06-09.46.25:190][149]LogActor:Warning: GameNetworkManager /Game/FirstPersonCPP/Maps/UEDPIE_0_FirstPersonExampleMap.FirstPersonExampleMap:PersistentLevel.GameNetworkManager_0 has natively added scene component(s), but none of them were set as the actor's RootComponent - picking one arbitrarily
[2015.11.06-09.46.25:191][149]LogWorld: Bringing up level for play took: 0.008441
[2015.11.06-09.46.25:192][149]LogSkinnedMeshComp:Warning: GetSocketByName(): No SkeletalMesh for CharacterMesh1P
[2015.11.06-09.46.25:196][149]PIE: Info Play in editor start time for /Game/FirstPersonCPP/Maps/UEDPIE_0_FirstPersonExampleMap 2.213
[2015.11.06-09.46.25:197][149]LogBlueprintUserMessages: Late PlayInEditor Detection: Level '/Game/FirstPersonCPP/Maps/FirstPersonExampleMap.FirstPersonExampleMap:PersistentLevel' has LevelScriptBlueprint '/Game/FirstPersonCPP/Maps/FirstPersonExampleMap.FirstPersonExampleMap:PersistentLevel.FirstPersonExampleMap' with GeneratedClass '/Game/FirstPersonCPP/Maps/FirstPersonExampleMap.FirstPersonExampleMap_C' with ClassGeneratedBy '/Game/FirstPersonCPP/Maps/FirstPersonExampleMap.FirstPersonExampleMap:PersistentLevel.FirstPersonExampleMap'
[2015.11.06-09.46.29:951][714]LogBlueprintUserMessages: Early EndPlayMap Detection: Level '/Game/FirstPersonCPP/Maps/FirstPersonExampleMap.FirstPersonExampleMap:PersistentLevel' has LevelScriptBlueprint '/Game/FirstPersonCPP/Maps/FirstPersonExampleMap.FirstPersonExampleMap:PersistentLevel.FirstPersonExampleMap' with GeneratedClass '/Game/FirstPersonCPP/Maps/FirstPersonExampleMap.FirstPersonExampleMap_C' with ClassGeneratedBy '/Game/FirstPersonCPP/Maps/FirstPersonExampleMap.FirstPersonExampleMap:PersistentLevel.FirstPersonExampleMap'
[2015.11.06-09.46.29:990][714]LogBlueprintUserMessages: Late EndPlayMap Detection: Level '/Game/FirstPersonCPP/Maps/FirstPersonExampleMap.FirstPersonExampleMap:PersistentLevel' has LevelScriptBlueprint '/Game/FirstPersonCPP/Maps/FirstPersonExampleMap.FirstPersonExampleMap:PersistentLevel.FirstPersonExampleMap' with GeneratedClass '/Game/FirstPersonCPP/Maps/FirstPersonExampleMap.FirstPersonExampleMap_C' with ClassGeneratedBy '/Game/FirstPersonCPP/Maps/FirstPersonExampleMap.FirstPersonExampleMap:PersistentLevel.FirstPersonExampleMap'
[2015.11.06-09.46.30:009][714]LogParticles: Destroying 0 GPU particle simulations for FXSystem 0x000000C410D20EA0
[2015.11.06-09.46.32:687][989]LogLinker:Warning: Asset '../../../Engine/Content/ArtTools/RenderToTexture/Macros/RenderToTextureMacros.uasset' has been saved with empty engine version. The asset will be loaded but may be incompatible.
[2015.11.06-09.46.33:074][989]LogContentBrowser: Native class hierarchy updated for 'BlueprintGraph' in 0.0011 seconds. Added 107 classes and 0 folders.
[2015.11.06-09.46.37:768][411]LogBlueprintUserMessages: Early PlayInEditor Detection: Level '/Game/FirstPersonCPP/Maps/FirstPersonExampleMap.FirstPersonExampleMap:PersistentLevel' has LevelScriptBlueprint '/Game/FirstPersonCPP/Maps/FirstPersonExampleMap.FirstPersonExampleMap:PersistentLevel.FirstPersonExampleMap' with GeneratedClass '/Game/FirstPersonCPP/Maps/FirstPersonExampleMap.FirstPersonExampleMap_C' with ClassGeneratedBy '/Game/FirstPersonCPP/Maps/FirstPersonExampleMap.FirstPersonExampleMap:PersistentLevel.FirstPersonExampleMap'
[2015.11.06-09.46.37:769][411]LogPlayLevel: PlayLevel: No blueprints needed recompiling
[2015.11.06-09.46.37:769][411]PIE: New page: PIE session: FirstPersonExampleMap (Nov 6, 2015, 11:46:37 AM)
[2015.11.06-09.46.37:769][411]LogPlayLevel: Creating play world package: /Game/FirstPersonCPP/Maps/UEDPIE_0_FirstPersonExampleMap
[2015.11.06-09.46.37:770][411]LogSkinnedMeshComp:Warning: GetSocketByName(): No SkeletalMesh for CharacterMesh1P
[2015.11.06-09.46.37:789][411]LogPlayLevel: PIE: StaticDuplicateObject took: (0.019806s)
[2015.11.06-09.46.37:789][411]LogAIModule: Creating AISystem for world FirstPersonExampleMap
[2015.11.06-09.46.37:789][411]LogPlayLevel: PIE: World Init took: (0.000733s)
[2015.11.06-09.46.37:789][411]LogPlayLevel: PIE: Created PIE world by copying editor world from /Game/FirstPersonCPP/Maps/FirstPersonExampleMap.FirstPersonExampleMap to /Game/FirstPersonCPP/Maps/UEDPIE_0_FirstPersonExampleMap.FirstPersonExampleMap (0.020785s)
[2015.11.06-09.46.37:790][411]LogActorComponent: UnregisterComponent: (/Engine/Transient.ProjectileComp) Not registered. Aborting.
[2015.11.06-09.46.37:790][411]LogActorComponent: UnregisterComponent: (/Engine/Transient.CharMoveComp) Not registered. Aborting.
[2015.11.06-09.46.37:790][411]LogActorComponent: UnregisterComponent: (/Engine/Transient.CharacterMovementComponent_1) Not registered. Aborting.
[2015.11.06-09.46.37:790][411]LogActorComponent: UnregisterComponent: (/Engine/Transient.PawnSensing_GEN_VARIABLE) Not registered. Aborting.
[2015.11.06-09.46.37:812][411]LogParticles: Destroying 0 GPU particle simulations for FXSystem 0x000000C47CC68CC0
[2015.11.06-09.46.37:819][411]LogInit: XAudio2 using 'Speakers (4- High Definition Audio Device)' : 2 channels at 44.1 kHz using 16 bits per sample (channel mask 0x3)
[2015.11.06-09.46.37:824][411]LogInit: FAudioDevice initialized.
[2015.11.06-09.46.37:860][411]LogWorld: Game class is 'TheGameGameMode'
[2015.11.06-09.46.37:867][411]LogWorld:Warning: *** WARNING - PATHS MAY NOT BE VALID ***
[2015.11.06-09.46.37:868][411]LogWorld: Bringing World /Game/FirstPersonCPP/Maps/UEDPIE_0_FirstPersonExampleMap.FirstPersonExampleMap up for play (max tick rate 0) at 2015.11.06-10.46.37
[2015.11.06-09.46.37:868][411]LogActor:Warning: GameSession /Game/FirstPersonCPP/Maps/UEDPIE_0_FirstPersonExampleMap.FirstPersonExampleMap:PersistentLevel.GameSession_1 has natively added scene component(s), but none of them were set as the actor's RootComponent - picking one arbitrarily
[2015.11.06-09.46.37:868][411]LogActor:Warning: GameNetworkManager /Game/FirstPersonCPP/Maps/UEDPIE_0_FirstPersonExampleMap.FirstPersonExampleMap:PersistentLevel.GameNetworkManager_1 has natively added scene component(s), but none of them were set as the actor's RootComponent - picking one arbitrarily
[2015.11.06-09.46.37:869][411]LogWorld: Bringing up level for play took: 0.008097
[2015.11.06-09.46.37:870][411]LogSkinnedMeshComp:Warning: GetSocketByName(): No SkeletalMesh for CharacterMesh1P
[2015.11.06-09.46.37:874][411]PIE: Info Play in editor start time for /Game/FirstPersonCPP/Maps/UEDPIE_0_FirstPersonExampleMap 0.89
[2015.11.06-09.46.37:874][411]LogBlueprintUserMessages: Late PlayInEditor Detection: Level '/Game/FirstPersonCPP/Maps/FirstPersonExampleMap.FirstPersonExampleMap:PersistentLevel' has LevelScriptBlueprint '/Game/FirstPersonCPP/Maps/FirstPersonExampleMap.FirstPersonExampleMap:PersistentLevel.FirstPersonExampleMap' with GeneratedClass '/Game/FirstPersonCPP/Maps/FirstPersonExampleMap.FirstPersonExampleMap_C' with ClassGeneratedBy '/Game/FirstPersonCPP/Maps/FirstPersonExampleMap.FirstPersonExampleMap:PersistentLevel.FirstPersonExampleMap'
[2015.11.06-09.46.41:452][832]LogPackageName: SearchForPackageOnDisk took   0.039s to resolve GameOver.umap.
[2015.11.06-09.46.41:493][833]LogPackageName: SearchForPackageOnDisk took   0.037s to resolve GameOver.umap.
[2015.11.06-09.46.41:493][833]LogNet: Browse: /Game/FirstPersonCPP/Maps/GameOver
[2015.11.06-09.46.41:493][833]LogLoad: LoadMap: /Game/FirstPersonCPP/Maps/GameOver
[2015.11.06-09.46.41:494][833]LogScript:Warning: Cannot access 'PickUpText_C_6'. It is pending kill. Property: 'PickUpTextWidget'
	CanPickup_C /Game/FirstPersonCPP/Maps/UEDPIE_0_FirstPersonExampleMap.FirstPersonExampleMap:PersistentLevel.CanPickup6_1324
	Function /Game/FirstPersonCPP/Blueprints/CanPickup.CanPickup_C:ExecuteUbergraph_CanPickup:03F3
[2015.11.06-09.46.41:494][833]PIE:Error: Error Cannot access 'PickUpText_C_6'. It is pending kill. Property: 'PickUpTextWidget' from node Remove from Parent in graph 'EventGraph' in blueprint CanPickup
[2015.11.06-09.46.41:517][833]LogParticles: Destroying 0 GPU particle simulations for FXSystem 0x000000C4443BE020
[2015.11.06-09.46.41:522][833]Cmd: MEM
[2015.11.06-09.46.41:541][833]LogMemory: Platform Memory Stats for Windows
[2015.11.06-09.46.41:541][833]LogMemory: Process Physical Memory: 776.04 MB used, 795.38 MB peak
[2015.11.06-09.46.41:541][833]LogMemory: Process Virtual Memory: 1511.62 MB used, 1558.07 MB peak
[2015.11.06-09.46.41:541][833]LogMemory: Physical Memory: 4169.95 MB used, 16318.82 MB total
[2015.11.06-09.46.41:541][833]LogMemory: Virtual Memory: 2162.32 MB used, 134217728.00 MB total
[2015.11.06-09.46.41:541][833]LogMemory: 
[2015.11.06-09.46.41:541][833]Allocator Stats for TBB: (not implemented)
[2015.11.06-09.46.43:191][833]LogAIModule: Creating AISystem for world GameOver
[2015.11.06-09.46.43:192][833]LogWorld: Game class is 'GameMode'
[2015.11.06-09.46.43:194][833]LogWorld: Bringing World /Game/FirstPersonCPP/Maps/UEDPIE_0_GameOver.GameOver up for play (max tick rate 0) at 2015.11.06-10.46.43
[2015.11.06-09.46.43:194][833]LogActor:Warning: GameSession /Game/FirstPersonCPP/Maps/UEDPIE_0_GameOver.GameOver:PersistentLevel.GameSession_2 has natively added scene component(s), but none of them were set as the actor's RootComponent - picking one arbitrarily
[2015.11.06-09.46.43:194][833]LogActor:Warning: GameNetworkManager /Game/FirstPersonCPP/Maps/UEDPIE_0_GameOver.GameOver:PersistentLevel.GameNetworkManager_2 has natively added scene component(s), but none of them were set as the actor's RootComponent - picking one arbitrarily
[2015.11.06-09.46.43:194][833]LogWorld: Bringing up level for play took: 0.000984
[2015.11.06-09.46.43:195][833]LogGameMode: Warning - PATHS NOT DEFINED or NO PLAYERSTART with positive rating
[2015.11.06-09.46.45:417][ 96]LogBlueprintUserMessages: Early EndPlayMap Detection: Level '/Game/FirstPersonCPP/Maps/FirstPersonExampleMap.FirstPersonExampleMap:PersistentLevel' has LevelScriptBlueprint '/Game/FirstPersonCPP/Maps/FirstPersonExampleMap.FirstPersonExampleMap:PersistentLevel.FirstPersonExampleMap' with GeneratedClass '/Game/FirstPersonCPP/Maps/FirstPersonExampleMap.FirstPersonExampleMap_C' with ClassGeneratedBy '/Game/FirstPersonCPP/Maps/FirstPersonExampleMap.FirstPersonExampleMap:PersistentLevel.FirstPersonExampleMap'
[2015.11.06-09.46.45:447][ 96]LogBlueprintUserMessages: Late EndPlayMap Detection: Level '/Game/FirstPersonCPP/Maps/FirstPersonExampleMap.FirstPersonExampleMap:PersistentLevel' has LevelScriptBlueprint '/Game/FirstPersonCPP/Maps/FirstPersonExampleMap.FirstPersonExampleMap:PersistentLevel.FirstPersonExampleMap' with GeneratedClass '/Game/FirstPersonCPP/Maps/FirstPersonExampleMap.FirstPersonExampleMap_C' with ClassGeneratedBy '/Game/FirstPersonCPP/Maps/FirstPersonExampleMap.FirstPersonExampleMap:PersistentLevel.FirstPersonExampleMap'
[2015.11.06-09.46.45:475][ 96]LogParticles: Destroying 0 GPU particle simulations for FXSystem 0x000000C4443BF1A0
[2015.11.06-09.46.46:107][149]LogBlueprintUserMessages: Early PlayInEditor Detection: Level '/Game/FirstPersonCPP/Maps/FirstPersonExampleMap.FirstPersonExampleMap:PersistentLevel' has LevelScriptBlueprint '/Game/FirstPersonCPP/Maps/FirstPersonExampleMap.FirstPersonExampleMap:PersistentLevel.FirstPersonExampleMap' with GeneratedClass '/Game/FirstPersonCPP/Maps/FirstPersonExampleMap.FirstPersonExampleMap_C' with ClassGeneratedBy '/Game/FirstPersonCPP/Maps/FirstPersonExampleMap.FirstPersonExampleMap:PersistentLevel.FirstPersonExampleMap'
[2015.11.06-09.46.46:107][149]LogPlayLevel: PlayLevel: No blueprints needed recompiling
[2015.11.06-09.46.46:107][149]PIE: New page: PIE session: FirstPersonExampleMap (Nov 6, 2015, 11:46:46 AM)
[2015.11.06-09.46.46:107][149]LogPlayLevel: Creating play world package: /Game/FirstPersonCPP/Maps/UEDPIE_0_FirstPersonExampleMap
[2015.11.06-09.46.46:108][149]LogSkinnedMeshComp:Warning: GetSocketByName(): No SkeletalMesh for CharacterMesh1P
[2015.11.06-09.46.46:127][149]LogPlayLevel: PIE: StaticDuplicateObject took: (0.020267s)
[2015.11.06-09.46.46:128][149]LogAIModule: Creating AISystem for world FirstPersonExampleMap
[2015.11.06-09.46.46:128][149]LogPlayLevel: PIE: World Init took: (0.000977s)
[2015.11.06-09.46.46:128][149]LogPlayLevel: PIE: Created PIE world by copying editor world from /Game/FirstPersonCPP/Maps/FirstPersonExampleMap.FirstPersonExampleMap to /Game/FirstPersonCPP/Maps/UEDPIE_0_FirstPersonExampleMap.FirstPersonExampleMap (0.021496s)
[2015.11.06-09.46.46:158][149]LogInit: XAudio2 using 'Speakers (4- High Definition Audio Device)' : 2 channels at 44.1 kHz using 16 bits per sample (channel mask 0x3)
[2015.11.06-09.46.46:163][149]LogInit: FAudioDevice initialized.
[2015.11.06-09.46.46:194][149]LogWorld: Game class is 'TheGameGameMode'
[2015.11.06-09.46.46:202][149]LogWorld:Warning: *** WARNING - PATHS MAY NOT BE VALID ***
[2015.11.06-09.46.46:202][149]LogWorld: Bringing World /Game/FirstPersonCPP/Maps/UEDPIE_0_FirstPersonExampleMap.FirstPersonExampleMap up for play (max tick rate 0) at 2015.11.06-10.46.46
[2015.11.06-09.46.46:202][149]LogActor:Warning: GameSession /Game/FirstPersonCPP/Maps/UEDPIE_0_FirstPersonExampleMap.FirstPersonExampleMap:PersistentLevel.GameSession_3 has natively added scene component(s), but none of them were set as the actor's RootComponent - picking one arbitrarily
[2015.11.06-09.46.46:202][149]LogActor:Warning: GameNetworkManager /Game/FirstPersonCPP/Maps/UEDPIE_0_FirstPersonExampleMap.FirstPersonExampleMap:PersistentLevel.GameNetworkManager_3 has natively added scene component(s), but none of them were set as the actor's RootComponent - picking one arbitrarily
[2015.11.06-09.46.46:203][149]LogWorld: Bringing up level for play took: 0.008211
[2015.11.06-09.46.46:204][149]LogSkinnedMeshComp:Warning: GetSocketByName(): No SkeletalMesh for CharacterMesh1P
[2015.11.06-09.46.46:208][149]PIE: Info Play in editor start time for /Game/FirstPersonCPP/Maps/UEDPIE_0_FirstPersonExampleMap -0.776
[2015.11.06-09.46.46:208][149]LogBlueprintUserMessages: Late PlayInEditor Detection: Level '/Game/FirstPersonCPP/Maps/FirstPersonExampleMap.FirstPersonExampleMap:PersistentLevel' has LevelScriptBlueprint '/Game/FirstPersonCPP/Maps/FirstPersonExampleMap.FirstPersonExampleMap:PersistentLevel.FirstPersonExampleMap' with GeneratedClass '/Game/FirstPersonCPP/Maps/FirstPersonExampleMap.FirstPersonExampleMap_C' with ClassGeneratedBy '/Game/FirstPersonCPP/Maps/FirstPersonExampleMap.FirstPersonExampleMap:PersistentLevel.FirstPersonExampleMap'
[2015.11.06-09.46.57:370][485]LogScript:Warning: Attempted to get an item from array Inventory out of bounds [1/0]!
[2015.11.06-09.46.57:370][485]LogScript:Warning: Attempted to get an item from array Inventory out of bounds [2/0]!
[2015.11.06-09.46.57:370][485]LogScript:Warning: Attempted to get an item from array Inventory out of bounds [3/0]!
[2015.11.06-09.46.57:370][485]LogScript:Warning: Attempted to get an item from array Inventory out of bounds [4/0]!
[2015.11.06-09.46.59:862][784]LogScript:Warning: Attempted to get an item from array Inventory out of bounds [2/1]!
[2015.11.06-09.46.59:862][784]LogScript:Warning: Attempted to get an item from array Inventory out of bounds [3/1]!
[2015.11.06-09.46.59:862][784]LogScript:Warning: Attempted to get an item from array Inventory out of bounds [4/1]!
[2015.11.06-09.47.05:311][438]LogScript:Warning: Attempted to get an item from array Inventory out of bounds [1/0]!
[2015.11.06-09.47.05:311][438]LogScript:Warning: Attempted to get an item from array Inventory out of bounds [2/0]!
[2015.11.06-09.47.05:311][438]LogScript:Warning: Attempted to get an item from array Inventory out of bounds [3/0]!
[2015.11.06-09.47.05:311][438]LogScript:Warning: Attempted to get an item from array Inventory out of bounds [4/0]!
[2015.11.06-09.47.06:763][612]LogBlueprintUserMessages: Early EndPlayMap Detection: Level '/Game/FirstPersonCPP/Maps/FirstPersonExampleMap.FirstPersonExampleMap:PersistentLevel' has LevelScriptBlueprint '/Game/FirstPersonCPP/Maps/FirstPersonExampleMap.FirstPersonExampleMap:PersistentLevel.FirstPersonExampleMap' with GeneratedClass '/Game/FirstPersonCPP/Maps/FirstPersonExampleMap.FirstPersonExampleMap_C' with ClassGeneratedBy '/Game/FirstPersonCPP/Maps/FirstPersonExampleMap.FirstPersonExampleMap:PersistentLevel.FirstPersonExampleMap'
[2015.11.06-09.47.06:796][612]LogBlueprintUserMessages: Late EndPlayMap Detection: Level '/Game/FirstPersonCPP/Maps/FirstPersonExampleMap.FirstPersonExampleMap:PersistentLevel' has LevelScriptBlueprint '/Game/FirstPersonCPP/Maps/FirstPersonExampleMap.FirstPersonExampleMap:PersistentLevel.FirstPersonExampleMap' with GeneratedClass '/Game/FirstPersonCPP/Maps/FirstPersonExampleMap.FirstPersonExampleMap_C' with ClassGeneratedBy '/Game/FirstPersonCPP/Maps/FirstPersonExampleMap.FirstPersonExampleMap:PersistentLevel.FirstPersonExampleMap'
[2015.11.06-09.47.06:819][612]LogParticles: Destroying 0 GPU particle simulations for FXSystem 0x000000C4443BED40
[2015.11.06-09.47.08:184][771]LogBlueprintUserMessages: Early PlayInEditor Detection: Level '/Game/FirstPersonCPP/Maps/FirstPersonExampleMap.FirstPersonExampleMap:PersistentLevel' has LevelScriptBlueprint '/Game/FirstPersonCPP/Maps/FirstPersonExampleMap.FirstPersonExampleMap:PersistentLevel.FirstPersonExampleMap' with GeneratedClass '/Game/FirstPersonCPP/Maps/FirstPersonExampleMap.FirstPersonExampleMap_C' with ClassGeneratedBy '/Game/FirstPersonCPP/Maps/FirstPersonExampleMap.FirstPersonExampleMap:PersistentLevel.FirstPersonExampleMap'
[2015.11.06-09.47.08:184][771]LogPlayLevel: PlayLevel: No blueprints needed recompiling
[2015.11.06-09.47.08:184][771]PIE: New page: PIE session: FirstPersonExampleMap (Nov 6, 2015, 11:47:08 AM)
[2015.11.06-09.47.08:184][771]LogPlayLevel: Creating play world package: /Game/FirstPersonCPP/Maps/UEDPIE_0_FirstPersonExampleMap
[2015.11.06-09.47.08:185][771]LogSkinnedMeshComp:Warning: GetSocketByName(): No SkeletalMesh for CharacterMesh1P
[2015.11.06-09.47.08:203][771]LogPlayLevel: PIE: StaticDuplicateObject took: (0.018533s)
[2015.11.06-09.47.08:204][771]LogAIModule: Creating AISystem for world FirstPersonExampleMap
[2015.11.06-09.47.08:204][771]LogPlayLevel: PIE: World Init took: (0.000968s)
[2015.11.06-09.47.08:204][771]LogPlayLevel: PIE: Created PIE world by copying editor world from /Game/FirstPersonCPP/Maps/FirstPersonExampleMap.FirstPersonExampleMap to /Game/FirstPersonCPP/Maps/UEDPIE_0_FirstPersonExampleMap.FirstPersonExampleMap (0.019732s)
[2015.11.06-09.47.08:233][771]LogInit: XAudio2 using 'Speakers (4- High Definition Audio Device)' : 2 channels at 44.1 kHz using 16 bits per sample (channel mask 0x3)
[2015.11.06-09.47.08:237][771]LogInit: FAudioDevice initialized.
[2015.11.06-09.47.08:268][771]LogWorld: Game class is 'TheGameGameMode'
[2015.11.06-09.47.08:276][771]LogWorld:Warning: *** WARNING - PATHS MAY NOT BE VALID ***
[2015.11.06-09.47.08:276][771]LogWorld: Bringing World /Game/FirstPersonCPP/Maps/UEDPIE_0_FirstPersonExampleMap.FirstPersonExampleMap up for play (max tick rate 0) at 2015.11.06-10.47.08
[2015.11.06-09.47.08:276][771]LogActor:Warning: GameSession /Game/FirstPersonCPP/Maps/UEDPIE_0_FirstPersonExampleMap.FirstPersonExampleMap:PersistentLevel.GameSession_4 has natively added scene component(s), but none of them were set as the actor's RootComponent - picking one arbitrarily
[2015.11.06-09.47.08:276][771]LogActor:Warning: GameNetworkManager /Game/FirstPersonCPP/Maps/UEDPIE_0_FirstPersonExampleMap.FirstPersonExampleMap:PersistentLevel.GameNetworkManager_4 has natively added scene component(s), but none of them were set as the actor's RootComponent - picking one arbitrarily
[2015.11.06-09.47.08:277][771]LogWorld: Bringing up level for play took: 0.008136
[2015.11.06-09.47.08:278][771]LogSkinnedMeshComp:Warning: GetSocketByName(): No SkeletalMesh for CharacterMesh1P
[2015.11.06-09.47.08:282][771]PIE: Info Play in editor start time for /Game/FirstPersonCPP/Maps/UEDPIE_0_FirstPersonExampleMap -0.702
[2015.11.06-09.47.08:282][771]LogBlueprintUserMessages: Late PlayInEditor Detection: Level '/Game/FirstPersonCPP/Maps/FirstPersonExampleMap.FirstPersonExampleMap:PersistentLevel' has LevelScriptBlueprint '/Game/FirstPersonCPP/Maps/FirstPersonExampleMap.FirstPersonExampleMap:PersistentLevel.FirstPersonExampleMap' with GeneratedClass '/Game/FirstPersonCPP/Maps/FirstPersonExampleMap.FirstPersonExampleMap_C' with ClassGeneratedBy '/Game/FirstPersonCPP/Maps/FirstPersonExampleMap.FirstPersonExampleMap:PersistentLevel.FirstPersonExampleMap'
[2015.11.06-09.47.49:622][728]LogBlueprintUserMessages: Early EndPlayMap Detection: Level '/Game/FirstPersonCPP/Maps/FirstPersonExampleMap.FirstPersonExampleMap:PersistentLevel' has LevelScriptBlueprint '/Game/FirstPersonCPP/Maps/FirstPersonExampleMap.FirstPersonExampleMap:PersistentLevel.FirstPersonExampleMap' with GeneratedClass '/Game/FirstPersonCPP/Maps/FirstPersonExampleMap.FirstPersonExampleMap_C' with ClassGeneratedBy '/Game/FirstPersonCPP/Maps/FirstPersonExampleMap.FirstPersonExampleMap:PersistentLevel.FirstPersonExampleMap'
[2015.11.06-09.47.49:655][728]LogBlueprintUserMessages: Late EndPlayMap Detection: Level '/Game/FirstPersonCPP/Maps/FirstPersonExampleMap.FirstPersonExampleMap:PersistentLevel' has LevelScriptBlueprint '/Game/FirstPersonCPP/Maps/FirstPersonExampleMap.FirstPersonExampleMap:PersistentLevel.FirstPersonExampleMap' with GeneratedClass '/Game/FirstPersonCPP/Maps/FirstPersonExampleMap.FirstPersonExampleMap_C' with ClassGeneratedBy '/Game/FirstPersonCPP/Maps/FirstPersonExampleMap.FirstPersonExampleMap:PersistentLevel.FirstPersonExampleMap'
[2015.11.06-09.47.49:675][728]LogParticles: Destroying 0 GPU particle simulations for FXSystem 0x000000C44498F100
[2015.11.06-09.49.39:704][915]LogWindowsTextInputMethodSystem:Display: IME system now deactivated.
[2015.11.06-09.49.39:932][916]Cmd: QUIT_EDITOR
[2015.11.06-09.49.40:960][916]LogExit: Preparing to exit.
[2015.11.06-09.49.41:781][916]LogExit: Editor shut down
[2015.11.06-09.49.41:781][916]LogExit: Transaction tracking system shut down
[2015.11.06-09.49.41:783][916]LogParticles: Destroying 0 GPU particle simulations for FXSystem 0x000000C47C5BD120
[2015.11.06-09.49.41:783][916]LogParticles: Destroying 0 GPU particle simulations for FXSystem 0x000000C41D61B880
[2015.11.06-09.49.41:783][916]LogParticles: Destroying 0 GPU particle simulations for FXSystem 0x000000C41D6CAD40
[2015.11.06-09.49.41:783][916]LogParticles: Destroying 0 GPU particle simulations for FXSystem 0x000000C41E5D3B00
[2015.11.06-09.49.41:783][916]LogParticles: Destroying 0 GPU particle simulations for FXSystem 0x000000C41E5D3920
[2015.11.06-09.49.41:932][916]LogExit: Object subsystem successfully closed.
[2015.11.06-09.49.41:943][916]LogD3D11RHI: Shutdown
[2015.11.06-09.49.41:944][916]LogD3D11RHI: CleanupD3DDevice
[2015.11.06-09.49.41:985][916]LogD3D11RHI: ~FD3D11DynamicRHI
[2015.11.06-09.49.42:001][916]LogModuleManager: Shutting down and abandoning module BlueprintGraph (199)
[2015.11.06-09.49.42:001][916]LogModuleManager: Shutting down and abandoning module CrashTracker (198)
[2015.11.06-09.49.42:001][916]LogModuleManager: Shutting down and abandoning module SceneOutliner (197)
[2015.11.06-09.49.42:001][916]LogModuleManager: Shutting down and abandoning module SuperSearch (196)
[2015.11.06-09.49.42:001][916]LogModuleManager: Shutting down and abandoning module WidgetCarousel (195)
[2015.11.06-09.49.42:001][916]LogModuleManager: Shutting down and abandoning module AddContentDialog (194)
[2015.11.06-09.49.42:001][916]LogModuleManager: Shutting down and abandoning module EditorWidgets (193)
[2015.11.06-09.49.42:001][916]LogModuleManager: Shutting down and abandoning module CollectionManager (192)
[2015.11.06-09.49.42:002][916]LogModuleManager: Shutting down and abandoning module StatsViewer (191)
[2015.11.06-09.49.42:002][916]LogModuleManager: Shutting down and abandoning module FoliageEdit (190)
[2015.11.06-09.49.42:002][916]LogModuleManager: Shutting down and abandoning module LandscapeEditor (189)
[2015.11.06-09.49.42:002][916]LogModuleManager: Shutting down and abandoning module ActorPickerMode (188)
[2015.11.06-09.49.42:002][916]LogModuleManager: Shutting down and abandoning module GeometryMode (187)
[2015.11.06-09.49.42:002][916]LogModuleManager: Shutting down and abandoning module TextureAlignMode (186)
[2015.11.06-09.49.42:002][916]LogModuleManager: Shutting down and abandoning module BspMode (185)
[2015.11.06-09.49.42:002][916]LogModuleManager: Shutting down and abandoning module PlacementMode (184)
[2015.11.06-09.49.42:002][916]LogModuleManager: Shutting down and abandoning module AutomationWorker (183)
[2015.11.06-09.49.42:002][916]LogModuleManager: Shutting down and abandoning module CharacterAI (182)
[2015.11.06-09.49.42:002][916]LogModuleManager: Shutting down and abandoning module SmartSnapping (181)
[2015.11.06-09.49.42:002][916]LogModuleManager: Shutting down and abandoning module ViewportSnapping (180)
[2015.11.06-09.49.42:002][916]LogModuleManager: Shutting down and abandoning module LogVisualizer (179)
[2015.11.06-09.49.42:002][916]LogModuleManager: Shutting down and abandoning module GameProjectGeneration (178)
[2015.11.06-09.49.42:002][916]LogModuleManager: Shutting down and abandoning module IntroTutorials (177)
[2015.11.06-09.49.42:002][916]LogModuleManager: Shutting down and abandoning module EditorLiveStreaming (176)
[2015.11.06-09.49.42:002][916]LogModuleManager: Shutting down and abandoning module IOSPlatformEditor (175)
[2015.11.06-09.49.42:002][916]LogModuleManager: Shutting down and abandoning module HTML5PlatformEditor (174)
[2015.11.06-09.49.42:002][916]LogModuleManager: Shutting down and abandoning module AndroidDeviceDetection (173)
[2015.11.06-09.49.42:183][916]LogModuleManager: Shutting down and abandoning module AndroidPlatformEditor (172)
[2015.11.06-09.49.42:183][916]LogModuleManager: Shutting down and abandoning module IOSRuntimeSettings (171)
[2015.11.06-09.49.42:183][916]LogModuleManager: Shutting down and abandoning module AndroidRuntimeSettings (170)
[2015.11.06-09.49.42:183][916]LogModuleManager: Shutting down and abandoning module MergeActors (169)
[2015.11.06-09.49.42:183][916]LogModuleManager: Shutting down and abandoning module SizeMap (168)
[2015.11.06-09.49.42:183][916]LogModuleManager: Shutting down and abandoning module TreeMap (167)
[2015.11.06-09.49.42:183][916]LogModuleManager: Shutting down and abandoning module ReferenceViewer (166)
[2015.11.06-09.49.42:183][916]LogModuleManager: Shutting down and abandoning module LocalizationService (165)
[2015.11.06-09.49.42:183][916]LogModuleManager: Shutting down and abandoning module LocalizationDashboard (164)
[2015.11.06-09.49.42:183][916]LogModuleManager: Shutting down and abandoning module HardwareTargeting (163)
[2015.11.06-09.49.42:183][916]LogModuleManager: Shutting down and abandoning module DeviceProfileEditor (162)
[2015.11.06-09.49.42:183][916]LogModuleManager: Shutting down and abandoning module UndoHistory (161)
[2015.11.06-09.49.42:183][916]LogModuleManager: Shutting down and abandoning module GameplayTagsEditor (160)
[2015.11.06-09.49.42:183][916]LogModuleManager: Shutting down and abandoning module UserFeedback (159)
[2015.11.06-09.49.42:183][916]LogModuleManager: Shutting down and abandoning module XmlParser (158)
[2015.11.06-09.49.42:183][916]LogModuleManager: Shutting down and abandoning module Blutility (157)
[2015.11.06-09.49.42:183][916]LogModuleManager: Shutting down and abandoning module ProjectTargetPlatformEditor (156)
[2015.11.06-09.49.42:183][916]LogModuleManager: Shutting down and abandoning module ProjectSettingsViewer (155)
[2015.11.06-09.49.42:183][916]LogModuleManager: Shutting down and abandoning module InputBindingEditor (154)
[2015.11.06-09.49.42:183][916]LogModuleManager: Shutting down and abandoning module EditorSettingsViewer (153)
[2015.11.06-09.49.42:183][916]LogModuleManager: Shutting down and abandoning module SettingsEditor (152)
[2015.11.06-09.49.42:183][916]LogModuleManager: Shutting down and abandoning module ProjectLauncher (151)
[2015.11.06-09.49.42:183][916]LogModuleManager: Shutting down and abandoning module SessionFrontend (150)
[2015.11.06-09.49.42:183][916]LogModuleManager: Shutting down and abandoning module ProfilerClient (149)
[2015.11.06-09.49.42:183][916]LogModuleManager: Shutting down and abandoning module TargetDeviceServices (148)
[2015.11.06-09.49.42:183][916]LogModuleManager: Shutting down and abandoning module DeviceManager (147)
[2015.11.06-09.49.42:183][916]LogModuleManager: Shutting down and abandoning module AutomationController (146)
[2015.11.06-09.49.42:183][916]LogModuleManager: Shutting down and abandoning module AutomationWindow (145)
[2015.11.06-09.49.42:183][916]LogModuleManager: Shutting down and abandoning module Layers (144)
[2015.11.06-09.49.42:183][916]LogModuleManager: Shutting down and abandoning module ComponentVisualizers (143)
[2015.11.06-09.49.42:183][916]LogModuleManager: Shutting down and abandoning module DetailCustomizations (142)
[2015.11.06-09.49.42:183][916]LogModuleManager: Shutting down and abandoning module PackagesDialog (141)
[2015.11.06-09.49.42:183][916]LogModuleManager: Shutting down and abandoning module Persona (140)
[2015.11.06-09.49.42:183][916]LogModuleManager: Shutting down and abandoning module Kismet (139)
[2015.11.06-09.49.42:183][916]LogModuleManager: Shutting down and abandoning module GraphEditor (138)
[2015.11.06-09.49.42:184][916]LogModuleManager: Shutting down and abandoning module ClassViewer (137)
[2015.11.06-09.49.42:184][916]LogModuleManager: Shutting down and abandoning module Toolbox (136)
[2015.11.06-09.49.42:184][916]LogModuleManager: Shutting down and abandoning module ModuleUI (135)
[2015.11.06-09.49.42:184][916]LogModuleManager: Shutting down and abandoning module MovieSceneTools (134)
[2015.11.06-09.49.42:184][916]LogModuleManager: Shutting down and abandoning module OutputLog (133)
[2015.11.06-09.49.42:184][916]LogModuleManager: Shutting down and abandoning module GammaUI (132)
[2015.11.06-09.49.42:184][916]LogModuleManager: Shutting down and abandoning module Documentation (131)
[2015.11.06-09.49.42:184][916]LogModuleManager: Shutting down and abandoning module GameLiveStreaming (130)
[2015.11.06-09.49.42:184][916]LogModuleManager: Shutting down and abandoning module StreamingPauseRendering (129)
[2015.11.06-09.49.42:184][916]LogModuleManager: Shutting down and abandoning module AnalyticsET (128)
[2015.11.06-09.49.42:184][916]LogModuleManager: Shutting down and abandoning module Analytics (127)
[2015.11.06-09.49.42:184][916]LogModuleManager: Shutting down and abandoning module AITestSuite (126)
[2015.11.06-09.49.42:184][916]LogModuleManager: Shutting down and abandoning module GameplayDebugger (125)
[2015.11.06-09.49.42:184][916]LogModuleManager: Shutting down and abandoning module AIModule (124)
[2015.11.06-09.49.42:184][916]LogModuleManager: Shutting down and abandoning module ProfilerService (123)
[2015.11.06-09.49.42:306][916]LogModuleManager: Shutting down and abandoning module TaskGraph (122)
[2015.11.06-09.49.42:306][916]LogModuleManager: Shutting down and abandoning module SlateRemote (121)
[2015.11.06-09.49.42:306][916]LogModuleManager: Shutting down and abandoning module SteamVRController (120)
[2015.11.06-09.49.42:306][916]LogModuleManager: Shutting down and abandoning module SteamVR (119)
[2015.11.06-09.49.42:306][916]LogModuleManager: Shutting down and abandoning module ProceduralMeshComponent (118)
[2015.11.06-09.49.42:306][916]LogModuleManager: Shutting down and abandoning module OculusRift (117)
[2015.11.06-09.49.42:306][916]LogModuleManager: Shutting down and abandoning module OculusLibrary (116)
[2015.11.06-09.49.42:306][916]LogModuleManager: Shutting down and abandoning module LeapMotionController (115)
[2015.11.06-09.49.42:322][916]LogModuleManager: Shutting down and abandoning module CustomMeshComponent (114)
[2015.11.06-09.49.42:322][916]LogModuleManager: Shutting down and abandoning module CableComponent (113)
[2015.11.06-09.49.42:322][916]LogModuleManager: Shutting down and abandoning module ArchVisCharacter (112)
[2015.11.06-09.49.42:322][916]LogModuleManager: Shutting down and abandoning module MessagingDebugger (111)
[2015.11.06-09.49.42:322][916]LogModuleManager: Shutting down and abandoning module MediaPlayerEditor (110)
[2015.11.06-09.49.42:322][916]LogModuleManager: Shutting down and abandoning module HTML5Networking (109)
[2015.11.06-09.49.42:322][916]LogModuleManager: Shutting down and abandoning module SpeedTreeImporter (108)
[2015.11.06-09.49.42:322][916]LogModuleManager: Shutting down and abandoning module PluginBrowser (107)
[2015.11.06-09.49.42:322][916]LogModuleManager: Shutting down and abandoning module EpicSurvey (106)
[2015.11.06-09.49.42:322][916]LogModuleManager: Shutting down and abandoning module VisualStudioSourceCodeAccess (105)
[2015.11.06-09.49.42:322][916]LogModuleManager: Shutting down and abandoning module UObjectPlugin (104)
[2015.11.06-09.49.42:322][916]LogModuleManager: Shutting down and abandoning module SubversionSourceControl (103)
[2015.11.06-09.49.42:322][916]LogModuleManager: Shutting down and abandoning module PerforceSourceControl (102)
[2015.11.06-09.49.42:323][916]LogModuleManager: Shutting down and abandoning module SourceControl (101)
[2015.11.06-09.49.42:323][916]LogModuleManager: Shutting down and abandoning module GitSourceControl (100)
[2015.11.06-09.49.42:323][916]LogModuleManager: Shutting down and abandoning module LightPropagationVolumeEditor (99)
[2015.11.06-09.49.42:323][916]LogModuleManager: Shutting down and abandoning module PaperTiledImporter (98)
[2015.11.06-09.49.42:323][916]LogModuleManager: Shutting down and abandoning module PaperSpriteSheetImporter (97)
[2015.11.06-09.49.42:323][916]LogModuleManager: Shutting down and abandoning module MeshPaint (96)
[2015.11.06-09.49.42:323][916]LogModuleManager: Shutting down and abandoning module SlateReflector (95)
[2015.11.06-09.49.42:323][916]LogModuleManager: Shutting down and abandoning module HotReload (94)
[2015.11.06-09.49.42:323][916]LogModuleManager: Shutting down and abandoning module MainFrame (93)
[2015.11.06-09.49.42:323][916]LogModuleManager: Shutting down and abandoning module LevelEditor (92)
[2015.11.06-09.49.42:325][916]LogModuleManager: Shutting down and abandoning module DirectoryWatcher (91)
[2015.11.06-09.49.42:325][916]LogModuleManager: Shutting down and abandoning module AssetRegistry (90)
[2015.11.06-09.49.42:419][916]LogModuleManager: Shutting down and abandoning module ContentBrowser (89)
[2015.11.06-09.49.42:420][916]LogModuleManager: Shutting down and abandoning module Paper2DEditor (88)
[2015.11.06-09.49.42:420][916]LogModuleManager: Shutting down and abandoning module TheGame (87)
[2015.11.06-09.49.42:420][916]LogModuleManager: Shutting down and abandoning module UdpMessaging (86)
[2015.11.06-09.49.42:522][916]LogModuleManager: Shutting down and abandoning module LightPropagationVolumeRuntime (85)
[2015.11.06-09.49.42:522][916]LogModuleManager: Shutting down and abandoning module Paper2D (84)
[2015.11.06-09.49.42:522][916]LogModuleManager: Shutting down and abandoning module WindowsMoviePlayer (83)
[2015.11.06-09.49.42:524][916]LogModuleManager: Shutting down and abandoning module Media (82)
[2015.11.06-09.49.42:524][916]LogModuleManager: Shutting down and abandoning module WmfMedia (81)
[2015.11.06-09.49.42:524][916]LogModuleManager: Shutting down and abandoning module OnlineBlueprintSupport (80)
[2015.11.06-09.49.42:524][916]LogModuleManager: Shutting down and abandoning module GameplayTasksEditor (79)
[2015.11.06-09.49.42:524][916]LogModuleManager: Shutting down and abandoning module PropertyEditor (78)
[2015.11.06-09.49.42:524][916]LogModuleManager: Shutting down and abandoning module BehaviorTreeEditor (77)
[2015.11.06-09.49.42:524][916]LogModuleManager: Shutting down and abandoning module FunctionalTesting (76)
[2015.11.06-09.49.42:524][916]LogModuleManager: Shutting down and abandoning module CollisionAnalyzer (75)
[2015.11.06-09.49.42:524][916]LogModuleManager: Shutting down and abandoning module WorkspaceMenuStructure (74)
[2015.11.06-09.49.42:524][916]LogModuleManager: Shutting down and abandoning module MessageLog (73)
[2015.11.06-09.49.42:524][916]LogModuleManager: Shutting down and abandoning module Sequencer (72)
[2015.11.06-09.49.42:524][916]LogModuleManager: Shutting down and abandoning module AssetTools (71)
[2015.11.06-09.49.42:524][916]LogModuleManager: Shutting down and abandoning module UMGEditor (70)
[2015.11.06-09.49.42:524][916]LogModuleManager: Shutting down and abandoning module UMG (69)
[2015.11.06-09.49.42:524][916]LogModuleManager: Shutting down and abandoning module Slate (68)
[2015.11.06-09.49.42:524][916]LogModuleManager: Shutting down and abandoning module EditorStyle (67)
[2015.11.06-09.49.42:526][916]LogModuleManager: Shutting down and abandoning module SessionServices (66)
[2015.11.06-09.49.42:526][916]LogModuleManager: Shutting down and abandoning module SourceCodeAccess (65)
[2015.11.06-09.49.42:526][916]LogModuleManager: Shutting down and abandoning module HeadMountedDisplay (64)
[2015.11.06-09.49.42:526][916]LogModuleManager: Shutting down and abandoning module XAudio2 (63)
[2015.11.06-09.49.42:526][916]LogModuleManager: Shutting down and abandoning module Networking (61)
[2015.11.06-09.49.42:526][916]LogModuleManager: Shutting down and abandoning module Core (60)
[2015.11.06-09.49.42:526][916]LogModuleManager: Shutting down and abandoning module KismetCompiler (59)
[2015.11.06-09.49.42:526][916]LogModuleManager: Shutting down and abandoning module PhysXFormats (58)
[2015.11.06-09.49.42:526][916]LogModuleManager: Shutting down and abandoning module MeshUtilities (57)
[2015.11.06-09.49.42:526][916]LogModuleManager: Shutting down and abandoning module CookingStats (56)
[2015.11.06-09.49.42:527][916]LogModuleManager: Shutting down and abandoning module DerivedDataCache (55)
[2015.11.06-09.49.42:562][916]LogDerivedDataCache: Shutdown
[2015.11.06-09.49.42:562][916]LogModuleManager: Shutting down and abandoning module ShaderFormatOpenGL (54)
[2015.11.06-09.49.42:562][916]LogModuleManager: Shutting down and abandoning module ShaderFormatD3D (53)
[2015.11.06-09.49.42:562][916]LogModuleManager: Shutting down and abandoning module MetalShaderFormat (52)
[2015.11.06-09.49.42:562][916]LogModuleManager: Shutting down and abandoning module TextureFormatUncompressed (51)
[2015.11.06-09.49.42:562][916]LogModuleManager: Shutting down and abandoning module TextureFormatPVR (50)
[2015.11.06-09.49.42:562][916]LogModuleManager: Shutting down and abandoning module TextureFormatIntelISPCTexComp (49)
[2015.11.06-09.49.42:562][916]LogModuleManager: Shutting down and abandoning module TextureFormatDXT (48)
[2015.11.06-09.49.42:562][916]LogModuleManager: Shutting down and abandoning module ImageWrapper (47)
[2015.11.06-09.49.42:562][916]LogModuleManager: Shutting down and abandoning module TextureFormatASTC (46)
[2015.11.06-09.49.42:562][916]LogModuleManager: Shutting down and abandoning module TextureFormatAndroid (45)
[2015.11.06-09.49.42:562][916]LogModuleManager: Shutting down and abandoning module AudioFormatOpus (44)
[2015.11.06-09.49.42:562][916]LogModuleManager: Shutting down and abandoning module AudioFormatOgg (43)
[2015.11.06-09.49.42:562][916]LogModuleManager: Shutting down and abandoning module AudioFormatADPCM (42)
[2015.11.06-09.49.42:562][916]LogModuleManager: Shutting down and abandoning module LinuxTargetPlatform (41)
[2015.11.06-09.49.42:562][916]LogModuleManager: Shutting down and abandoning module LinuxServerTargetPlatform (40)
[2015.11.06-09.49.42:562][916]LogModuleManager: Shutting down and abandoning module LinuxNoEditorTargetPlatform (39)
[2015.11.06-09.49.42:562][916]LogModuleManager: Shutting down and abandoning module Messaging (38)
[2015.11.06-09.49.42:562][916]LogModuleManager: Shutting down and abandoning module IOSTargetPlatform (37)
[2015.11.06-09.49.42:562][916]LogModuleManager: Shutting down and abandoning module HTML5TargetPlatform (36)
[2015.11.06-09.49.42:562][916]LogModuleManager: Shutting down and abandoning module Android_PVRTCTargetPlatform (35)
[2015.11.06-09.49.42:562][916]LogModuleManager: Shutting down and abandoning module Android_ETC2TargetPlatform (34)
[2015.11.06-09.49.42:562][916]LogModuleManager: Shutting down and abandoning module Android_ETC1TargetPlatform (33)
[2015.11.06-09.49.42:562][916]LogModuleManager: Shutting down and abandoning module Android_DXTTargetPlatform (32)
[2015.11.06-09.49.42:562][916]LogModuleManager: Shutting down and abandoning module Android_ATCTargetPlatform (31)
[2015.11.06-09.49.42:562][916]LogModuleManager: Shutting down and abandoning module Android_ASTCTargetPlatform (30)
[2015.11.06-09.49.42:562][916]LogModuleManager: Shutting down and abandoning module AndroidTargetPlatform (29)
[2015.11.06-09.49.42:562][916]LogModuleManager: Shutting down and abandoning module WindowsTargetPlatform (28)
[2015.11.06-09.49.42:562][916]LogModuleManager: Shutting down and abandoning module WindowsServerTargetPlatform (27)
[2015.11.06-09.49.42:562][916]LogModuleManager: Shutting down and abandoning module WindowsNoEditorTargetPlatform (26)
[2015.11.06-09.49.42:562][916]LogModuleManager: Shutting down and abandoning module WindowsClientTargetPlatform (25)
[2015.11.06-09.49.42:562][916]LogModuleManager: Shutting down and abandoning module AllDesktopTargetPlatform (24)
[2015.11.06-09.49.42:562][916]LogModuleManager: Shutting down and abandoning module TargetPlatform (23)
[2015.11.06-09.49.42:562][916]LogModuleManager: Shutting down and abandoning module InputCore (22)
[2015.11.06-09.49.42:562][916]LogModuleManager: Shutting down and abandoning module Settings (21)
[2015.11.06-09.49.42:562][916]LogModuleManager: Shutting down and abandoning module OnlineSubsystem (19)
[2015.11.06-09.49.42:562][916]LogModuleManager: Shutting down and abandoning module HTTP (18)
[2015.11.06-09.49.44:564][916]LogModuleManager: Shutting down and abandoning module XMPP (17)
[2015.11.06-09.49.44:564][916]LogModuleManager: Shutting down and abandoning module ExampleDeviceProfileSelector (16)
[2015.11.06-09.49.44:564][916]LogModuleManager: Shutting down and abandoning module DesktopPlatform (15)
[2015.11.06-09.49.44:564][916]LogModuleManager: Shutting down and abandoning module TextureCompressor (14)
[2015.11.06-09.49.44:564][916]LogModuleManager: Shutting down and abandoning module ShaderCore (13)
[2015.11.06-09.49.44:564][916]LogModuleManager: Shutting down and abandoning module Landscape (12)
[2015.11.06-09.49.44:564][916]LogModuleManager: Shutting down and abandoning module SlateRHIRenderer (11)
[2015.11.06-09.49.44:565][916]LogModuleManager: Shutting down and abandoning module OpenGLDrv (10)
[2015.11.06-09.49.44:565][916]LogModuleManager: Shutting down and abandoning module D3D11RHI (9)
[2015.11.06-09.49.44:565][916]LogModuleManager: Shutting down and abandoning module AnimGraphRuntime (8)
[2015.11.06-09.49.44:565][916]LogModuleManager: Shutting down and abandoning module Renderer (7)
[2015.11.06-09.49.44:565][916]LogModuleManager: Shutting down and abandoning module Engine (6)
[2015.11.06-09.49.44:565][916]LogModuleManager: Shutting down and abandoning module CoreUObject (5)
[2015.11.06-09.49.44:565][916]LogModuleManager: Shutting down and abandoning module NetworkFile (4)
[2015.11.06-09.49.44:565][916]LogModuleManager: Shutting down and abandoning module StreamingFile (3)
[2015.11.06-09.49.44:565][916]LogModuleManager: Shutting down and abandoning module SandboxFile (2)
[2015.11.06-09.49.44:565][916]LogModuleManager: Shutting down and abandoning module PakFile (1)
[2015.11.06-09.49.44:565][916]LogExit: Exiting.
[2015.11.06-09.49.44:593][916]Log file closed, 11/06/15 10:49:44
