[2015.10.29-10.18.33:666][  0]Log file open, 10/29/15 11:18:33
[2015.10.29-10.18.33:666][  0]LogInit:Display: Running engine for game: AutomaticDoor
[2015.10.29-10.18.33:666][  0]LogInit:Display: RandInit(-1693036362) SRandInit(-1693036361).
[2015.10.29-10.18.33:666][  0]LogTaskGraph: Started task graph with 4 named threads and 7 total threads.
[2015.10.29-10.18.33:666][  0]LogStats: Stats thread started at 9.734359
[2015.10.29-10.18.33:666][  0]LogInit: Version: 4.9.2-2707645+++depot+UE4-Releases+4.9
[2015.10.29-10.18.33:666][  0]LogInit: API Version: 2672455
[2015.10.29-10.18.33:667][  0]LogInit: Compiled (64-bit): Sep 28 2015 10:25:44
[2015.10.29-10.18.33:667][  0]LogInit: Compiled with Visual C++: 18.00.21005.01
[2015.10.29-10.18.33:667][  0]LogInit: Build Configuration: Development
[2015.10.29-10.18.33:667][  0]LogInit: Branch Name: ++depot+UE4-Releases+4.9
[2015.10.29-10.18.33:667][  0]LogInit: Command line:  
[2015.10.29-10.18.33:667][  0]LogInit: Base directory: C:/Program Files/Epic Games/4.9/Engine/Binaries/Win64/
[2015.10.29-10.18.33:667][  0]LogInit: Rocket: 1
[2015.10.29-10.18.34:441][  0]LogInit: Using libcurl 7.41.0
[2015.10.29-10.18.34:441][  0]LogInit:  - built for x86_64-pc-win32
[2015.10.29-10.18.34:441][  0]LogInit:  - supports SSL with WinSSL
[2015.10.29-10.18.34:441][  0]LogInit:  - other features:
[2015.10.29-10.18.34:441][  0]LogInit:      CURL_VERSION_SSL
[2015.10.29-10.18.34:441][  0]LogInit:      CURL_VERSION_IPV6
[2015.10.29-10.18.34:441][  0]LogInit:      CURL_VERSION_ASYNCHDNS
[2015.10.29-10.18.34:441][  0]LogInit:      CURL_VERSION_LARGEFILE
[2015.10.29-10.18.34:441][  0]LogInit:      CURL_VERSION_IDN
[2015.10.29-10.18.34:444][  0]LogInit:  CurlRequestOptions (configurable via config and command line):
[2015.10.29-10.18.34:445][  0]LogInit:  - bVerifyPeer = true  - Libcurl will verify peer certificate
[2015.10.29-10.18.34:445][  0]LogInit:  - bUseHttpProxy = false  - Libcurl will NOT use HTTP proxy
[2015.10.29-10.18.34:445][  0]LogInit:  - bDontReuseConnections = false  - Libcurl will reuse connections
[2015.10.29-10.18.34:445][  0]LogInit:  - CertBundlePath = nullptr  - Libcurl will use whatever was configured at build time.
[2015.10.29-10.18.35:247][  0]LogInit: Presizing for 0 objects not considered by GC, pre-allocating 0 bytes.
[2015.10.29-10.18.35:368][  0]LogInit: Object subsystem initialized
[2015.10.29-10.18.35:612][  0]LogInit: Selected Device Profile: [Windows]
[2015.10.29-10.18.35:612][  0]LogInit: Applying CVar settings loaded from the selected device profile: [Windows]
[2015.10.29-10.18.35:775][  0]LogInit: Computer: SpellabbA333-04
[2015.10.29-10.18.35:775][  0]LogInit: User: Spellabbet
[2015.10.29-10.18.35:775][  0]LogInit: CPU Page size=4096, Cores=4
[2015.10.29-10.18.35:777][  0]LogInit: High frequency timer resolution =3.507520 MHz
[2015.10.29-10.18.35:781][  0]LogMemory: Memory total: Physical=15.9GB (16GB approx)
[2015.10.29-10.18.35:781][  0]LogMemory: Platform Memory Stats for Windows
[2015.10.29-10.18.35:781][  0]LogMemory: Process Physical Memory: 52.20 MB used, 52.20 MB peak
[2015.10.29-10.18.35:781][  0]LogMemory: Process Virtual Memory: 55.00 MB used, 55.00 MB peak
[2015.10.29-10.18.35:781][  0]LogMemory: Physical Memory: 2403.53 MB used, 16318.82 MB total
[2015.10.29-10.18.35:781][  0]LogMemory: Virtual Memory: 347.38 MB used, 134217728.00 MB total
[2015.10.29-10.18.39:381][  0]LogTextLocalizationManager: No translations for ('sv-SE') exist, falling back to 'en' for localization and internationalization data.
[2015.10.29-10.18.43:066][  0]LogD3D11RHI: Found D3D11 adapter 0: NVIDIA GeForce GTX 960 (Feature Level 11_0)
[2015.10.29-10.18.43:066][  0]LogD3D11RHI: Adapter has 1965MB of dedicated video memory, 0MB of dedicated system memory, and 2048MB of shared system memory, 1 output[s]
[2015.10.29-10.18.43:189][  0]LogD3D11RHI: Found D3D11 adapter 1: Microsoft Basic Render Driver (Feature Level 11_0)
[2015.10.29-10.18.43:189][  0]LogD3D11RHI: Adapter has 0MB of dedicated video memory, 0MB of dedicated system memory, and 256MB of shared system memory, 0 output[s]
[2015.10.29-10.18.43:190][  0]LogD3D11RHI: Chosen D3D11 Adapter Id = 0
[2015.10.29-10.18.43:200][  0]LogD3D11RHI: !Direct3DDevice
[2015.10.29-10.18.43:200][  0]LogRHI: Texture pool is 1361 MB (70% of 1945 MB)
[2015.10.29-10.18.43:249][  0]LogD3D11RHI: Async texture creation enabled
[2015.10.29-10.18.43:897][  0]LogShaderCompilers: Guid format shader working directory is 15 characters bigger than the processId version (../../../../../../Users/Spellabbet/Documents/Unreal Projects/AutomaticDoor/Intermediate/Shaders/WorkingDirectory/1120/).
[2015.10.29-10.18.43:897][  0]LogShaderCompilers: Cleaned the shader compiler working directory '../../../../../../Users/Spellabbet/Documents/Unreal Projects/AutomaticDoor/Intermediate/Shaders/tmp/1B8F5B6541B21F084F83B7B1F1B1231B/'.
[2015.10.29-10.18.43:898][  0]LogShaderCompilers:Display: Using Local Shader Compiler.
[2015.10.29-10.18.53:588][  0]LogTemp:Display: Loaded TP AllDesktopTargetPlatform
[2015.10.29-10.18.53:597][  0]LogTemp:Display: Loaded TP WindowsClientTargetPlatform
[2015.10.29-10.18.53:605][  0]LogTemp:Display: Loaded TP WindowsNoEditorTargetPlatform
[2015.10.29-10.18.53:609][  0]LogTemp:Display: Loaded TP WindowsServerTargetPlatform
[2015.10.29-10.18.53:613][  0]LogTemp:Display: Loaded TP WindowsTargetPlatform
[2015.10.29-10.18.53:619][  0]LogTemp:Display: Loaded TP AndroidTargetPlatform
[2015.10.29-10.18.53:622][  0]LogTemp:Display: Loaded TP Android_ASTCTargetPlatform
[2015.10.29-10.18.53:627][  0]LogTemp:Display: Loaded TP Android_ATCTargetPlatform
[2015.10.29-10.18.53:630][  0]LogTemp:Display: Loaded TP Android_DXTTargetPlatform
[2015.10.29-10.18.53:634][  0]LogTemp:Display: Loaded TP Android_ETC1TargetPlatform
[2015.10.29-10.18.53:638][  0]LogTemp:Display: Loaded TP Android_ETC2TargetPlatform
[2015.10.29-10.18.53:641][  0]LogTemp:Display: Loaded TP Android_PVRTCTargetPlatform
[2015.10.29-10.18.53:642][  0]LogTemp:Display: Loaded TP HTML5TargetPlatform
[2015.10.29-10.18.54:055][  0]LogTemp:Display: Loaded TP IOSTargetPlatform
[2015.10.29-10.18.54:062][  0]LogTemp:Display: Loaded TP LinuxNoEditorTargetPlatform
[2015.10.29-10.18.54:068][  0]LogTemp:Display: Loaded TP LinuxServerTargetPlatform
[2015.10.29-10.18.54:079][  0]LogTemp:Display: Loaded TP LinuxTargetPlatform
[2015.10.29-10.18.54:079][  0]LogTargetPlatformManager:Display: Building Assets For Windows
[2015.10.29-10.18.57:095][  0]LogDerivedDataCache:Display: Max Cache Size: 512 MB
[2015.10.29-10.18.59:956][  0]LogDerivedDataCache: Loaded boot cache 2.86s 43MB C:/Users/Spellabbet/AppData/Local/UnrealEngine/4.9/DerivedDataCache/Boot.ddc.
[2015.10.29-10.18.59:956][  0]LogDerivedDataCache:Display: Loaded Boot cache: C:/Users/Spellabbet/AppData/Local/UnrealEngine/4.9/DerivedDataCache/Boot.ddc
[2015.10.29-10.18.59:957][  0]LogDerivedDataCache: FDerivedDataBackendGraph:  Pak pak cache file ../../../../../../Users/Spellabbet/Documents/Unreal Projects/AutomaticDoor/DerivedDataCache/DDC.ddp not found, will not use a pak cache.
[2015.10.29-10.18.59:957][  0]LogDerivedDataCache: Unable to find inner node Pak for hierarchical cache Hierarchy.
[2015.10.29-10.18.59:957][  0]LogDerivedDataCache: FDerivedDataBackendGraph:  CompressedPak pak cache file ../../../../../../Users/Spellabbet/Documents/Unreal Projects/AutomaticDoor/DerivedDataCache/Compressed.ddp not found, will not use a pak cache.
[2015.10.29-10.18.59:957][  0]LogDerivedDataCache: Unable to find inner node CompressedPak for hierarchical cache Hierarchy.
[2015.10.29-10.19.00:637][  0]LogDerivedDataCache:Display: Pak cache opened for reading ../../../Engine/DerivedDataCache/Compressed.ddp.
[2015.10.29-10.19.00:695][  0]LogDerivedDataCache: Using Local data cache path C:/Users/Spellabbet/AppData/Local/UnrealEngine/Common/DerivedDataCache: Writable
[2015.10.29-10.19.37:789][  0]LogInit: Selected Device Profile: [Windows]
[2015.10.29-10.19.37:835][  0]LogContentStreaming: Texture pool size is 0.000000MB
[2015.10.29-10.19.39:424][  0]LogMeshUtilities: No automatic mesh reduction module available
[2015.10.29-10.19.39:424][  0]LogMeshUtilities: No automatic mesh merging module available
[2015.10.29-10.19.44:883][  0]LogInit: WinSock: version 1.1 (2.2), MaxSocks=32767, MaxUdp=65467
[2015.10.29-10.20.09:670][  0]UdpMessaging: Initializing bridge on interface 0.0.0.0:0 to multicast group 230.0.0.1:6666.
[2015.10.29-10.20.10:036][  0]LogSkinnedMeshComp:Warning: GetSocketByName(): No SkeletalMesh for CharacterMesh1P
[2015.10.29-10.20.10:146][  0]LogLinker:Warning: Asset '../../../../../../Users/Spellabbet/Documents/Unreal Projects/AutomaticDoor/Content/FirstPersonCPP/Blueprints/FirstPersonCharacter.uasset' has been saved with empty engine version. The asset will be loaded but may be incompatible.
[2015.10.29-10.20.11:627][  0]LogLinker:Warning: Asset '../../../../../../Users/Spellabbet/Documents/Unreal Projects/AutomaticDoor/Content/FirstPerson/Meshes/FirstPersonProjectileMesh.uasset' has been saved with empty engine version. The asset will be loaded but may be incompatible.
[2015.10.29-10.20.14:494][  0]LogSkinnedMeshComp:Warning: GetSocketByName(): No SkeletalMesh for CharacterMesh1P
[2015.10.29-10.20.14:500][  0]LogSkinnedMeshComp:Warning: GetSocketByName(): No SkeletalMesh for CharacterMesh1P
[2015.10.29-10.20.16:602][  0]LogAssetRegistry: FAssetRegistry took 0.0345 seconds to start up
[2015.10.29-10.20.21:206][  0]SourceControl: Info Source control is disabled
[2015.10.29-10.20.23:507][  0]SourceControl: Info Source control is disabled
[2015.10.29-10.20.23:701][  0]SourceControl: Info Source control is disabled
[2015.10.29-10.20.24:024][  0]SourceControl: Info Source control is disabled
[2015.10.29-10.20.26:198][  0]LogLinker:Warning: Asset '../../../Engine/Plugins/Runtime/LeapMotionController/Content/LM_PassthroughMaterial.uasset' has been saved with empty engine version. The asset will be loaded but may be incompatible.
[2015.10.29-10.20.26:872][  0]LogObj: 32040 objects as part of root set at end of initial load.
[2015.10.29-10.20.26:872][  0]LogUObjectAllocator: 7361000 out of 0 bytes used by permanent object pool.
[2015.10.29-10.20.27:449][  0]LogEngine: Initializing Engine...
[2015.10.29-10.20.27:460][  0]LogHMD: Can't find Oculus library dev build: is proper Runtime installed? Version: 0.7.0.0
[2015.10.29-10.20.27:581][  0]LogHMD: SteamVR failed to initialize.  Err: 110
[2015.10.29-10.20.28:913][  0]LogAIModule: Creating AISystem for world NewWorld
[2015.10.29-10.20.29:062][  0]LogInit: XAudio2 using 'Speakers (4- High Definition Audio Device)' : 2 channels at 44.1 kHz using 16 bits per sample (channel mask 0x3)
[2015.10.29-10.20.29:532][  0]LogInit: FAudioDevice initialized.
[2015.10.29-10.20.29:551][  0]LogDerivedDataCache: Saved boot cache 0.02s 43MB C:/Users/Spellabbet/AppData/Local/UnrealEngine/4.9/DerivedDataCache/Boot.ddc.
[2015.10.29-10.20.29:554][  0]LogInit: Texture streaming: Enabled
[2015.10.29-10.20.29:643][  0]LogAnalytics: Creating configured Analytics provider AnalyticsET
[2015.10.29-10.20.29:665][  0]LogAnalytics: [UEEditor.Rocket.Release] APIServer = http://et2.epicgames.com/ET2/. AppVersion = 4.9.2-2707645+++depot+UE4-Releases+4.9
[2015.10.29-10.20.29:665][  0]LogAnalytics: [UEEditor.Rocket.Release] SetUserId 7e3fa46547d3e524ffb1328701b2a07b|99f216c1865e471987722078da7bde5f|060e5e79-a789-49c4-8abd-5d8b330400a7
[2015.10.29-10.20.29:665][  0]LogAnalytics: [UEEditor.Rocket.Release] AnalyticsET::StartSession
[2015.10.29-10.20.30:176][  0]LogInit: Transaction tracking system initialized
[2015.10.29-10.20.32:473][  0]BlueprintLog: New page: Editor Load
[2015.10.29-10.20.35:361][  0]LocalizationService: Info Localization service is disabled
[2015.10.29-10.20.36:832][  0]LogConsoleResponse:Display: 
[2015.10.29-10.20.40:912][  0]LogFileCache: Scanning file cache for directory 'C:/Users/Spellabbet/Documents/Unreal Projects/AutomaticDoor/Content/' took 0.03s
[2015.10.29-10.20.40:912][  0]LogCook:Display: Done creating registry. It took  0.00s.
[2015.10.29-10.20.42:878][  0]SourceControl: Info Source control is disabled
[2015.10.29-10.20.42:966][  0]Cmd: MAP LOAD FILE="../../../../../../Users/Spellabbet/Documents/Unreal Projects/AutomaticDoor/Content/FirstPersonCPP/Maps/FirstPersonExampleMap.umap" TEMPLATE=0 SHOWPROGRESS=1 FEATURELEVEL=3
[2015.10.29-10.20.43:268][  0]LightingResults: New page: Lighting Build
[2015.10.29-10.20.43:387][  0]MapCheck: New page: Map Check
[2015.10.29-10.20.43:387][  0]LightingResults: New page: Lighting Build
[2015.10.29-10.20.43:487][  0]LogParticles: Destroying 0 GPU particle simulations for FXSystem 0x0000009DB735A480
[2015.10.29-10.20.53:259][  0]LogSkinnedMeshComp:Warning: GetSocketByName(): No SkeletalMesh for CharacterMesh1P
[2015.10.29-10.21.21:536][  0]LogAIModule: Creating AISystem for world FirstPersonExampleMap
[2015.10.29-10.21.22:556][  0]LogEditorServer: Finished looking for orphan Actors (0.000 secs)
[2015.10.29-10.21.22:565][  0]Cmd: MAP CHECKDEP NOCLEARLOG
[2015.10.29-10.21.22:657][  0]MapCheck: Info Map check complete: 0 Error(s), 0 Warning(s), took 91.544ms to complete.
[2015.10.29-10.21.22:661][  0]LogFileHelpers: Loading map 'FirstPersonExampleMap' took 39.752
[2015.10.29-10.21.23:854][  0]LogCollectionManager: Loaded 0 collections in 0.010100 seconds
[2015.10.29-10.21.24:101][  0]LogFileCache: Scanning file cache for directory 'C:/Users/Spellabbet/Documents/Unreal Projects/AutomaticDoor/Saved/Collections/' took 0.01s
[2015.10.29-10.21.24:101][  0]LogFileCache: Scanning file cache for directory 'C:/Users/Spellabbet/Documents/Unreal Projects/AutomaticDoor/Content/Developers/Spellabbet/Collections/' took 0.01s
[2015.10.29-10.21.24:101][  0]LogFileCache: Scanning file cache for directory 'C:/Users/Spellabbet/Documents/Unreal Projects/AutomaticDoor/Content/Collections/' took 0.01s
[2015.10.29-10.21.24:101][  0]LogContentBrowser: Native class hierarchy populated in 0.0556 seconds. Added 1873 classes and 335 folders.
[2015.10.29-10.21.24:323][  0]LogCollectionManager: Rebuilt the GUID cache for 0 collections in 0.000007 seconds
[2015.10.29-10.21.24:409][  0]LogContentBrowser: Native class hierarchy updated for 'WidgetCarousel' in 0.0040 seconds. Added 0 classes and 0 folders.
[2015.10.29-10.21.29:207][  0]LogContentBrowser: Native class hierarchy updated for 'AddContentDialog' in 0.0059 seconds. Added 0 classes and 0 folders.
[2015.10.29-10.21.29:433][  0]LogContentBrowser: Native class hierarchy updated for 'SceneOutliner' in 0.0055 seconds. Added 1 classes and 2 folders.
[2015.10.29-10.21.30:151][  0]LogCrashTracker: Crashtracker disabled due to settings.
[2015.10.29-10.21.30:181][  0]LogUObjectGlobals:Warning: Failed to find object 'Class None.'
[2015.10.29-10.21.30:209][  0]LogLoad: Full Startup: 205.05 seconds (BP compile: 0.90 seconds)
[2015.10.29-10.21.30:807][  0]LogContentStreaming: Texture pool size now 1000 MB
[2015.10.29-10.21.31:194][  0]LogRenderer: Reallocating scene render targets to support 1208x556 (Frame:2).
[2015.10.29-10.21.33:777][  7]LogAssetRegistry: Asset discovery search completed in 77.1898 seconds
[2015.10.29-10.21.33:777][  7]LogCollectionManager: Rebuilt the object cache for 0 collections in 0.000001 seconds (found 0 objects)
[2015.10.29-10.21.33:821][  7]LogCollectionManager: Fixed up redirectors for 0 collections in 0.000023 seconds (updated 0 objects)
[2015.10.29-10.21.43:597][340]LogBlueprintUserMessages: Early PlayInEditor Detection: Level '/Game/FirstPersonCPP/Maps/FirstPersonExampleMap.FirstPersonExampleMap:PersistentLevel' has LevelScriptBlueprint '/Game/FirstPersonCPP/Maps/FirstPersonExampleMap.FirstPersonExampleMap:PersistentLevel.FirstPersonExampleMap' with GeneratedClass '/Game/FirstPersonCPP/Maps/FirstPersonExampleMap.FirstPersonExampleMap_C' with ClassGeneratedBy '/Game/FirstPersonCPP/Maps/FirstPersonExampleMap.FirstPersonExampleMap:PersistentLevel.FirstPersonExampleMap'
[2015.10.29-10.21.43:597][340]LogPlayLevel: PlayLevel: No blueprints needed recompiling
[2015.10.29-10.21.43:598][340]PIE: New page: PIE session: FirstPersonExampleMap (Oct 29, 2015, 12:21:43 PM)
[2015.10.29-10.21.43:598][340]LogPlayLevel: Creating play world package: /Game/FirstPersonCPP/Maps/UEDPIE_0_FirstPersonExampleMap
[2015.10.29-10.21.43:600][340]LogSkinnedMeshComp:Warning: GetSocketByName(): No SkeletalMesh for CharacterMesh1P
[2015.10.29-10.21.43:633][340]LogPlayLevel: PIE: StaticDuplicateObject took: (0.034509s)
[2015.10.29-10.21.43:633][340]LogAIModule: Creating AISystem for world FirstPersonExampleMap
[2015.10.29-10.21.43:634][340]LogPlayLevel: PIE: World Init took: (0.000779s)
[2015.10.29-10.21.43:634][340]LogPlayLevel: PIE: Created PIE world by copying editor world from /Game/FirstPersonCPP/Maps/FirstPersonExampleMap.FirstPersonExampleMap to /Game/FirstPersonCPP/Maps/UEDPIE_0_FirstPersonExampleMap.FirstPersonExampleMap (0.035505s)
[2015.10.29-10.21.43:634][340]LogActorComponent: UnregisterComponent: (/Engine/Transient.CharMoveComp) Not registered. Aborting.
[2015.10.29-10.21.43:650][340]LogInit: XAudio2 using 'Speakers (4- High Definition Audio Device)' : 2 channels at 44.1 kHz using 16 bits per sample (channel mask 0x3)
[2015.10.29-10.21.43:655][340]LogInit: FAudioDevice initialized.
[2015.10.29-10.21.43:872][340]LogWorld: Game class is 'AutomaticDoorGameMode'
[2015.10.29-10.21.43:929][340]LogWorld:Warning: *** WARNING - PATHS MAY NOT BE VALID ***
[2015.10.29-10.21.43:929][340]LogWorld: Bringing World /Game/FirstPersonCPP/Maps/UEDPIE_0_FirstPersonExampleMap.FirstPersonExampleMap up for play (max tick rate 0) at 2015.10.29-11.21.43
[2015.10.29-10.21.43:929][340]LogActor:Warning: GameSession /Game/FirstPersonCPP/Maps/UEDPIE_0_FirstPersonExampleMap.FirstPersonExampleMap:PersistentLevel.GameSession_0 has natively added scene component(s), but none of them were set as the actor's RootComponent - picking one arbitrarily
[2015.10.29-10.21.43:930][340]LogActor:Warning: GameNetworkManager /Game/FirstPersonCPP/Maps/UEDPIE_0_FirstPersonExampleMap.FirstPersonExampleMap:PersistentLevel.GameNetworkManager_0 has natively added scene component(s), but none of them were set as the actor's RootComponent - picking one arbitrarily
[2015.10.29-10.21.44:050][340]LogWorld: Bringing up level for play took: 0.162497
[2015.10.29-10.21.44:104][340]PIE: Info Play in editor start time for /Game/FirstPersonCPP/Maps/UEDPIE_0_FirstPersonExampleMap 1.119
[2015.10.29-10.21.44:104][340]LogBlueprintUserMessages: Late PlayInEditor Detection: Level '/Game/FirstPersonCPP/Maps/FirstPersonExampleMap.FirstPersonExampleMap:PersistentLevel' has LevelScriptBlueprint '/Game/FirstPersonCPP/Maps/FirstPersonExampleMap.FirstPersonExampleMap:PersistentLevel.FirstPersonExampleMap' with GeneratedClass '/Game/FirstPersonCPP/Maps/FirstPersonExampleMap.FirstPersonExampleMap_C' with ClassGeneratedBy '/Game/FirstPersonCPP/Maps/FirstPersonExampleMap.FirstPersonExampleMap:PersistentLevel.FirstPersonExampleMap'
[2015.10.29-10.23.20:922][903]LogBlueprintUserMessages: Early EndPlayMap Detection: Level '/Game/FirstPersonCPP/Maps/FirstPersonExampleMap.FirstPersonExampleMap:PersistentLevel' has LevelScriptBlueprint '/Game/FirstPersonCPP/Maps/FirstPersonExampleMap.FirstPersonExampleMap:PersistentLevel.FirstPersonExampleMap' with GeneratedClass '/Game/FirstPersonCPP/Maps/FirstPersonExampleMap.FirstPersonExampleMap_C' with ClassGeneratedBy '/Game/FirstPersonCPP/Maps/FirstPersonExampleMap.FirstPersonExampleMap:PersistentLevel.FirstPersonExampleMap'
[2015.10.29-10.23.21:135][903]LogBlueprintUserMessages: Late EndPlayMap Detection: Level '/Game/FirstPersonCPP/Maps/FirstPersonExampleMap.FirstPersonExampleMap:PersistentLevel' has LevelScriptBlueprint '/Game/FirstPersonCPP/Maps/FirstPersonExampleMap.FirstPersonExampleMap:PersistentLevel.FirstPersonExampleMap' with GeneratedClass '/Game/FirstPersonCPP/Maps/FirstPersonExampleMap.FirstPersonExampleMap_C' with ClassGeneratedBy '/Game/FirstPersonCPP/Maps/FirstPersonExampleMap.FirstPersonExampleMap:PersistentLevel.FirstPersonExampleMap'
[2015.10.29-10.23.21:173][903]LogParticles: Destroying 0 GPU particle simulations for FXSystem 0x0000009DCC1E8680
[2015.10.29-10.23.32:537][248]LogEditorViewport: Clicking on Actor (LMB): StaticMeshActor (Cube18)
[2015.10.29-10.23.50:231][351]EditorErrors: New page: Actor attachment
[2015.10.29-10.23.54:107][811]LogBlueprintUserMessages: Early PlayInEditor Detection: Level '/Game/FirstPersonCPP/Maps/FirstPersonExampleMap.FirstPersonExampleMap:PersistentLevel' has LevelScriptBlueprint '/Game/FirstPersonCPP/Maps/FirstPersonExampleMap.FirstPersonExampleMap:PersistentLevel.FirstPersonExampleMap' with GeneratedClass '/Game/FirstPersonCPP/Maps/FirstPersonExampleMap.FirstPersonExampleMap_C' with ClassGeneratedBy '/Game/FirstPersonCPP/Maps/FirstPersonExampleMap.FirstPersonExampleMap:PersistentLevel.FirstPersonExampleMap'
[2015.10.29-10.23.54:107][811]LogPlayLevel: PlayLevel: No blueprints needed recompiling
[2015.10.29-10.23.54:107][811]PIE: New page: PIE session: FirstPersonExampleMap (Oct 29, 2015, 12:23:54 PM)
[2015.10.29-10.23.54:107][811]LogPlayLevel: Creating play world package: /Game/FirstPersonCPP/Maps/UEDPIE_0_FirstPersonExampleMap
[2015.10.29-10.23.54:108][811]LogSkinnedMeshComp:Warning: GetSocketByName(): No SkeletalMesh for CharacterMesh1P
[2015.10.29-10.23.54:137][811]LogPlayLevel: PIE: StaticDuplicateObject took: (0.029898s)
[2015.10.29-10.23.54:138][811]LogAIModule: Creating AISystem for world FirstPersonExampleMap
[2015.10.29-10.23.54:138][811]LogPlayLevel: PIE: World Init took: (0.001390s)
[2015.10.29-10.23.54:138][811]LogPlayLevel: PIE: Created PIE world by copying editor world from /Game/FirstPersonCPP/Maps/FirstPersonExampleMap.FirstPersonExampleMap to /Game/FirstPersonCPP/Maps/UEDPIE_0_FirstPersonExampleMap.FirstPersonExampleMap (0.031533s)
[2015.10.29-10.23.54:155][811]LogInit: XAudio2 using 'Speakers (4- High Definition Audio Device)' : 2 channels at 44.1 kHz using 16 bits per sample (channel mask 0x3)
[2015.10.29-10.23.54:160][811]LogInit: FAudioDevice initialized.
[2015.10.29-10.23.54:193][811]LogWorld: Game class is 'AutomaticDoorGameMode'
[2015.10.29-10.23.54:207][811]LogWorld:Warning: *** WARNING - PATHS MAY NOT BE VALID ***
[2015.10.29-10.23.54:207][811]LogWorld: Bringing World /Game/FirstPersonCPP/Maps/UEDPIE_0_FirstPersonExampleMap.FirstPersonExampleMap up for play (max tick rate 0) at 2015.10.29-11.23.54
[2015.10.29-10.23.54:207][811]LogActor:Warning: GameSession /Game/FirstPersonCPP/Maps/UEDPIE_0_FirstPersonExampleMap.FirstPersonExampleMap:PersistentLevel.GameSession_1 has natively added scene component(s), but none of them were set as the actor's RootComponent - picking one arbitrarily
[2015.10.29-10.23.54:207][811]LogActor:Warning: GameNetworkManager /Game/FirstPersonCPP/Maps/UEDPIE_0_FirstPersonExampleMap.FirstPersonExampleMap:PersistentLevel.GameNetworkManager_1 has natively added scene component(s), but none of them were set as the actor's RootComponent - picking one arbitrarily
[2015.10.29-10.23.54:208][811]LogWorld: Bringing up level for play took: 0.014543
[2015.10.29-10.23.54:209][811]PIE: Info Play in editor start time for /Game/FirstPersonCPP/Maps/UEDPIE_0_FirstPersonExampleMap -0.776
[2015.10.29-10.23.54:210][811]LogBlueprintUserMessages: Late PlayInEditor Detection: Level '/Game/FirstPersonCPP/Maps/FirstPersonExampleMap.FirstPersonExampleMap:PersistentLevel' has LevelScriptBlueprint '/Game/FirstPersonCPP/Maps/FirstPersonExampleMap.FirstPersonExampleMap:PersistentLevel.FirstPersonExampleMap' with GeneratedClass '/Game/FirstPersonCPP/Maps/FirstPersonExampleMap.FirstPersonExampleMap_C' with ClassGeneratedBy '/Game/FirstPersonCPP/Maps/FirstPersonExampleMap.FirstPersonExampleMap:PersistentLevel.FirstPersonExampleMap'
[2015.10.29-10.24.05:871][207]LogBlueprintUserMessages: Early EndPlayMap Detection: Level '/Game/FirstPersonCPP/Maps/FirstPersonExampleMap.FirstPersonExampleMap:PersistentLevel' has LevelScriptBlueprint '/Game/FirstPersonCPP/Maps/FirstPersonExampleMap.FirstPersonExampleMap:PersistentLevel.FirstPersonExampleMap' with GeneratedClass '/Game/FirstPersonCPP/Maps/FirstPersonExampleMap.FirstPersonExampleMap_C' with ClassGeneratedBy '/Game/FirstPersonCPP/Maps/FirstPersonExampleMap.FirstPersonExampleMap:PersistentLevel.FirstPersonExampleMap'
[2015.10.29-10.24.05:916][207]LogBlueprintUserMessages: Late EndPlayMap Detection: Level '/Game/FirstPersonCPP/Maps/FirstPersonExampleMap.FirstPersonExampleMap:PersistentLevel' has LevelScriptBlueprint '/Game/FirstPersonCPP/Maps/FirstPersonExampleMap.FirstPersonExampleMap:PersistentLevel.FirstPersonExampleMap' with GeneratedClass '/Game/FirstPersonCPP/Maps/FirstPersonExampleMap.FirstPersonExampleMap_C' with ClassGeneratedBy '/Game/FirstPersonCPP/Maps/FirstPersonExampleMap.FirstPersonExampleMap:PersistentLevel.FirstPersonExampleMap'
[2015.10.29-10.24.05:949][208]LogParticles: Destroying 0 GPU particle simulations for FXSystem 0x0000009DEA830E00
[2015.10.29-10.24.12:264][960]LogEditorViewport: Clicking on Actor (context menu): StaticMeshActor (BigWall)
[2015.10.29-10.24.13:338][ 51]LogEditorViewport: Clicking on Actor (LMB): DoorWallBP_C (DoorWallBP)
[2015.10.29-10.24.19:210][742]LogEditorViewport: Clicking on Actor (LMB): FirstPersonCharacter_C (FirstPersonCharacter)
[2015.10.29-10.24.52:778][653]LogBlueprintUserMessages: Early PlayInEditor Detection: Level '/Game/FirstPersonCPP/Maps/FirstPersonExampleMap.FirstPersonExampleMap:PersistentLevel' has LevelScriptBlueprint '/Game/FirstPersonCPP/Maps/FirstPersonExampleMap.FirstPersonExampleMap:PersistentLevel.FirstPersonExampleMap' with GeneratedClass '/Game/FirstPersonCPP/Maps/FirstPersonExampleMap.FirstPersonExampleMap_C' with ClassGeneratedBy '/Game/FirstPersonCPP/Maps/FirstPersonExampleMap.FirstPersonExampleMap:PersistentLevel.FirstPersonExampleMap'
[2015.10.29-10.24.52:778][653]LogPlayLevel: PlayLevel: No blueprints needed recompiling
[2015.10.29-10.24.52:778][653]PIE: New page: PIE session: FirstPersonExampleMap (Oct 29, 2015, 12:24:52 PM)
[2015.10.29-10.24.52:778][653]LogPlayLevel: Creating play world package: /Game/FirstPersonCPP/Maps/UEDPIE_0_FirstPersonExampleMap
[2015.10.29-10.24.52:780][653]LogSkinnedMeshComp:Warning: GetSocketByName(): No SkeletalMesh for CharacterMesh1P
[2015.10.29-10.24.52:806][653]LogPlayLevel: PIE: StaticDuplicateObject took: (0.027514s)
[2015.10.29-10.24.52:807][653]LogAIModule: Creating AISystem for world FirstPersonExampleMap
[2015.10.29-10.24.52:807][653]LogPlayLevel: PIE: World Init took: (0.001018s)
[2015.10.29-10.24.52:807][653]LogPlayLevel: PIE: Created PIE world by copying editor world from /Game/FirstPersonCPP/Maps/FirstPersonExampleMap.FirstPersonExampleMap to /Game/FirstPersonCPP/Maps/UEDPIE_0_FirstPersonExampleMap.FirstPersonExampleMap (0.028759s)
[2015.10.29-10.24.52:846][653]LogInit: XAudio2 using 'Speakers (4- High Definition Audio Device)' : 2 channels at 44.1 kHz using 16 bits per sample (channel mask 0x3)
[2015.10.29-10.24.52:851][653]LogInit: FAudioDevice initialized.
[2015.10.29-10.24.52:885][653]LogWorld: Game class is 'AutomaticDoorGameMode'
[2015.10.29-10.24.52:899][653]LogWorld:Warning: *** WARNING - PATHS MAY NOT BE VALID ***
[2015.10.29-10.24.52:899][653]LogWorld: Bringing World /Game/FirstPersonCPP/Maps/UEDPIE_0_FirstPersonExampleMap.FirstPersonExampleMap up for play (max tick rate 0) at 2015.10.29-11.24.52
[2015.10.29-10.24.52:899][653]LogActor:Warning: GameSession /Game/FirstPersonCPP/Maps/UEDPIE_0_FirstPersonExampleMap.FirstPersonExampleMap:PersistentLevel.GameSession_2 has natively added scene component(s), but none of them were set as the actor's RootComponent - picking one arbitrarily
[2015.10.29-10.24.52:899][653]LogActor:Warning: GameNetworkManager /Game/FirstPersonCPP/Maps/UEDPIE_0_FirstPersonExampleMap.FirstPersonExampleMap:PersistentLevel.GameNetworkManager_2 has natively added scene component(s), but none of them were set as the actor's RootComponent - picking one arbitrarily
[2015.10.29-10.24.52:900][653]LogWorld: Bringing up level for play took: 0.013974
[2015.10.29-10.24.52:914][653]PIE: Info Play in editor start time for /Game/FirstPersonCPP/Maps/UEDPIE_0_FirstPersonExampleMap -0.07
[2015.10.29-10.24.52:914][653]LogBlueprintUserMessages: Late PlayInEditor Detection: Level '/Game/FirstPersonCPP/Maps/FirstPersonExampleMap.FirstPersonExampleMap:PersistentLevel' has LevelScriptBlueprint '/Game/FirstPersonCPP/Maps/FirstPersonExampleMap.FirstPersonExampleMap:PersistentLevel.FirstPersonExampleMap' with GeneratedClass '/Game/FirstPersonCPP/Maps/FirstPersonExampleMap.FirstPersonExampleMap_C' with ClassGeneratedBy '/Game/FirstPersonCPP/Maps/FirstPersonExampleMap.FirstPersonExampleMap:PersistentLevel.FirstPersonExampleMap'
[2015.10.29-10.25.09:246][609]LogBlueprintUserMessages: Early EndPlayMap Detection: Level '/Game/FirstPersonCPP/Maps/FirstPersonExampleMap.FirstPersonExampleMap:PersistentLevel' has LevelScriptBlueprint '/Game/FirstPersonCPP/Maps/FirstPersonExampleMap.FirstPersonExampleMap:PersistentLevel.FirstPersonExampleMap' with GeneratedClass '/Game/FirstPersonCPP/Maps/FirstPersonExampleMap.FirstPersonExampleMap_C' with ClassGeneratedBy '/Game/FirstPersonCPP/Maps/FirstPersonExampleMap.FirstPersonExampleMap:PersistentLevel.FirstPersonExampleMap'
[2015.10.29-10.25.09:337][609]LogBlueprintUserMessages: Late EndPlayMap Detection: Level '/Game/FirstPersonCPP/Maps/FirstPersonExampleMap.FirstPersonExampleMap:PersistentLevel' has LevelScriptBlueprint '/Game/FirstPersonCPP/Maps/FirstPersonExampleMap.FirstPersonExampleMap:PersistentLevel.FirstPersonExampleMap' with GeneratedClass '/Game/FirstPersonCPP/Maps/FirstPersonExampleMap.FirstPersonExampleMap_C' with ClassGeneratedBy '/Game/FirstPersonCPP/Maps/FirstPersonExampleMap.FirstPersonExampleMap:PersistentLevel.FirstPersonExampleMap'
[2015.10.29-10.25.09:348][609]LogParticles: Destroying 0 GPU particle simulations for FXSystem 0x0000009DEA831440
[2015.10.29-10.25.12:373][940]LogEditorViewport: Clicking on Actor (LMB): StaticMeshActor (Cube18)
[2015.10.29-10.25.20:691][926]LogBlueprintUserMessages: Early PlayInEditor Detection: Level '/Game/FirstPersonCPP/Maps/FirstPersonExampleMap.FirstPersonExampleMap:PersistentLevel' has LevelScriptBlueprint '/Game/FirstPersonCPP/Maps/FirstPersonExampleMap.FirstPersonExampleMap:PersistentLevel.FirstPersonExampleMap' with GeneratedClass '/Game/FirstPersonCPP/Maps/FirstPersonExampleMap.FirstPersonExampleMap_C' with ClassGeneratedBy '/Game/FirstPersonCPP/Maps/FirstPersonExampleMap.FirstPersonExampleMap:PersistentLevel.FirstPersonExampleMap'
[2015.10.29-10.25.20:691][926]LogPlayLevel: PlayLevel: No blueprints needed recompiling
[2015.10.29-10.25.20:691][926]PIE: New page: PIE session: FirstPersonExampleMap (Oct 29, 2015, 12:25:20 PM)
[2015.10.29-10.25.20:691][926]LogPlayLevel: Creating play world package: /Game/FirstPersonCPP/Maps/UEDPIE_0_FirstPersonExampleMap
[2015.10.29-10.25.20:693][926]LogSkinnedMeshComp:Warning: GetSocketByName(): No SkeletalMesh for CharacterMesh1P
[2015.10.29-10.25.20:722][926]LogPlayLevel: PIE: StaticDuplicateObject took: (0.031061s)
[2015.10.29-10.25.20:723][926]LogAIModule: Creating AISystem for world FirstPersonExampleMap
[2015.10.29-10.25.20:723][926]LogPlayLevel: PIE: World Init took: (0.001006s)
[2015.10.29-10.25.20:723][926]LogPlayLevel: PIE: Created PIE world by copying editor world from /Game/FirstPersonCPP/Maps/FirstPersonExampleMap.FirstPersonExampleMap to /Game/FirstPersonCPP/Maps/UEDPIE_0_FirstPersonExampleMap.FirstPersonExampleMap (0.032302s)
[2015.10.29-10.25.20:738][926]LogInit: XAudio2 using 'Speakers (4- High Definition Audio Device)' : 2 channels at 44.1 kHz using 16 bits per sample (channel mask 0x3)
[2015.10.29-10.25.20:742][926]LogInit: FAudioDevice initialized.
[2015.10.29-10.25.20:771][926]LogWorld: Game class is 'AutomaticDoorGameMode'
[2015.10.29-10.25.20:785][926]LogWorld:Warning: *** WARNING - PATHS MAY NOT BE VALID ***
[2015.10.29-10.25.20:785][926]LogWorld: Bringing World /Game/FirstPersonCPP/Maps/UEDPIE_0_FirstPersonExampleMap.FirstPersonExampleMap up for play (max tick rate 0) at 2015.10.29-11.25.20
[2015.10.29-10.25.20:785][926]LogActor:Warning: GameSession /Game/FirstPersonCPP/Maps/UEDPIE_0_FirstPersonExampleMap.FirstPersonExampleMap:PersistentLevel.GameSession_3 has natively added scene component(s), but none of them were set as the actor's RootComponent - picking one arbitrarily
[2015.10.29-10.25.20:785][926]LogActor:Warning: GameNetworkManager /Game/FirstPersonCPP/Maps/UEDPIE_0_FirstPersonExampleMap.FirstPersonExampleMap:PersistentLevel.GameNetworkManager_3 has natively added scene component(s), but none of them were set as the actor's RootComponent - picking one arbitrarily
[2015.10.29-10.25.20:786][926]LogWorld: Bringing up level for play took: 0.014219
[2015.10.29-10.25.20:787][926]PIE: Info Play in editor start time for /Game/FirstPersonCPP/Maps/UEDPIE_0_FirstPersonExampleMap -0.197
[2015.10.29-10.25.20:787][926]LogBlueprintUserMessages: Late PlayInEditor Detection: Level '/Game/FirstPersonCPP/Maps/FirstPersonExampleMap.FirstPersonExampleMap:PersistentLevel' has LevelScriptBlueprint '/Game/FirstPersonCPP/Maps/FirstPersonExampleMap.FirstPersonExampleMap:PersistentLevel.FirstPersonExampleMap' with GeneratedClass '/Game/FirstPersonCPP/Maps/FirstPersonExampleMap.FirstPersonExampleMap_C' with ClassGeneratedBy '/Game/FirstPersonCPP/Maps/FirstPersonExampleMap.FirstPersonExampleMap:PersistentLevel.FirstPersonExampleMap'
[2015.10.29-10.25.37:147][886]LogBlueprintUserMessages: Early EndPlayMap Detection: Level '/Game/FirstPersonCPP/Maps/FirstPersonExampleMap.FirstPersonExampleMap:PersistentLevel' has LevelScriptBlueprint '/Game/FirstPersonCPP/Maps/FirstPersonExampleMap.FirstPersonExampleMap:PersistentLevel.FirstPersonExampleMap' with GeneratedClass '/Game/FirstPersonCPP/Maps/FirstPersonExampleMap.FirstPersonExampleMap_C' with ClassGeneratedBy '/Game/FirstPersonCPP/Maps/FirstPersonExampleMap.FirstPersonExampleMap:PersistentLevel.FirstPersonExampleMap'
[2015.10.29-10.25.37:197][886]LogBlueprintUserMessages: Late EndPlayMap Detection: Level '/Game/FirstPersonCPP/Maps/FirstPersonExampleMap.FirstPersonExampleMap:PersistentLevel' has LevelScriptBlueprint '/Game/FirstPersonCPP/Maps/FirstPersonExampleMap.FirstPersonExampleMap:PersistentLevel.FirstPersonExampleMap' with GeneratedClass '/Game/FirstPersonCPP/Maps/FirstPersonExampleMap.FirstPersonExampleMap_C' with ClassGeneratedBy '/Game/FirstPersonCPP/Maps/FirstPersonExampleMap.FirstPersonExampleMap:PersistentLevel.FirstPersonExampleMap'
[2015.10.29-10.25.37:228][887]LogParticles: Destroying 0 GPU particle simulations for FXSystem 0x0000009DC68F19E0
[2015.10.29-10.25.45:358][776]LogLinker:Warning: Asset '../../../Engine/Content/ArtTools/RenderToTexture/Macros/RenderToTextureMacros.uasset' has been saved with empty engine version. The asset will be loaded but may be incompatible.
[2015.10.29-10.25.46:173][776]LogContentBrowser: Native class hierarchy updated for 'BlueprintGraph' in 0.0011 seconds. Added 107 classes and 0 folders.
[2015.10.29-10.30.39:059][324]LogActorComponent: UnregisterComponent: (/Engine/Transient.CharMoveComp) Not registered. Aborting.
[2015.10.29-10.30.39:080][324]LogParticles: Destroying 0 GPU particle simulations for FXSystem 0x0000009DAE48DBC0
[2015.10.29-10.30.42:623][324]LogSavePackage: Save=963.570862ms
[2015.10.29-10.30.42:623][324]LogSavePackage: Moving '../../../../../../Users/Spellabbet/Documents/Unreal Projects/AutomaticDoor/Saved/FirstPersonExampleMap08D6C94D48447A50F64D20A4A49A751D.tmp' to '../../../../../../Users/Spellabbet/Documents/Unreal Projects/AutomaticDoor/Content/FirstPersonCPP/Maps/FirstPersonExampleMap.umap'
[2015.10.29-10.30.42:626][324]LogSavePackage: Total save time: 1908.028752ms
[2015.10.29-10.30.42:626][324]LogSavePackage:Warning: Finished SavePackage ../../../../../../Users/Spellabbet/Documents/Unreal Projects/AutomaticDoor/Content/FirstPersonCPP/Maps/FirstPersonExampleMap.umap
[2015.10.29-10.30.42:653][324]LogFileHelpers: Saving map 'FirstPersonExampleMap' took 2.010
[2015.10.29-10.30.42:657][324]Cmd: OBJ SAVEPACKAGE PACKAGE="/Game/FollowerBT" FILE="../../../../../../Users/Spellabbet/Documents/Unreal Projects/AutomaticDoor/Content/FollowerBT.uasset" SILENT=true
[2015.10.29-10.30.42:667][324]LogSavePackage: Save=4.995553ms
[2015.10.29-10.30.42:667][324]LogSavePackage: Moving '../../../../../../Users/Spellabbet/Documents/Unreal Projects/AutomaticDoor/Saved/FollowerBT8ABF91AF42AD985BAD0629AC4D7123B1.tmp' to '../../../../../../Users/Spellabbet/Documents/Unreal Projects/AutomaticDoor/Content/FollowerBT.uasset'
[2015.10.29-10.30.42:668][324]LogSavePackage: Total save time: 10.367155ms
[2015.10.29-10.30.42:668][324]LogSavePackage:Warning: Finished SavePackage ../../../../../../Users/Spellabbet/Documents/Unreal Projects/AutomaticDoor/Content/FollowerBT.uasset
[2015.10.29-10.30.42:756][324]LogWindowsTextInputMethodSystem:Display: IME system now deactivated.
[2015.10.29-10.30.42:995][325]Cmd: QUIT_EDITOR
[2015.10.29-10.30.43:808][325]LogExit: Preparing to exit.
[2015.10.29-10.30.44:055][325]LogExit: Editor shut down
[2015.10.29-10.30.44:056][325]LogExit: Transaction tracking system shut down
[2015.10.29-10.30.44:057][325]LogParticles: Destroying 0 GPU particle simulations for FXSystem 0x0000009DBC4587C0
[2015.10.29-10.30.44:057][325]LogParticles: Destroying 0 GPU particle simulations for FXSystem 0x0000009DC6DBE0C0
[2015.10.29-10.30.44:058][325]LogParticles: Destroying 0 GPU particle simulations for FXSystem 0x0000009DC6B32A20
[2015.10.29-10.30.44:058][325]LogParticles: Destroying 0 GPU particle simulations for FXSystem 0x0000009DC6DBF560
[2015.10.29-10.30.44:058][325]LogParticles: Destroying 0 GPU particle simulations for FXSystem 0x0000009DA5FF6D40
[2015.10.29-10.30.44:226][325]LogExit: Object subsystem successfully closed.
[2015.10.29-10.30.44:236][325]LogD3D11RHI: Shutdown
[2015.10.29-10.30.44:236][325]LogD3D11RHI: CleanupD3DDevice
[2015.10.29-10.30.44:285][325]LogD3D11RHI: ~FD3D11DynamicRHI
[2015.10.29-10.30.44:298][325]LogModuleManager: Shutting down and abandoning module BlueprintGraph (199)
[2015.10.29-10.30.44:298][325]LogModuleManager: Shutting down and abandoning module CrashTracker (198)
[2015.10.29-10.30.44:298][325]LogModuleManager: Shutting down and abandoning module SceneOutliner (197)
[2015.10.29-10.30.44:298][325]LogModuleManager: Shutting down and abandoning module SuperSearch (196)
[2015.10.29-10.30.44:298][325]LogModuleManager: Shutting down and abandoning module WidgetCarousel (195)
[2015.10.29-10.30.44:298][325]LogModuleManager: Shutting down and abandoning module AddContentDialog (194)
[2015.10.29-10.30.44:298][325]LogModuleManager: Shutting down and abandoning module EditorWidgets (193)
[2015.10.29-10.30.44:298][325]LogModuleManager: Shutting down and abandoning module CollectionManager (192)
[2015.10.29-10.30.44:299][325]LogModuleManager: Shutting down and abandoning module StatsViewer (191)
[2015.10.29-10.30.44:299][325]LogModuleManager: Shutting down and abandoning module FoliageEdit (190)
[2015.10.29-10.30.44:299][325]LogModuleManager: Shutting down and abandoning module LandscapeEditor (189)
[2015.10.29-10.30.44:299][325]LogModuleManager: Shutting down and abandoning module ActorPickerMode (188)
[2015.10.29-10.30.44:299][325]LogModuleManager: Shutting down and abandoning module GeometryMode (187)
[2015.10.29-10.30.44:299][325]LogModuleManager: Shutting down and abandoning module TextureAlignMode (186)
[2015.10.29-10.30.44:299][325]LogModuleManager: Shutting down and abandoning module BspMode (185)
[2015.10.29-10.30.44:299][325]LogModuleManager: Shutting down and abandoning module PlacementMode (184)
[2015.10.29-10.30.44:299][325]LogModuleManager: Shutting down and abandoning module AutomationWorker (183)
[2015.10.29-10.30.44:299][325]LogModuleManager: Shutting down and abandoning module CharacterAI (182)
[2015.10.29-10.30.44:299][325]LogModuleManager: Shutting down and abandoning module SmartSnapping (181)
[2015.10.29-10.30.44:299][325]LogModuleManager: Shutting down and abandoning module ViewportSnapping (180)
[2015.10.29-10.30.44:299][325]LogModuleManager: Shutting down and abandoning module LogVisualizer (179)
[2015.10.29-10.30.44:299][325]LogModuleManager: Shutting down and abandoning module GameProjectGeneration (178)
[2015.10.29-10.30.44:299][325]LogModuleManager: Shutting down and abandoning module IntroTutorials (177)
[2015.10.29-10.30.44:299][325]LogModuleManager: Shutting down and abandoning module EditorLiveStreaming (176)
[2015.10.29-10.30.44:299][325]LogModuleManager: Shutting down and abandoning module IOSPlatformEditor (175)
[2015.10.29-10.30.44:299][325]LogModuleManager: Shutting down and abandoning module HTML5PlatformEditor (174)
[2015.10.29-10.30.44:299][325]LogModuleManager: Shutting down and abandoning module AndroidDeviceDetection (173)
[2015.10.29-10.30.45:020][325]LogModuleManager: Shutting down and abandoning module AndroidPlatformEditor (172)
[2015.10.29-10.30.45:020][325]LogModuleManager: Shutting down and abandoning module IOSRuntimeSettings (171)
[2015.10.29-10.30.45:020][325]LogModuleManager: Shutting down and abandoning module AndroidRuntimeSettings (170)
[2015.10.29-10.30.45:020][325]LogModuleManager: Shutting down and abandoning module MergeActors (169)
[2015.10.29-10.30.45:020][325]LogModuleManager: Shutting down and abandoning module SizeMap (168)
[2015.10.29-10.30.45:020][325]LogModuleManager: Shutting down and abandoning module TreeMap (167)
[2015.10.29-10.30.45:020][325]LogModuleManager: Shutting down and abandoning module ReferenceViewer (166)
[2015.10.29-10.30.45:020][325]LogModuleManager: Shutting down and abandoning module LocalizationService (165)
[2015.10.29-10.30.45:020][325]LogModuleManager: Shutting down and abandoning module LocalizationDashboard (164)
[2015.10.29-10.30.45:020][325]LogModuleManager: Shutting down and abandoning module HardwareTargeting (163)
[2015.10.29-10.30.45:020][325]LogModuleManager: Shutting down and abandoning module DeviceProfileEditor (162)
[2015.10.29-10.30.45:020][325]LogModuleManager: Shutting down and abandoning module UndoHistory (161)
[2015.10.29-10.30.45:020][325]LogModuleManager: Shutting down and abandoning module GameplayTagsEditor (160)
[2015.10.29-10.30.45:020][325]LogModuleManager: Shutting down and abandoning module UserFeedback (159)
[2015.10.29-10.30.45:020][325]LogModuleManager: Shutting down and abandoning module XmlParser (158)
[2015.10.29-10.30.45:021][325]LogModuleManager: Shutting down and abandoning module Blutility (157)
[2015.10.29-10.30.45:021][325]LogModuleManager: Shutting down and abandoning module ProjectTargetPlatformEditor (156)
[2015.10.29-10.30.45:021][325]LogModuleManager: Shutting down and abandoning module ProjectSettingsViewer (155)
[2015.10.29-10.30.45:021][325]LogModuleManager: Shutting down and abandoning module InputBindingEditor (154)
[2015.10.29-10.30.45:021][325]LogModuleManager: Shutting down and abandoning module EditorSettingsViewer (153)
[2015.10.29-10.30.45:021][325]LogModuleManager: Shutting down and abandoning module SettingsEditor (152)
[2015.10.29-10.30.45:021][325]LogModuleManager: Shutting down and abandoning module ProjectLauncher (151)
[2015.10.29-10.30.45:021][325]LogModuleManager: Shutting down and abandoning module SessionFrontend (150)
[2015.10.29-10.30.45:022][325]LogModuleManager: Shutting down and abandoning module ProfilerClient (149)
[2015.10.29-10.30.45:022][325]LogModuleManager: Shutting down and abandoning module TargetDeviceServices (148)
[2015.10.29-10.30.45:022][325]LogModuleManager: Shutting down and abandoning module DeviceManager (147)
[2015.10.29-10.30.45:022][325]LogModuleManager: Shutting down and abandoning module AutomationController (146)
[2015.10.29-10.30.45:022][325]LogModuleManager: Shutting down and abandoning module AutomationWindow (145)
[2015.10.29-10.30.45:022][325]LogModuleManager: Shutting down and abandoning module Layers (144)
[2015.10.29-10.30.45:022][325]LogModuleManager: Shutting down and abandoning module ComponentVisualizers (143)
[2015.10.29-10.30.45:022][325]LogModuleManager: Shutting down and abandoning module DetailCustomizations (142)
[2015.10.29-10.30.45:022][325]LogModuleManager: Shutting down and abandoning module PackagesDialog (141)
[2015.10.29-10.30.45:023][325]LogModuleManager: Shutting down and abandoning module Persona (140)
[2015.10.29-10.30.45:023][325]LogModuleManager: Shutting down and abandoning module Kismet (139)
[2015.10.29-10.30.45:023][325]LogModuleManager: Shutting down and abandoning module GraphEditor (138)
[2015.10.29-10.30.45:023][325]LogModuleManager: Shutting down and abandoning module ClassViewer (137)
[2015.10.29-10.30.45:023][325]LogModuleManager: Shutting down and abandoning module Toolbox (136)
[2015.10.29-10.30.45:023][325]LogModuleManager: Shutting down and abandoning module ModuleUI (135)
[2015.10.29-10.30.45:023][325]LogModuleManager: Shutting down and abandoning module MovieSceneTools (134)
[2015.10.29-10.30.45:023][325]LogModuleManager: Shutting down and abandoning module OutputLog (133)
[2015.10.29-10.30.45:023][325]LogModuleManager: Shutting down and abandoning module GammaUI (132)
[2015.10.29-10.30.45:023][325]LogModuleManager: Shutting down and abandoning module Documentation (131)
[2015.10.29-10.30.45:023][325]LogModuleManager: Shutting down and abandoning module GameLiveStreaming (130)
[2015.10.29-10.30.45:023][325]LogModuleManager: Shutting down and abandoning module StreamingPauseRendering (129)
[2015.10.29-10.30.45:024][325]LogModuleManager: Shutting down and abandoning module AnalyticsET (128)
[2015.10.29-10.30.45:024][325]LogModuleManager: Shutting down and abandoning module Analytics (127)
[2015.10.29-10.30.45:024][325]LogModuleManager: Shutting down and abandoning module AITestSuite (126)
[2015.10.29-10.30.45:024][325]LogModuleManager: Shutting down and abandoning module GameplayDebugger (125)
[2015.10.29-10.30.45:024][325]LogModuleManager: Shutting down and abandoning module AIModule (124)
[2015.10.29-10.30.45:024][325]LogModuleManager: Shutting down and abandoning module ProfilerService (123)
[2015.10.29-10.30.45:252][325]LogModuleManager: Shutting down and abandoning module TaskGraph (122)
[2015.10.29-10.30.45:252][325]LogModuleManager: Shutting down and abandoning module SlateRemote (121)
[2015.10.29-10.30.45:252][325]LogModuleManager: Shutting down and abandoning module SteamVRController (120)
[2015.10.29-10.30.45:252][325]LogModuleManager: Shutting down and abandoning module SteamVR (119)
[2015.10.29-10.30.45:252][325]LogModuleManager: Shutting down and abandoning module ProceduralMeshComponent (118)
[2015.10.29-10.30.45:252][325]LogModuleManager: Shutting down and abandoning module OculusRift (117)
[2015.10.29-10.30.45:252][325]LogModuleManager: Shutting down and abandoning module OculusLibrary (116)
[2015.10.29-10.30.45:252][325]LogModuleManager: Shutting down and abandoning module LeapMotionController (115)
[2015.10.29-10.30.45:277][325]LogModuleManager: Shutting down and abandoning module CustomMeshComponent (114)
[2015.10.29-10.30.45:277][325]LogModuleManager: Shutting down and abandoning module CableComponent (113)
[2015.10.29-10.30.45:277][325]LogModuleManager: Shutting down and abandoning module ArchVisCharacter (112)
[2015.10.29-10.30.45:277][325]LogModuleManager: Shutting down and abandoning module MessagingDebugger (111)
[2015.10.29-10.30.45:277][325]LogModuleManager: Shutting down and abandoning module MediaPlayerEditor (110)
[2015.10.29-10.30.45:277][325]LogModuleManager: Shutting down and abandoning module HTML5Networking (109)
[2015.10.29-10.30.45:277][325]LogModuleManager: Shutting down and abandoning module SpeedTreeImporter (108)
[2015.10.29-10.30.45:277][325]LogModuleManager: Shutting down and abandoning module PluginBrowser (107)
[2015.10.29-10.30.45:277][325]LogModuleManager: Shutting down and abandoning module EpicSurvey (106)
[2015.10.29-10.30.45:277][325]LogModuleManager: Shutting down and abandoning module DesktopPlatform (105)
[2015.10.29-10.30.45:277][325]LogModuleManager: Shutting down and abandoning module VisualStudioSourceCodeAccess (104)
[2015.10.29-10.30.45:277][325]LogModuleManager: Shutting down and abandoning module UObjectPlugin (103)
[2015.10.29-10.30.45:277][325]LogModuleManager: Shutting down and abandoning module SubversionSourceControl (102)
[2015.10.29-10.30.45:277][325]LogModuleManager: Shutting down and abandoning module PerforceSourceControl (101)
[2015.10.29-10.30.45:278][325]LogModuleManager: Shutting down and abandoning module SourceControl (100)
[2015.10.29-10.30.45:278][325]LogModuleManager: Shutting down and abandoning module GitSourceControl (99)
[2015.10.29-10.30.45:278][325]LogModuleManager: Shutting down and abandoning module LightPropagationVolumeEditor (98)
[2015.10.29-10.30.45:278][325]LogModuleManager: Shutting down and abandoning module PaperTiledImporter (97)
[2015.10.29-10.30.45:278][325]LogModuleManager: Shutting down and abandoning module PaperSpriteSheetImporter (96)
[2015.10.29-10.30.45:278][325]LogModuleManager: Shutting down and abandoning module MeshPaint (95)
[2015.10.29-10.30.45:278][325]LogModuleManager: Shutting down and abandoning module SlateReflector (94)
[2015.10.29-10.30.45:278][325]LogModuleManager: Shutting down and abandoning module HotReload (93)
[2015.10.29-10.30.45:278][325]LogModuleManager: Shutting down and abandoning module MainFrame (92)
[2015.10.29-10.30.45:278][325]LogModuleManager: Shutting down and abandoning module LevelEditor (91)
[2015.10.29-10.30.45:281][325]LogModuleManager: Shutting down and abandoning module DirectoryWatcher (90)
[2015.10.29-10.30.45:282][325]LogModuleManager: Shutting down and abandoning module AssetRegistry (89)
[2015.10.29-10.30.45:373][325]LogModuleManager: Shutting down and abandoning module ContentBrowser (88)
[2015.10.29-10.30.45:374][325]LogModuleManager: Shutting down and abandoning module Paper2DEditor (87)
[2015.10.29-10.30.45:374][325]LogModuleManager: Shutting down and abandoning module AutomaticDoor (86)
[2015.10.29-10.30.45:374][325]LogModuleManager: Shutting down and abandoning module UdpMessaging (85)
[2015.10.29-10.30.45:476][325]LogModuleManager: Shutting down and abandoning module LightPropagationVolumeRuntime (84)
[2015.10.29-10.30.45:476][325]LogModuleManager: Shutting down and abandoning module Paper2D (83)
[2015.10.29-10.30.45:476][325]LogModuleManager: Shutting down and abandoning module WindowsMoviePlayer (82)
[2015.10.29-10.30.45:485][325]LogModuleManager: Shutting down and abandoning module Media (81)
[2015.10.29-10.30.45:485][325]LogModuleManager: Shutting down and abandoning module WmfMedia (80)
[2015.10.29-10.30.45:486][325]LogModuleManager: Shutting down and abandoning module OnlineBlueprintSupport (79)
[2015.10.29-10.30.45:486][325]LogModuleManager: Shutting down and abandoning module GameplayTasksEditor (78)
[2015.10.29-10.30.45:486][325]LogModuleManager: Shutting down and abandoning module PropertyEditor (77)
[2015.10.29-10.30.45:486][325]LogModuleManager: Shutting down and abandoning module BehaviorTreeEditor (76)
[2015.10.29-10.30.45:486][325]LogModuleManager: Shutting down and abandoning module FunctionalTesting (75)
[2015.10.29-10.30.45:486][325]LogModuleManager: Shutting down and abandoning module CollisionAnalyzer (74)
[2015.10.29-10.30.45:486][325]LogModuleManager: Shutting down and abandoning module WorkspaceMenuStructure (73)
[2015.10.29-10.30.45:486][325]LogModuleManager: Shutting down and abandoning module MessageLog (72)
[2015.10.29-10.30.45:486][325]LogModuleManager: Shutting down and abandoning module Sequencer (71)
[2015.10.29-10.30.45:486][325]LogModuleManager: Shutting down and abandoning module AssetTools (70)
[2015.10.29-10.30.45:486][325]LogModuleManager: Shutting down and abandoning module UMGEditor (69)
[2015.10.29-10.30.45:487][325]LogModuleManager: Shutting down and abandoning module UMG (68)
[2015.10.29-10.30.45:487][325]LogModuleManager: Shutting down and abandoning module Slate (67)
[2015.10.29-10.30.45:487][325]LogModuleManager: Shutting down and abandoning module EditorStyle (66)
[2015.10.29-10.30.45:493][325]LogModuleManager: Shutting down and abandoning module SessionServices (65)
[2015.10.29-10.30.45:493][325]LogModuleManager: Shutting down and abandoning module SourceCodeAccess (64)
[2015.10.29-10.30.45:493][325]LogModuleManager: Shutting down and abandoning module HeadMountedDisplay (63)
[2015.10.29-10.30.45:493][325]LogModuleManager: Shutting down and abandoning module XAudio2 (62)
[2015.10.29-10.30.45:493][325]LogModuleManager: Shutting down and abandoning module Networking (60)
[2015.10.29-10.30.45:493][325]LogModuleManager: Shutting down and abandoning module Core (59)
[2015.10.29-10.30.45:493][325]LogModuleManager: Shutting down and abandoning module KismetCompiler (58)
[2015.10.29-10.30.45:493][325]LogModuleManager: Shutting down and abandoning module PhysXFormats (57)
[2015.10.29-10.30.45:493][325]LogModuleManager: Shutting down and abandoning module MeshUtilities (56)
[2015.10.29-10.30.45:493][325]LogModuleManager: Shutting down and abandoning module CookingStats (55)
[2015.10.29-10.30.45:497][325]LogModuleManager: Shutting down and abandoning module DerivedDataCache (54)
[2015.10.29-10.30.45:554][325]LogDerivedDataCache: Shutdown
[2015.10.29-10.30.45:554][325]LogModuleManager: Shutting down and abandoning module ShaderFormatOpenGL (53)
[2015.10.29-10.30.45:554][325]LogModuleManager: Shutting down and abandoning module ShaderFormatD3D (52)
[2015.10.29-10.30.45:554][325]LogModuleManager: Shutting down and abandoning module MetalShaderFormat (51)
[2015.10.29-10.30.45:554][325]LogModuleManager: Shutting down and abandoning module TextureFormatUncompressed (50)
[2015.10.29-10.30.45:554][325]LogModuleManager: Shutting down and abandoning module TextureFormatPVR (49)
[2015.10.29-10.30.45:554][325]LogModuleManager: Shutting down and abandoning module TextureFormatIntelISPCTexComp (48)
[2015.10.29-10.30.45:554][325]LogModuleManager: Shutting down and abandoning module TextureFormatDXT (47)
[2015.10.29-10.30.45:554][325]LogModuleManager: Shutting down and abandoning module ImageWrapper (46)
[2015.10.29-10.30.45:554][325]LogModuleManager: Shutting down and abandoning module TextureFormatASTC (45)
[2015.10.29-10.30.45:554][325]LogModuleManager: Shutting down and abandoning module TextureFormatAndroid (44)
[2015.10.29-10.30.45:554][325]LogModuleManager: Shutting down and abandoning module AudioFormatOpus (43)
[2015.10.29-10.30.45:554][325]LogModuleManager: Shutting down and abandoning module AudioFormatOgg (42)
[2015.10.29-10.30.45:554][325]LogModuleManager: Shutting down and abandoning module AudioFormatADPCM (41)
[2015.10.29-10.30.45:554][325]LogModuleManager: Shutting down and abandoning module LinuxTargetPlatform (40)
[2015.10.29-10.30.45:554][325]LogModuleManager: Shutting down and abandoning module LinuxServerTargetPlatform (39)
[2015.10.29-10.30.45:554][325]LogModuleManager: Shutting down and abandoning module LinuxNoEditorTargetPlatform (38)
[2015.10.29-10.30.45:554][325]LogModuleManager: Shutting down and abandoning module Messaging (37)
[2015.10.29-10.30.45:554][325]LogModuleManager: Shutting down and abandoning module IOSTargetPlatform (36)
[2015.10.29-10.30.45:554][325]LogModuleManager: Shutting down and abandoning module HTML5TargetPlatform (35)
[2015.10.29-10.30.45:554][325]LogModuleManager: Shutting down and abandoning module Android_PVRTCTargetPlatform (34)
[2015.10.29-10.30.45:554][325]LogModuleManager: Shutting down and abandoning module Android_ETC2TargetPlatform (33)
[2015.10.29-10.30.45:554][325]LogModuleManager: Shutting down and abandoning module Android_ETC1TargetPlatform (32)
[2015.10.29-10.30.45:554][325]LogModuleManager: Shutting down and abandoning module Android_DXTTargetPlatform (31)
[2015.10.29-10.30.45:554][325]LogModuleManager: Shutting down and abandoning module Android_ATCTargetPlatform (30)
[2015.10.29-10.30.45:554][325]LogModuleManager: Shutting down and abandoning module Android_ASTCTargetPlatform (29)
[2015.10.29-10.30.45:554][325]LogModuleManager: Shutting down and abandoning module AndroidTargetPlatform (28)
[2015.10.29-10.30.45:554][325]LogModuleManager: Shutting down and abandoning module WindowsTargetPlatform (27)
[2015.10.29-10.30.45:554][325]LogModuleManager: Shutting down and abandoning module WindowsServerTargetPlatform (26)
[2015.10.29-10.30.45:554][325]LogModuleManager: Shutting down and abandoning module WindowsNoEditorTargetPlatform (25)
[2015.10.29-10.30.45:554][325]LogModuleManager: Shutting down and abandoning module WindowsClientTargetPlatform (24)
[2015.10.29-10.30.45:554][325]LogModuleManager: Shutting down and abandoning module AllDesktopTargetPlatform (23)
[2015.10.29-10.30.45:554][325]LogModuleManager: Shutting down and abandoning module TargetPlatform (22)
[2015.10.29-10.30.45:554][325]LogModuleManager: Shutting down and abandoning module InputCore (21)
[2015.10.29-10.30.45:554][325]LogModuleManager: Shutting down and abandoning module Settings (20)
[2015.10.29-10.30.45:554][325]LogModuleManager: Shutting down and abandoning module OnlineSubsystem (18)
[2015.10.29-10.30.45:554][325]LogModuleManager: Shutting down and abandoning module HTTP (17)
[2015.10.29-10.30.46:556][325]LogModuleManager: Shutting down and abandoning module XMPP (16)
[2015.10.29-10.30.46:556][325]LogModuleManager: Shutting down and abandoning module ExampleDeviceProfileSelector (15)
[2015.10.29-10.30.46:556][325]LogModuleManager: Shutting down and abandoning module TextureCompressor (14)
[2015.10.29-10.30.46:556][325]LogModuleManager: Shutting down and abandoning module ShaderCore (13)
[2015.10.29-10.30.46:557][325]LogModuleManager: Shutting down and abandoning module Landscape (12)
[2015.10.29-10.30.46:557][325]LogModuleManager: Shutting down and abandoning module SlateRHIRenderer (11)
[2015.10.29-10.30.46:560][325]LogModuleManager: Shutting down and abandoning module OpenGLDrv (10)
[2015.10.29-10.30.46:560][325]LogModuleManager: Shutting down and abandoning module D3D11RHI (9)
[2015.10.29-10.30.46:560][325]LogModuleManager: Shutting down and abandoning module AnimGraphRuntime (8)
[2015.10.29-10.30.46:560][325]LogModuleManager: Shutting down and abandoning module Renderer (7)
[2015.10.29-10.30.46:560][325]LogModuleManager: Shutting down and abandoning module Engine (6)
[2015.10.29-10.30.46:560][325]LogModuleManager: Shutting down and abandoning module CoreUObject (5)
[2015.10.29-10.30.46:560][325]LogModuleManager: Shutting down and abandoning module NetworkFile (4)
[2015.10.29-10.30.46:560][325]LogModuleManager: Shutting down and abandoning module StreamingFile (3)
[2015.10.29-10.30.46:560][325]LogModuleManager: Shutting down and abandoning module SandboxFile (2)
[2015.10.29-10.30.46:560][325]LogModuleManager: Shutting down and abandoning module PakFile (1)
[2015.10.29-10.30.46:562][325]LogExit: Exiting.
[2015.10.29-10.30.46:565][325]Log file closed, 10/29/15 11:30:46
