[2015.10.29-16.39.09:216][  0]Log file open, 10/29/15 17:39:09
[2015.10.29-16.39.09:216][  0]LogInit:Display: Running engine for game: AutomaticDoor
[2015.10.29-16.39.09:216][  0]LogInit:Display: RandInit(1148058537) SRandInit(1148058537).
[2015.10.29-16.39.09:216][  0]LogTaskGraph: Started task graph with 4 named threads and 7 total threads.
[2015.10.29-16.39.09:216][  0]LogStats: Stats thread started at 0.696373
[2015.10.29-16.39.09:216][  0]LogInit:Warning: Incompatible or missing module: UE4Editor-AutomaticDoor.dll
[2015.10.29-16.39.16:161][  0]Running C:/Program Files/Epic Games/4.9/Engine/Binaries/DotNET/UnrealBuildTool.exe AutomaticDoor Development Win64 -project="C:/Users/Niclas/Documents/GitHub/UnrealTutorial/AutomaticDoor/AutomaticDoor.uproject" -rocket -editorrecompile -progress -noubtmakefiles
[2015.10.29-16.39.23:003][  0]@progress push 5%
[2015.10.29-16.39.23:805][  0]Parsing headers for AutomaticDoorEditor
[2015.10.29-16.39.23:805][  0]  Running UnrealHeaderTool "C:/Users/Niclas/Documents/GitHub/UnrealTutorial/AutomaticDoor/AutomaticDoor.uproject" "C:\Users\Niclas\Documents\GitHub\UnrealTutorial\AutomaticDoor\Intermediate\Build\Win64\AutomaticDoorEditor\Development\UnrealHeaderTool.manifest" -LogCmds="loginit warning, logexit warning, logdatabase error" -rocket -installed
[2015.10.29-16.39.31:439][  0]Reflection code generated for AutomaticDoorEditor in 7,6061271 seconds
[2015.10.29-16.39.31:740][  0]@progress pop
[2015.10.29-16.39.34:149][  0]Performing 12 actions (4 in parallel)
[2015.10.29-16.39.34:149][  0][3/12] Resource ModuleVersionResource.rc.inl
[2015.10.29-16.39.34:149][  0][2/12] Resource PCLaunch.rc
[2015.10.29-16.39.34:250][  0]PCH.AutomaticDoor.h.cpp
[2015.10.29-16.39.44:091][  0]AutomaticDoorCharacter.cpp
[2015.10.29-16.39.44:091][  0]AutomaticDoor.generated.cpp
[2015.10.29-16.39.44:091][  0]AutomaticDoorGameMode.cpp
[2015.10.29-16.39.44:091][  0]AutomaticDoorHUD.cpp
[2015.10.29-16.39.44:494][  0]AutomaticDoorProjectile.cpp
[2015.10.29-16.39.44:594][  0]Trigger.cpp
[2015.10.29-16.39.44:795][  0]DoorWall.cpp
[2015.10.29-16.39.44:895][  0]AutomaticDoor.cpp
[2015.10.29-16.39.45:699][  0][12/12] Link UE4Editor-AutomaticDoor.dll
[2015.10.29-16.39.45:900][  0]   Creating library C:\Users\Niclas\Documents\GitHub\UnrealTutorial\AutomaticDoor\Intermediate/Build/Win64\UE4Editor\Development\UE4Editor-AutomaticDoor.lib and object C:\Users\Niclas\Documents\GitHub\UnrealTutorial\AutomaticDoor\Intermediate/Build/Win64\UE4Editor\Development\UE4Editor-AutomaticDoor.exp
[2015.10.29-16.39.46:402][  0]-------- End Detailed Actions Stats -----------------------------------------------------------
[2015.10.29-16.39.46:402][  0]Total build time: 30,12 seconds
[2015.10.29-16.39.46:969][  0]LogInit: Version: 4.9.2-2707645+++depot+UE4-Releases+4.9
[2015.10.29-16.39.46:969][  0]LogInit: API Version: 2672455
[2015.10.29-16.39.46:969][  0]LogInit: Compiled (64-bit): Sep 28 2015 10:25:44
[2015.10.29-16.39.46:969][  0]LogInit: Compiled with Visual C++: 18.00.21005.01
[2015.10.29-16.39.46:969][  0]LogInit: Build Configuration: Development
[2015.10.29-16.39.46:969][  0]LogInit: Branch Name: ++depot+UE4-Releases+4.9
[2015.10.29-16.39.46:969][  0]LogInit: Command line:  
[2015.10.29-16.39.46:969][  0]LogInit: Base directory: C:/Program Files/Epic Games/4.9/Engine/Binaries/Win64/
[2015.10.29-16.39.46:969][  0]LogInit: Rocket: 1
[2015.10.29-16.39.46:990][  0]LogInit: Using libcurl 7.41.0
[2015.10.29-16.39.46:990][  0]LogInit:  - built for x86_64-pc-win32
[2015.10.29-16.39.46:990][  0]LogInit:  - supports SSL with WinSSL
[2015.10.29-16.39.46:990][  0]LogInit:  - other features:
[2015.10.29-16.39.46:990][  0]LogInit:      CURL_VERSION_SSL
[2015.10.29-16.39.46:990][  0]LogInit:      CURL_VERSION_IPV6
[2015.10.29-16.39.46:990][  0]LogInit:      CURL_VERSION_ASYNCHDNS
[2015.10.29-16.39.46:990][  0]LogInit:      CURL_VERSION_LARGEFILE
[2015.10.29-16.39.46:990][  0]LogInit:      CURL_VERSION_IDN
[2015.10.29-16.39.46:991][  0]LogInit:  CurlRequestOptions (configurable via config and command line):
[2015.10.29-16.39.46:991][  0]LogInit:  - bVerifyPeer = true  - Libcurl will verify peer certificate
[2015.10.29-16.39.46:991][  0]LogInit:  - bUseHttpProxy = false  - Libcurl will NOT use HTTP proxy
[2015.10.29-16.39.46:991][  0]LogInit:  - bDontReuseConnections = false  - Libcurl will reuse connections
[2015.10.29-16.39.46:991][  0]LogInit:  - CertBundlePath = nullptr  - Libcurl will use whatever was configured at build time.
[2015.10.29-16.39.47:042][  0]LogInit: Presizing for 0 objects not considered by GC, pre-allocating 0 bytes.
[2015.10.29-16.39.47:068][  0]LogInit: Object subsystem initialized
[2015.10.29-16.39.47:092][  0]LogInit: Selected Device Profile: [Windows]
[2015.10.29-16.39.47:092][  0]LogInit: Applying CVar settings loaded from the selected device profile: [Windows]
[2015.10.29-16.39.47:105][  0]LogInit: Computer: FIDUS
[2015.10.29-16.39.47:105][  0]LogInit: User: Niclas
[2015.10.29-16.39.47:105][  0]LogInit: CPU Page size=4096, Cores=4
[2015.10.29-16.39.47:105][  0]LogInit: High frequency timer resolution =3.386474 MHz
[2015.10.29-16.39.47:106][  0]LogMemory: Memory total: Physical=15.9GB (16GB approx)
[2015.10.29-16.39.47:107][  0]LogMemory: Platform Memory Stats for Windows
[2015.10.29-16.39.47:107][  0]LogMemory: Process Physical Memory: 57.23 MB used, 57.23 MB peak
[2015.10.29-16.39.47:107][  0]LogMemory: Process Virtual Memory: 55.58 MB used, 55.58 MB peak
[2015.10.29-16.39.47:107][  0]LogMemory: Physical Memory: 4027.58 MB used, 16332.28 MB total
[2015.10.29-16.39.47:107][  0]LogMemory: Virtual Memory: 382.84 MB used, 134217728.00 MB total
[2015.10.29-16.39.47:353][  0]LogTextLocalizationManager: No translations for ('sv-SE') exist, falling back to 'en' for localization and internationalization data.
[2015.10.29-16.39.48:042][  0]LogD3D11RHI: Found D3D11 adapter 0: AMD Radeon HD 7800 Series (Feature Level 11_0)
[2015.10.29-16.39.48:042][  0]LogD3D11RHI: Adapter has 2026MB of dedicated video memory, 0MB of dedicated system memory, and 8166MB of shared system memory, 1 output[s]
[2015.10.29-16.39.48:044][  0]LogD3D11RHI: Found D3D11 adapter 1: Microsoft Basic Render Driver (Feature Level 11_0)
[2015.10.29-16.39.48:044][  0]LogD3D11RHI: Adapter has 0MB of dedicated video memory, 0MB of dedicated system memory, and 8166MB of shared system memory, 0 output[s]
[2015.10.29-16.39.48:044][  0]LogD3D11RHI: Chosen D3D11 Adapter Id = 0
[2015.10.29-16.39.48:049][  0]LogD3D11RHI: !Direct3DDevice
[2015.10.29-16.39.48:050][  0]LogRHI: Texture pool is 1361 MB (70% of 1945 MB)
[2015.10.29-16.39.48:056][  0]LogD3D11RHI: Async texture creation disabled: no driver support
[2015.10.29-16.39.48:094][  0]LogShaderCompilers: Guid format shader working directory is 14 characters bigger than the processId version (../../../../../../Users/Niclas/Documents/GitHub/UnrealTutorial/AutomaticDoor/Intermediate/Shaders/WorkingDirectory/14596/).
[2015.10.29-16.39.48:094][  0]LogShaderCompilers: Cleaned the shader compiler working directory '../../../../../../Users/Niclas/Documents/GitHub/UnrealTutorial/AutomaticDoor/Intermediate/Shaders/tmp/E364D37343E61E48B74D3D8E49E7FB34/'.
[2015.10.29-16.39.48:094][  0]LogShaderCompilers:Display: Using Local Shader Compiler.
[2015.10.29-16.39.49:206][  0]LogTemp:Display: Loaded TP AllDesktopTargetPlatform
[2015.10.29-16.39.49:211][  0]LogTemp:Display: Loaded TP WindowsClientTargetPlatform
[2015.10.29-16.39.49:217][  0]LogTemp:Display: Loaded TP WindowsNoEditorTargetPlatform
[2015.10.29-16.39.49:224][  0]LogTemp:Display: Loaded TP WindowsServerTargetPlatform
[2015.10.29-16.39.49:231][  0]LogTemp:Display: Loaded TP WindowsTargetPlatform
[2015.10.29-16.39.49:237][  0]LogTemp:Display: Loaded TP AndroidTargetPlatform
[2015.10.29-16.39.49:243][  0]LogTemp:Display: Loaded TP Android_ASTCTargetPlatform
[2015.10.29-16.39.49:248][  0]LogTemp:Display: Loaded TP Android_ATCTargetPlatform
[2015.10.29-16.39.49:254][  0]LogTemp:Display: Loaded TP Android_DXTTargetPlatform
[2015.10.29-16.39.49:260][  0]LogTemp:Display: Loaded TP Android_ETC1TargetPlatform
[2015.10.29-16.39.49:266][  0]LogTemp:Display: Loaded TP Android_ETC2TargetPlatform
[2015.10.29-16.39.49:271][  0]LogTemp:Display: Loaded TP Android_PVRTCTargetPlatform
[2015.10.29-16.39.49:273][  0]LogTemp:Display: Loaded TP HTML5TargetPlatform
[2015.10.29-16.39.49:301][  0]LogTemp:Display: Loaded TP IOSTargetPlatform
[2015.10.29-16.39.49:305][  0]LogTemp:Display: Loaded TP LinuxNoEditorTargetPlatform
[2015.10.29-16.39.49:310][  0]LogTemp:Display: Loaded TP LinuxServerTargetPlatform
[2015.10.29-16.39.49:316][  0]LogTemp:Display: Loaded TP LinuxTargetPlatform
[2015.10.29-16.39.49:316][  0]LogTargetPlatformManager:Display: Building Assets For Windows
[2015.10.29-16.39.49:504][  0]LogDerivedDataCache:Display: Max Cache Size: 512 MB
[2015.10.29-16.39.49:716][  0]LogDerivedDataCache: Loaded boot cache 0.21s 42MB C:/Users/Niclas/AppData/Local/UnrealEngine/4.9/DerivedDataCache/Boot.ddc.
[2015.10.29-16.39.49:716][  0]LogDerivedDataCache:Display: Loaded Boot cache: C:/Users/Niclas/AppData/Local/UnrealEngine/4.9/DerivedDataCache/Boot.ddc
[2015.10.29-16.39.49:716][  0]LogDerivedDataCache: FDerivedDataBackendGraph:  Pak pak cache file ../../../../../../Users/Niclas/Documents/GitHub/UnrealTutorial/AutomaticDoor/DerivedDataCache/DDC.ddp not found, will not use a pak cache.
[2015.10.29-16.39.49:716][  0]LogDerivedDataCache: Unable to find inner node Pak for hierarchical cache Hierarchy.
[2015.10.29-16.39.49:716][  0]LogDerivedDataCache: FDerivedDataBackendGraph:  CompressedPak pak cache file ../../../../../../Users/Niclas/Documents/GitHub/UnrealTutorial/AutomaticDoor/DerivedDataCache/Compressed.ddp not found, will not use a pak cache.
[2015.10.29-16.39.49:716][  0]LogDerivedDataCache: Unable to find inner node CompressedPak for hierarchical cache Hierarchy.
[2015.10.29-16.39.49:849][  0]LogDerivedDataCache:Display: Pak cache opened for reading ../../../Engine/DerivedDataCache/Compressed.ddp.
[2015.10.29-16.39.49:861][  0]LogDerivedDataCache: Using Local data cache path C:/Users/Niclas/AppData/Local/UnrealEngine/Common/DerivedDataCache: Writable
[2015.10.29-16.39.50:694][  0]LogInit: Selected Device Profile: [Windows]
[2015.10.29-16.39.50:704][  0]LogContentStreaming: Texture pool size is 0.000000MB
[2015.10.29-16.39.50:937][  0]LogMeshUtilities: No automatic mesh reduction module available
[2015.10.29-16.39.50:937][  0]LogMeshUtilities: No automatic mesh merging module available
[2015.10.29-16.39.51:414][  0]LogInit: WinSock: version 1.1 (2.2), MaxSocks=32767, MaxUdp=65467
[2015.10.29-16.39.53:561][  0]UdpMessaging: Initializing bridge on interface 0.0.0.0:0 to multicast group 230.0.0.1:6666.
[2015.10.29-16.39.53:636][  0]LogSkinnedMeshComp:Warning: GetSocketByName(): No SkeletalMesh for CharacterMesh1P
[2015.10.29-16.39.53:637][  0]LogLinker:Warning: Asset '../../../../../../Users/Niclas/Documents/GitHub/UnrealTutorial/AutomaticDoor/Content/FirstPersonCPP/Blueprints/FirstPersonCharacter.uasset' has been saved with empty engine version. The asset will be loaded but may be incompatible.
[2015.10.29-16.39.53:787][  0]LogLinker:Warning: Asset '../../../../../../Users/Niclas/Documents/GitHub/UnrealTutorial/AutomaticDoor/Content/FirstPerson/Meshes/FirstPersonProjectileMesh.uasset' has been saved with empty engine version. The asset will be loaded but may be incompatible.
[2015.10.29-16.39.53:834][  0]LogSkinnedMeshComp:Warning: GetSocketByName(): No SkeletalMesh for CharacterMesh1P
[2015.10.29-16.39.53:835][  0]LogSkinnedMeshComp:Warning: GetSocketByName(): No SkeletalMesh for CharacterMesh1P
[2015.10.29-16.39.53:982][  0]LogAssetRegistry: FAssetRegistry took 0.0131 seconds to start up
[2015.10.29-16.39.54:372][  0]SourceControl: Info Source control is disabled
[2015.10.29-16.39.54:384][  0]SourceControl: Info Source control is disabled
[2015.10.29-16.39.54:445][  0]SourceControl: Info Source control is disabled
[2015.10.29-16.39.54:504][  0]SourceControl: Info Source control is disabled
[2015.10.29-16.39.54:863][  0]LogLinker:Warning: Asset '../../../Engine/Plugins/Runtime/LeapMotionController/Content/LM_PassthroughMaterial.uasset' has been saved with empty engine version. The asset will be loaded but may be incompatible.
[2015.10.29-16.39.55:055][  0]LogObj: 32040 objects as part of root set at end of initial load.
[2015.10.29-16.39.55:055][  0]LogUObjectAllocator: 7361000 out of 0 bytes used by permanent object pool.
[2015.10.29-16.39.55:174][  0]LogEngine: Initializing Engine...
[2015.10.29-16.39.55:177][  0]LogHMD: Can't find Oculus library dev build: is proper Runtime installed? Version: 0.7.0.0
[2015.10.29-16.39.55:186][  0]LogHMD: SteamVR failed to initialize.  Err: 110
[2015.10.29-16.39.55:356][  0]LogAIModule: Creating AISystem for world NewWorld
[2015.10.29-16.39.55:401][  0]LogInit: XAudio2 using 'Högtalare (Logitech G35 Gaming Headset)' : 2 channels at 44.1 kHz using 16 bits per sample (channel mask 0x3)
[2015.10.29-16.39.55:428][  0]LogInit: FAudioDevice initialized.
[2015.10.29-16.39.55:447][  0]LogDerivedDataCache: Saved boot cache 0.02s 44MB C:/Users/Niclas/AppData/Local/UnrealEngine/4.9/DerivedDataCache/Boot.ddc.
[2015.10.29-16.39.55:451][  0]LogInit: Texture streaming: Enabled
[2015.10.29-16.39.55:461][  0]LogAnalytics: Creating configured Analytics provider AnalyticsET
[2015.10.29-16.39.55:462][  0]LogAnalytics: [UEEditor.Rocket.Release] APIServer = http://et2.epicgames.com/ET2/. AppVersion = 4.9.2-2707645+++depot+UE4-Releases+4.9
[2015.10.29-16.39.55:462][  0]LogAnalytics: [UEEditor.Rocket.Release] SetUserId 8d5f2d8b4e520712a8f1e688fed765ab|99f216c1865e471987722078da7bde5f|50f43dcd-c54f-4aa6-a5c1-e948023fc359
[2015.10.29-16.39.55:463][  0]LogAnalytics: [UEEditor.Rocket.Release] AnalyticsET::StartSession
[2015.10.29-16.39.55:480][  0]LogWindowsTextInputMethodSystem:Display: IME system now deactivated.
[2015.10.29-16.39.55:510][  0]LogInit: Transaction tracking system initialized
[2015.10.29-16.39.55:583][  0]BlueprintLog: New page: Editor Load
[2015.10.29-16.39.56:071][  0]LocalizationService: Info Localization service is disabled
[2015.10.29-16.39.56:232][  0]LogConsoleResponse:Display: 
[2015.10.29-16.39.56:377][  0]LogCook:Display: Done creating registry. It took  0.00s.
[2015.10.29-16.39.56:531][  0]LogFileCache: Scanning file cache for directory 'C:/Users/Niclas/Documents/GitHub/UnrealTutorial/AutomaticDoor/Content/' took 0.01s
[2015.10.29-16.39.56:531][  0]SourceControl: Info Source control is disabled
[2015.10.29-16.39.56:533][  0]Cmd: MAP LOAD FILE="../../../../../../Users/Niclas/Documents/GitHub/UnrealTutorial/AutomaticDoor/Content/FirstPersonCPP/Maps/FirstPersonExampleMap.umap" TEMPLATE=0 SHOWPROGRESS=1 FEATURELEVEL=3
[2015.10.29-16.39.56:535][  0]LightingResults: New page: Lighting Build
[2015.10.29-16.39.56:547][  0]MapCheck: New page: Map Check
[2015.10.29-16.39.56:547][  0]LightingResults: New page: Lighting Build
[2015.10.29-16.39.56:575][  0]LogParticles: Destroying 0 GPU particle simulations for FXSystem 0x000000D667D52480
[2015.10.29-16.39.56:810][  0]LogSkinnedMeshComp:Warning: GetSocketByName(): No SkeletalMesh for CharacterMesh1P
[2015.10.29-16.39.57:001][  0]LogTexture:Display: Building textures: T_ML_Rubber_Blue_01_D (DXT1)
[2015.10.29-16.39.57:160][  0]LogTexture:Display: Building textures: T_ML_Rubber_Blue_01_N (BC5)
[2015.10.29-16.39.57:199][  0]LogTexture:Display: Building textures: T_ML_Aluminum01 (DXT1)
[2015.10.29-16.39.57:326][  0]LogTexture:Display: Building textures: T_ML_Aluminum01_N (BC5)
[2015.10.29-16.39.57:366][  0]LogTexture:Display: Building textures: UE4_Mannequin_MAT_MASKA (AutoDXT)
[2015.10.29-16.39.57:556][  0]LogTexture:Display: Building textures: UE4_Mannequin__normals (BC5)
[2015.10.29-16.39.57:946][  0]LogTexture:Display: Building textures: UE4_Mannequin_occlusion_Mobile (DXT1)
[2015.10.29-16.39.58:039][  0]LogMaterial: Missing cached shader map for material M_UE4Man_Body, compiling. 
[2015.10.29-16.39.58:162][  0]LogTexture:Display: Building textures: UE4Man_Logo_N (BC5)
[2015.10.29-16.39.58:195][  0]LogMaterial: Missing cached shader map for material M_UE4Man_Body, compiling. 
[2015.10.29-16.39.58:245][  0]LogTexture:Display: Building textures: HQ_Lightmap0_8 (AutoDXT)
[2015.10.29-16.39.58:277][  0]LogTexture:Display: Building textures: HQ_Lightmap1_1 (AutoDXT)
[2015.10.29-16.39.58:655][  0]LogTexture:Display: Building textures: HQ_Lightmap1_2 (AutoDXT)
[2015.10.29-16.39.59:001][  0]LogTexture:Display: Building textures: HQ_Lightmap1_3 (AutoDXT)
[2015.10.29-16.39.59:386][  0]LogTexture:Display: Building textures: HQ_Lightmap1_7 (AutoDXT)
[2015.10.29-16.39.59:743][  0]LogTexture:Display: Building textures: LQ_Lightmap_0_8 (DXT1)
[2015.10.29-16.39.59:775][  0]LogTexture:Display: Building textures: LQ_Lightmap_1_1 (DXT1)
[2015.10.29-16.39.59:969][  0]LogTexture:Display: Building textures: LQ_Lightmap_1_2 (DXT1)
[2015.10.29-16.40.00:171][  0]LogTexture:Display: Building textures: LQ_Lightmap_1_3 (DXT1)
[2015.10.29-16.40.00:373][  0]LogTexture:Display: Building textures: LQ_Lightmap_1_7 (DXT1)
[2015.10.29-16.40.00:575][  0]LogTexture:Display: Building textures: SkyOcclusion1_1 (AutoDXT)
[2015.10.29-16.40.00:751][  0]LogTexture:Display: Building textures: SkyOcclusion1_2 (AutoDXT)
[2015.10.29-16.40.00:922][  0]LogTexture:Display: Building textures: SkyOcclusion1_3 (AutoDXT)
[2015.10.29-16.40.01:099][  0]LogTexture:Display: Building textures: SkyOcclusion1_7 (AutoDXT)
[2015.10.29-16.40.01:295][  0]LogTexture:Display: Building textures: SkyOcclusion1_8 (AutoDXT)
[2015.10.29-16.40.01:309][  0]LogTexture:Display: Building textures: ShadowMapTexture2D_12 (G8)
[2015.10.29-16.40.01:372][  0]LogTexture:Display: Building textures: ShadowMapTexture2D_13 (G8)
[2015.10.29-16.40.01:377][  0]LogTexture:Display: Building textures: ShadowMapTexture2D_4 (G8)
[2015.10.29-16.40.01:452][  0]LogTexture:Display: Building textures: ShadowMapTexture2D_5 (G8)
[2015.10.29-16.40.01:524][  0]LogTexture:Display: Building textures: ShadowMapTexture2D_8 (G8)
[2015.10.29-16.40.01:609][  0]LogAIModule: Creating AISystem for world FirstPersonExampleMap
[2015.10.29-16.40.01:689][  0]LogEditorServer: Finished looking for orphan Actors (0.000 secs)
[2015.10.29-16.40.01:698][  0]Cmd: MAP CHECKDEP NOCLEARLOG
[2015.10.29-16.40.01:778][  0]MapCheck: Info Map check complete: 0 Error(s), 0 Warning(s), took 79.427ms to complete.
[2015.10.29-16.40.01:778][  0]LogFileHelpers: Loading map 'FirstPersonExampleMap' took 5.246
[2015.10.29-16.40.01:999][  0]LogCollectionManager: Loaded 0 collections in 0.002662 seconds
[2015.10.29-16.40.02:057][  0]LogFileCache: Scanning file cache for directory 'C:/Users/Niclas/Documents/GitHub/UnrealTutorial/AutomaticDoor/Saved/Collections/' took 0.01s
[2015.10.29-16.40.02:057][  0]LogFileCache: Scanning file cache for directory 'C:/Users/Niclas/Documents/GitHub/UnrealTutorial/AutomaticDoor/Content/Developers/Niclas/Collections/' took 0.01s
[2015.10.29-16.40.02:057][  0]LogFileCache: Scanning file cache for directory 'C:/Users/Niclas/Documents/GitHub/UnrealTutorial/AutomaticDoor/Content/Collections/' took 0.01s
[2015.10.29-16.40.02:057][  0]LogContentBrowser: Native class hierarchy populated in 0.0126 seconds. Added 1873 classes and 335 folders.
[2015.10.29-16.40.02:076][  0]LogCollectionManager: Rebuilt the GUID cache for 0 collections in 0.000003 seconds
[2015.10.29-16.40.02:095][  0]LogContentBrowser: Native class hierarchy updated for 'WidgetCarousel' in 0.0016 seconds. Added 0 classes and 0 folders.
[2015.10.29-16.40.02:265][  0]LogContentBrowser: Native class hierarchy updated for 'AddContentDialog' in 0.0017 seconds. Added 0 classes and 0 folders.
[2015.10.29-16.40.02:279][  0]LogContentBrowser: Native class hierarchy updated for 'SceneOutliner' in 0.0017 seconds. Added 1 classes and 2 folders.
[2015.10.29-16.40.02:361][  0]LogCrashTracker: Crashtracker disabled due to settings.
[2015.10.29-16.40.02:437][  0]LogLoad: Full Startup: 55.08 seconds (BP compile: 0.14 seconds)
[2015.10.29-16.40.02:540][  0]LogContentStreaming: Texture pool size now 1000 MB
[2015.10.29-16.40.02:778][  0]LogRenderer: Reallocating scene render targets to support 1208x576 (Frame:2).
[2015.10.29-16.40.03:346][  5]LogAssetRegistry: Asset discovery search completed in 9.3758 seconds
[2015.10.29-16.40.03:346][  5]LogCollectionManager: Rebuilt the object cache for 0 collections in 0.000001 seconds (found 0 objects)
[2015.10.29-16.40.03:346][  5]LogCollectionManager: Fixed up redirectors for 0 collections in 0.000024 seconds (updated 0 objects)
[2015.10.29-16.40.10:661][477]LogSynthBenchmark:Display: FSynthBenchmark (V0.95):  requested WorkScale=1.00
[2015.10.29-16.40.10:661][477]LogSynthBenchmark:Display: ===============
[2015.10.29-16.40.10:661][477]LogSynthBenchmark:Display: Main Processor:
[2015.10.29-16.40.10:697][477]LogSynthBenchmark:Display:          ... 0.017091 s/Run 'RayIntersect'
[2015.10.29-16.40.10:697][477]LogSynthBenchmark:Display:          ... 0.019058 s/Run 'Fractal'
[2015.10.29-16.40.10:697][477]LogSynthBenchmark:Display: 
[2015.10.29-16.40.10:697][477]LogSynthBenchmark:Display:   CompiledTarget_x_Bits: 64
[2015.10.29-16.40.10:697][477]LogSynthBenchmark:Display:   UE_BUILD_SHIPPING: 0
[2015.10.29-16.40.10:697][477]LogSynthBenchmark:Display:   UE_BUILD_TEST: 0
[2015.10.29-16.40.10:697][477]LogSynthBenchmark:Display:   UE_BUILD_DEBUG: 0
[2015.10.29-16.40.10:697][477]LogSynthBenchmark:Display:   TotalPhysicalGBRam: 16
[2015.10.29-16.40.10:697][477]LogSynthBenchmark:Display:   NumberOfCores (physical): 4
[2015.10.29-16.40.10:697][477]LogSynthBenchmark:Display:   NumberOfCores (logical): 4
[2015.10.29-16.40.10:697][477]LogSynthBenchmark:Display:   CPU Perf Index 0: 149.8
[2015.10.29-16.40.10:697][477]LogSynthBenchmark:Display:   CPU Perf Index 1: 150.1
[2015.10.29-16.40.10:697][477]LogSynthBenchmark:Display:  
[2015.10.29-16.40.10:697][477]LogSynthBenchmark:Display: Graphics:
[2015.10.29-16.40.10:697][477]LogSynthBenchmark:Display:   Adapter Name: 'AMD Radeon HD 7800 Series'
[2015.10.29-16.40.10:697][477]LogSynthBenchmark:Display:   (On Optimus the name might be wrong, memory should be ok)
[2015.10.29-16.40.10:697][477]LogSynthBenchmark:Display:   Vendor Id: 0x1002
[2015.10.29-16.40.10:697][477]LogSynthBenchmark:Display:   GPU Memory: 2027/0/8167 MB
[2015.10.29-16.40.10:697][477]LogSynthBenchmark:Display:   CPUIndex: 149.8
[2015.10.29-16.40.10:697][477]LogSynthBenchmark:Display:   GPUIndex: -1.$
[2015.10.29-16.40.10:697][477]LogSynthBenchmark:Display: 
[2015.10.29-16.40.10:697][477]LogSynthBenchmark:Display:          ... Total Time: 0.036361 sec
[2015.10.29-16.40.10:715][477]LogWindows:Warning: FWindowsPlatformSurvey::TickSurveyHardware() WinSAT assessment unavailable. Unable to examine some hardware metrics. Run the Windows Experience Index Assessment.
[2015.10.29-16.40.33:256][514]LogBlueprintUserMessages: Early PlayInEditor Detection: Level '/Game/FirstPersonCPP/Maps/FirstPersonExampleMap.FirstPersonExampleMap:PersistentLevel' has LevelScriptBlueprint '/Game/FirstPersonCPP/Maps/FirstPersonExampleMap.FirstPersonExampleMap:PersistentLevel.FirstPersonExampleMap' with GeneratedClass '/Game/FirstPersonCPP/Maps/FirstPersonExampleMap.FirstPersonExampleMap_C' with ClassGeneratedBy '/Game/FirstPersonCPP/Maps/FirstPersonExampleMap.FirstPersonExampleMap:PersistentLevel.FirstPersonExampleMap'
[2015.10.29-16.40.33:256][514]LogPlayLevel: PlayLevel: No blueprints needed recompiling
[2015.10.29-16.40.33:259][514]PIE: New page: PIE session: FirstPersonExampleMap (Oct 29, 2015, 6:40:33 PM)
[2015.10.29-16.40.33:260][514]LogPlayLevel: Creating play world package: /Game/FirstPersonCPP/Maps/UEDPIE_0_FirstPersonExampleMap
[2015.10.29-16.40.33:262][514]LogSkinnedMeshComp:Warning: GetSocketByName(): No SkeletalMesh for CharacterMesh1P
[2015.10.29-16.40.33:300][514]LogPlayLevel: PIE: StaticDuplicateObject took: (0.040204s)
[2015.10.29-16.40.33:301][514]LogAIModule: Creating AISystem for world FirstPersonExampleMap
[2015.10.29-16.40.33:301][514]LogPlayLevel: PIE: World Init took: (0.001002s)
[2015.10.29-16.40.33:302][514]LogPlayLevel: PIE: Created PIE world by copying editor world from /Game/FirstPersonCPP/Maps/FirstPersonExampleMap.FirstPersonExampleMap to /Game/FirstPersonCPP/Maps/UEDPIE_0_FirstPersonExampleMap.FirstPersonExampleMap (0.042049s)
[2015.10.29-16.40.33:302][514]LogActorComponent: UnregisterComponent: (/Engine/Transient.CharMoveComp) Not registered. Aborting.
[2015.10.29-16.40.33:336][514]LogInit: XAudio2 using 'Högtalare (Logitech G35 Gaming Headset)' : 2 channels at 44.1 kHz using 16 bits per sample (channel mask 0x3)
[2015.10.29-16.40.33:351][514]LogInit: FAudioDevice initialized.
[2015.10.29-16.40.33:410][514]LogWorld: Game class is 'AutomaticDoorGameMode'
[2015.10.29-16.40.33:443][514]LogWorld:Warning: *** WARNING - PATHS MAY NOT BE VALID ***
[2015.10.29-16.40.33:443][514]LogWorld: Bringing World /Game/FirstPersonCPP/Maps/UEDPIE_0_FirstPersonExampleMap.FirstPersonExampleMap up for play (max tick rate 0) at 2015.10.29-17.40.33
[2015.10.29-16.40.33:443][514]LogActor:Warning: GameSession /Game/FirstPersonCPP/Maps/UEDPIE_0_FirstPersonExampleMap.FirstPersonExampleMap:PersistentLevel.GameSession_0 has natively added scene component(s), but none of them were set as the actor's RootComponent - picking one arbitrarily
[2015.10.29-16.40.33:445][514]LogActor:Warning: GameNetworkManager /Game/FirstPersonCPP/Maps/UEDPIE_0_FirstPersonExampleMap.FirstPersonExampleMap:PersistentLevel.GameNetworkManager_0 has natively added scene component(s), but none of them were set as the actor's RootComponent - picking one arbitrarily
[2015.10.29-16.40.33:466][514]LogWorld: Bringing up level for play took: 0.047973
[2015.10.29-16.40.33:487][514]PIE: Info Play in editor start time for /Game/FirstPersonCPP/Maps/UEDPIE_0_FirstPersonExampleMap 0.495
[2015.10.29-16.40.33:487][514]LogBlueprintUserMessages: Late PlayInEditor Detection: Level '/Game/FirstPersonCPP/Maps/FirstPersonExampleMap.FirstPersonExampleMap:PersistentLevel' has LevelScriptBlueprint '/Game/FirstPersonCPP/Maps/FirstPersonExampleMap.FirstPersonExampleMap:PersistentLevel.FirstPersonExampleMap' with GeneratedClass '/Game/FirstPersonCPP/Maps/FirstPersonExampleMap.FirstPersonExampleMap_C' with ClassGeneratedBy '/Game/FirstPersonCPP/Maps/FirstPersonExampleMap.FirstPersonExampleMap:PersistentLevel.FirstPersonExampleMap'
[2015.10.29-16.40.48:349][208]LogBlueprintUserMessages: Early EndPlayMap Detection: Level '/Game/FirstPersonCPP/Maps/FirstPersonExampleMap.FirstPersonExampleMap:PersistentLevel' has LevelScriptBlueprint '/Game/FirstPersonCPP/Maps/FirstPersonExampleMap.FirstPersonExampleMap:PersistentLevel.FirstPersonExampleMap' with GeneratedClass '/Game/FirstPersonCPP/Maps/FirstPersonExampleMap.FirstPersonExampleMap_C' with ClassGeneratedBy '/Game/FirstPersonCPP/Maps/FirstPersonExampleMap.FirstPersonExampleMap:PersistentLevel.FirstPersonExampleMap'
[2015.10.29-16.40.48:392][208]LogBlueprintUserMessages: Late EndPlayMap Detection: Level '/Game/FirstPersonCPP/Maps/FirstPersonExampleMap.FirstPersonExampleMap:PersistentLevel' has LevelScriptBlueprint '/Game/FirstPersonCPP/Maps/FirstPersonExampleMap.FirstPersonExampleMap:PersistentLevel.FirstPersonExampleMap' with GeneratedClass '/Game/FirstPersonCPP/Maps/FirstPersonExampleMap.FirstPersonExampleMap_C' with ClassGeneratedBy '/Game/FirstPersonCPP/Maps/FirstPersonExampleMap.FirstPersonExampleMap:PersistentLevel.FirstPersonExampleMap'
[2015.10.29-16.40.48:407][208]LogParticles: Destroying 0 GPU particle simulations for FXSystem 0x000000D6715DCC20
[2015.10.29-17.02.36:837][598]LogActorComponent: UnregisterComponent: (/Engine/Transient.CharMoveComp) Not registered. Aborting.
[2015.10.29-17.02.42:326][598]LogObjectTools:Warning: ForceReplaceReferences replaced references for a transient object 'DEADCLASS_RapidMoveTo_C_1' or package '/Engine/Transient'.
[2015.10.29-17.02.42:326][598]LogObjectTools:Warning: ForceReplaceReferences replaced references for a transient object 'DEADCLASS_RapidMoveTo_C_0' or package '/Engine/Transient'.
[2015.10.29-17.02.42:327][598]LogObjectTools:Warning: ForceReplaceReferences replaced references for a transient object 'REINST_SKEL_RapidMoveTo_C_108' or package '/Engine/Transient'.
[2015.10.29-17.02.42:327][598]LogObjectTools:Warning: ForceReplaceReferences replaced references for a transient object 'REINST_RapidMoveTo_C_107' or package '/Engine/Transient'.
[2015.10.29-17.02.43:178][635]LogActorComponent: UnregisterComponent: (/Engine/Transient.CharMoveComp) Not registered. Aborting.
[2015.10.29-17.02.50:082][947]LogActorComponent: UnregisterComponent: (/Engine/Transient.CharMoveComp) Not registered. Aborting.
[2015.10.29-17.02.51:298][947]LogObjectTools:Warning: ForceReplaceReferences replaced references for a transient object 'DEADCLASS_Follower_AI_CON_C_3' or package '/Engine/Transient'.
[2015.10.29-17.02.51:298][947]LogObjectTools:Warning: ForceReplaceReferences replaced references for a transient object 'AI_CON_Ref' or package '/Game/CloseEnough'.
[2015.10.29-17.02.51:298][947]LogObjectTools:Warning: ForceReplaceReferences replaced references for a transient object 'REINST_SKEL_Follower_AI_CON_C_110' or package '/Engine/Transient'.
[2015.10.29-17.02.51:298][947]LogObjectTools:Warning: ForceReplaceReferences replaced references for a transient object 'AI_CON_Ref' or package '/Game/AgroCheck'.
[2015.10.29-17.02.51:298][947]LogObjectTools:Warning: ForceReplaceReferences replaced references for a transient object 'DEADCLASS_Follower_AI_CON_C_2' or package '/Engine/Transient'.
[2015.10.29-17.02.51:298][947]LogObjectTools:Warning: ForceReplaceReferences replaced references for a transient object 'REINST_Follower_AI_CON_C_109' or package '/Engine/Transient'.
[2015.10.29-17.02.52:512][ 14]LogActorComponent: UnregisterComponent: (/Engine/Transient.CharMoveComp) Not registered. Aborting.
[2015.10.29-17.02.55:379][ 95]LogActorComponent: UnregisterComponent: (/Engine/Transient.CharMoveComp) Not registered. Aborting.
[2015.10.29-17.02.57:618][176]LogActorComponent: UnregisterComponent: (/Engine/Transient.CharMoveComp) Not registered. Aborting.
[2015.10.29-17.03.00:209][275]LogActorComponent: UnregisterComponent: (/Engine/Transient.CharMoveComp) Not registered. Aborting.
[2015.10.29-17.03.03:816][275]LogObjectTools:Warning: ForceReplaceReferences replaced references for a transient object 'DEADCLASS_AI_Character_C_5' or package '/Engine/Transient'.
[2015.10.29-17.03.03:816][275]LogObjectTools:Warning: ForceReplaceReferences replaced references for a transient object 'DEADCLASS_AI_Character_C_4' or package '/Engine/Transient'.
[2015.10.29-17.03.03:816][275]LogObjectTools:Warning: ForceReplaceReferences replaced references for a transient object 'REINST_SKEL_AI_Character_C_112' or package '/Engine/Transient'.
[2015.10.29-17.03.03:816][275]LogObjectTools:Warning: ForceReplaceReferences replaced references for a transient object 'REINST_AI_Character_C_111' or package '/Engine/Transient'.
[2015.10.29-17.03.05:403][403]LogBlueprintUserMessages: Early PlayInEditor Detection: Level '/Game/FirstPersonCPP/Maps/FirstPersonExampleMap.FirstPersonExampleMap:PersistentLevel' has LevelScriptBlueprint '/Game/FirstPersonCPP/Maps/FirstPersonExampleMap.FirstPersonExampleMap:PersistentLevel.FirstPersonExampleMap' with GeneratedClass '/Game/FirstPersonCPP/Maps/FirstPersonExampleMap.FirstPersonExampleMap_C' with ClassGeneratedBy '/Game/FirstPersonCPP/Maps/FirstPersonExampleMap.FirstPersonExampleMap:PersistentLevel.FirstPersonExampleMap'
[2015.10.29-17.03.05:403][403]LogPlayLevel: PlayLevel: No blueprints needed recompiling
[2015.10.29-17.03.05:403][403]PIE: New page: PIE session: FirstPersonExampleMap (Oct 29, 2015, 7:03:05 PM)
[2015.10.29-17.03.05:403][403]LogPlayLevel: Creating play world package: /Game/FirstPersonCPP/Maps/UEDPIE_0_FirstPersonExampleMap
[2015.10.29-17.03.05:405][403]LogSkinnedMeshComp:Warning: GetSocketByName(): No SkeletalMesh for CharacterMesh1P
[2015.10.29-17.03.05:436][403]LogPlayLevel: PIE: StaticDuplicateObject took: (0.032619s)
[2015.10.29-17.03.05:437][403]LogAIModule: Creating AISystem for world FirstPersonExampleMap
[2015.10.29-17.03.05:437][403]LogPlayLevel: PIE: World Init took: (0.000764s)
[2015.10.29-17.03.05:437][403]LogPlayLevel: PIE: Created PIE world by copying editor world from /Game/FirstPersonCPP/Maps/FirstPersonExampleMap.FirstPersonExampleMap to /Game/FirstPersonCPP/Maps/UEDPIE_0_FirstPersonExampleMap.FirstPersonExampleMap (0.033572s)
[2015.10.29-17.03.05:461][403]LogInit: XAudio2 using 'Högtalare (Logitech G35 Gaming Headset)' : 2 channels at 44.1 kHz using 16 bits per sample (channel mask 0x3)
[2015.10.29-17.03.05:478][403]LogInit: FAudioDevice initialized.
[2015.10.29-17.03.05:511][403]LogWorld: Game class is 'AutomaticDoorGameMode'
[2015.10.29-17.03.05:534][403]LogWorld:Warning: *** WARNING - PATHS MAY NOT BE VALID ***
[2015.10.29-17.03.05:534][403]LogWorld: Bringing World /Game/FirstPersonCPP/Maps/UEDPIE_0_FirstPersonExampleMap.FirstPersonExampleMap up for play (max tick rate 0) at 2015.10.29-18.03.05
[2015.10.29-17.03.05:534][403]LogActor:Warning: GameSession /Game/FirstPersonCPP/Maps/UEDPIE_0_FirstPersonExampleMap.FirstPersonExampleMap:PersistentLevel.GameSession_1 has natively added scene component(s), but none of them were set as the actor's RootComponent - picking one arbitrarily
[2015.10.29-17.03.05:534][403]LogActor:Warning: GameNetworkManager /Game/FirstPersonCPP/Maps/UEDPIE_0_FirstPersonExampleMap.FirstPersonExampleMap:PersistentLevel.GameNetworkManager_1 has natively added scene component(s), but none of them were set as the actor's RootComponent - picking one arbitrarily
[2015.10.29-17.03.05:535][403]LogWorld: Bringing up level for play took: 0.022898
[2015.10.29-17.03.05:538][403]PIE: Info Play in editor start time for /Game/FirstPersonCPP/Maps/UEDPIE_0_FirstPersonExampleMap 0.546
[2015.10.29-17.03.05:538][403]LogBlueprintUserMessages: Late PlayInEditor Detection: Level '/Game/FirstPersonCPP/Maps/FirstPersonExampleMap.FirstPersonExampleMap:PersistentLevel' has LevelScriptBlueprint '/Game/FirstPersonCPP/Maps/FirstPersonExampleMap.FirstPersonExampleMap:PersistentLevel.FirstPersonExampleMap' with GeneratedClass '/Game/FirstPersonCPP/Maps/FirstPersonExampleMap.FirstPersonExampleMap_C' with ClassGeneratedBy '/Game/FirstPersonCPP/Maps/FirstPersonExampleMap.FirstPersonExampleMap:PersistentLevel.FirstPersonExampleMap'
[2015.10.29-17.03.10:348][933]LogBlueprintUserMessages: Early EndPlayMap Detection: Level '/Game/FirstPersonCPP/Maps/FirstPersonExampleMap.FirstPersonExampleMap:PersistentLevel' has LevelScriptBlueprint '/Game/FirstPersonCPP/Maps/FirstPersonExampleMap.FirstPersonExampleMap:PersistentLevel.FirstPersonExampleMap' with GeneratedClass '/Game/FirstPersonCPP/Maps/FirstPersonExampleMap.FirstPersonExampleMap_C' with ClassGeneratedBy '/Game/FirstPersonCPP/Maps/FirstPersonExampleMap.FirstPersonExampleMap:PersistentLevel.FirstPersonExampleMap'
[2015.10.29-17.03.10:389][933]LogBlueprintUserMessages: Late EndPlayMap Detection: Level '/Game/FirstPersonCPP/Maps/FirstPersonExampleMap.FirstPersonExampleMap:PersistentLevel' has LevelScriptBlueprint '/Game/FirstPersonCPP/Maps/FirstPersonExampleMap.FirstPersonExampleMap:PersistentLevel.FirstPersonExampleMap' with GeneratedClass '/Game/FirstPersonCPP/Maps/FirstPersonExampleMap.FirstPersonExampleMap_C' with ClassGeneratedBy '/Game/FirstPersonCPP/Maps/FirstPersonExampleMap.FirstPersonExampleMap:PersistentLevel.FirstPersonExampleMap'
[2015.10.29-17.03.10:401][933]LogParticles: Destroying 0 GPU particle simulations for FXSystem 0x000000D65334B740
[2015.10.29-17.03.38:019][287]LogSavePackage: Save=748.512756ms
[2015.10.29-17.03.38:019][287]LogSavePackage: Moving '../../../../../../Users/Niclas/Documents/GitHub/UnrealTutorial/AutomaticDoor/Saved/FirstPersonExampleMap_Auto1759C87D84C707BD14B6C2B9976E476CF.tmp' to '../../../../../../Users/Niclas/Documents/GitHub/UnrealTutorial/AutomaticDoor/Saved/Autosaves/Game/FirstPersonCPP/Maps/FirstPersonExampleMap_Auto1.umap'
[2015.10.29-17.03.38:022][287]LogSavePackage: Total save time: 768.038083ms
[2015.10.29-17.03.38:022][287]LogSavePackage:Warning: Finished SavePackage ../../../../../../Users/Niclas/Documents/GitHub/UnrealTutorial/AutomaticDoor/Saved/Autosaves/Game/FirstPersonCPP/Maps/FirstPersonExampleMap_Auto1.umap
[2015.10.29-17.03.38:024][287]LogFileHelpers: Editor autosave (incl. sublevels) for '/Game/FirstPersonCPP/Maps/FirstPersonExampleMap' took 0.789
[2015.10.29-17.03.38:024][287]LogFileHelpers: Editor autosave (incl. sublevels) for all levels took 0.789
[2015.10.29-17.04.00:287][492]Cmd: TRANSACTION UNDO
[2015.10.29-17.04.00:288][492]LogEditorTransaction: Undo Clicking on Actors
[2015.10.29-17.04.03:067][731]Cmd: TRANSACTION UNDO
[2015.10.29-17.04.03:067][731]LogEditorTransaction: Undo Clicking on Actors
[2015.10.29-17.04.53:240][275]LogEditorActor: Deleted Actor: Character
[2015.10.29-17.04.53:250][275]LogEditorActor: Deleted 1 Actors (0.011 secs)
[2015.10.29-17.10.05:578][242]LogD3D11RHI: Timed out while waiting for GPU to catch up. (0.5 s)
[2015.10.29-17.10.23:913][297]LogD3D11RHI: Timed out while waiting for GPU to catch up. (0.5 s)
[2015.10.29-17.11.25:630][592]LogSavePackage: Save=686.174500ms
[2015.10.29-17.11.25:630][592]LogSavePackage: Moving '../../../../../../Users/Niclas/Documents/GitHub/UnrealTutorial/AutomaticDoor/Saved/FirstPersonExampleMap2B59946F488092AF7263A28B1D667528.tmp' to '../../../../../../Users/Niclas/Documents/GitHub/UnrealTutorial/AutomaticDoor/Content/FirstPersonCPP/Maps/FirstPersonExampleMap.umap'
[2015.10.29-17.11.25:634][592]LogSavePackage: Total save time: 704.465766ms
[2015.10.29-17.11.25:634][592]LogSavePackage:Warning: Finished SavePackage ../../../../../../Users/Niclas/Documents/GitHub/UnrealTutorial/AutomaticDoor/Content/FirstPersonCPP/Maps/FirstPersonExampleMap.umap
[2015.10.29-17.11.25:660][592]LogFileHelpers: Saving map 'FirstPersonExampleMap' took 0.833
[2015.10.29-17.11.25:742][592]LogWindowsTextInputMethodSystem:Display: IME system now deactivated.
[2015.10.29-17.11.25:979][593]Cmd: QUIT_EDITOR
[2015.10.29-17.11.26:419][593]LogExit: Preparing to exit.
[2015.10.29-17.11.27:428][593]LogExit: Editor shut down
[2015.10.29-17.11.27:429][593]LogExit: Transaction tracking system shut down
[2015.10.29-17.11.27:431][593]LogParticles: Destroying 0 GPU particle simulations for FXSystem 0x000000D6740AA200
[2015.10.29-17.11.27:431][593]LogParticles: Destroying 0 GPU particle simulations for FXSystem 0x000000D603DB9440
[2015.10.29-17.11.27:431][593]LogParticles: Destroying 0 GPU particle simulations for FXSystem 0x000000D6647B98A0
[2015.10.29-17.11.27:431][593]LogParticles: Destroying 0 GPU particle simulations for FXSystem 0x000000D6645ABE20
[2015.10.29-17.11.27:578][593]LogParticles: Destroying 0 GPU particle simulations for FXSystem 0x000000D6722FA200
[2015.10.29-17.11.27:578][593]LogExit: Object subsystem successfully closed.
[2015.10.29-17.11.27:586][593]LogD3D11RHI: Shutdown
[2015.10.29-17.11.27:586][593]LogD3D11RHI: CleanupD3DDevice
[2015.10.29-17.11.27:642][593]LogD3D11RHI: ~FD3D11DynamicRHI
[2015.10.29-17.11.27:666][593]LogModuleManager: Shutting down and abandoning module SynthBenchmark (199)
[2015.10.29-17.11.27:666][593]LogModuleManager: Shutting down and abandoning module CrashTracker (198)
[2015.10.29-17.11.27:666][593]LogModuleManager: Shutting down and abandoning module SceneOutliner (197)
[2015.10.29-17.11.27:666][593]LogModuleManager: Shutting down and abandoning module SuperSearch (196)
[2015.10.29-17.11.27:666][593]LogModuleManager: Shutting down and abandoning module WidgetCarousel (195)
[2015.10.29-17.11.27:666][593]LogModuleManager: Shutting down and abandoning module AddContentDialog (194)
[2015.10.29-17.11.27:666][593]LogModuleManager: Shutting down and abandoning module EditorWidgets (193)
[2015.10.29-17.11.27:666][593]LogModuleManager: Shutting down and abandoning module CollectionManager (192)
[2015.10.29-17.11.27:667][593]LogModuleManager: Shutting down and abandoning module StatsViewer (191)
[2015.10.29-17.11.27:667][593]LogModuleManager: Shutting down and abandoning module FoliageEdit (190)
[2015.10.29-17.11.27:667][593]LogModuleManager: Shutting down and abandoning module LandscapeEditor (189)
[2015.10.29-17.11.27:667][593]LogModuleManager: Shutting down and abandoning module ActorPickerMode (188)
[2015.10.29-17.11.27:667][593]LogModuleManager: Shutting down and abandoning module GeometryMode (187)
[2015.10.29-17.11.27:667][593]LogModuleManager: Shutting down and abandoning module TextureAlignMode (186)
[2015.10.29-17.11.27:667][593]LogModuleManager: Shutting down and abandoning module BspMode (185)
[2015.10.29-17.11.27:667][593]LogModuleManager: Shutting down and abandoning module PlacementMode (184)
[2015.10.29-17.11.27:667][593]LogModuleManager: Shutting down and abandoning module AutomationWorker (183)
[2015.10.29-17.11.27:667][593]LogModuleManager: Shutting down and abandoning module CharacterAI (182)
[2015.10.29-17.11.27:667][593]LogModuleManager: Shutting down and abandoning module SmartSnapping (181)
[2015.10.29-17.11.27:667][593]LogModuleManager: Shutting down and abandoning module ViewportSnapping (180)
[2015.10.29-17.11.27:667][593]LogModuleManager: Shutting down and abandoning module LogVisualizer (179)
[2015.10.29-17.11.27:667][593]LogModuleManager: Shutting down and abandoning module GameProjectGeneration (178)
[2015.10.29-17.11.27:667][593]LogModuleManager: Shutting down and abandoning module IntroTutorials (177)
[2015.10.29-17.11.27:667][593]LogModuleManager: Shutting down and abandoning module EditorLiveStreaming (176)
[2015.10.29-17.11.27:667][593]LogModuleManager: Shutting down and abandoning module IOSPlatformEditor (175)
[2015.10.29-17.11.27:667][593]LogModuleManager: Shutting down and abandoning module HTML5PlatformEditor (174)
[2015.10.29-17.11.27:667][593]LogModuleManager: Shutting down and abandoning module AndroidDeviceDetection (173)
[2015.10.29-17.11.28:074][593]LogModuleManager: Shutting down and abandoning module AndroidPlatformEditor (172)
[2015.10.29-17.11.28:074][593]LogModuleManager: Shutting down and abandoning module IOSRuntimeSettings (171)
[2015.10.29-17.11.28:074][593]LogModuleManager: Shutting down and abandoning module AndroidRuntimeSettings (170)
[2015.10.29-17.11.28:074][593]LogModuleManager: Shutting down and abandoning module MergeActors (169)
[2015.10.29-17.11.28:074][593]LogModuleManager: Shutting down and abandoning module SizeMap (168)
[2015.10.29-17.11.28:074][593]LogModuleManager: Shutting down and abandoning module TreeMap (167)
[2015.10.29-17.11.28:074][593]LogModuleManager: Shutting down and abandoning module ReferenceViewer (166)
[2015.10.29-17.11.28:074][593]LogModuleManager: Shutting down and abandoning module LocalizationService (165)
[2015.10.29-17.11.28:074][593]LogModuleManager: Shutting down and abandoning module LocalizationDashboard (164)
[2015.10.29-17.11.28:074][593]LogModuleManager: Shutting down and abandoning module HardwareTargeting (163)
[2015.10.29-17.11.28:074][593]LogModuleManager: Shutting down and abandoning module DeviceProfileEditor (162)
[2015.10.29-17.11.28:074][593]LogModuleManager: Shutting down and abandoning module UndoHistory (161)
[2015.10.29-17.11.28:074][593]LogModuleManager: Shutting down and abandoning module GameplayTagsEditor (160)
[2015.10.29-17.11.28:074][593]LogModuleManager: Shutting down and abandoning module UserFeedback (159)
[2015.10.29-17.11.28:074][593]LogModuleManager: Shutting down and abandoning module XmlParser (158)
[2015.10.29-17.11.28:074][593]LogModuleManager: Shutting down and abandoning module Blutility (157)
[2015.10.29-17.11.28:074][593]LogModuleManager: Shutting down and abandoning module ProjectTargetPlatformEditor (156)
[2015.10.29-17.11.28:074][593]LogModuleManager: Shutting down and abandoning module ProjectSettingsViewer (155)
[2015.10.29-17.11.28:074][593]LogModuleManager: Shutting down and abandoning module InputBindingEditor (154)
[2015.10.29-17.11.28:075][593]LogModuleManager: Shutting down and abandoning module EditorSettingsViewer (153)
[2015.10.29-17.11.28:075][593]LogModuleManager: Shutting down and abandoning module SettingsEditor (152)
[2015.10.29-17.11.28:075][593]LogModuleManager: Shutting down and abandoning module ProjectLauncher (151)
[2015.10.29-17.11.28:075][593]LogModuleManager: Shutting down and abandoning module SessionFrontend (150)
[2015.10.29-17.11.28:075][593]LogModuleManager: Shutting down and abandoning module ProfilerClient (149)
[2015.10.29-17.11.28:075][593]LogModuleManager: Shutting down and abandoning module TargetDeviceServices (148)
[2015.10.29-17.11.28:075][593]LogModuleManager: Shutting down and abandoning module DeviceManager (147)
[2015.10.29-17.11.28:075][593]LogModuleManager: Shutting down and abandoning module AutomationController (146)
[2015.10.29-17.11.28:075][593]LogModuleManager: Shutting down and abandoning module AutomationWindow (145)
[2015.10.29-17.11.28:075][593]LogModuleManager: Shutting down and abandoning module Layers (144)
[2015.10.29-17.11.28:075][593]LogModuleManager: Shutting down and abandoning module ComponentVisualizers (143)
[2015.10.29-17.11.28:075][593]LogModuleManager: Shutting down and abandoning module DetailCustomizations (142)
[2015.10.29-17.11.28:075][593]LogModuleManager: Shutting down and abandoning module PackagesDialog (141)
[2015.10.29-17.11.28:076][593]LogModuleManager: Shutting down and abandoning module Persona (140)
[2015.10.29-17.11.28:076][593]LogModuleManager: Shutting down and abandoning module Kismet (139)
[2015.10.29-17.11.28:076][593]LogModuleManager: Shutting down and abandoning module GraphEditor (138)
[2015.10.29-17.11.28:076][593]LogModuleManager: Shutting down and abandoning module ClassViewer (137)
[2015.10.29-17.11.28:078][593]LogModuleManager: Shutting down and abandoning module Toolbox (136)
[2015.10.29-17.11.28:078][593]LogModuleManager: Shutting down and abandoning module ModuleUI (135)
[2015.10.29-17.11.28:078][593]LogModuleManager: Shutting down and abandoning module MovieSceneTools (134)
[2015.10.29-17.11.28:078][593]LogModuleManager: Shutting down and abandoning module OutputLog (133)
[2015.10.29-17.11.28:078][593]LogModuleManager: Shutting down and abandoning module GammaUI (132)
[2015.10.29-17.11.28:078][593]LogModuleManager: Shutting down and abandoning module Documentation (131)
[2015.10.29-17.11.28:078][593]LogModuleManager: Shutting down and abandoning module GameLiveStreaming (130)
[2015.10.29-17.11.28:078][593]LogModuleManager: Shutting down and abandoning module StreamingPauseRendering (129)
[2015.10.29-17.11.28:078][593]LogModuleManager: Shutting down and abandoning module AnalyticsET (128)
[2015.10.29-17.11.28:078][593]LogModuleManager: Shutting down and abandoning module Analytics (127)
[2015.10.29-17.11.28:078][593]LogModuleManager: Shutting down and abandoning module AITestSuite (126)
[2015.10.29-17.11.28:078][593]LogModuleManager: Shutting down and abandoning module GameplayDebugger (125)
[2015.10.29-17.11.28:078][593]LogModuleManager: Shutting down and abandoning module AIModule (124)
[2015.10.29-17.11.28:078][593]LogModuleManager: Shutting down and abandoning module ProfilerService (123)
[2015.10.29-17.11.28:314][593]LogModuleManager: Shutting down and abandoning module TaskGraph (122)
[2015.10.29-17.11.28:314][593]LogModuleManager: Shutting down and abandoning module SlateRemote (121)
[2015.10.29-17.11.28:314][593]LogModuleManager: Shutting down and abandoning module SteamVRController (120)
[2015.10.29-17.11.28:314][593]LogModuleManager: Shutting down and abandoning module SteamVR (119)
[2015.10.29-17.11.28:314][593]LogModuleManager: Shutting down and abandoning module ProceduralMeshComponent (118)
[2015.10.29-17.11.28:314][593]LogModuleManager: Shutting down and abandoning module OculusRift (117)
[2015.10.29-17.11.28:314][593]LogModuleManager: Shutting down and abandoning module OculusLibrary (116)
[2015.10.29-17.11.28:314][593]LogModuleManager: Shutting down and abandoning module LeapMotionController (115)
[2015.10.29-17.11.28:342][593]LogModuleManager: Shutting down and abandoning module CustomMeshComponent (114)
[2015.10.29-17.11.28:342][593]LogModuleManager: Shutting down and abandoning module CableComponent (113)
[2015.10.29-17.11.28:342][593]LogModuleManager: Shutting down and abandoning module ArchVisCharacter (112)
[2015.10.29-17.11.28:342][593]LogModuleManager: Shutting down and abandoning module MessagingDebugger (111)
[2015.10.29-17.11.28:342][593]LogModuleManager: Shutting down and abandoning module MediaPlayerEditor (110)
[2015.10.29-17.11.28:342][593]LogModuleManager: Shutting down and abandoning module HTML5Networking (109)
[2015.10.29-17.11.28:342][593]LogModuleManager: Shutting down and abandoning module SpeedTreeImporter (108)
[2015.10.29-17.11.28:342][593]LogModuleManager: Shutting down and abandoning module PluginBrowser (107)
[2015.10.29-17.11.28:343][593]LogModuleManager: Shutting down and abandoning module EpicSurvey (106)
[2015.10.29-17.11.28:343][593]LogModuleManager: Shutting down and abandoning module VisualStudioSourceCodeAccess (105)
[2015.10.29-17.11.28:343][593]LogModuleManager: Shutting down and abandoning module UObjectPlugin (104)
[2015.10.29-17.11.28:343][593]LogModuleManager: Shutting down and abandoning module SubversionSourceControl (103)
[2015.10.29-17.11.28:343][593]LogModuleManager: Shutting down and abandoning module PerforceSourceControl (102)
[2015.10.29-17.11.28:343][593]LogModuleManager: Shutting down and abandoning module SourceControl (101)
[2015.10.29-17.11.28:343][593]LogModuleManager: Shutting down and abandoning module GitSourceControl (100)
[2015.10.29-17.11.28:343][593]LogModuleManager: Shutting down and abandoning module LightPropagationVolumeEditor (99)
[2015.10.29-17.11.28:343][593]LogModuleManager: Shutting down and abandoning module PaperTiledImporter (98)
[2015.10.29-17.11.28:343][593]LogModuleManager: Shutting down and abandoning module PaperSpriteSheetImporter (97)
[2015.10.29-17.11.28:343][593]LogModuleManager: Shutting down and abandoning module MeshPaint (96)
[2015.10.29-17.11.28:343][593]LogModuleManager: Shutting down and abandoning module SlateReflector (95)
[2015.10.29-17.11.28:343][593]LogModuleManager: Shutting down and abandoning module HotReload (94)
[2015.10.29-17.11.28:343][593]LogModuleManager: Shutting down and abandoning module MainFrame (93)
[2015.10.29-17.11.28:343][593]LogModuleManager: Shutting down and abandoning module LevelEditor (92)
[2015.10.29-17.11.28:345][593]LogModuleManager: Shutting down and abandoning module DirectoryWatcher (91)
[2015.10.29-17.11.28:346][593]LogModuleManager: Shutting down and abandoning module AssetRegistry (90)
[2015.10.29-17.11.28:431][593]LogModuleManager: Shutting down and abandoning module ContentBrowser (89)
[2015.10.29-17.11.28:431][593]LogModuleManager: Shutting down and abandoning module Paper2DEditor (88)
[2015.10.29-17.11.28:432][593]LogModuleManager: Shutting down and abandoning module AutomaticDoor (87)
[2015.10.29-17.11.28:432][593]LogModuleManager: Shutting down and abandoning module UdpMessaging (86)
[2015.10.29-17.11.28:533][593]LogModuleManager: Shutting down and abandoning module LightPropagationVolumeRuntime (85)
[2015.10.29-17.11.28:533][593]LogModuleManager: Shutting down and abandoning module Paper2D (84)
[2015.10.29-17.11.28:533][593]LogModuleManager: Shutting down and abandoning module WindowsMoviePlayer (83)
[2015.10.29-17.11.28:536][593]LogModuleManager: Shutting down and abandoning module Media (82)
[2015.10.29-17.11.28:536][593]LogModuleManager: Shutting down and abandoning module WmfMedia (81)
[2015.10.29-17.11.28:536][593]LogModuleManager: Shutting down and abandoning module OnlineBlueprintSupport (80)
[2015.10.29-17.11.28:536][593]LogModuleManager: Shutting down and abandoning module GameplayTasksEditor (79)
[2015.10.29-17.11.28:536][593]LogModuleManager: Shutting down and abandoning module PropertyEditor (78)
[2015.10.29-17.11.28:536][593]LogModuleManager: Shutting down and abandoning module BehaviorTreeEditor (77)
[2015.10.29-17.11.28:536][593]LogModuleManager: Shutting down and abandoning module FunctionalTesting (76)
[2015.10.29-17.11.28:536][593]LogModuleManager: Shutting down and abandoning module CollisionAnalyzer (75)
[2015.10.29-17.11.28:536][593]LogModuleManager: Shutting down and abandoning module WorkspaceMenuStructure (74)
[2015.10.29-17.11.28:536][593]LogModuleManager: Shutting down and abandoning module MessageLog (73)
[2015.10.29-17.11.28:536][593]LogModuleManager: Shutting down and abandoning module Sequencer (72)
[2015.10.29-17.11.28:536][593]LogModuleManager: Shutting down and abandoning module AssetTools (71)
[2015.10.29-17.11.28:536][593]LogModuleManager: Shutting down and abandoning module UMGEditor (70)
[2015.10.29-17.11.28:536][593]LogModuleManager: Shutting down and abandoning module UMG (69)
[2015.10.29-17.11.28:536][593]LogModuleManager: Shutting down and abandoning module Slate (68)
[2015.10.29-17.11.28:537][593]LogModuleManager: Shutting down and abandoning module EditorStyle (67)
[2015.10.29-17.11.28:539][593]LogModuleManager: Shutting down and abandoning module SessionServices (66)
[2015.10.29-17.11.28:539][593]LogModuleManager: Shutting down and abandoning module SourceCodeAccess (65)
[2015.10.29-17.11.28:539][593]LogModuleManager: Shutting down and abandoning module HeadMountedDisplay (64)
[2015.10.29-17.11.28:539][593]LogModuleManager: Shutting down and abandoning module XAudio2 (63)
[2015.10.29-17.11.28:539][593]LogModuleManager: Shutting down and abandoning module Networking (61)
[2015.10.29-17.11.28:539][593]LogModuleManager: Shutting down and abandoning module Core (60)
[2015.10.29-17.11.28:539][593]LogModuleManager: Shutting down and abandoning module KismetCompiler (59)
[2015.10.29-17.11.28:539][593]LogModuleManager: Shutting down and abandoning module PhysXFormats (58)
[2015.10.29-17.11.28:539][593]LogModuleManager: Shutting down and abandoning module MeshUtilities (57)
[2015.10.29-17.11.28:539][593]LogModuleManager: Shutting down and abandoning module CookingStats (56)
[2015.10.29-17.11.28:541][593]LogModuleManager: Shutting down and abandoning module DerivedDataCache (55)
[2015.10.29-17.11.28:623][593]LogDerivedDataCache: Shutdown
[2015.10.29-17.11.28:623][593]LogModuleManager: Shutting down and abandoning module ShaderFormatOpenGL (54)
[2015.10.29-17.11.28:623][593]LogModuleManager: Shutting down and abandoning module ShaderFormatD3D (53)
[2015.10.29-17.11.28:623][593]LogModuleManager: Shutting down and abandoning module MetalShaderFormat (52)
[2015.10.29-17.11.28:623][593]LogModuleManager: Shutting down and abandoning module TextureFormatUncompressed (51)
[2015.10.29-17.11.28:623][593]LogModuleManager: Shutting down and abandoning module TextureFormatPVR (50)
[2015.10.29-17.11.28:623][593]LogModuleManager: Shutting down and abandoning module TextureFormatIntelISPCTexComp (49)
[2015.10.29-17.11.28:623][593]LogModuleManager: Shutting down and abandoning module TextureFormatDXT (48)
[2015.10.29-17.11.28:623][593]LogModuleManager: Shutting down and abandoning module ImageWrapper (47)
[2015.10.29-17.11.28:623][593]LogModuleManager: Shutting down and abandoning module TextureFormatASTC (46)
[2015.10.29-17.11.28:623][593]LogModuleManager: Shutting down and abandoning module TextureFormatAndroid (45)
[2015.10.29-17.11.28:623][593]LogModuleManager: Shutting down and abandoning module AudioFormatOpus (44)
[2015.10.29-17.11.28:623][593]LogModuleManager: Shutting down and abandoning module AudioFormatOgg (43)
[2015.10.29-17.11.28:623][593]LogModuleManager: Shutting down and abandoning module AudioFormatADPCM (42)
[2015.10.29-17.11.28:623][593]LogModuleManager: Shutting down and abandoning module LinuxTargetPlatform (41)
[2015.10.29-17.11.28:623][593]LogModuleManager: Shutting down and abandoning module LinuxServerTargetPlatform (40)
[2015.10.29-17.11.28:623][593]LogModuleManager: Shutting down and abandoning module LinuxNoEditorTargetPlatform (39)
[2015.10.29-17.11.28:623][593]LogModuleManager: Shutting down and abandoning module Messaging (38)
[2015.10.29-17.11.28:623][593]LogModuleManager: Shutting down and abandoning module IOSTargetPlatform (37)
[2015.10.29-17.11.28:623][593]LogModuleManager: Shutting down and abandoning module HTML5TargetPlatform (36)
[2015.10.29-17.11.28:623][593]LogModuleManager: Shutting down and abandoning module Android_PVRTCTargetPlatform (35)
[2015.10.29-17.11.28:623][593]LogModuleManager: Shutting down and abandoning module Android_ETC2TargetPlatform (34)
[2015.10.29-17.11.28:623][593]LogModuleManager: Shutting down and abandoning module Android_ETC1TargetPlatform (33)
[2015.10.29-17.11.28:623][593]LogModuleManager: Shutting down and abandoning module Android_DXTTargetPlatform (32)
[2015.10.29-17.11.28:623][593]LogModuleManager: Shutting down and abandoning module Android_ATCTargetPlatform (31)
[2015.10.29-17.11.28:623][593]LogModuleManager: Shutting down and abandoning module Android_ASTCTargetPlatform (30)
[2015.10.29-17.11.28:623][593]LogModuleManager: Shutting down and abandoning module AndroidTargetPlatform (29)
[2015.10.29-17.11.28:623][593]LogModuleManager: Shutting down and abandoning module WindowsTargetPlatform (28)
[2015.10.29-17.11.28:624][593]LogModuleManager: Shutting down and abandoning module WindowsServerTargetPlatform (27)
[2015.10.29-17.11.28:624][593]LogModuleManager: Shutting down and abandoning module WindowsNoEditorTargetPlatform (26)
[2015.10.29-17.11.28:624][593]LogModuleManager: Shutting down and abandoning module WindowsClientTargetPlatform (25)
[2015.10.29-17.11.28:624][593]LogModuleManager: Shutting down and abandoning module AllDesktopTargetPlatform (24)
[2015.10.29-17.11.28:624][593]LogModuleManager: Shutting down and abandoning module TargetPlatform (23)
[2015.10.29-17.11.28:624][593]LogModuleManager: Shutting down and abandoning module InputCore (22)
[2015.10.29-17.11.28:624][593]LogModuleManager: Shutting down and abandoning module Settings (21)
[2015.10.29-17.11.28:624][593]LogModuleManager: Shutting down and abandoning module OnlineSubsystem (19)
[2015.10.29-17.11.28:624][593]LogModuleManager: Shutting down and abandoning module HTTP (18)
[2015.10.29-17.11.29:627][593]LogModuleManager: Shutting down and abandoning module XMPP (17)
[2015.10.29-17.11.29:627][593]LogModuleManager: Shutting down and abandoning module ExampleDeviceProfileSelector (16)
[2015.10.29-17.11.29:627][593]LogModuleManager: Shutting down and abandoning module DesktopPlatform (15)
[2015.10.29-17.11.29:627][593]LogModuleManager: Shutting down and abandoning module TextureCompressor (14)
[2015.10.29-17.11.29:627][593]LogModuleManager: Shutting down and abandoning module ShaderCore (13)
[2015.10.29-17.11.29:627][593]LogModuleManager: Shutting down and abandoning module Landscape (12)
[2015.10.29-17.11.29:627][593]LogModuleManager: Shutting down and abandoning module SlateRHIRenderer (11)
[2015.10.29-17.11.29:629][593]LogModuleManager: Shutting down and abandoning module OpenGLDrv (10)
[2015.10.29-17.11.29:630][593]LogModuleManager: Shutting down and abandoning module D3D11RHI (9)
[2015.10.29-17.11.29:630][593]LogModuleManager: Shutting down and abandoning module AnimGraphRuntime (8)
[2015.10.29-17.11.29:630][593]LogModuleManager: Shutting down and abandoning module Renderer (7)
[2015.10.29-17.11.29:630][593]LogModuleManager: Shutting down and abandoning module Engine (6)
[2015.10.29-17.11.29:630][593]LogModuleManager: Shutting down and abandoning module CoreUObject (5)
[2015.10.29-17.11.29:630][593]LogModuleManager: Shutting down and abandoning module NetworkFile (4)
[2015.10.29-17.11.29:630][593]LogModuleManager: Shutting down and abandoning module StreamingFile (3)
[2015.10.29-17.11.29:630][593]LogModuleManager: Shutting down and abandoning module SandboxFile (2)
[2015.10.29-17.11.29:630][593]LogModuleManager: Shutting down and abandoning module PakFile (1)
[2015.10.29-17.11.29:631][593]LogExit: Exiting.
[2015.10.29-17.11.29:664][593]Log file closed, 10/29/15 18:11:29
