[2015.10.29-17.35.21:630][  0]Log file open, 10/29/15 18:35:21
[2015.10.29-17.35.21:630][  0]LogInit:Display: Running engine for game: AutomaticDoor
[2015.10.29-17.35.21:630][  0]LogInit:Display: RandInit(-314995319) SRandInit(-314995319).
[2015.10.29-17.35.21:630][  0]LogTaskGraph: Started task graph with 4 named threads and 7 total threads.
[2015.10.29-17.35.21:630][  0]LogStats: Stats thread started at 0.078713
[2015.10.29-17.35.21:630][  0]LogInit: Version: 4.9.2-2707645+++depot+UE4-Releases+4.9
[2015.10.29-17.35.21:630][  0]LogInit: API Version: 2672455
[2015.10.29-17.35.21:630][  0]LogInit: Compiled (64-bit): Sep 28 2015 10:25:44
[2015.10.29-17.35.21:630][  0]LogInit: Compiled with Visual C++: 18.00.21005.01
[2015.10.29-17.35.21:630][  0]LogInit: Build Configuration: Development
[2015.10.29-17.35.21:630][  0]LogInit: Branch Name: ++depot+UE4-Releases+4.9
[2015.10.29-17.35.21:630][  0]LogInit: Command line:  
[2015.10.29-17.35.21:630][  0]LogInit: Base directory: C:/Program Files/Epic Games/4.9/Engine/Binaries/Win64/
[2015.10.29-17.35.21:630][  0]LogInit: Rocket: 1
[2015.10.29-17.35.21:638][  0]LogInit: Using libcurl 7.41.0
[2015.10.29-17.35.21:638][  0]LogInit:  - built for x86_64-pc-win32
[2015.10.29-17.35.21:638][  0]LogInit:  - supports SSL with WinSSL
[2015.10.29-17.35.21:638][  0]LogInit:  - other features:
[2015.10.29-17.35.21:638][  0]LogInit:      CURL_VERSION_SSL
[2015.10.29-17.35.21:638][  0]LogInit:      CURL_VERSION_IPV6
[2015.10.29-17.35.21:638][  0]LogInit:      CURL_VERSION_ASYNCHDNS
[2015.10.29-17.35.21:638][  0]LogInit:      CURL_VERSION_LARGEFILE
[2015.10.29-17.35.21:638][  0]LogInit:      CURL_VERSION_IDN
[2015.10.29-17.35.21:638][  0]LogInit:  CurlRequestOptions (configurable via config and command line):
[2015.10.29-17.35.21:638][  0]LogInit:  - bVerifyPeer = true  - Libcurl will verify peer certificate
[2015.10.29-17.35.21:638][  0]LogInit:  - bUseHttpProxy = false  - Libcurl will NOT use HTTP proxy
[2015.10.29-17.35.21:638][  0]LogInit:  - bDontReuseConnections = false  - Libcurl will reuse connections
[2015.10.29-17.35.21:638][  0]LogInit:  - CertBundlePath = nullptr  - Libcurl will use whatever was configured at build time.
[2015.10.29-17.35.21:645][  0]LogInit: Presizing for 0 objects not considered by GC, pre-allocating 0 bytes.
[2015.10.29-17.35.21:651][  0]LogInit: Object subsystem initialized
[2015.10.29-17.35.21:652][  0]LogInit: Selected Device Profile: [Windows]
[2015.10.29-17.35.21:652][  0]LogInit: Applying CVar settings loaded from the selected device profile: [Windows]
[2015.10.29-17.35.21:659][  0]LogInit: Computer: FIDUS
[2015.10.29-17.35.21:659][  0]LogInit: User: Niclas
[2015.10.29-17.35.21:659][  0]LogInit: CPU Page size=4096, Cores=4
[2015.10.29-17.35.21:659][  0]LogInit: High frequency timer resolution =3.386474 MHz
[2015.10.29-17.35.21:659][  0]LogMemory: Memory total: Physical=15.9GB (16GB approx)
[2015.10.29-17.35.21:659][  0]LogMemory: Platform Memory Stats for Windows
[2015.10.29-17.35.21:659][  0]LogMemory: Process Physical Memory: 54.91 MB used, 54.91 MB peak
[2015.10.29-17.35.21:659][  0]LogMemory: Process Virtual Memory: 55.39 MB used, 55.39 MB peak
[2015.10.29-17.35.21:659][  0]LogMemory: Physical Memory: 4865.18 MB used, 16332.28 MB total
[2015.10.29-17.35.21:659][  0]LogMemory: Virtual Memory: 365.20 MB used, 134217728.00 MB total
[2015.10.29-17.35.21:687][  0]LogTextLocalizationManager: No translations for ('sv-SE') exist, falling back to 'en' for localization and internationalization data.
[2015.10.29-17.35.22:306][  0]LogD3D11RHI: Found D3D11 adapter 0: AMD Radeon HD 7800 Series (Feature Level 11_0)
[2015.10.29-17.35.22:306][  0]LogD3D11RHI: Adapter has 2026MB of dedicated video memory, 0MB of dedicated system memory, and 8166MB of shared system memory, 1 output[s]
[2015.10.29-17.35.22:308][  0]LogD3D11RHI: Found D3D11 adapter 1: Microsoft Basic Render Driver (Feature Level 11_0)
[2015.10.29-17.35.22:308][  0]LogD3D11RHI: Adapter has 0MB of dedicated video memory, 0MB of dedicated system memory, and 8166MB of shared system memory, 0 output[s]
[2015.10.29-17.35.22:308][  0]LogD3D11RHI: Chosen D3D11 Adapter Id = 0
[2015.10.29-17.35.22:311][  0]LogD3D11RHI: !Direct3DDevice
[2015.10.29-17.35.22:311][  0]LogRHI: Texture pool is 1361 MB (70% of 1945 MB)
[2015.10.29-17.35.22:318][  0]LogD3D11RHI: Async texture creation disabled: no driver support
[2015.10.29-17.35.22:328][  0]LogShaderCompilers: Guid format shader working directory is 15 characters bigger than the processId version (../../../../../../Users/Niclas/Documents/GitHub/UnrealTutorial/AutomaticDoor/Intermediate/Shaders/WorkingDirectory/7260/).
[2015.10.29-17.35.22:329][  0]LogShaderCompilers: Cleaned the shader compiler working directory '../../../../../../Users/Niclas/Documents/GitHub/UnrealTutorial/AutomaticDoor/Intermediate/Shaders/tmp/A91DDE0A41375BDF753D55BCF3809566/'.
[2015.10.29-17.35.22:329][  0]LogShaderCompilers:Display: Using Local Shader Compiler.
[2015.10.29-17.35.23:215][  0]LogTemp:Display: Loaded TP AllDesktopTargetPlatform
[2015.10.29-17.35.23:221][  0]LogTemp:Display: Loaded TP WindowsClientTargetPlatform
[2015.10.29-17.35.23:226][  0]LogTemp:Display: Loaded TP WindowsNoEditorTargetPlatform
[2015.10.29-17.35.23:231][  0]LogTemp:Display: Loaded TP WindowsServerTargetPlatform
[2015.10.29-17.35.23:236][  0]LogTemp:Display: Loaded TP WindowsTargetPlatform
[2015.10.29-17.35.23:239][  0]LogTemp:Display: Loaded TP AndroidTargetPlatform
[2015.10.29-17.35.23:243][  0]LogTemp:Display: Loaded TP Android_ASTCTargetPlatform
[2015.10.29-17.35.23:246][  0]LogTemp:Display: Loaded TP Android_ATCTargetPlatform
[2015.10.29-17.35.23:249][  0]LogTemp:Display: Loaded TP Android_DXTTargetPlatform
[2015.10.29-17.35.23:253][  0]LogTemp:Display: Loaded TP Android_ETC1TargetPlatform
[2015.10.29-17.35.23:256][  0]LogTemp:Display: Loaded TP Android_ETC2TargetPlatform
[2015.10.29-17.35.23:260][  0]LogTemp:Display: Loaded TP Android_PVRTCTargetPlatform
[2015.10.29-17.35.23:261][  0]LogTemp:Display: Loaded TP HTML5TargetPlatform
[2015.10.29-17.35.23:277][  0]LogTemp:Display: Loaded TP IOSTargetPlatform
[2015.10.29-17.35.23:280][  0]LogTemp:Display: Loaded TP LinuxNoEditorTargetPlatform
[2015.10.29-17.35.23:283][  0]LogTemp:Display: Loaded TP LinuxServerTargetPlatform
[2015.10.29-17.35.23:287][  0]LogTemp:Display: Loaded TP LinuxTargetPlatform
[2015.10.29-17.35.23:287][  0]LogTargetPlatformManager:Display: Building Assets For Windows
[2015.10.29-17.35.23:376][  0]LogDerivedDataCache:Display: Max Cache Size: 512 MB
[2015.10.29-17.35.23:412][  0]LogDerivedDataCache: Loaded boot cache 0.04s 43MB C:/Users/Niclas/AppData/Local/UnrealEngine/4.9/DerivedDataCache/Boot.ddc.
[2015.10.29-17.35.23:412][  0]LogDerivedDataCache:Display: Loaded Boot cache: C:/Users/Niclas/AppData/Local/UnrealEngine/4.9/DerivedDataCache/Boot.ddc
[2015.10.29-17.35.23:412][  0]LogDerivedDataCache: FDerivedDataBackendGraph:  Pak pak cache file ../../../../../../Users/Niclas/Documents/GitHub/UnrealTutorial/AutomaticDoor/DerivedDataCache/DDC.ddp not found, will not use a pak cache.
[2015.10.29-17.35.23:412][  0]LogDerivedDataCache: Unable to find inner node Pak for hierarchical cache Hierarchy.
[2015.10.29-17.35.23:412][  0]LogDerivedDataCache: FDerivedDataBackendGraph:  CompressedPak pak cache file ../../../../../../Users/Niclas/Documents/GitHub/UnrealTutorial/AutomaticDoor/DerivedDataCache/Compressed.ddp not found, will not use a pak cache.
[2015.10.29-17.35.23:412][  0]LogDerivedDataCache: Unable to find inner node CompressedPak for hierarchical cache Hierarchy.
[2015.10.29-17.35.23:529][  0]LogDerivedDataCache:Display: Pak cache opened for reading ../../../Engine/DerivedDataCache/Compressed.ddp.
[2015.10.29-17.35.23:541][  0]LogDerivedDataCache: Using Local data cache path C:/Users/Niclas/AppData/Local/UnrealEngine/Common/DerivedDataCache: Writable
[2015.10.29-17.35.23:703][  0]LogInit: Selected Device Profile: [Windows]
[2015.10.29-17.35.23:706][  0]LogContentStreaming: Texture pool size is 0.000000MB
[2015.10.29-17.35.23:810][  0]LogMeshUtilities: No automatic mesh reduction module available
[2015.10.29-17.35.23:810][  0]LogMeshUtilities: No automatic mesh merging module available
[2015.10.29-17.35.24:022][  0]LogInit: WinSock: version 1.1 (2.2), MaxSocks=32767, MaxUdp=65467
[2015.10.29-17.35.24:626][  0]UdpMessaging: Initializing bridge on interface 0.0.0.0:0 to multicast group 230.0.0.1:6666.
[2015.10.29-17.35.24:692][  0]LogSkinnedMeshComp:Warning: GetSocketByName(): No SkeletalMesh for CharacterMesh1P
[2015.10.29-17.35.24:692][  0]LogLinker:Warning: Asset '../../../../../../Users/Niclas/Documents/GitHub/UnrealTutorial/AutomaticDoor/Content/FirstPersonCPP/Blueprints/FirstPersonCharacter.uasset' has been saved with empty engine version. The asset will be loaded but may be incompatible.
[2015.10.29-17.35.24:791][  0]LogLinker:Warning: Asset '../../../../../../Users/Niclas/Documents/GitHub/UnrealTutorial/AutomaticDoor/Content/FirstPerson/Meshes/FirstPersonProjectileMesh.uasset' has been saved with empty engine version. The asset will be loaded but may be incompatible.
[2015.10.29-17.35.24:826][  0]LogSkinnedMeshComp:Warning: GetSocketByName(): No SkeletalMesh for CharacterMesh1P
[2015.10.29-17.35.24:827][  0]LogSkinnedMeshComp:Warning: GetSocketByName(): No SkeletalMesh for CharacterMesh1P
[2015.10.29-17.35.24:902][  0]LogAssetRegistry: FAssetRegistry took 0.0104 seconds to start up
[2015.10.29-17.35.25:058][  0]SourceControl: Info Source control is disabled
[2015.10.29-17.35.25:069][  0]SourceControl: Info Source control is disabled
[2015.10.29-17.35.25:083][  0]SourceControl: Info Source control is disabled
[2015.10.29-17.35.25:095][  0]SourceControl: Info Source control is disabled
[2015.10.29-17.35.25:263][  0]LogLinker:Warning: Asset '../../../Engine/Plugins/Runtime/LeapMotionController/Content/LM_PassthroughMaterial.uasset' has been saved with empty engine version. The asset will be loaded but may be incompatible.
[2015.10.29-17.35.25:348][  0]LogObj: 32040 objects as part of root set at end of initial load.
[2015.10.29-17.35.25:348][  0]LogUObjectAllocator: 7361000 out of 0 bytes used by permanent object pool.
[2015.10.29-17.35.25:396][  0]LogEngine: Initializing Engine...
[2015.10.29-17.35.25:399][  0]LogHMD: Can't find Oculus library dev build: is proper Runtime installed? Version: 0.7.0.0
[2015.10.29-17.35.25:399][  0]LogHMD: SteamVR failed to initialize.  Err: 110
[2015.10.29-17.35.25:501][  0]LogAIModule: Creating AISystem for world NewWorld
[2015.10.29-17.35.25:515][  0]LogInit: XAudio2 using 'Högtalare (Logitech G35 Gaming Headset)' : 2 channels at 44.1 kHz using 16 bits per sample (channel mask 0x3)
[2015.10.29-17.35.25:536][  0]LogInit: FAudioDevice initialized.
[2015.10.29-17.35.25:557][  0]LogDerivedDataCache: Saved boot cache 0.02s 43MB C:/Users/Niclas/AppData/Local/UnrealEngine/4.9/DerivedDataCache/Boot.ddc.
[2015.10.29-17.35.25:560][  0]LogInit: Texture streaming: Enabled
[2015.10.29-17.35.25:565][  0]LogAnalytics: Creating configured Analytics provider AnalyticsET
[2015.10.29-17.35.25:565][  0]LogAnalytics: [UEEditor.Rocket.Release] APIServer = http://et2.epicgames.com/ET2/. AppVersion = 4.9.2-2707645+++depot+UE4-Releases+4.9
[2015.10.29-17.35.25:565][  0]LogAnalytics: [UEEditor.Rocket.Release] SetUserId 8d5f2d8b4e520712a8f1e688fed765ab|99f216c1865e471987722078da7bde5f|50f43dcd-c54f-4aa6-a5c1-e948023fc359
[2015.10.29-17.35.25:566][  0]LogAnalytics: [UEEditor.Rocket.Release] AnalyticsET::StartSession
[2015.10.29-17.35.25:577][  0]LogWindowsTextInputMethodSystem:Display: IME system now deactivated.
[2015.10.29-17.35.25:597][  0]LogInit: Transaction tracking system initialized
[2015.10.29-17.35.25:627][  0]BlueprintLog: New page: Editor Load
[2015.10.29-17.35.25:737][  0]LocalizationService: Info Localization service is disabled
[2015.10.29-17.35.25:815][  0]LogConsoleResponse:Display: 
[2015.10.29-17.35.25:915][  0]LogCook:Display: Done creating registry. It took  0.00s.
[2015.10.29-17.35.25:974][  0]LogFileCache: Scanning file cache for directory 'C:/Users/Niclas/Documents/GitHub/UnrealTutorial/AutomaticDoor/Content/' took 0.02s
[2015.10.29-17.35.25:974][  0]SourceControl: Info Source control is disabled
[2015.10.29-17.35.25:974][  0]Cmd: MAP LOAD FILE="../../../../../../Users/Niclas/Documents/GitHub/UnrealTutorial/AutomaticDoor/Content/FirstPersonCPP/Maps/FirstPersonExampleMap.umap" TEMPLATE=0 SHOWPROGRESS=1 FEATURELEVEL=3
[2015.10.29-17.35.25:975][  0]LightingResults: New page: Lighting Build
[2015.10.29-17.35.25:978][  0]MapCheck: New page: Map Check
[2015.10.29-17.35.25:978][  0]LightingResults: New page: Lighting Build
[2015.10.29-17.35.25:987][  0]LogParticles: Destroying 0 GPU particle simulations for FXSystem 0x0000005CBDFCE480
[2015.10.29-17.35.25:991][  0]LogLinker:Warning: Asset '../../../../../../Users/Niclas/Documents/GitHub/UnrealTutorial/AutomaticDoor/Content/Mannequin/Animations/ThirdPerson_AnimBP.uasset' has been saved with empty engine version. The asset will be loaded but may be incompatible.
[2015.10.29-17.35.25:993][  0]LogLinker:Warning: Asset '../../../../../../Users/Niclas/Documents/GitHub/UnrealTutorial/AutomaticDoor/Content/Mannequin/Animations/ThirdPerson_Jump.uasset' has been saved with empty engine version. The asset will be loaded but may be incompatible.
[2015.10.29-17.35.25:994][  0]LogLinker:Warning: Asset '../../../../../../Users/Niclas/Documents/GitHub/UnrealTutorial/AutomaticDoor/Content/Mannequin/Animations/ThirdPersonJump_Loop.uasset' has been saved with empty engine version. The asset will be loaded but may be incompatible.
[2015.10.29-17.35.25:995][  0]LogLinker:Warning: Asset '../../../../../../Users/Niclas/Documents/GitHub/UnrealTutorial/AutomaticDoor/Content/Mannequin/Animations/ThirdPersonJump_Start.uasset' has been saved with empty engine version. The asset will be loaded but may be incompatible.
[2015.10.29-17.35.25:996][  0]LogLinker:Warning: Asset '../../../../../../Users/Niclas/Documents/GitHub/UnrealTutorial/AutomaticDoor/Content/Mannequin/Animations/ThirdPerson_IdleRun_2D.uasset' has been saved with empty engine version. The asset will be loaded but may be incompatible.
[2015.10.29-17.35.25:996][  0]LogLinker:Warning: Asset '../../../../../../Users/Niclas/Documents/GitHub/UnrealTutorial/AutomaticDoor/Content/Mannequin/Animations/ThirdPersonIdle.uasset' has been saved with empty engine version. The asset will be loaded but may be incompatible.
[2015.10.29-17.35.25:997][  0]LogLinker:Warning: Asset '../../../../../../Users/Niclas/Documents/GitHub/UnrealTutorial/AutomaticDoor/Content/Mannequin/Animations/ThirdPersonRun.uasset' has been saved with empty engine version. The asset will be loaded but may be incompatible.
[2015.10.29-17.35.25:998][  0]LogLinker:Warning: Asset '../../../../../../Users/Niclas/Documents/GitHub/UnrealTutorial/AutomaticDoor/Content/Mannequin/Animations/ThirdPersonWalk.uasset' has been saved with empty engine version. The asset will be loaded but may be incompatible.
[2015.10.29-17.35.26:267][  0]LogSkinnedMeshComp:Warning: GetSocketByName(): No SkeletalMesh for CharacterMesh1P
[2015.10.29-17.35.26:629][  0]LogAIModule: Creating AISystem for world FirstPersonExampleMap
[2015.10.29-17.35.26:642][  0]LogEditorServer: Finished looking for orphan Actors (0.000 secs)
[2015.10.29-17.35.26:643][  0]Cmd: MAP CHECKDEP NOCLEARLOG
[2015.10.29-17.35.26:719][  0]MapCheck: Info Map check complete: 0 Error(s), 0 Warning(s), took 75.886ms to complete.
[2015.10.29-17.35.26:719][  0]LogFileHelpers: Loading map 'FirstPersonExampleMap' took 0.744
[2015.10.29-17.35.26:811][  0]LogCollectionManager: Loaded 0 collections in 0.002275 seconds
[2015.10.29-17.35.26:852][  0]LogFileCache: Scanning file cache for directory 'C:/Users/Niclas/Documents/GitHub/UnrealTutorial/AutomaticDoor/Saved/Collections/' took 0.01s
[2015.10.29-17.35.26:852][  0]LogFileCache: Scanning file cache for directory 'C:/Users/Niclas/Documents/GitHub/UnrealTutorial/AutomaticDoor/Content/Developers/Niclas/Collections/' took 0.01s
[2015.10.29-17.35.26:852][  0]LogFileCache: Scanning file cache for directory 'C:/Users/Niclas/Documents/GitHub/UnrealTutorial/AutomaticDoor/Content/Collections/' took 0.01s
[2015.10.29-17.35.26:852][  0]LogContentBrowser: Native class hierarchy populated in 0.0074 seconds. Added 1873 classes and 335 folders.
[2015.10.29-17.35.26:857][  0]LogCollectionManager: Rebuilt the GUID cache for 0 collections in 0.000002 seconds
[2015.10.29-17.35.26:864][  0]LogContentBrowser: Native class hierarchy updated for 'WidgetCarousel' in 0.0015 seconds. Added 0 classes and 0 folders.
[2015.10.29-17.35.26:915][  0]LogContentBrowser: Native class hierarchy updated for 'AddContentDialog' in 0.0016 seconds. Added 0 classes and 0 folders.
[2015.10.29-17.35.26:920][  0]LogContentBrowser: Native class hierarchy updated for 'SceneOutliner' in 0.0015 seconds. Added 1 classes and 2 folders.
[2015.10.29-17.35.26:940][  0]LogCrashTracker: Crashtracker disabled due to settings.
[2015.10.29-17.35.26:943][  0]LogUObjectGlobals:Warning: Failed to find object 'Class None.'
[2015.10.29-17.35.26:965][  0]LogLoad: Full Startup: 6.21 seconds (BP compile: 0.11 seconds)
[2015.10.29-17.35.27:033][  0]LogContentStreaming: Texture pool size now 1000 MB
[2015.10.29-17.35.27:138][  0]LogRenderer: Reallocating scene render targets to support 1208x576 (Frame:2).
[2015.10.29-17.35.27:789][  3]LogAssetRegistry: Asset discovery search completed in 2.8981 seconds
[2015.10.29-17.35.27:789][  3]LogCollectionManager: Rebuilt the object cache for 0 collections in 0.000001 seconds (found 0 objects)
[2015.10.29-17.35.27:789][  3]LogCollectionManager: Fixed up redirectors for 0 collections in 0.000019 seconds (updated 0 objects)
[2015.10.29-17.35.37:630][488]LogEditorViewport: Clicking on Actor (LMB): basicai_C (basicai)
[2015.10.29-17.35.38:799][605]LogBlueprintUserMessages: Early PlayInEditor Detection: Level '/Game/FirstPersonCPP/Maps/FirstPersonExampleMap.FirstPersonExampleMap:PersistentLevel' has LevelScriptBlueprint '/Game/FirstPersonCPP/Maps/FirstPersonExampleMap.FirstPersonExampleMap:PersistentLevel.FirstPersonExampleMap' with GeneratedClass '/Game/FirstPersonCPP/Maps/FirstPersonExampleMap.FirstPersonExampleMap_C' with ClassGeneratedBy '/Game/FirstPersonCPP/Maps/FirstPersonExampleMap.FirstPersonExampleMap:PersistentLevel.FirstPersonExampleMap'
[2015.10.29-17.35.38:799][605]LogPlayLevel: PlayLevel: No blueprints needed recompiling
[2015.10.29-17.35.38:799][605]PIE: New page: PIE session: FirstPersonExampleMap (Oct 29, 2015, 7:35:38 PM)
[2015.10.29-17.35.38:799][605]LogPlayLevel: Creating play world package: /Game/FirstPersonCPP/Maps/UEDPIE_0_FirstPersonExampleMap
[2015.10.29-17.35.38:801][605]LogSkinnedMeshComp:Warning: GetSocketByName(): No SkeletalMesh for CharacterMesh1P
[2015.10.29-17.35.38:833][605]LogPlayLevel: PIE: StaticDuplicateObject took: (0.033641s)
[2015.10.29-17.35.38:833][605]LogAIModule: Creating AISystem for world FirstPersonExampleMap
[2015.10.29-17.35.38:833][605]LogPlayLevel: PIE: World Init took: (0.000721s)
[2015.10.29-17.35.38:834][605]LogPlayLevel: PIE: Created PIE world by copying editor world from /Game/FirstPersonCPP/Maps/FirstPersonExampleMap.FirstPersonExampleMap to /Game/FirstPersonCPP/Maps/UEDPIE_0_FirstPersonExampleMap.FirstPersonExampleMap (0.034579s)
[2015.10.29-17.35.38:834][605]LogActorComponent: UnregisterComponent: (/Engine/Transient.CharMoveComp) Not registered. Aborting.
[2015.10.29-17.35.38:862][605]LogInit: XAudio2 using 'Högtalare (Logitech G35 Gaming Headset)' : 2 channels at 44.1 kHz using 16 bits per sample (channel mask 0x3)
[2015.10.29-17.35.38:878][605]LogInit: FAudioDevice initialized.
[2015.10.29-17.35.38:921][605]LogWorld: Game class is 'AutomaticDoorGameMode'
[2015.10.29-17.35.38:944][605]LogWorld:Warning: *** WARNING - PATHS MAY NOT BE VALID ***
[2015.10.29-17.35.38:944][605]LogWorld: Bringing World /Game/FirstPersonCPP/Maps/UEDPIE_0_FirstPersonExampleMap.FirstPersonExampleMap up for play (max tick rate 0) at 2015.10.29-18.35.38
[2015.10.29-17.35.38:944][605]LogActor:Warning: GameSession /Game/FirstPersonCPP/Maps/UEDPIE_0_FirstPersonExampleMap.FirstPersonExampleMap:PersistentLevel.GameSession_0 has natively added scene component(s), but none of them were set as the actor's RootComponent - picking one arbitrarily
[2015.10.29-17.35.38:945][605]LogActor:Warning: GameNetworkManager /Game/FirstPersonCPP/Maps/UEDPIE_0_FirstPersonExampleMap.FirstPersonExampleMap:PersistentLevel.GameNetworkManager_0 has natively added scene component(s), but none of them were set as the actor's RootComponent - picking one arbitrarily
[2015.10.29-17.35.38:946][605]LogWorld: Bringing up level for play took: 0.024227
[2015.10.29-17.35.38:948][605]PIE: Info Play in editor start time for /Game/FirstPersonCPP/Maps/UEDPIE_0_FirstPersonExampleMap -0.044
[2015.10.29-17.35.38:948][605]LogBlueprintUserMessages: Late PlayInEditor Detection: Level '/Game/FirstPersonCPP/Maps/FirstPersonExampleMap.FirstPersonExampleMap:PersistentLevel' has LevelScriptBlueprint '/Game/FirstPersonCPP/Maps/FirstPersonExampleMap.FirstPersonExampleMap:PersistentLevel.FirstPersonExampleMap' with GeneratedClass '/Game/FirstPersonCPP/Maps/FirstPersonExampleMap.FirstPersonExampleMap_C' with ClassGeneratedBy '/Game/FirstPersonCPP/Maps/FirstPersonExampleMap.FirstPersonExampleMap:PersistentLevel.FirstPersonExampleMap'
[2015.10.29-17.36.00:603][ 80]LogBlueprintUserMessages: Early EndPlayMap Detection: Level '/Game/FirstPersonCPP/Maps/FirstPersonExampleMap.FirstPersonExampleMap:PersistentLevel' has LevelScriptBlueprint '/Game/FirstPersonCPP/Maps/FirstPersonExampleMap.FirstPersonExampleMap:PersistentLevel.FirstPersonExampleMap' with GeneratedClass '/Game/FirstPersonCPP/Maps/FirstPersonExampleMap.FirstPersonExampleMap_C' with ClassGeneratedBy '/Game/FirstPersonCPP/Maps/FirstPersonExampleMap.FirstPersonExampleMap:PersistentLevel.FirstPersonExampleMap'
[2015.10.29-17.36.00:698][ 80]LogBlueprintUserMessages: Late EndPlayMap Detection: Level '/Game/FirstPersonCPP/Maps/FirstPersonExampleMap.FirstPersonExampleMap:PersistentLevel' has LevelScriptBlueprint '/Game/FirstPersonCPP/Maps/FirstPersonExampleMap.FirstPersonExampleMap:PersistentLevel.FirstPersonExampleMap' with GeneratedClass '/Game/FirstPersonCPP/Maps/FirstPersonExampleMap.FirstPersonExampleMap_C' with ClassGeneratedBy '/Game/FirstPersonCPP/Maps/FirstPersonExampleMap.FirstPersonExampleMap:PersistentLevel.FirstPersonExampleMap'
[2015.10.29-17.36.00:712][ 80]LogParticles: Destroying 0 GPU particle simulations for FXSystem 0x0000005CA2D259E0
[2015.10.29-17.36.16:891][820]LogLinker:Warning: Asset '../../../Engine/Content/ArtTools/RenderToTexture/Macros/RenderToTextureMacros.uasset' has been saved with empty engine version. The asset will be loaded but may be incompatible.
[2015.10.29-17.36.17:346][820]LogContentBrowser: Native class hierarchy updated for 'BlueprintGraph' in 0.0018 seconds. Added 107 classes and 0 folders.
[2015.10.29-17.36.49:974][872]BlueprintLog: New page: Compile FirstPersonExampleMap
[2015.10.29-17.36.50:268][872]LogActorComponent: UnregisterComponent: (/Engine/Transient.CharMoveComp) Not registered. Aborting.
[2015.10.29-17.36.50:268][872]LogActorComponent: UnregisterComponent: (/Engine/Transient.CharacterMovementComponent_0) Not registered. Aborting.
[2015.10.29-17.36.50:268][872]LogActorComponent: UnregisterComponent: (/Engine/Transient.ProjectileComp) Not registered. Aborting.
[2015.10.29-17.36.50:293][872]BlueprintEditorCompileResults: Info [0089.54] Compile of FirstPersonExampleMap successful! [in 319 ms]
[2015.10.29-17.36.58:865][675]LogEditorViewport: Clicking on Actor (LMB): StaticMeshActor (Cube19)
[2015.10.29-17.37.28:820][258]BlueprintLog: New page: Compile FirstPersonExampleMap
[2015.10.29-17.37.28:855][258]LogActorComponent: UnregisterComponent: (/Engine/Transient.CharMoveComp) Not registered. Aborting.
[2015.10.29-17.37.28:855][258]LogActorComponent: UnregisterComponent: (/Engine/Transient.CharacterMovementComponent_1) Not registered. Aborting.
[2015.10.29-17.37.28:855][258]LogActorComponent: UnregisterComponent: (/Engine/Transient.ProjectileComp) Not registered. Aborting.
[2015.10.29-17.37.28:875][258]LogParticles: Destroying 0 GPU particle simulations for FXSystem 0x0000005CB8EE1620
[2015.10.29-17.37.28:879][258]BlueprintEditorCompileResults: Info [0128.13] Compile of FirstPersonExampleMap successful! [in 59 ms]
[2015.10.29-17.37.31:702][503]LogBlueprintUserMessages: Early PlayInEditor Detection: Level '/Game/FirstPersonCPP/Maps/FirstPersonExampleMap.FirstPersonExampleMap:PersistentLevel' has LevelScriptBlueprint '/Game/FirstPersonCPP/Maps/FirstPersonExampleMap.FirstPersonExampleMap:PersistentLevel.FirstPersonExampleMap' with GeneratedClass '/Game/FirstPersonCPP/Maps/FirstPersonExampleMap.FirstPersonExampleMap_C' with ClassGeneratedBy '/Game/FirstPersonCPP/Maps/FirstPersonExampleMap.FirstPersonExampleMap:PersistentLevel.FirstPersonExampleMap'
[2015.10.29-17.37.31:702][503]LogPlayLevel: PlayLevel: No blueprints needed recompiling
[2015.10.29-17.37.31:702][503]PIE: New page: PIE session: FirstPersonExampleMap (Oct 29, 2015, 7:37:31 PM)
[2015.10.29-17.37.31:702][503]LogPlayLevel: Creating play world package: /Game/FirstPersonCPP/Maps/UEDPIE_0_FirstPersonExampleMap
[2015.10.29-17.37.31:705][503]LogSkinnedMeshComp:Warning: GetSocketByName(): No SkeletalMesh for CharacterMesh1P
[2015.10.29-17.37.31:731][503]LogPlayLevel: PIE: StaticDuplicateObject took: (0.028577s)
[2015.10.29-17.37.31:732][503]LogAIModule: Creating AISystem for world FirstPersonExampleMap
[2015.10.29-17.37.31:732][503]LogPlayLevel: PIE: World Init took: (0.000699s)
[2015.10.29-17.37.31:732][503]LogPlayLevel: PIE: Created PIE world by copying editor world from /Game/FirstPersonCPP/Maps/FirstPersonExampleMap.FirstPersonExampleMap to /Game/FirstPersonCPP/Maps/UEDPIE_0_FirstPersonExampleMap.FirstPersonExampleMap (0.029510s)
[2015.10.29-17.37.31:749][503]LogParticles: Destroying 0 GPU particle simulations for FXSystem 0x0000005CD524B4C0
[2015.10.29-17.37.31:764][503]LogInit: XAudio2 using 'Högtalare (Logitech G35 Gaming Headset)' : 2 channels at 44.1 kHz using 16 bits per sample (channel mask 0x3)
[2015.10.29-17.37.31:779][503]LogInit: FAudioDevice initialized.
[2015.10.29-17.37.31:813][503]LogWorld: Game class is 'AutomaticDoorGameMode'
[2015.10.29-17.37.31:835][503]LogWorld:Warning: *** WARNING - PATHS MAY NOT BE VALID ***
[2015.10.29-17.37.31:835][503]LogWorld: Bringing World /Game/FirstPersonCPP/Maps/UEDPIE_0_FirstPersonExampleMap.FirstPersonExampleMap up for play (max tick rate 0) at 2015.10.29-18.37.31
[2015.10.29-17.37.31:835][503]LogActor:Warning: GameSession /Game/FirstPersonCPP/Maps/UEDPIE_0_FirstPersonExampleMap.FirstPersonExampleMap:PersistentLevel.GameSession_1 has natively added scene component(s), but none of them were set as the actor's RootComponent - picking one arbitrarily
[2015.10.29-17.37.31:836][503]LogActor:Warning: GameNetworkManager /Game/FirstPersonCPP/Maps/UEDPIE_0_FirstPersonExampleMap.FirstPersonExampleMap:PersistentLevel.GameNetworkManager_1 has natively added scene component(s), but none of them were set as the actor's RootComponent - picking one arbitrarily
[2015.10.29-17.37.31:837][503]LogWorld: Bringing up level for play took: 0.023234
[2015.10.29-17.37.31:839][503]PIE: Info Play in editor start time for /Game/FirstPersonCPP/Maps/UEDPIE_0_FirstPersonExampleMap 0.847
[2015.10.29-17.37.31:839][503]LogBlueprintUserMessages: Late PlayInEditor Detection: Level '/Game/FirstPersonCPP/Maps/FirstPersonExampleMap.FirstPersonExampleMap:PersistentLevel' has LevelScriptBlueprint '/Game/FirstPersonCPP/Maps/FirstPersonExampleMap.FirstPersonExampleMap:PersistentLevel.FirstPersonExampleMap' with GeneratedClass '/Game/FirstPersonCPP/Maps/FirstPersonExampleMap.FirstPersonExampleMap_C' with ClassGeneratedBy '/Game/FirstPersonCPP/Maps/FirstPersonExampleMap.FirstPersonExampleMap:PersistentLevel.FirstPersonExampleMap'
[2015.10.29-17.39.26:063][ 72]LogBlueprintUserMessages: Early EndPlayMap Detection: Level '/Game/FirstPersonCPP/Maps/FirstPersonExampleMap.FirstPersonExampleMap:PersistentLevel' has LevelScriptBlueprint '/Game/FirstPersonCPP/Maps/FirstPersonExampleMap.FirstPersonExampleMap:PersistentLevel.FirstPersonExampleMap' with GeneratedClass '/Game/FirstPersonCPP/Maps/FirstPersonExampleMap.FirstPersonExampleMap_C' with ClassGeneratedBy '/Game/FirstPersonCPP/Maps/FirstPersonExampleMap.FirstPersonExampleMap:PersistentLevel.FirstPersonExampleMap'
[2015.10.29-17.39.26:110][ 72]LogBlueprintUserMessages: Late EndPlayMap Detection: Level '/Game/FirstPersonCPP/Maps/FirstPersonExampleMap.FirstPersonExampleMap:PersistentLevel' has LevelScriptBlueprint '/Game/FirstPersonCPP/Maps/FirstPersonExampleMap.FirstPersonExampleMap:PersistentLevel.FirstPersonExampleMap' with GeneratedClass '/Game/FirstPersonCPP/Maps/FirstPersonExampleMap.FirstPersonExampleMap_C' with ClassGeneratedBy '/Game/FirstPersonCPP/Maps/FirstPersonExampleMap.FirstPersonExampleMap:PersistentLevel.FirstPersonExampleMap'
[2015.10.29-17.39.26:160][ 73]LogParticles: Destroying 0 GPU particle simulations for FXSystem 0x0000005C8CF83CE0
[2015.10.29-17.39.51:447][863]LogEditorViewport: Clicking on Actor (LMB): basicai_C (basicai)
[2015.10.29-17.40.24:465][527]LogBlueprintUserMessages: Early PlayInEditor Detection: Level '/Game/FirstPersonCPP/Maps/FirstPersonExampleMap.FirstPersonExampleMap:PersistentLevel' has LevelScriptBlueprint '/Game/FirstPersonCPP/Maps/FirstPersonExampleMap.FirstPersonExampleMap:PersistentLevel.FirstPersonExampleMap' with GeneratedClass '/Game/FirstPersonCPP/Maps/FirstPersonExampleMap.FirstPersonExampleMap_C' with ClassGeneratedBy '/Game/FirstPersonCPP/Maps/FirstPersonExampleMap.FirstPersonExampleMap:PersistentLevel.FirstPersonExampleMap'
[2015.10.29-17.40.24:465][527]LogPlayLevel: PlayLevel: No blueprints needed recompiling
[2015.10.29-17.40.24:465][527]PIE: New page: PIE session: FirstPersonExampleMap (Oct 29, 2015, 7:40:24 PM)
[2015.10.29-17.40.24:465][527]LogPlayLevel: Creating play world package: /Game/FirstPersonCPP/Maps/UEDPIE_0_FirstPersonExampleMap
[2015.10.29-17.40.24:467][527]LogSkinnedMeshComp:Warning: GetSocketByName(): No SkeletalMesh for CharacterMesh1P
[2015.10.29-17.40.24:495][527]LogPlayLevel: PIE: StaticDuplicateObject took: (0.029354s)
[2015.10.29-17.40.24:495][527]LogAIModule: Creating AISystem for world FirstPersonExampleMap
[2015.10.29-17.40.24:495][527]LogPlayLevel: PIE: World Init took: (0.000700s)
[2015.10.29-17.40.24:495][527]LogPlayLevel: PIE: Created PIE world by copying editor world from /Game/FirstPersonCPP/Maps/FirstPersonExampleMap.FirstPersonExampleMap to /Game/FirstPersonCPP/Maps/UEDPIE_0_FirstPersonExampleMap.FirstPersonExampleMap (0.030256s)
[2015.10.29-17.40.24:527][527]LogInit: XAudio2 using 'Högtalare (Logitech G35 Gaming Headset)' : 2 channels at 44.1 kHz using 16 bits per sample (channel mask 0x3)
[2015.10.29-17.40.24:543][527]LogInit: FAudioDevice initialized.
[2015.10.29-17.40.24:576][527]LogWorld: Game class is 'AutomaticDoorGameMode'
[2015.10.29-17.40.24:600][527]LogWorld:Warning: *** WARNING - PATHS MAY NOT BE VALID ***
[2015.10.29-17.40.24:600][527]LogWorld: Bringing World /Game/FirstPersonCPP/Maps/UEDPIE_0_FirstPersonExampleMap.FirstPersonExampleMap up for play (max tick rate 0) at 2015.10.29-18.40.24
[2015.10.29-17.40.24:600][527]LogActor:Warning: GameSession /Game/FirstPersonCPP/Maps/UEDPIE_0_FirstPersonExampleMap.FirstPersonExampleMap:PersistentLevel.GameSession_2 has natively added scene component(s), but none of them were set as the actor's RootComponent - picking one arbitrarily
[2015.10.29-17.40.24:600][527]LogActor:Warning: GameNetworkManager /Game/FirstPersonCPP/Maps/UEDPIE_0_FirstPersonExampleMap.FirstPersonExampleMap:PersistentLevel.GameNetworkManager_2 has natively added scene component(s), but none of them were set as the actor's RootComponent - picking one arbitrarily
[2015.10.29-17.40.24:602][527]LogWorld: Bringing up level for play took: 0.024836
[2015.10.29-17.40.24:604][527]PIE: Info Play in editor start time for /Game/FirstPersonCPP/Maps/UEDPIE_0_FirstPersonExampleMap -0.388
[2015.10.29-17.40.24:604][527]LogBlueprintUserMessages: Late PlayInEditor Detection: Level '/Game/FirstPersonCPP/Maps/FirstPersonExampleMap.FirstPersonExampleMap:PersistentLevel' has LevelScriptBlueprint '/Game/FirstPersonCPP/Maps/FirstPersonExampleMap.FirstPersonExampleMap:PersistentLevel.FirstPersonExampleMap' with GeneratedClass '/Game/FirstPersonCPP/Maps/FirstPersonExampleMap.FirstPersonExampleMap_C' with ClassGeneratedBy '/Game/FirstPersonCPP/Maps/FirstPersonExampleMap.FirstPersonExampleMap:PersistentLevel.FirstPersonExampleMap'
[2015.10.29-17.40.30:221][173]PIE:Warning: Warning SimpleMove failed for AIController_2: movement not allowed
[2015.10.29-17.40.32:095][398]PIE:Warning: Warning SimpleMove failed for AIController_2: movement not allowed
[2015.10.29-17.40.32:679][468]PIE:Warning: Warning SimpleMove failed for AIController_2: movement not allowed
[2015.10.29-17.40.33:271][539]PIE:Warning: Warning SimpleMove failed for AIController_2: movement not allowed
[2015.10.29-17.40.33:946][620]PIE:Warning: Warning SimpleMove failed for AIController_2: movement not allowed
[2015.10.29-17.40.34:396][674]PIE:Warning: Warning SimpleMove failed for AIController_2: movement not allowed
[2015.10.29-17.40.34:838][727]PIE:Warning: Warning SimpleMove failed for AIController_2: movement not allowed
[2015.10.29-17.40.37:112][  0]PIE:Warning: Warning SimpleMove failed for AIController_2: movement not allowed
[2015.10.29-17.40.37:837][ 87]PIE:Warning: Warning SimpleMove failed for AIController_2: movement not allowed
[2015.10.29-17.40.40:512][408]PIE:Warning: Warning SimpleMove failed for AIController_2: movement not allowed
[2015.10.29-17.40.44:721][913]PIE:Warning: Warning SimpleMove failed for AIController_2: movement not allowed
[2015.10.29-17.40.45:488][  5]PIE:Warning: Warning SimpleMove failed for AIController_2: movement not allowed
[2015.10.29-17.40.46:238][ 95]PIE:Warning: Warning SimpleMove failed for AIController_2: movement not allowed
[2015.10.29-17.40.46:521][129]PIE:Warning: Warning SimpleMove failed for AIController_2: movement not allowed
[2015.10.29-17.40.46:963][182]PIE:Warning: Warning SimpleMove failed for AIController_2: movement not allowed
[2015.10.29-17.40.47:679][268]LogBlueprintUserMessages: Early EndPlayMap Detection: Level '/Game/FirstPersonCPP/Maps/FirstPersonExampleMap.FirstPersonExampleMap:PersistentLevel' has LevelScriptBlueprint '/Game/FirstPersonCPP/Maps/FirstPersonExampleMap.FirstPersonExampleMap:PersistentLevel.FirstPersonExampleMap' with GeneratedClass '/Game/FirstPersonCPP/Maps/FirstPersonExampleMap.FirstPersonExampleMap_C' with ClassGeneratedBy '/Game/FirstPersonCPP/Maps/FirstPersonExampleMap.FirstPersonExampleMap:PersistentLevel.FirstPersonExampleMap'
[2015.10.29-17.40.47:770][268]LogBlueprintUserMessages: Late EndPlayMap Detection: Level '/Game/FirstPersonCPP/Maps/FirstPersonExampleMap.FirstPersonExampleMap:PersistentLevel' has LevelScriptBlueprint '/Game/FirstPersonCPP/Maps/FirstPersonExampleMap.FirstPersonExampleMap:PersistentLevel.FirstPersonExampleMap' with GeneratedClass '/Game/FirstPersonCPP/Maps/FirstPersonExampleMap.FirstPersonExampleMap_C' with ClassGeneratedBy '/Game/FirstPersonCPP/Maps/FirstPersonExampleMap.FirstPersonExampleMap:PersistentLevel.FirstPersonExampleMap'
[2015.10.29-17.40.47:803][268]LogParticles: Destroying 0 GPU particle simulations for FXSystem 0x0000005CAB0D4540
[2015.10.29-17.40.52:863][761]LogEditorViewport: Clicking on Actor (LMB): FirstPersonCharacter_C (FirstPersonCharacter)
[2015.10.29-17.41.02:485][456]LogEditorViewport: Clicking on Actor (LMB): basicai_C (basicai)
[2015.10.29-17.41.20:133][367]LogBlueprintUserMessages: Early PlayInEditor Detection: Level '/Game/FirstPersonCPP/Maps/FirstPersonExampleMap.FirstPersonExampleMap:PersistentLevel' has LevelScriptBlueprint '/Game/FirstPersonCPP/Maps/FirstPersonExampleMap.FirstPersonExampleMap:PersistentLevel.FirstPersonExampleMap' with GeneratedClass '/Game/FirstPersonCPP/Maps/FirstPersonExampleMap.FirstPersonExampleMap_C' with ClassGeneratedBy '/Game/FirstPersonCPP/Maps/FirstPersonExampleMap.FirstPersonExampleMap:PersistentLevel.FirstPersonExampleMap'
[2015.10.29-17.41.20:133][367]LogPlayLevel: PlayLevel: No blueprints needed recompiling
[2015.10.29-17.41.20:133][367]PIE: New page: PIE session: FirstPersonExampleMap (Oct 29, 2015, 7:41:20 PM)
[2015.10.29-17.41.20:134][367]LogPlayLevel: Creating play world package: /Game/FirstPersonCPP/Maps/UEDPIE_0_FirstPersonExampleMap
[2015.10.29-17.41.20:136][367]LogSkinnedMeshComp:Warning: GetSocketByName(): No SkeletalMesh for CharacterMesh1P
[2015.10.29-17.41.20:163][367]LogPlayLevel: PIE: StaticDuplicateObject took: (0.029189s)
[2015.10.29-17.41.20:163][367]LogAIModule: Creating AISystem for world FirstPersonExampleMap
[2015.10.29-17.41.20:164][367]LogPlayLevel: PIE: World Init took: (0.000704s)
[2015.10.29-17.41.20:164][367]LogPlayLevel: PIE: Created PIE world by copying editor world from /Game/FirstPersonCPP/Maps/FirstPersonExampleMap.FirstPersonExampleMap to /Game/FirstPersonCPP/Maps/UEDPIE_0_FirstPersonExampleMap.FirstPersonExampleMap (0.030161s)
[2015.10.29-17.41.20:195][367]LogInit: XAudio2 using 'Högtalare (Logitech G35 Gaming Headset)' : 2 channels at 44.1 kHz using 16 bits per sample (channel mask 0x3)
[2015.10.29-17.41.20:209][367]LogInit: FAudioDevice initialized.
[2015.10.29-17.41.20:243][367]LogWorld: Game class is 'AutomaticDoorGameMode'
[2015.10.29-17.41.20:265][367]LogWorld:Warning: *** WARNING - PATHS MAY NOT BE VALID ***
[2015.10.29-17.41.20:265][367]LogWorld: Bringing World /Game/FirstPersonCPP/Maps/UEDPIE_0_FirstPersonExampleMap.FirstPersonExampleMap up for play (max tick rate 0) at 2015.10.29-18.41.20
[2015.10.29-17.41.20:266][367]LogActor:Warning: GameSession /Game/FirstPersonCPP/Maps/UEDPIE_0_FirstPersonExampleMap.FirstPersonExampleMap:PersistentLevel.GameSession_3 has natively added scene component(s), but none of them were set as the actor's RootComponent - picking one arbitrarily
[2015.10.29-17.41.20:266][367]LogActor:Warning: GameNetworkManager /Game/FirstPersonCPP/Maps/UEDPIE_0_FirstPersonExampleMap.FirstPersonExampleMap:PersistentLevel.GameNetworkManager_3 has natively added scene component(s), but none of them were set as the actor's RootComponent - picking one arbitrarily
[2015.10.29-17.41.20:268][367]LogWorld: Bringing up level for play took: 0.024226
[2015.10.29-17.41.20:270][367]PIE: Info Play in editor start time for /Game/FirstPersonCPP/Maps/UEDPIE_0_FirstPersonExampleMap -0.722
[2015.10.29-17.41.20:270][367]LogBlueprintUserMessages: Late PlayInEditor Detection: Level '/Game/FirstPersonCPP/Maps/FirstPersonExampleMap.FirstPersonExampleMap:PersistentLevel' has LevelScriptBlueprint '/Game/FirstPersonCPP/Maps/FirstPersonExampleMap.FirstPersonExampleMap:PersistentLevel.FirstPersonExampleMap' with GeneratedClass '/Game/FirstPersonCPP/Maps/FirstPersonExampleMap.FirstPersonExampleMap_C' with ClassGeneratedBy '/Game/FirstPersonCPP/Maps/FirstPersonExampleMap.FirstPersonExampleMap:PersistentLevel.FirstPersonExampleMap'
[2015.10.29-17.41.32:695][853]LogBlueprintUserMessages: Early EndPlayMap Detection: Level '/Game/FirstPersonCPP/Maps/FirstPersonExampleMap.FirstPersonExampleMap:PersistentLevel' has LevelScriptBlueprint '/Game/FirstPersonCPP/Maps/FirstPersonExampleMap.FirstPersonExampleMap:PersistentLevel.FirstPersonExampleMap' with GeneratedClass '/Game/FirstPersonCPP/Maps/FirstPersonExampleMap.FirstPersonExampleMap_C' with ClassGeneratedBy '/Game/FirstPersonCPP/Maps/FirstPersonExampleMap.FirstPersonExampleMap:PersistentLevel.FirstPersonExampleMap'
[2015.10.29-17.41.32:789][853]LogBlueprintUserMessages: Late EndPlayMap Detection: Level '/Game/FirstPersonCPP/Maps/FirstPersonExampleMap.FirstPersonExampleMap:PersistentLevel' has LevelScriptBlueprint '/Game/FirstPersonCPP/Maps/FirstPersonExampleMap.FirstPersonExampleMap:PersistentLevel.FirstPersonExampleMap' with GeneratedClass '/Game/FirstPersonCPP/Maps/FirstPersonExampleMap.FirstPersonExampleMap_C' with ClassGeneratedBy '/Game/FirstPersonCPP/Maps/FirstPersonExampleMap.FirstPersonExampleMap:PersistentLevel.FirstPersonExampleMap'
[2015.10.29-17.41.32:842][854]LogParticles: Destroying 0 GPU particle simulations for FXSystem 0x0000005CF8F4BE20
[2015.10.29-17.42.54:944][ 63]LogBlueprintUserMessages: Early PlayInEditor Detection: Level '/Game/FirstPersonCPP/Maps/FirstPersonExampleMap.FirstPersonExampleMap:PersistentLevel' has LevelScriptBlueprint '/Game/FirstPersonCPP/Maps/FirstPersonExampleMap.FirstPersonExampleMap:PersistentLevel.FirstPersonExampleMap' with GeneratedClass '/Game/FirstPersonCPP/Maps/FirstPersonExampleMap.FirstPersonExampleMap_C' with ClassGeneratedBy '/Game/FirstPersonCPP/Maps/FirstPersonExampleMap.FirstPersonExampleMap:PersistentLevel.FirstPersonExampleMap'
[2015.10.29-17.42.54:944][ 63]LogPlayLevel: PlayLevel: No blueprints needed recompiling
[2015.10.29-17.42.54:944][ 63]PIE: New page: PIE session: FirstPersonExampleMap (Oct 29, 2015, 7:42:54 PM)
[2015.10.29-17.42.54:944][ 63]LogPlayLevel: Creating play world package: /Game/FirstPersonCPP/Maps/UEDPIE_0_FirstPersonExampleMap
[2015.10.29-17.42.54:946][ 63]LogSkinnedMeshComp:Warning: GetSocketByName(): No SkeletalMesh for CharacterMesh1P
[2015.10.29-17.42.54:974][ 63]LogPlayLevel: PIE: StaticDuplicateObject took: (0.030562s)
[2015.10.29-17.42.54:975][ 63]LogAIModule: Creating AISystem for world FirstPersonExampleMap
[2015.10.29-17.42.54:975][ 63]LogPlayLevel: PIE: World Init took: (0.000715s)
[2015.10.29-17.42.54:975][ 63]LogPlayLevel: PIE: Created PIE world by copying editor world from /Game/FirstPersonCPP/Maps/FirstPersonExampleMap.FirstPersonExampleMap to /Game/FirstPersonCPP/Maps/UEDPIE_0_FirstPersonExampleMap.FirstPersonExampleMap (0.031495s)
[2015.10.29-17.42.55:009][ 63]LogInit: XAudio2 using 'Högtalare (Logitech G35 Gaming Headset)' : 2 channels at 44.1 kHz using 16 bits per sample (channel mask 0x3)
[2015.10.29-17.42.55:024][ 63]LogInit: FAudioDevice initialized.
[2015.10.29-17.42.55:059][ 63]LogWorld: Game class is 'AutomaticDoorGameMode'
[2015.10.29-17.42.55:081][ 63]LogWorld:Warning: *** WARNING - PATHS MAY NOT BE VALID ***
[2015.10.29-17.42.55:081][ 63]LogWorld: Bringing World /Game/FirstPersonCPP/Maps/UEDPIE_0_FirstPersonExampleMap.FirstPersonExampleMap up for play (max tick rate 0) at 2015.10.29-18.42.55
[2015.10.29-17.42.55:081][ 63]LogActor:Warning: GameSession /Game/FirstPersonCPP/Maps/UEDPIE_0_FirstPersonExampleMap.FirstPersonExampleMap:PersistentLevel.GameSession_4 has natively added scene component(s), but none of them were set as the actor's RootComponent - picking one arbitrarily
[2015.10.29-17.42.55:082][ 63]LogActor:Warning: GameNetworkManager /Game/FirstPersonCPP/Maps/UEDPIE_0_FirstPersonExampleMap.FirstPersonExampleMap:PersistentLevel.GameNetworkManager_4 has natively added scene component(s), but none of them were set as the actor's RootComponent - picking one arbitrarily
[2015.10.29-17.42.55:083][ 63]LogWorld: Bringing up level for play took: 0.023395
[2015.10.29-17.42.55:085][ 63]PIE: Info Play in editor start time for /Game/FirstPersonCPP/Maps/UEDPIE_0_FirstPersonExampleMap 0.093
[2015.10.29-17.42.55:085][ 63]LogBlueprintUserMessages: Late PlayInEditor Detection: Level '/Game/FirstPersonCPP/Maps/FirstPersonExampleMap.FirstPersonExampleMap:PersistentLevel' has LevelScriptBlueprint '/Game/FirstPersonCPP/Maps/FirstPersonExampleMap.FirstPersonExampleMap:PersistentLevel.FirstPersonExampleMap' with GeneratedClass '/Game/FirstPersonCPP/Maps/FirstPersonExampleMap.FirstPersonExampleMap_C' with ClassGeneratedBy '/Game/FirstPersonCPP/Maps/FirstPersonExampleMap.FirstPersonExampleMap:PersistentLevel.FirstPersonExampleMap'
[2015.10.29-17.42.59:922][639]LogBlueprintUserMessages: Early EndPlayMap Detection: Level '/Game/FirstPersonCPP/Maps/FirstPersonExampleMap.FirstPersonExampleMap:PersistentLevel' has LevelScriptBlueprint '/Game/FirstPersonCPP/Maps/FirstPersonExampleMap.FirstPersonExampleMap:PersistentLevel.FirstPersonExampleMap' with GeneratedClass '/Game/FirstPersonCPP/Maps/FirstPersonExampleMap.FirstPersonExampleMap_C' with ClassGeneratedBy '/Game/FirstPersonCPP/Maps/FirstPersonExampleMap.FirstPersonExampleMap:PersistentLevel.FirstPersonExampleMap'
[2015.10.29-17.43.00:019][639]LogBlueprintUserMessages: Late EndPlayMap Detection: Level '/Game/FirstPersonCPP/Maps/FirstPersonExampleMap.FirstPersonExampleMap:PersistentLevel' has LevelScriptBlueprint '/Game/FirstPersonCPP/Maps/FirstPersonExampleMap.FirstPersonExampleMap:PersistentLevel.FirstPersonExampleMap' with GeneratedClass '/Game/FirstPersonCPP/Maps/FirstPersonExampleMap.FirstPersonExampleMap_C' with ClassGeneratedBy '/Game/FirstPersonCPP/Maps/FirstPersonExampleMap.FirstPersonExampleMap:PersistentLevel.FirstPersonExampleMap'
[2015.10.29-17.43.00:069][640]LogParticles: Destroying 0 GPU particle simulations for FXSystem 0x0000005CAE021580
[2015.10.29-17.43.07:169][430]LogBlueprintUserMessages: Early PlayInEditor Detection: Level '/Game/FirstPersonCPP/Maps/FirstPersonExampleMap.FirstPersonExampleMap:PersistentLevel' has LevelScriptBlueprint '/Game/FirstPersonCPP/Maps/FirstPersonExampleMap.FirstPersonExampleMap:PersistentLevel.FirstPersonExampleMap' with GeneratedClass '/Game/FirstPersonCPP/Maps/FirstPersonExampleMap.FirstPersonExampleMap_C' with ClassGeneratedBy '/Game/FirstPersonCPP/Maps/FirstPersonExampleMap.FirstPersonExampleMap:PersistentLevel.FirstPersonExampleMap'
[2015.10.29-17.43.07:169][430]LogPlayLevel: PlayLevel: No blueprints needed recompiling
[2015.10.29-17.43.07:170][430]PIE: New page: PIE session: FirstPersonExampleMap (Oct 29, 2015, 7:43:07 PM)
[2015.10.29-17.43.07:170][430]LogPlayLevel: Creating play world package: /Game/FirstPersonCPP/Maps/UEDPIE_0_FirstPersonExampleMap
[2015.10.29-17.43.07:172][430]LogSkinnedMeshComp:Warning: GetSocketByName(): No SkeletalMesh for CharacterMesh1P
[2015.10.29-17.43.07:200][430]LogPlayLevel: PIE: StaticDuplicateObject took: (0.030469s)
[2015.10.29-17.43.07:201][430]LogAIModule: Creating AISystem for world FirstPersonExampleMap
[2015.10.29-17.43.07:201][430]LogPlayLevel: PIE: World Init took: (0.000730s)
[2015.10.29-17.43.07:201][430]LogPlayLevel: PIE: Created PIE world by copying editor world from /Game/FirstPersonCPP/Maps/FirstPersonExampleMap.FirstPersonExampleMap to /Game/FirstPersonCPP/Maps/UEDPIE_0_FirstPersonExampleMap.FirstPersonExampleMap (0.031407s)
[2015.10.29-17.43.07:233][430]LogInit: XAudio2 using 'Högtalare (Logitech G35 Gaming Headset)' : 2 channels at 44.1 kHz using 16 bits per sample (channel mask 0x3)
[2015.10.29-17.43.07:249][430]LogInit: FAudioDevice initialized.
[2015.10.29-17.43.07:282][430]LogWorld: Game class is 'AutomaticDoorGameMode'
[2015.10.29-17.43.07:305][430]LogWorld:Warning: *** WARNING - PATHS MAY NOT BE VALID ***
[2015.10.29-17.43.07:305][430]LogWorld: Bringing World /Game/FirstPersonCPP/Maps/UEDPIE_0_FirstPersonExampleMap.FirstPersonExampleMap up for play (max tick rate 0) at 2015.10.29-18.43.07
[2015.10.29-17.43.07:305][430]LogActor:Warning: GameSession /Game/FirstPersonCPP/Maps/UEDPIE_0_FirstPersonExampleMap.FirstPersonExampleMap:PersistentLevel.GameSession_5 has natively added scene component(s), but none of them were set as the actor's RootComponent - picking one arbitrarily
[2015.10.29-17.43.07:305][430]LogActor:Warning: GameNetworkManager /Game/FirstPersonCPP/Maps/UEDPIE_0_FirstPersonExampleMap.FirstPersonExampleMap:PersistentLevel.GameNetworkManager_5 has natively added scene component(s), but none of them were set as the actor's RootComponent - picking one arbitrarily
[2015.10.29-17.43.07:307][430]LogWorld: Bringing up level for play took: 0.024044
[2015.10.29-17.43.07:309][430]PIE: Info Play in editor start time for /Game/FirstPersonCPP/Maps/UEDPIE_0_FirstPersonExampleMap 0.317
[2015.10.29-17.43.07:309][430]LogBlueprintUserMessages: Late PlayInEditor Detection: Level '/Game/FirstPersonCPP/Maps/FirstPersonExampleMap.FirstPersonExampleMap:PersistentLevel' has LevelScriptBlueprint '/Game/FirstPersonCPP/Maps/FirstPersonExampleMap.FirstPersonExampleMap:PersistentLevel.FirstPersonExampleMap' with GeneratedClass '/Game/FirstPersonCPP/Maps/FirstPersonExampleMap.FirstPersonExampleMap_C' with ClassGeneratedBy '/Game/FirstPersonCPP/Maps/FirstPersonExampleMap.FirstPersonExampleMap:PersistentLevel.FirstPersonExampleMap'
[2015.10.29-17.43.11:637][945]LogBlueprintUserMessages: Early EndPlayMap Detection: Level '/Game/FirstPersonCPP/Maps/FirstPersonExampleMap.FirstPersonExampleMap:PersistentLevel' has LevelScriptBlueprint '/Game/FirstPersonCPP/Maps/FirstPersonExampleMap.FirstPersonExampleMap:PersistentLevel.FirstPersonExampleMap' with GeneratedClass '/Game/FirstPersonCPP/Maps/FirstPersonExampleMap.FirstPersonExampleMap_C' with ClassGeneratedBy '/Game/FirstPersonCPP/Maps/FirstPersonExampleMap.FirstPersonExampleMap:PersistentLevel.FirstPersonExampleMap'
[2015.10.29-17.43.11:730][945]LogBlueprintUserMessages: Late EndPlayMap Detection: Level '/Game/FirstPersonCPP/Maps/FirstPersonExampleMap.FirstPersonExampleMap:PersistentLevel' has LevelScriptBlueprint '/Game/FirstPersonCPP/Maps/FirstPersonExampleMap.FirstPersonExampleMap:PersistentLevel.FirstPersonExampleMap' with GeneratedClass '/Game/FirstPersonCPP/Maps/FirstPersonExampleMap.FirstPersonExampleMap_C' with ClassGeneratedBy '/Game/FirstPersonCPP/Maps/FirstPersonExampleMap.FirstPersonExampleMap:PersistentLevel.FirstPersonExampleMap'
[2015.10.29-17.43.11:780][946]LogParticles: Destroying 0 GPU particle simulations for FXSystem 0x0000005CF7D4ECA0
[2015.10.29-17.43.23:322][259]LogBlueprintUserMessages: Early PlayInEditor Detection: Level '/Game/FirstPersonCPP/Maps/FirstPersonExampleMap.FirstPersonExampleMap:PersistentLevel' has LevelScriptBlueprint '/Game/FirstPersonCPP/Maps/FirstPersonExampleMap.FirstPersonExampleMap:PersistentLevel.FirstPersonExampleMap' with GeneratedClass '/Game/FirstPersonCPP/Maps/FirstPersonExampleMap.FirstPersonExampleMap_C' with ClassGeneratedBy '/Game/FirstPersonCPP/Maps/FirstPersonExampleMap.FirstPersonExampleMap:PersistentLevel.FirstPersonExampleMap'
[2015.10.29-17.43.23:322][259]LogPlayLevel: PlayLevel: No blueprints needed recompiling
[2015.10.29-17.43.23:322][259]PIE: New page: PIE session: FirstPersonExampleMap (Oct 29, 2015, 7:43:23 PM)
[2015.10.29-17.43.23:322][259]LogPlayLevel: Creating play world package: /Game/FirstPersonCPP/Maps/UEDPIE_0_FirstPersonExampleMap
[2015.10.29-17.43.23:325][259]LogSkinnedMeshComp:Warning: GetSocketByName(): No SkeletalMesh for CharacterMesh1P
[2015.10.29-17.43.23:351][259]LogPlayLevel: PIE: StaticDuplicateObject took: (0.028691s)
[2015.10.29-17.43.23:352][259]LogAIModule: Creating AISystem for world FirstPersonExampleMap
[2015.10.29-17.43.23:352][259]LogPlayLevel: PIE: World Init took: (0.000750s)
[2015.10.29-17.43.23:352][259]LogPlayLevel: PIE: Created PIE world by copying editor world from /Game/FirstPersonCPP/Maps/FirstPersonExampleMap.FirstPersonExampleMap to /Game/FirstPersonCPP/Maps/UEDPIE_0_FirstPersonExampleMap.FirstPersonExampleMap (0.029667s)
[2015.10.29-17.43.23:384][259]LogInit: XAudio2 using 'Högtalare (Logitech G35 Gaming Headset)' : 2 channels at 44.1 kHz using 16 bits per sample (channel mask 0x3)
[2015.10.29-17.43.23:399][259]LogInit: FAudioDevice initialized.
[2015.10.29-17.43.23:432][259]LogWorld: Game class is 'AutomaticDoorGameMode'
[2015.10.29-17.43.23:455][259]LogWorld:Warning: *** WARNING - PATHS MAY NOT BE VALID ***
[2015.10.29-17.43.23:455][259]LogWorld: Bringing World /Game/FirstPersonCPP/Maps/UEDPIE_0_FirstPersonExampleMap.FirstPersonExampleMap up for play (max tick rate 0) at 2015.10.29-18.43.23
[2015.10.29-17.43.23:455][259]LogActor:Warning: GameSession /Game/FirstPersonCPP/Maps/UEDPIE_0_FirstPersonExampleMap.FirstPersonExampleMap:PersistentLevel.GameSession_6 has natively added scene component(s), but none of them were set as the actor's RootComponent - picking one arbitrarily
[2015.10.29-17.43.23:455][259]LogActor:Warning: GameNetworkManager /Game/FirstPersonCPP/Maps/UEDPIE_0_FirstPersonExampleMap.FirstPersonExampleMap:PersistentLevel.GameNetworkManager_6 has natively added scene component(s), but none of them were set as the actor's RootComponent - picking one arbitrarily
[2015.10.29-17.43.23:456][259]LogWorld: Bringing up level for play took: 0.023391
[2015.10.29-17.43.23:458][259]PIE: Info Play in editor start time for /Game/FirstPersonCPP/Maps/UEDPIE_0_FirstPersonExampleMap 0.466
[2015.10.29-17.43.23:458][259]LogBlueprintUserMessages: Late PlayInEditor Detection: Level '/Game/FirstPersonCPP/Maps/FirstPersonExampleMap.FirstPersonExampleMap:PersistentLevel' has LevelScriptBlueprint '/Game/FirstPersonCPP/Maps/FirstPersonExampleMap.FirstPersonExampleMap:PersistentLevel.FirstPersonExampleMap' with GeneratedClass '/Game/FirstPersonCPP/Maps/FirstPersonExampleMap.FirstPersonExampleMap_C' with ClassGeneratedBy '/Game/FirstPersonCPP/Maps/FirstPersonExampleMap.FirstPersonExampleMap:PersistentLevel.FirstPersonExampleMap'
[2015.10.29-17.43.26:596][631]LogBlueprintUserMessages: Early EndPlayMap Detection: Level '/Game/FirstPersonCPP/Maps/FirstPersonExampleMap.FirstPersonExampleMap:PersistentLevel' has LevelScriptBlueprint '/Game/FirstPersonCPP/Maps/FirstPersonExampleMap.FirstPersonExampleMap:PersistentLevel.FirstPersonExampleMap' with GeneratedClass '/Game/FirstPersonCPP/Maps/FirstPersonExampleMap.FirstPersonExampleMap_C' with ClassGeneratedBy '/Game/FirstPersonCPP/Maps/FirstPersonExampleMap.FirstPersonExampleMap:PersistentLevel.FirstPersonExampleMap'
[2015.10.29-17.43.26:694][631]LogBlueprintUserMessages: Late EndPlayMap Detection: Level '/Game/FirstPersonCPP/Maps/FirstPersonExampleMap.FirstPersonExampleMap:PersistentLevel' has LevelScriptBlueprint '/Game/FirstPersonCPP/Maps/FirstPersonExampleMap.FirstPersonExampleMap:PersistentLevel.FirstPersonExampleMap' with GeneratedClass '/Game/FirstPersonCPP/Maps/FirstPersonExampleMap.FirstPersonExampleMap_C' with ClassGeneratedBy '/Game/FirstPersonCPP/Maps/FirstPersonExampleMap.FirstPersonExampleMap:PersistentLevel.FirstPersonExampleMap'
[2015.10.29-17.43.26:745][632]LogParticles: Destroying 0 GPU particle simulations for FXSystem 0x0000005C84942F20
[2015.10.29-17.43.34:096][473]LogBlueprintUserMessages: Early PlayInEditor Detection: Level '/Game/FirstPersonCPP/Maps/FirstPersonExampleMap.FirstPersonExampleMap:PersistentLevel' has LevelScriptBlueprint '/Game/FirstPersonCPP/Maps/FirstPersonExampleMap.FirstPersonExampleMap:PersistentLevel.FirstPersonExampleMap' with GeneratedClass '/Game/FirstPersonCPP/Maps/FirstPersonExampleMap.FirstPersonExampleMap_C' with ClassGeneratedBy '/Game/FirstPersonCPP/Maps/FirstPersonExampleMap.FirstPersonExampleMap:PersistentLevel.FirstPersonExampleMap'
[2015.10.29-17.43.34:096][473]LogPlayLevel: PlayLevel: No blueprints needed recompiling
[2015.10.29-17.43.34:096][473]PIE: New page: PIE session: FirstPersonExampleMap (Oct 29, 2015, 7:43:34 PM)
[2015.10.29-17.43.34:096][473]LogPlayLevel: Creating play world package: /Game/FirstPersonCPP/Maps/UEDPIE_0_FirstPersonExampleMap
[2015.10.29-17.43.34:098][473]LogSkinnedMeshComp:Warning: GetSocketByName(): No SkeletalMesh for CharacterMesh1P
[2015.10.29-17.43.34:125][473]LogPlayLevel: PIE: StaticDuplicateObject took: (0.029175s)
[2015.10.29-17.43.34:125][473]LogAIModule: Creating AISystem for world FirstPersonExampleMap
[2015.10.29-17.43.34:126][473]LogPlayLevel: PIE: World Init took: (0.000667s)
[2015.10.29-17.43.34:126][473]LogPlayLevel: PIE: Created PIE world by copying editor world from /Game/FirstPersonCPP/Maps/FirstPersonExampleMap.FirstPersonExampleMap to /Game/FirstPersonCPP/Maps/UEDPIE_0_FirstPersonExampleMap.FirstPersonExampleMap (0.030065s)
[2015.10.29-17.43.34:158][473]LogInit: XAudio2 using 'Högtalare (Logitech G35 Gaming Headset)' : 2 channels at 44.1 kHz using 16 bits per sample (channel mask 0x3)
[2015.10.29-17.43.34:172][473]LogInit: FAudioDevice initialized.
[2015.10.29-17.43.34:205][473]LogWorld: Game class is 'AutomaticDoorGameMode'
[2015.10.29-17.43.34:229][473]LogWorld:Warning: *** WARNING - PATHS MAY NOT BE VALID ***
[2015.10.29-17.43.34:229][473]LogWorld: Bringing World /Game/FirstPersonCPP/Maps/UEDPIE_0_FirstPersonExampleMap.FirstPersonExampleMap up for play (max tick rate 0) at 2015.10.29-18.43.34
[2015.10.29-17.43.34:229][473]LogActor:Warning: GameSession /Game/FirstPersonCPP/Maps/UEDPIE_0_FirstPersonExampleMap.FirstPersonExampleMap:PersistentLevel.GameSession_7 has natively added scene component(s), but none of them were set as the actor's RootComponent - picking one arbitrarily
[2015.10.29-17.43.34:230][473]LogActor:Warning: GameNetworkManager /Game/FirstPersonCPP/Maps/UEDPIE_0_FirstPersonExampleMap.FirstPersonExampleMap:PersistentLevel.GameNetworkManager_7 has natively added scene component(s), but none of them were set as the actor's RootComponent - picking one arbitrarily
[2015.10.29-17.43.34:231][473]LogWorld: Bringing up level for play took: 0.024836
[2015.10.29-17.43.34:233][473]PIE: Info Play in editor start time for /Game/FirstPersonCPP/Maps/UEDPIE_0_FirstPersonExampleMap -0.758
[2015.10.29-17.43.34:234][473]LogBlueprintUserMessages: Late PlayInEditor Detection: Level '/Game/FirstPersonCPP/Maps/FirstPersonExampleMap.FirstPersonExampleMap:PersistentLevel' has LevelScriptBlueprint '/Game/FirstPersonCPP/Maps/FirstPersonExampleMap.FirstPersonExampleMap:PersistentLevel.FirstPersonExampleMap' with GeneratedClass '/Game/FirstPersonCPP/Maps/FirstPersonExampleMap.FirstPersonExampleMap_C' with ClassGeneratedBy '/Game/FirstPersonCPP/Maps/FirstPersonExampleMap.FirstPersonExampleMap:PersistentLevel.FirstPersonExampleMap'
[2015.10.29-17.43.37:780][894]LogBlueprintUserMessages: Early EndPlayMap Detection: Level '/Game/FirstPersonCPP/Maps/FirstPersonExampleMap.FirstPersonExampleMap:PersistentLevel' has LevelScriptBlueprint '/Game/FirstPersonCPP/Maps/FirstPersonExampleMap.FirstPersonExampleMap:PersistentLevel.FirstPersonExampleMap' with GeneratedClass '/Game/FirstPersonCPP/Maps/FirstPersonExampleMap.FirstPersonExampleMap_C' with ClassGeneratedBy '/Game/FirstPersonCPP/Maps/FirstPersonExampleMap.FirstPersonExampleMap:PersistentLevel.FirstPersonExampleMap'
[2015.10.29-17.43.37:876][894]LogBlueprintUserMessages: Late EndPlayMap Detection: Level '/Game/FirstPersonCPP/Maps/FirstPersonExampleMap.FirstPersonExampleMap:PersistentLevel' has LevelScriptBlueprint '/Game/FirstPersonCPP/Maps/FirstPersonExampleMap.FirstPersonExampleMap:PersistentLevel.FirstPersonExampleMap' with GeneratedClass '/Game/FirstPersonCPP/Maps/FirstPersonExampleMap.FirstPersonExampleMap_C' with ClassGeneratedBy '/Game/FirstPersonCPP/Maps/FirstPersonExampleMap.FirstPersonExampleMap:PersistentLevel.FirstPersonExampleMap'
[2015.10.29-17.43.37:928][895]LogParticles: Destroying 0 GPU particle simulations for FXSystem 0x0000005CB7A8F4C0
[2015.10.29-17.43.44:497][644]LogBlueprintUserMessages: Early PlayInEditor Detection: Level '/Game/FirstPersonCPP/Maps/FirstPersonExampleMap.FirstPersonExampleMap:PersistentLevel' has LevelScriptBlueprint '/Game/FirstPersonCPP/Maps/FirstPersonExampleMap.FirstPersonExampleMap:PersistentLevel.FirstPersonExampleMap' with GeneratedClass '/Game/FirstPersonCPP/Maps/FirstPersonExampleMap.FirstPersonExampleMap_C' with ClassGeneratedBy '/Game/FirstPersonCPP/Maps/FirstPersonExampleMap.FirstPersonExampleMap:PersistentLevel.FirstPersonExampleMap'
[2015.10.29-17.43.44:497][644]LogPlayLevel: PlayLevel: No blueprints needed recompiling
[2015.10.29-17.43.44:497][644]PIE: New page: PIE session: FirstPersonExampleMap (Oct 29, 2015, 7:43:44 PM)
[2015.10.29-17.43.44:497][644]LogPlayLevel: Creating play world package: /Game/FirstPersonCPP/Maps/UEDPIE_0_FirstPersonExampleMap
[2015.10.29-17.43.44:499][644]LogSkinnedMeshComp:Warning: GetSocketByName(): No SkeletalMesh for CharacterMesh1P
[2015.10.29-17.43.44:526][644]LogPlayLevel: PIE: StaticDuplicateObject took: (0.029412s)
[2015.10.29-17.43.44:527][644]LogAIModule: Creating AISystem for world FirstPersonExampleMap
[2015.10.29-17.43.44:527][644]LogPlayLevel: PIE: World Init took: (0.000594s)
[2015.10.29-17.43.44:527][644]LogPlayLevel: PIE: Created PIE world by copying editor world from /Game/FirstPersonCPP/Maps/FirstPersonExampleMap.FirstPersonExampleMap to /Game/FirstPersonCPP/Maps/UEDPIE_0_FirstPersonExampleMap.FirstPersonExampleMap (0.030202s)
[2015.10.29-17.43.44:560][644]LogInit: XAudio2 using 'Högtalare (Logitech G35 Gaming Headset)' : 2 channels at 44.1 kHz using 16 bits per sample (channel mask 0x3)
[2015.10.29-17.43.44:574][644]LogInit: FAudioDevice initialized.
[2015.10.29-17.43.44:605][644]LogWorld: Game class is 'AutomaticDoorGameMode'
[2015.10.29-17.43.44:629][644]LogWorld:Warning: *** WARNING - PATHS MAY NOT BE VALID ***
[2015.10.29-17.43.44:629][644]LogWorld: Bringing World /Game/FirstPersonCPP/Maps/UEDPIE_0_FirstPersonExampleMap.FirstPersonExampleMap up for play (max tick rate 0) at 2015.10.29-18.43.44
[2015.10.29-17.43.44:629][644]LogActor:Warning: GameSession /Game/FirstPersonCPP/Maps/UEDPIE_0_FirstPersonExampleMap.FirstPersonExampleMap:PersistentLevel.GameSession_8 has natively added scene component(s), but none of them were set as the actor's RootComponent - picking one arbitrarily
[2015.10.29-17.43.44:629][644]LogActor:Warning: GameNetworkManager /Game/FirstPersonCPP/Maps/UEDPIE_0_FirstPersonExampleMap.FirstPersonExampleMap:PersistentLevel.GameNetworkManager_8 has natively added scene component(s), but none of them were set as the actor's RootComponent - picking one arbitrarily
[2015.10.29-17.43.44:630][644]LogWorld: Bringing up level for play took: 0.024360
[2015.10.29-17.43.44:632][644]PIE: Info Play in editor start time for /Game/FirstPersonCPP/Maps/UEDPIE_0_FirstPersonExampleMap -0.359
[2015.10.29-17.43.44:632][644]LogBlueprintUserMessages: Late PlayInEditor Detection: Level '/Game/FirstPersonCPP/Maps/FirstPersonExampleMap.FirstPersonExampleMap:PersistentLevel' has LevelScriptBlueprint '/Game/FirstPersonCPP/Maps/FirstPersonExampleMap.FirstPersonExampleMap:PersistentLevel.FirstPersonExampleMap' with GeneratedClass '/Game/FirstPersonCPP/Maps/FirstPersonExampleMap.FirstPersonExampleMap_C' with ClassGeneratedBy '/Game/FirstPersonCPP/Maps/FirstPersonExampleMap.FirstPersonExampleMap:PersistentLevel.FirstPersonExampleMap'
[2015.10.29-17.43.48:270][ 76]LogBlueprintUserMessages: Early EndPlayMap Detection: Level '/Game/FirstPersonCPP/Maps/FirstPersonExampleMap.FirstPersonExampleMap:PersistentLevel' has LevelScriptBlueprint '/Game/FirstPersonCPP/Maps/FirstPersonExampleMap.FirstPersonExampleMap:PersistentLevel.FirstPersonExampleMap' with GeneratedClass '/Game/FirstPersonCPP/Maps/FirstPersonExampleMap.FirstPersonExampleMap_C' with ClassGeneratedBy '/Game/FirstPersonCPP/Maps/FirstPersonExampleMap.FirstPersonExampleMap:PersistentLevel.FirstPersonExampleMap'
[2015.10.29-17.43.48:366][ 76]LogBlueprintUserMessages: Late EndPlayMap Detection: Level '/Game/FirstPersonCPP/Maps/FirstPersonExampleMap.FirstPersonExampleMap:PersistentLevel' has LevelScriptBlueprint '/Game/FirstPersonCPP/Maps/FirstPersonExampleMap.FirstPersonExampleMap:PersistentLevel.FirstPersonExampleMap' with GeneratedClass '/Game/FirstPersonCPP/Maps/FirstPersonExampleMap.FirstPersonExampleMap_C' with ClassGeneratedBy '/Game/FirstPersonCPP/Maps/FirstPersonExampleMap.FirstPersonExampleMap:PersistentLevel.FirstPersonExampleMap'
[2015.10.29-17.43.48:417][ 77]LogParticles: Destroying 0 GPU particle simulations for FXSystem 0x0000005C8C0776A0
[2015.10.29-17.44.00:837][503]LogBlueprintUserMessages: Early PlayInEditor Detection: Level '/Game/FirstPersonCPP/Maps/FirstPersonExampleMap.FirstPersonExampleMap:PersistentLevel' has LevelScriptBlueprint '/Game/FirstPersonCPP/Maps/FirstPersonExampleMap.FirstPersonExampleMap:PersistentLevel.FirstPersonExampleMap' with GeneratedClass '/Game/FirstPersonCPP/Maps/FirstPersonExampleMap.FirstPersonExampleMap_C' with ClassGeneratedBy '/Game/FirstPersonCPP/Maps/FirstPersonExampleMap.FirstPersonExampleMap:PersistentLevel.FirstPersonExampleMap'
[2015.10.29-17.44.00:837][503]LogPlayLevel: PlayLevel: No blueprints needed recompiling
[2015.10.29-17.44.00:837][503]PIE: New page: PIE session: FirstPersonExampleMap (Oct 29, 2015, 7:44:00 PM)
[2015.10.29-17.44.00:837][503]LogPlayLevel: Creating play world package: /Game/FirstPersonCPP/Maps/UEDPIE_0_FirstPersonExampleMap
[2015.10.29-17.44.00:840][503]LogSkinnedMeshComp:Warning: GetSocketByName(): No SkeletalMesh for CharacterMesh1P
[2015.10.29-17.44.00:867][503]LogPlayLevel: PIE: StaticDuplicateObject took: (0.029933s)
[2015.10.29-17.44.00:868][503]LogAIModule: Creating AISystem for world FirstPersonExampleMap
[2015.10.29-17.44.00:868][503]LogPlayLevel: PIE: World Init took: (0.000665s)
[2015.10.29-17.44.00:868][503]LogPlayLevel: PIE: Created PIE world by copying editor world from /Game/FirstPersonCPP/Maps/FirstPersonExampleMap.FirstPersonExampleMap to /Game/FirstPersonCPP/Maps/UEDPIE_0_FirstPersonExampleMap.FirstPersonExampleMap (0.030811s)
[2015.10.29-17.44.00:900][503]LogInit: XAudio2 using 'Högtalare (Logitech G35 Gaming Headset)' : 2 channels at 44.1 kHz using 16 bits per sample (channel mask 0x3)
[2015.10.29-17.44.00:915][503]LogInit: FAudioDevice initialized.
[2015.10.29-17.44.00:949][503]LogWorld: Game class is 'AutomaticDoorGameMode'
[2015.10.29-17.44.00:972][503]LogWorld:Warning: *** WARNING - PATHS MAY NOT BE VALID ***
[2015.10.29-17.44.00:972][503]LogWorld: Bringing World /Game/FirstPersonCPP/Maps/UEDPIE_0_FirstPersonExampleMap.FirstPersonExampleMap up for play (max tick rate 0) at 2015.10.29-18.44.00
[2015.10.29-17.44.00:972][503]LogActor:Warning: GameSession /Game/FirstPersonCPP/Maps/UEDPIE_0_FirstPersonExampleMap.FirstPersonExampleMap:PersistentLevel.GameSession_9 has natively added scene component(s), but none of them were set as the actor's RootComponent - picking one arbitrarily
[2015.10.29-17.44.00:973][503]LogActor:Warning: GameNetworkManager /Game/FirstPersonCPP/Maps/UEDPIE_0_FirstPersonExampleMap.FirstPersonExampleMap:PersistentLevel.GameNetworkManager_9 has natively added scene component(s), but none of them were set as the actor's RootComponent - picking one arbitrarily
[2015.10.29-17.44.00:974][503]LogWorld: Bringing up level for play took: 0.023958
[2015.10.29-17.44.00:976][503]PIE: Info Play in editor start time for /Game/FirstPersonCPP/Maps/UEDPIE_0_FirstPersonExampleMap -0.016
[2015.10.29-17.44.00:976][503]LogBlueprintUserMessages: Late PlayInEditor Detection: Level '/Game/FirstPersonCPP/Maps/FirstPersonExampleMap.FirstPersonExampleMap:PersistentLevel' has LevelScriptBlueprint '/Game/FirstPersonCPP/Maps/FirstPersonExampleMap.FirstPersonExampleMap:PersistentLevel.FirstPersonExampleMap' with GeneratedClass '/Game/FirstPersonCPP/Maps/FirstPersonExampleMap.FirstPersonExampleMap_C' with ClassGeneratedBy '/Game/FirstPersonCPP/Maps/FirstPersonExampleMap.FirstPersonExampleMap:PersistentLevel.FirstPersonExampleMap'
[2015.10.29-17.44.04:502][921]LogBlueprintUserMessages: Early EndPlayMap Detection: Level '/Game/FirstPersonCPP/Maps/FirstPersonExampleMap.FirstPersonExampleMap:PersistentLevel' has LevelScriptBlueprint '/Game/FirstPersonCPP/Maps/FirstPersonExampleMap.FirstPersonExampleMap:PersistentLevel.FirstPersonExampleMap' with GeneratedClass '/Game/FirstPersonCPP/Maps/FirstPersonExampleMap.FirstPersonExampleMap_C' with ClassGeneratedBy '/Game/FirstPersonCPP/Maps/FirstPersonExampleMap.FirstPersonExampleMap:PersistentLevel.FirstPersonExampleMap'
[2015.10.29-17.44.04:602][921]LogBlueprintUserMessages: Late EndPlayMap Detection: Level '/Game/FirstPersonCPP/Maps/FirstPersonExampleMap.FirstPersonExampleMap:PersistentLevel' has LevelScriptBlueprint '/Game/FirstPersonCPP/Maps/FirstPersonExampleMap.FirstPersonExampleMap:PersistentLevel.FirstPersonExampleMap' with GeneratedClass '/Game/FirstPersonCPP/Maps/FirstPersonExampleMap.FirstPersonExampleMap_C' with ClassGeneratedBy '/Game/FirstPersonCPP/Maps/FirstPersonExampleMap.FirstPersonExampleMap:PersistentLevel.FirstPersonExampleMap'
[2015.10.29-17.44.04:654][922]LogParticles: Destroying 0 GPU particle simulations for FXSystem 0x0000005C8CF1F240
[2015.10.29-17.44.12:545][805]Cmd: TRANSACTION UNDO
[2015.10.29-17.44.12:545][805]LogEditorTransaction: Undo Change Collision Profile
[2015.10.29-17.44.13:166][858]Cmd: TRANSACTION UNDO
[2015.10.29-17.44.13:166][858]LogEditorTransaction: Undo Change Collision Profile
[2015.10.29-17.44.13:748][925]Cmd: TRANSACTION UNDO
[2015.10.29-17.44.13:748][925]LogEditorTransaction: Undo Change Collision Profile
[2015.10.29-17.44.14:419][  2]Cmd: TRANSACTION UNDO
[2015.10.29-17.44.14:419][  2]LogEditorTransaction: Undo Change Collision Profile
[2015.10.29-17.44.15:036][ 73]Cmd: TRANSACTION UNDO
[2015.10.29-17.44.15:036][ 73]LogEditorTransaction: Undo Change Individual Channel
[2015.10.29-17.44.15:523][128]Cmd: TRANSACTION UNDO
[2015.10.29-17.44.15:523][128]LogEditorTransaction: Undo Change Individual Channel
[2015.10.29-17.44.16:002][184]Cmd: TRANSACTION UNDO
[2015.10.29-17.44.16:002][184]LogEditorTransaction: Undo Edit Collision Profile Name
[2015.10.29-17.46.15:045][ 42]LogBlueprintUserMessages: Early PlayInEditor Detection: Level '/Game/FirstPersonCPP/Maps/FirstPersonExampleMap.FirstPersonExampleMap:PersistentLevel' has LevelScriptBlueprint '/Game/FirstPersonCPP/Maps/FirstPersonExampleMap.FirstPersonExampleMap:PersistentLevel.FirstPersonExampleMap' with GeneratedClass '/Game/FirstPersonCPP/Maps/FirstPersonExampleMap.FirstPersonExampleMap_C' with ClassGeneratedBy '/Game/FirstPersonCPP/Maps/FirstPersonExampleMap.FirstPersonExampleMap:PersistentLevel.FirstPersonExampleMap'
[2015.10.29-17.46.15:045][ 42]LogPlayLevel: PlayLevel: No blueprints needed recompiling
[2015.10.29-17.46.15:045][ 42]PIE: New page: PIE session: FirstPersonExampleMap (Oct 29, 2015, 7:46:15 PM)
[2015.10.29-17.46.15:046][ 42]LogPlayLevel: Creating play world package: /Game/FirstPersonCPP/Maps/UEDPIE_0_FirstPersonExampleMap
[2015.10.29-17.46.15:048][ 42]LogSkinnedMeshComp:Warning: GetSocketByName(): No SkeletalMesh for CharacterMesh1P
[2015.10.29-17.46.15:076][ 42]LogPlayLevel: PIE: StaticDuplicateObject took: (0.030935s)
[2015.10.29-17.46.15:077][ 42]LogAIModule: Creating AISystem for world FirstPersonExampleMap
[2015.10.29-17.46.15:078][ 42]LogPlayLevel: PIE: World Init took: (0.001291s)
[2015.10.29-17.46.15:078][ 42]LogPlayLevel: PIE: Created PIE world by copying editor world from /Game/FirstPersonCPP/Maps/FirstPersonExampleMap.FirstPersonExampleMap to /Game/FirstPersonCPP/Maps/UEDPIE_0_FirstPersonExampleMap.FirstPersonExampleMap (0.032472s)
[2015.10.29-17.46.15:112][ 42]LogInit: XAudio2 using 'Högtalare (Logitech G35 Gaming Headset)' : 2 channels at 44.1 kHz using 16 bits per sample (channel mask 0x3)
[2015.10.29-17.46.15:129][ 42]LogInit: FAudioDevice initialized.
[2015.10.29-17.46.15:164][ 42]LogWorld: Game class is 'AutomaticDoorGameMode'
[2015.10.29-17.46.15:187][ 42]LogWorld:Warning: *** WARNING - PATHS MAY NOT BE VALID ***
[2015.10.29-17.46.15:187][ 42]LogWorld: Bringing World /Game/FirstPersonCPP/Maps/UEDPIE_0_FirstPersonExampleMap.FirstPersonExampleMap up for play (max tick rate 0) at 2015.10.29-18.46.15
[2015.10.29-17.46.15:187][ 42]LogActor:Warning: GameSession /Game/FirstPersonCPP/Maps/UEDPIE_0_FirstPersonExampleMap.FirstPersonExampleMap:PersistentLevel.GameSession_10 has natively added scene component(s), but none of them were set as the actor's RootComponent - picking one arbitrarily
[2015.10.29-17.46.15:187][ 42]LogActor:Warning: GameNetworkManager /Game/FirstPersonCPP/Maps/UEDPIE_0_FirstPersonExampleMap.FirstPersonExampleMap:PersistentLevel.GameNetworkManager_10 has natively added scene component(s), but none of them were set as the actor's RootComponent - picking one arbitrarily
[2015.10.29-17.46.15:188][ 42]LogWorld: Bringing up level for play took: 0.023731
[2015.10.29-17.46.15:190][ 42]PIE: Info Play in editor start time for /Game/FirstPersonCPP/Maps/UEDPIE_0_FirstPersonExampleMap 0.199
[2015.10.29-17.46.15:190][ 42]LogBlueprintUserMessages: Late PlayInEditor Detection: Level '/Game/FirstPersonCPP/Maps/FirstPersonExampleMap.FirstPersonExampleMap:PersistentLevel' has LevelScriptBlueprint '/Game/FirstPersonCPP/Maps/FirstPersonExampleMap.FirstPersonExampleMap:PersistentLevel.FirstPersonExampleMap' with GeneratedClass '/Game/FirstPersonCPP/Maps/FirstPersonExampleMap.FirstPersonExampleMap_C' with ClassGeneratedBy '/Game/FirstPersonCPP/Maps/FirstPersonExampleMap.FirstPersonExampleMap:PersistentLevel.FirstPersonExampleMap'
[2015.10.29-17.46.16:518][197]PIE:Warning: Warning SimpleMove failed for AIController_10: movement not allowed
[2015.10.29-17.46.18:843][476]PIE:Warning: Warning SimpleMove failed for AIController_10: movement not allowed
[2015.10.29-17.46.19:152][513]PIE:Warning: Warning SimpleMove failed for AIController_10: movement not allowed
[2015.10.29-17.46.19:460][550]PIE:Warning: Warning SimpleMove failed for AIController_10: movement not allowed
[2015.10.29-17.46.26:735][419]LogBlueprintUserMessages: Early EndPlayMap Detection: Level '/Game/FirstPersonCPP/Maps/FirstPersonExampleMap.FirstPersonExampleMap:PersistentLevel' has LevelScriptBlueprint '/Game/FirstPersonCPP/Maps/FirstPersonExampleMap.FirstPersonExampleMap:PersistentLevel.FirstPersonExampleMap' with GeneratedClass '/Game/FirstPersonCPP/Maps/FirstPersonExampleMap.FirstPersonExampleMap_C' with ClassGeneratedBy '/Game/FirstPersonCPP/Maps/FirstPersonExampleMap.FirstPersonExampleMap:PersistentLevel.FirstPersonExampleMap'
[2015.10.29-17.46.26:828][419]LogBlueprintUserMessages: Late EndPlayMap Detection: Level '/Game/FirstPersonCPP/Maps/FirstPersonExampleMap.FirstPersonExampleMap:PersistentLevel' has LevelScriptBlueprint '/Game/FirstPersonCPP/Maps/FirstPersonExampleMap.FirstPersonExampleMap:PersistentLevel.FirstPersonExampleMap' with GeneratedClass '/Game/FirstPersonCPP/Maps/FirstPersonExampleMap.FirstPersonExampleMap_C' with ClassGeneratedBy '/Game/FirstPersonCPP/Maps/FirstPersonExampleMap.FirstPersonExampleMap:PersistentLevel.FirstPersonExampleMap'
[2015.10.29-17.46.26:860][419]LogParticles: Destroying 0 GPU particle simulations for FXSystem 0x0000005CF8269F80
[2015.10.29-17.46.58:202][982]LogMaterial:Warning: Material /Game/StarterContent/Materials/M_Metal_Gold.M_Metal_Gold needed to have new flag set bUsedWithSkeletalMesh !
[2015.10.29-17.46.58:204][982]LogMaterial: Missing cached shader map for material M_Metal_Gold, compiling. 
[2015.10.29-17.46.58:278][982]LogMaterial: 0.000189 seconds spent updating 1 materials, 1 interfaces, 0 instances, 0 with static permutations.
[2015.10.29-17.46.59:427][ 72]LogBlueprintUserMessages: Early PlayInEditor Detection: Level '/Game/FirstPersonCPP/Maps/FirstPersonExampleMap.FirstPersonExampleMap:PersistentLevel' has LevelScriptBlueprint '/Game/FirstPersonCPP/Maps/FirstPersonExampleMap.FirstPersonExampleMap:PersistentLevel.FirstPersonExampleMap' with GeneratedClass '/Game/FirstPersonCPP/Maps/FirstPersonExampleMap.FirstPersonExampleMap_C' with ClassGeneratedBy '/Game/FirstPersonCPP/Maps/FirstPersonExampleMap.FirstPersonExampleMap:PersistentLevel.FirstPersonExampleMap'
[2015.10.29-17.46.59:427][ 72]LogPlayLevel: PlayLevel: No blueprints needed recompiling
[2015.10.29-17.46.59:428][ 72]PIE: New page: PIE session: FirstPersonExampleMap (Oct 29, 2015, 7:46:59 PM)
[2015.10.29-17.46.59:428][ 72]LogPlayLevel: Creating play world package: /Game/FirstPersonCPP/Maps/UEDPIE_0_FirstPersonExampleMap
[2015.10.29-17.46.59:430][ 72]LogSkinnedMeshComp:Warning: GetSocketByName(): No SkeletalMesh for CharacterMesh1P
[2015.10.29-17.46.59:458][ 72]LogPlayLevel: PIE: StaticDuplicateObject took: (0.030724s)
[2015.10.29-17.46.59:458][ 72]LogAIModule: Creating AISystem for world FirstPersonExampleMap
[2015.10.29-17.46.59:459][ 72]LogPlayLevel: PIE: World Init took: (0.000753s)
[2015.10.29-17.46.59:459][ 72]LogPlayLevel: PIE: Created PIE world by copying editor world from /Game/FirstPersonCPP/Maps/FirstPersonExampleMap.FirstPersonExampleMap to /Game/FirstPersonCPP/Maps/UEDPIE_0_FirstPersonExampleMap.FirstPersonExampleMap (0.031671s)
[2015.10.29-17.46.59:491][ 72]LogInit: XAudio2 using 'Högtalare (Logitech G35 Gaming Headset)' : 2 channels at 44.1 kHz using 16 bits per sample (channel mask 0x3)
[2015.10.29-17.46.59:506][ 72]LogInit: FAudioDevice initialized.
[2015.10.29-17.46.59:541][ 72]LogWorld: Game class is 'AutomaticDoorGameMode'
[2015.10.29-17.46.59:564][ 72]LogWorld:Warning: *** WARNING - PATHS MAY NOT BE VALID ***
[2015.10.29-17.46.59:564][ 72]LogWorld: Bringing World /Game/FirstPersonCPP/Maps/UEDPIE_0_FirstPersonExampleMap.FirstPersonExampleMap up for play (max tick rate 0) at 2015.10.29-18.46.59
[2015.10.29-17.46.59:564][ 72]LogActor:Warning: GameSession /Game/FirstPersonCPP/Maps/UEDPIE_0_FirstPersonExampleMap.FirstPersonExampleMap:PersistentLevel.GameSession_11 has natively added scene component(s), but none of them were set as the actor's RootComponent - picking one arbitrarily
[2015.10.29-17.46.59:564][ 72]LogActor:Warning: GameNetworkManager /Game/FirstPersonCPP/Maps/UEDPIE_0_FirstPersonExampleMap.FirstPersonExampleMap:PersistentLevel.GameNetworkManager_11 has natively added scene component(s), but none of them were set as the actor's RootComponent - picking one arbitrarily
[2015.10.29-17.46.59:566][ 72]LogWorld: Bringing up level for play took: 0.023879
[2015.10.29-17.46.59:568][ 72]PIE: Info Play in editor start time for /Game/FirstPersonCPP/Maps/UEDPIE_0_FirstPersonExampleMap 0.577
[2015.10.29-17.46.59:568][ 72]LogBlueprintUserMessages: Late PlayInEditor Detection: Level '/Game/FirstPersonCPP/Maps/FirstPersonExampleMap.FirstPersonExampleMap:PersistentLevel' has LevelScriptBlueprint '/Game/FirstPersonCPP/Maps/FirstPersonExampleMap.FirstPersonExampleMap:PersistentLevel.FirstPersonExampleMap' with GeneratedClass '/Game/FirstPersonCPP/Maps/FirstPersonExampleMap.FirstPersonExampleMap_C' with ClassGeneratedBy '/Game/FirstPersonCPP/Maps/FirstPersonExampleMap.FirstPersonExampleMap:PersistentLevel.FirstPersonExampleMap'
[2015.10.29-17.47.05:230][712]LogBlueprintUserMessages: Early EndPlayMap Detection: Level '/Game/FirstPersonCPP/Maps/FirstPersonExampleMap.FirstPersonExampleMap:PersistentLevel' has LevelScriptBlueprint '/Game/FirstPersonCPP/Maps/FirstPersonExampleMap.FirstPersonExampleMap:PersistentLevel.FirstPersonExampleMap' with GeneratedClass '/Game/FirstPersonCPP/Maps/FirstPersonExampleMap.FirstPersonExampleMap_C' with ClassGeneratedBy '/Game/FirstPersonCPP/Maps/FirstPersonExampleMap.FirstPersonExampleMap:PersistentLevel.FirstPersonExampleMap'
[2015.10.29-17.47.05:331][712]LogBlueprintUserMessages: Late EndPlayMap Detection: Level '/Game/FirstPersonCPP/Maps/FirstPersonExampleMap.FirstPersonExampleMap:PersistentLevel' has LevelScriptBlueprint '/Game/FirstPersonCPP/Maps/FirstPersonExampleMap.FirstPersonExampleMap:PersistentLevel.FirstPersonExampleMap' with GeneratedClass '/Game/FirstPersonCPP/Maps/FirstPersonExampleMap.FirstPersonExampleMap_C' with ClassGeneratedBy '/Game/FirstPersonCPP/Maps/FirstPersonExampleMap.FirstPersonExampleMap:PersistentLevel.FirstPersonExampleMap'
[2015.10.29-17.47.05:388][713]LogParticles: Destroying 0 GPU particle simulations for FXSystem 0x0000005CADF118A0
[2015.10.29-17.47.16:282][115]LogShaderCompilers:Warning: Failed to compile Material /Game/StarterContent/Materials/M_Metal_Gold.M_Metal_Gold for platform PCD3D_SM5, Default Material will be used in game.
[2015.10.29-17.47.17:978][246]LogBlueprintUserMessages: Early PlayInEditor Detection: Level '/Game/FirstPersonCPP/Maps/FirstPersonExampleMap.FirstPersonExampleMap:PersistentLevel' has LevelScriptBlueprint '/Game/FirstPersonCPP/Maps/FirstPersonExampleMap.FirstPersonExampleMap:PersistentLevel.FirstPersonExampleMap' with GeneratedClass '/Game/FirstPersonCPP/Maps/FirstPersonExampleMap.FirstPersonExampleMap_C' with ClassGeneratedBy '/Game/FirstPersonCPP/Maps/FirstPersonExampleMap.FirstPersonExampleMap:PersistentLevel.FirstPersonExampleMap'
[2015.10.29-17.47.17:979][246]LogPlayLevel: PlayLevel: No blueprints needed recompiling
[2015.10.29-17.47.17:979][246]PIE: New page: PIE session: FirstPersonExampleMap (Oct 29, 2015, 7:47:17 PM)
[2015.10.29-17.47.17:979][246]LogPlayLevel: Creating play world package: /Game/FirstPersonCPP/Maps/UEDPIE_0_FirstPersonExampleMap
[2015.10.29-17.47.17:981][246]LogSkinnedMeshComp:Warning: GetSocketByName(): No SkeletalMesh for CharacterMesh1P
[2015.10.29-17.47.18:008][246]LogPlayLevel: PIE: StaticDuplicateObject took: (0.029256s)
[2015.10.29-17.47.18:008][246]LogAIModule: Creating AISystem for world FirstPersonExampleMap
[2015.10.29-17.47.18:008][246]LogPlayLevel: PIE: World Init took: (0.000718s)
[2015.10.29-17.47.18:009][246]LogPlayLevel: PIE: Created PIE world by copying editor world from /Game/FirstPersonCPP/Maps/FirstPersonExampleMap.FirstPersonExampleMap to /Game/FirstPersonCPP/Maps/UEDPIE_0_FirstPersonExampleMap.FirstPersonExampleMap (0.030183s)
[2015.10.29-17.47.18:041][246]LogInit: XAudio2 using 'Högtalare (Logitech G35 Gaming Headset)' : 2 channels at 44.1 kHz using 16 bits per sample (channel mask 0x3)
[2015.10.29-17.47.18:055][246]LogInit: FAudioDevice initialized.
[2015.10.29-17.47.18:089][246]LogWorld: Game class is 'AutomaticDoorGameMode'
[2015.10.29-17.47.18:112][246]LogWorld:Warning: *** WARNING - PATHS MAY NOT BE VALID ***
[2015.10.29-17.47.18:112][246]LogWorld: Bringing World /Game/FirstPersonCPP/Maps/UEDPIE_0_FirstPersonExampleMap.FirstPersonExampleMap up for play (max tick rate 0) at 2015.10.29-18.47.18
[2015.10.29-17.47.18:112][246]LogActor:Warning: GameSession /Game/FirstPersonCPP/Maps/UEDPIE_0_FirstPersonExampleMap.FirstPersonExampleMap:PersistentLevel.GameSession_12 has natively added scene component(s), but none of them were set as the actor's RootComponent - picking one arbitrarily
[2015.10.29-17.47.18:112][246]LogActor:Warning: GameNetworkManager /Game/FirstPersonCPP/Maps/UEDPIE_0_FirstPersonExampleMap.FirstPersonExampleMap:PersistentLevel.GameNetworkManager_12 has natively added scene component(s), but none of them were set as the actor's RootComponent - picking one arbitrarily
[2015.10.29-17.47.18:114][246]LogWorld: Bringing up level for play took: 0.023743
[2015.10.29-17.47.18:116][246]PIE: Info Play in editor start time for /Game/FirstPersonCPP/Maps/UEDPIE_0_FirstPersonExampleMap 1.125
[2015.10.29-17.47.18:116][246]LogBlueprintUserMessages: Late PlayInEditor Detection: Level '/Game/FirstPersonCPP/Maps/FirstPersonExampleMap.FirstPersonExampleMap:PersistentLevel' has LevelScriptBlueprint '/Game/FirstPersonCPP/Maps/FirstPersonExampleMap.FirstPersonExampleMap:PersistentLevel.FirstPersonExampleMap' with GeneratedClass '/Game/FirstPersonCPP/Maps/FirstPersonExampleMap.FirstPersonExampleMap_C' with ClassGeneratedBy '/Game/FirstPersonCPP/Maps/FirstPersonExampleMap.FirstPersonExampleMap:PersistentLevel.FirstPersonExampleMap'
[2015.10.29-17.47.24:431][999]LogBlueprintUserMessages: Early EndPlayMap Detection: Level '/Game/FirstPersonCPP/Maps/FirstPersonExampleMap.FirstPersonExampleMap:PersistentLevel' has LevelScriptBlueprint '/Game/FirstPersonCPP/Maps/FirstPersonExampleMap.FirstPersonExampleMap:PersistentLevel.FirstPersonExampleMap' with GeneratedClass '/Game/FirstPersonCPP/Maps/FirstPersonExampleMap.FirstPersonExampleMap_C' with ClassGeneratedBy '/Game/FirstPersonCPP/Maps/FirstPersonExampleMap.FirstPersonExampleMap:PersistentLevel.FirstPersonExampleMap'
[2015.10.29-17.47.24:525][999]LogBlueprintUserMessages: Late EndPlayMap Detection: Level '/Game/FirstPersonCPP/Maps/FirstPersonExampleMap.FirstPersonExampleMap:PersistentLevel' has LevelScriptBlueprint '/Game/FirstPersonCPP/Maps/FirstPersonExampleMap.FirstPersonExampleMap:PersistentLevel.FirstPersonExampleMap' with GeneratedClass '/Game/FirstPersonCPP/Maps/FirstPersonExampleMap.FirstPersonExampleMap_C' with ClassGeneratedBy '/Game/FirstPersonCPP/Maps/FirstPersonExampleMap.FirstPersonExampleMap:PersistentLevel.FirstPersonExampleMap'
[2015.10.29-17.47.24:578][  0]LogParticles: Destroying 0 GPU particle simulations for FXSystem 0x0000005CADF13240
[2015.10.29-17.47.32:807][413]LogCrashTracker: 


[2015.10.29-17.47.32:809][413]LogCrashTracker: 


[2015.10.29-17.47.32:809][413]LogWindows: === Critical error: ===
Fatal error!



[2015.10.29-17.47.32:911][413]LogExit: Executing StaticShutdownAfterError
[2015.10.29-17.47.32:916][413]LogPhysics:Warning: PHYSX: ..\..\PhysX\src\NpScene.cpp (2946) 8 : PxScene::unlockWrite() called without matching call to PxScene::lockWrite(), behaviour will be undefined.
[2015.10.29-17.47.32:916][413]LogPhysics:Warning: PHYSX: ..\..\PhysX\src\NpScene.cpp (2946) 8 : PxScene::unlockWrite() called without matching call to PxScene::lockWrite(), behaviour will be undefined.
[2015.10.29-17.47.32:916][413]LogWindows: FPlatformMisc::RequestExit(1)
[2015.10.29-17.47.32:916][413]Log file closed, 10/29/15 18:47:32
