[2015.10.29-09.43.22:292][  0]Log file open, 10/29/15 10:43:22
[2015.10.29-09.43.22:292][  0]LogInit:Display: Running engine for game: AutomaticDoor
[2015.10.29-09.43.22:292][  0]LogInit:Display: RandInit(709752463) SRandInit(709752464).
[2015.10.29-09.43.22:292][  0]LogTaskGraph: Started task graph with 4 named threads and 7 total threads.
[2015.10.29-09.43.22:292][  0]LogStats: Stats thread started at 5.174804
[2015.10.29-09.43.22:292][  0]LogInit: Version: 4.9.2-2707645+++depot+UE4-Releases+4.9
[2015.10.29-09.43.22:292][  0]LogInit: API Version: 2672455
[2015.10.29-09.43.22:292][  0]LogInit: Compiled (64-bit): Sep 28 2015 10:25:44
[2015.10.29-09.43.22:292][  0]LogInit: Compiled with Visual C++: 18.00.21005.01
[2015.10.29-09.43.22:292][  0]LogInit: Build Configuration: Development
[2015.10.29-09.43.22:292][  0]LogInit: Branch Name: ++depot+UE4-Releases+4.9
[2015.10.29-09.43.22:292][  0]LogInit: Command line:  
[2015.10.29-09.43.22:292][  0]LogInit: Base directory: C:/Program Files/Epic Games/4.9/Engine/Binaries/Win64/
[2015.10.29-09.43.22:292][  0]LogInit: Rocket: 1
[2015.10.29-09.43.22:608][  0]LogInit: Using libcurl 7.41.0
[2015.10.29-09.43.22:608][  0]LogInit:  - built for x86_64-pc-win32
[2015.10.29-09.43.22:608][  0]LogInit:  - supports SSL with WinSSL
[2015.10.29-09.43.22:608][  0]LogInit:  - other features:
[2015.10.29-09.43.22:608][  0]LogInit:      CURL_VERSION_SSL
[2015.10.29-09.43.22:608][  0]LogInit:      CURL_VERSION_IPV6
[2015.10.29-09.43.22:608][  0]LogInit:      CURL_VERSION_ASYNCHDNS
[2015.10.29-09.43.22:608][  0]LogInit:      CURL_VERSION_LARGEFILE
[2015.10.29-09.43.22:608][  0]LogInit:      CURL_VERSION_IDN
[2015.10.29-09.43.22:610][  0]LogInit:  CurlRequestOptions (configurable via config and command line):
[2015.10.29-09.43.22:611][  0]LogInit:  - bVerifyPeer = true  - Libcurl will verify peer certificate
[2015.10.29-09.43.22:611][  0]LogInit:  - bUseHttpProxy = false  - Libcurl will NOT use HTTP proxy
[2015.10.29-09.43.22:611][  0]LogInit:  - bDontReuseConnections = false  - Libcurl will reuse connections
[2015.10.29-09.43.22:611][  0]LogInit:  - CertBundlePath = nullptr  - Libcurl will use whatever was configured at build time.
[2015.10.29-09.43.22:894][  0]LogInit: Presizing for 0 objects not considered by GC, pre-allocating 0 bytes.
[2015.10.29-09.43.22:941][  0]LogInit: Object subsystem initialized
[2015.10.29-09.43.23:128][  0]LogInit: Selected Device Profile: [Windows]
[2015.10.29-09.43.23:128][  0]LogInit: Applying CVar settings loaded from the selected device profile: [Windows]
[2015.10.29-09.43.23:310][  0]LogInit: Computer: SpellabbA333-09
[2015.10.29-09.43.23:310][  0]LogInit: User: Spellabbet
[2015.10.29-09.43.23:310][  0]LogInit: CPU Page size=4096, Cores=4
[2015.10.29-09.43.23:311][  0]LogInit: High frequency timer resolution =3.507515 MHz
[2015.10.29-09.43.23:312][  0]LogMemory: Memory total: Physical=15.9GB (16GB approx)
[2015.10.29-09.43.23:312][  0]LogMemory: Platform Memory Stats for Windows
[2015.10.29-09.43.23:312][  0]LogMemory: Process Physical Memory: 52.23 MB used, 52.23 MB peak
[2015.10.29-09.43.23:312][  0]LogMemory: Process Virtual Memory: 54.99 MB used, 54.99 MB peak
[2015.10.29-09.43.23:312][  0]LogMemory: Physical Memory: 2184.72 MB used, 16318.82 MB total
[2015.10.29-09.43.23:312][  0]LogMemory: Virtual Memory: 347.38 MB used, 134217728.00 MB total
[2015.10.29-09.43.24:876][  0]LogTextLocalizationManager: No translations for ('sv-SE') exist, falling back to 'en' for localization and internationalization data.
[2015.10.29-09.43.26:797][  0]LogD3D11RHI: Found D3D11 adapter 0: NVIDIA GeForce GTX 960 (Feature Level 11_0)
[2015.10.29-09.43.26:797][  0]LogD3D11RHI: Adapter has 1965MB of dedicated video memory, 0MB of dedicated system memory, and 2048MB of shared system memory, 1 output[s]
[2015.10.29-09.43.26:798][  0]LogD3D11RHI: Found D3D11 adapter 1: Microsoft Basic Render Driver (Feature Level 11_0)
[2015.10.29-09.43.26:798][  0]LogD3D11RHI: Adapter has 0MB of dedicated video memory, 0MB of dedicated system memory, and 256MB of shared system memory, 0 output[s]
[2015.10.29-09.43.26:798][  0]LogD3D11RHI: Chosen D3D11 Adapter Id = 0
[2015.10.29-09.43.26:801][  0]LogD3D11RHI: !Direct3DDevice
[2015.10.29-09.43.26:801][  0]LogRHI: Texture pool is 1361 MB (70% of 1945 MB)
[2015.10.29-09.43.26:813][  0]LogD3D11RHI: Async texture creation enabled
[2015.10.29-09.43.27:091][  0]LogShaderCompilers: Guid format shader working directory is 15 characters bigger than the processId version (../../../../../../Users/Spellabbet/Documents/Unreal Projects/AutomaticDoor/Intermediate/Shaders/WorkingDirectory/1408/).
[2015.10.29-09.43.27:091][  0]LogShaderCompilers: Cleaned the shader compiler working directory '../../../../../../Users/Spellabbet/Documents/Unreal Projects/AutomaticDoor/Intermediate/Shaders/tmp/632AAD3A450E446DDBA8BE8234AF7AC1/'.
[2015.10.29-09.43.27:093][  0]LogShaderCompilers:Display: Using Local Shader Compiler.
[2015.10.29-09.43.33:863][  0]LogTemp:Display: Loaded TP AllDesktopTargetPlatform
[2015.10.29-09.43.33:867][  0]LogTemp:Display: Loaded TP WindowsClientTargetPlatform
[2015.10.29-09.43.33:871][  0]LogTemp:Display: Loaded TP WindowsNoEditorTargetPlatform
[2015.10.29-09.43.33:875][  0]LogTemp:Display: Loaded TP WindowsServerTargetPlatform
[2015.10.29-09.43.33:879][  0]LogTemp:Display: Loaded TP WindowsTargetPlatform
[2015.10.29-09.43.33:884][  0]LogTemp:Display: Loaded TP AndroidTargetPlatform
[2015.10.29-09.43.33:887][  0]LogTemp:Display: Loaded TP Android_ASTCTargetPlatform
[2015.10.29-09.43.33:891][  0]LogTemp:Display: Loaded TP Android_ATCTargetPlatform
[2015.10.29-09.43.33:895][  0]LogTemp:Display: Loaded TP Android_DXTTargetPlatform
[2015.10.29-09.43.33:898][  0]LogTemp:Display: Loaded TP Android_ETC1TargetPlatform
[2015.10.29-09.43.33:903][  0]LogTemp:Display: Loaded TP Android_ETC2TargetPlatform
[2015.10.29-09.43.33:906][  0]LogTemp:Display: Loaded TP Android_PVRTCTargetPlatform
[2015.10.29-09.43.33:907][  0]LogTemp:Display: Loaded TP HTML5TargetPlatform
[2015.10.29-09.43.33:988][  0]LogTemp:Display: Loaded TP IOSTargetPlatform
[2015.10.29-09.43.33:991][  0]LogTemp:Display: Loaded TP LinuxNoEditorTargetPlatform
[2015.10.29-09.43.33:995][  0]LogTemp:Display: Loaded TP LinuxServerTargetPlatform
[2015.10.29-09.43.34:001][  0]LogTemp:Display: Loaded TP LinuxTargetPlatform
[2015.10.29-09.43.34:001][  0]LogTargetPlatformManager:Display: Building Assets For Windows
[2015.10.29-09.43.34:614][  0]LogDerivedDataCache:Display: Max Cache Size: 512 MB
[2015.10.29-09.43.37:938][  0]LogDerivedDataCache: Loaded boot cache 3.32s 43MB C:/Users/Spellabbet/AppData/Local/UnrealEngine/4.9/DerivedDataCache/Boot.ddc.
[2015.10.29-09.43.37:938][  0]LogDerivedDataCache:Display: Loaded Boot cache: C:/Users/Spellabbet/AppData/Local/UnrealEngine/4.9/DerivedDataCache/Boot.ddc
[2015.10.29-09.43.37:938][  0]LogDerivedDataCache: FDerivedDataBackendGraph:  Pak pak cache file ../../../../../../Users/Spellabbet/Documents/Unreal Projects/AutomaticDoor/DerivedDataCache/DDC.ddp not found, will not use a pak cache.
[2015.10.29-09.43.37:938][  0]LogDerivedDataCache: Unable to find inner node Pak for hierarchical cache Hierarchy.
[2015.10.29-09.43.37:939][  0]LogDerivedDataCache: FDerivedDataBackendGraph:  CompressedPak pak cache file ../../../../../../Users/Spellabbet/Documents/Unreal Projects/AutomaticDoor/DerivedDataCache/Compressed.ddp not found, will not use a pak cache.
[2015.10.29-09.43.37:939][  0]LogDerivedDataCache: Unable to find inner node CompressedPak for hierarchical cache Hierarchy.
[2015.10.29-09.43.38:248][  0]LogDerivedDataCache:Display: Pak cache opened for reading ../../../Engine/DerivedDataCache/Compressed.ddp.
[2015.10.29-09.43.38:261][  0]LogDerivedDataCache: Using Local data cache path C:/Users/Spellabbet/AppData/Local/UnrealEngine/Common/DerivedDataCache: Writable
[2015.10.29-09.43.49:955][  0]LogInit: Selected Device Profile: [Windows]
[2015.10.29-09.43.49:988][  0]LogContentStreaming: Texture pool size is 0.000000MB
[2015.10.29-09.43.50:852][  0]LogMeshUtilities: No automatic mesh reduction module available
[2015.10.29-09.43.50:852][  0]LogMeshUtilities: No automatic mesh merging module available
[2015.10.29-09.43.52:472][  0]LogInit: WinSock: version 1.1 (2.2), MaxSocks=32767, MaxUdp=65467
[2015.10.29-09.43.59:347][  0]UdpMessaging: Initializing bridge on interface 0.0.0.0:0 to multicast group 230.0.0.1:6666.
[2015.10.29-09.43.59:420][  0]LogSkinnedMeshComp:Warning: GetSocketByName(): No SkeletalMesh for CharacterMesh1P
[2015.10.29-09.43.59:434][  0]LogLinker:Warning: Asset '../../../../../../Users/Spellabbet/Documents/Unreal Projects/AutomaticDoor/Content/FirstPersonCPP/Blueprints/FirstPersonCharacter.uasset' has been saved with empty engine version. The asset will be loaded but may be incompatible.
[2015.10.29-09.43.59:877][  0]LogLinker:Warning: Asset '../../../../../../Users/Spellabbet/Documents/Unreal Projects/AutomaticDoor/Content/FirstPerson/Meshes/FirstPersonProjectileMesh.uasset' has been saved with empty engine version. The asset will be loaded but may be incompatible.
[2015.10.29-09.44.00:885][  0]LogSkinnedMeshComp:Warning: GetSocketByName(): No SkeletalMesh for CharacterMesh1P
[2015.10.29-09.44.00:888][  0]LogSkinnedMeshComp:Warning: GetSocketByName(): No SkeletalMesh for CharacterMesh1P
[2015.10.29-09.44.01:663][  0]LogAssetRegistry: FAssetRegistry took 0.0370 seconds to start up
[2015.10.29-09.44.03:651][  0]SourceControl: Info Source control is disabled
[2015.10.29-09.44.04:044][  0]SourceControl: Info Source control is disabled
[2015.10.29-09.44.04:122][  0]SourceControl: Info Source control is disabled
[2015.10.29-09.44.04:170][  0]SourceControl: Info Source control is disabled
[2015.10.29-09.44.04:678][  0]LogLinker:Warning: Asset '../../../Engine/Plugins/Runtime/LeapMotionController/Content/LM_PassthroughMaterial.uasset' has been saved with empty engine version. The asset will be loaded but may be incompatible.
[2015.10.29-09.44.04:916][  0]LogObj: 32040 objects as part of root set at end of initial load.
[2015.10.29-09.44.04:916][  0]LogUObjectAllocator: 7361000 out of 0 bytes used by permanent object pool.
[2015.10.29-09.44.05:591][  0]LogEngine: Initializing Engine...
[2015.10.29-09.44.05:599][  0]LogHMD: Can't find Oculus library dev build: is proper Runtime installed? Version: 0.7.0.0
[2015.10.29-09.44.05:628][  0]LogHMD: SteamVR failed to initialize.  Err: 110
[2015.10.29-09.44.05:992][  0]LogAIModule: Creating AISystem for world NewWorld
[2015.10.29-09.44.06:063][  0]LogInit: XAudio2 using 'Speakers (4- High Definition Audio Device)' : 2 channels at 44.1 kHz using 16 bits per sample (channel mask 0x3)
[2015.10.29-09.44.06:281][  0]LogInit: FAudioDevice initialized.
[2015.10.29-09.44.06:303][  0]LogDerivedDataCache: Saved boot cache 0.02s 43MB C:/Users/Spellabbet/AppData/Local/UnrealEngine/4.9/DerivedDataCache/Boot.ddc.
[2015.10.29-09.44.06:307][  0]LogInit: Texture streaming: Enabled
[2015.10.29-09.44.06:523][  0]LogAnalytics: Creating configured Analytics provider AnalyticsET
[2015.10.29-09.44.06:648][  0]LogAnalytics: [UEEditor.Rocket.Release] APIServer = http://et2.epicgames.com/ET2/. AppVersion = 4.9.2-2707645+++depot+UE4-Releases+4.9
[2015.10.29-09.44.06:648][  0]LogAnalytics: [UEEditor.Rocket.Release] SetUserId 7e3fa46547d3e524ffb1328701b2a07b|99f216c1865e471987722078da7bde5f|060e5e79-a789-49c4-8abd-5d8b330400a7
[2015.10.29-09.44.06:648][  0]LogAnalytics: [UEEditor.Rocket.Release] AnalyticsET::StartSession
[2015.10.29-09.44.07:154][  0]LogInit: Transaction tracking system initialized
[2015.10.29-09.44.07:541][  0]BlueprintLog: New page: Editor Load
[2015.10.29-09.44.11:106][  0]LocalizationService: Info Localization service is disabled
[2015.10.29-09.44.11:497][  0]LogConsoleResponse:Display: 
[2015.10.29-09.44.13:444][  0]LogFileCache: Scanning file cache for directory 'C:/Users/Spellabbet/Documents/Unreal Projects/AutomaticDoor/Content/' took 0.11s
[2015.10.29-09.44.13:444][  0]LogCook:Display: Done creating registry. It took  0.00s.
[2015.10.29-09.44.13:974][  0]SourceControl: Info Source control is disabled
[2015.10.29-09.44.13:986][  0]Cmd: MAP LOAD FILE="../../../../../../Users/Spellabbet/Documents/Unreal Projects/AutomaticDoor/Content/FirstPersonCPP/Maps/FirstPersonExampleMap.umap" TEMPLATE=0 SHOWPROGRESS=1 FEATURELEVEL=3
[2015.10.29-09.44.14:185][  0]LightingResults: New page: Lighting Build
[2015.10.29-09.44.14:229][  0]MapCheck: New page: Map Check
[2015.10.29-09.44.14:229][  0]LightingResults: New page: Lighting Build
[2015.10.29-09.44.14:314][  0]LogParticles: Destroying 0 GPU particle simulations for FXSystem 0x0000002326216480
[2015.10.29-09.44.17:010][  0]LogSkinnedMeshComp:Warning: GetSocketByName(): No SkeletalMesh for CharacterMesh1P
[2015.10.29-09.44.21:805][  0]LogAIModule: Creating AISystem for world FirstPersonExampleMap
[2015.10.29-09.44.22:306][  0]LogEditorServer: Finished looking for orphan Actors (0.000 secs)
[2015.10.29-09.44.22:357][  0]Cmd: MAP CHECKDEP NOCLEARLOG
[2015.10.29-09.44.22:450][  0]MapCheck: Info Map check complete: 0 Error(s), 0 Warning(s), took 93.671ms to complete.
[2015.10.29-09.44.22:451][  0]LogFileHelpers: Loading map 'FirstPersonExampleMap' took 8.469
[2015.10.29-09.44.23:148][  0]LogCollectionManager: Loaded 0 collections in 0.005176 seconds
[2015.10.29-09.44.23:308][  0]LogFileCache: Scanning file cache for directory 'C:/Users/Spellabbet/Documents/Unreal Projects/AutomaticDoor/Saved/Collections/' took 0.01s
[2015.10.29-09.44.23:308][  0]LogFileCache: Scanning file cache for directory 'C:/Users/Spellabbet/Documents/Unreal Projects/AutomaticDoor/Content/Developers/Spellabbet/Collections/' took 0.01s
[2015.10.29-09.44.23:309][  0]LogFileCache: Scanning file cache for directory 'C:/Users/Spellabbet/Documents/Unreal Projects/AutomaticDoor/Content/Collections/' took 0.01s
[2015.10.29-09.44.23:309][  0]LogContentBrowser: Native class hierarchy populated in 0.0337 seconds. Added 1873 classes and 335 folders.
[2015.10.29-09.44.23:438][  0]LogCollectionManager: Rebuilt the GUID cache for 0 collections in 0.000008 seconds
[2015.10.29-09.44.23:492][  0]LogContentBrowser: Native class hierarchy updated for 'WidgetCarousel' in 0.0040 seconds. Added 0 classes and 0 folders.
[2015.10.29-09.44.24:999][  0]LogContentBrowser: Native class hierarchy updated for 'AddContentDialog' in 0.0028 seconds. Added 0 classes and 0 folders.
[2015.10.29-09.44.25:236][  0]LogContentBrowser: Native class hierarchy updated for 'SceneOutliner' in 0.0042 seconds. Added 1 classes and 2 folders.
[2015.10.29-09.44.25:909][  0]LogCrashTracker: Crashtracker disabled due to settings.
[2015.10.29-09.44.25:933][  0]LogUObjectGlobals:Warning: Failed to find object 'Class None.'
[2015.10.29-09.44.25:961][  0]LogLoad: Full Startup: 77.75 seconds (BP compile: 0.34 seconds)
[2015.10.29-09.44.26:390][  0]LogContentStreaming: Texture pool size now 1000 MB
[2015.10.29-09.44.26:628][  0]LogRenderer: Reallocating scene render targets to support 1208x556 (Frame:2).
[2015.10.29-09.44.27:140][  3]LogAssetRegistry: Asset discovery search completed in 25.4902 seconds
[2015.10.29-09.44.27:140][  3]LogCollectionManager: Rebuilt the object cache for 0 collections in 0.000001 seconds (found 0 objects)
[2015.10.29-09.44.27:158][  3]LogCollectionManager: Fixed up redirectors for 0 collections in 0.000028 seconds (updated 0 objects)
[2015.10.29-09.44.53:610][636]LogBlueprintUserMessages: Early PlayInEditor Detection: Level '/Game/FirstPersonCPP/Maps/FirstPersonExampleMap.FirstPersonExampleMap:PersistentLevel' has LevelScriptBlueprint '/Game/FirstPersonCPP/Maps/FirstPersonExampleMap.FirstPersonExampleMap:PersistentLevel.FirstPersonExampleMap' with GeneratedClass '/Game/FirstPersonCPP/Maps/FirstPersonExampleMap.FirstPersonExampleMap_C' with ClassGeneratedBy '/Game/FirstPersonCPP/Maps/FirstPersonExampleMap.FirstPersonExampleMap:PersistentLevel.FirstPersonExampleMap'
[2015.10.29-09.44.53:610][636]LogPlayLevel: PlayLevel: No blueprints needed recompiling
[2015.10.29-09.44.53:622][636]PIE: New page: PIE session: FirstPersonExampleMap (Oct 29, 2015, 11:44:53 AM)
[2015.10.29-09.44.53:622][636]LogPlayLevel: Creating play world package: /Game/FirstPersonCPP/Maps/UEDPIE_0_FirstPersonExampleMap
[2015.10.29-09.44.53:628][636]LogSkinnedMeshComp:Warning: GetSocketByName(): No SkeletalMesh for CharacterMesh1P
[2015.10.29-09.44.53:691][636]LogPlayLevel: PIE: StaticDuplicateObject took: (0.068718s)
[2015.10.29-09.44.53:693][636]LogAIModule: Creating AISystem for world FirstPersonExampleMap
[2015.10.29-09.44.53:694][636]LogPlayLevel: PIE: World Init took: (0.002684s)
[2015.10.29-09.44.53:694][636]LogPlayLevel: PIE: Created PIE world by copying editor world from /Game/FirstPersonCPP/Maps/FirstPersonExampleMap.FirstPersonExampleMap to /Game/FirstPersonCPP/Maps/UEDPIE_0_FirstPersonExampleMap.FirstPersonExampleMap (0.072237s)
[2015.10.29-09.44.53:694][636]LogActorComponent: UnregisterComponent: (/Engine/Transient.CharMoveComp) Not registered. Aborting.
[2015.10.29-09.44.53:714][636]LogInit: XAudio2 using 'Speakers (4- High Definition Audio Device)' : 2 channels at 44.1 kHz using 16 bits per sample (channel mask 0x3)
[2015.10.29-09.44.53:718][636]LogInit: FAudioDevice initialized.
[2015.10.29-09.44.53:839][636]LogWorld: Game class is 'AutomaticDoorGameMode'
[2015.10.29-09.44.53:882][636]LogWorld:Warning: *** WARNING - PATHS MAY NOT BE VALID ***
[2015.10.29-09.44.53:882][636]LogWorld: Bringing World /Game/FirstPersonCPP/Maps/UEDPIE_0_FirstPersonExampleMap.FirstPersonExampleMap up for play (max tick rate 0) at 2015.10.29-10.44.53
[2015.10.29-09.44.53:882][636]LogActor:Warning: GameSession /Game/FirstPersonCPP/Maps/UEDPIE_0_FirstPersonExampleMap.FirstPersonExampleMap:PersistentLevel.GameSession_0 has natively added scene component(s), but none of them were set as the actor's RootComponent - picking one arbitrarily
[2015.10.29-09.44.53:882][636]LogActor:Warning: GameNetworkManager /Game/FirstPersonCPP/Maps/UEDPIE_0_FirstPersonExampleMap.FirstPersonExampleMap:PersistentLevel.GameNetworkManager_0 has natively added scene component(s), but none of them were set as the actor's RootComponent - picking one arbitrarily
[2015.10.29-09.44.53:945][636]LogWorld: Bringing up level for play took: 0.094879
[2015.10.29-09.44.53:975][636]PIE: Info Play in editor start time for /Game/FirstPersonCPP/Maps/UEDPIE_0_FirstPersonExampleMap 1.006
[2015.10.29-09.44.53:975][636]LogBlueprintUserMessages: Late PlayInEditor Detection: Level '/Game/FirstPersonCPP/Maps/FirstPersonExampleMap.FirstPersonExampleMap:PersistentLevel' has LevelScriptBlueprint '/Game/FirstPersonCPP/Maps/FirstPersonExampleMap.FirstPersonExampleMap:PersistentLevel.FirstPersonExampleMap' with GeneratedClass '/Game/FirstPersonCPP/Maps/FirstPersonExampleMap.FirstPersonExampleMap_C' with ClassGeneratedBy '/Game/FirstPersonCPP/Maps/FirstPersonExampleMap.FirstPersonExampleMap:PersistentLevel.FirstPersonExampleMap'
[2015.10.29-09.45.03:665][784]LogBlueprintUserMessages: Early EndPlayMap Detection: Level '/Game/FirstPersonCPP/Maps/FirstPersonExampleMap.FirstPersonExampleMap:PersistentLevel' has LevelScriptBlueprint '/Game/FirstPersonCPP/Maps/FirstPersonExampleMap.FirstPersonExampleMap:PersistentLevel.FirstPersonExampleMap' with GeneratedClass '/Game/FirstPersonCPP/Maps/FirstPersonExampleMap.FirstPersonExampleMap_C' with ClassGeneratedBy '/Game/FirstPersonCPP/Maps/FirstPersonExampleMap.FirstPersonExampleMap:PersistentLevel.FirstPersonExampleMap'
[2015.10.29-09.45.03:735][784]LogBlueprintUserMessages: Late EndPlayMap Detection: Level '/Game/FirstPersonCPP/Maps/FirstPersonExampleMap.FirstPersonExampleMap:PersistentLevel' has LevelScriptBlueprint '/Game/FirstPersonCPP/Maps/FirstPersonExampleMap.FirstPersonExampleMap:PersistentLevel.FirstPersonExampleMap' with GeneratedClass '/Game/FirstPersonCPP/Maps/FirstPersonExampleMap.FirstPersonExampleMap_C' with ClassGeneratedBy '/Game/FirstPersonCPP/Maps/FirstPersonExampleMap.FirstPersonExampleMap:PersistentLevel.FirstPersonExampleMap'
[2015.10.29-09.45.03:748][784]LogParticles: Destroying 0 GPU particle simulations for FXSystem 0x000000233481F4C0
[2015.10.29-09.45.04:714][870]LogEditorViewport: Clicking on Actor (LMB): StaticMeshActor (Cube12)
[2015.10.29-09.45.05:629][892]LogEditorViewport: Clicking on Actor (LMB): StaticMeshActor (Cube12)
[2015.10.29-09.45.09:131][232]LogBlueprintUserMessages: Early PlayInEditor Detection: Level '/Game/FirstPersonCPP/Maps/FirstPersonExampleMap.FirstPersonExampleMap:PersistentLevel' has LevelScriptBlueprint '/Game/FirstPersonCPP/Maps/FirstPersonExampleMap.FirstPersonExampleMap:PersistentLevel.FirstPersonExampleMap' with GeneratedClass '/Game/FirstPersonCPP/Maps/FirstPersonExampleMap.FirstPersonExampleMap_C' with ClassGeneratedBy '/Game/FirstPersonCPP/Maps/FirstPersonExampleMap.FirstPersonExampleMap:PersistentLevel.FirstPersonExampleMap'
[2015.10.29-09.45.09:131][232]LogPlayLevel: PlayLevel: No blueprints needed recompiling
[2015.10.29-09.45.09:131][232]PIE: New page: PIE session: FirstPersonExampleMap (Oct 29, 2015, 11:45:09 AM)
[2015.10.29-09.45.09:131][232]LogPlayLevel: Creating play world package: /Game/FirstPersonCPP/Maps/UEDPIE_0_FirstPersonExampleMap
[2015.10.29-09.45.09:133][232]LogSkinnedMeshComp:Warning: GetSocketByName(): No SkeletalMesh for CharacterMesh1P
[2015.10.29-09.45.09:157][232]LogPlayLevel: PIE: StaticDuplicateObject took: (0.025860s)
[2015.10.29-09.45.09:158][232]LogAIModule: Creating AISystem for world FirstPersonExampleMap
[2015.10.29-09.45.09:159][232]LogPlayLevel: PIE: World Init took: (0.001205s)
[2015.10.29-09.45.09:159][232]LogPlayLevel: PIE: Created PIE world by copying editor world from /Game/FirstPersonCPP/Maps/FirstPersonExampleMap.FirstPersonExampleMap to /Game/FirstPersonCPP/Maps/UEDPIE_0_FirstPersonExampleMap.FirstPersonExampleMap (0.027284s)
[2015.10.29-09.45.09:159][232]LogActorComponent: UnregisterComponent: (/Engine/Transient.CharMoveComp) Not registered. Aborting.
[2015.10.29-09.45.09:176][232]LogInit: XAudio2 using 'Speakers (4- High Definition Audio Device)' : 2 channels at 44.1 kHz using 16 bits per sample (channel mask 0x3)
[2015.10.29-09.45.09:180][232]LogInit: FAudioDevice initialized.
[2015.10.29-09.45.09:222][232]LogWorld: Game class is 'AutomaticDoorGameMode'
[2015.10.29-09.45.09:248][232]LogWorld:Warning: *** WARNING - PATHS MAY NOT BE VALID ***
[2015.10.29-09.45.09:248][232]LogWorld: Bringing World /Game/FirstPersonCPP/Maps/UEDPIE_0_FirstPersonExampleMap.FirstPersonExampleMap up for play (max tick rate 0) at 2015.10.29-10.45.09
[2015.10.29-09.45.09:248][232]LogActor:Warning: GameSession /Game/FirstPersonCPP/Maps/UEDPIE_0_FirstPersonExampleMap.FirstPersonExampleMap:PersistentLevel.GameSession_1 has natively added scene component(s), but none of them were set as the actor's RootComponent - picking one arbitrarily
[2015.10.29-09.45.09:249][232]LogActor:Warning: GameNetworkManager /Game/FirstPersonCPP/Maps/UEDPIE_0_FirstPersonExampleMap.FirstPersonExampleMap:PersistentLevel.GameNetworkManager_1 has natively added scene component(s), but none of them were set as the actor's RootComponent - picking one arbitrarily
[2015.10.29-09.45.09:250][232]LogWorld: Bringing up level for play took: 0.025956
[2015.10.29-09.45.09:252][232]PIE: Info Play in editor start time for /Game/FirstPersonCPP/Maps/UEDPIE_0_FirstPersonExampleMap 0.283
[2015.10.29-09.45.09:252][232]LogBlueprintUserMessages: Late PlayInEditor Detection: Level '/Game/FirstPersonCPP/Maps/FirstPersonExampleMap.FirstPersonExampleMap:PersistentLevel' has LevelScriptBlueprint '/Game/FirstPersonCPP/Maps/FirstPersonExampleMap.FirstPersonExampleMap:PersistentLevel.FirstPersonExampleMap' with GeneratedClass '/Game/FirstPersonCPP/Maps/FirstPersonExampleMap.FirstPersonExampleMap_C' with ClassGeneratedBy '/Game/FirstPersonCPP/Maps/FirstPersonExampleMap.FirstPersonExampleMap:PersistentLevel.FirstPersonExampleMap'
[2015.10.29-09.46.12:678][837]LogBlueprintUserMessages: Early EndPlayMap Detection: Level '/Game/FirstPersonCPP/Maps/FirstPersonExampleMap.FirstPersonExampleMap:PersistentLevel' has LevelScriptBlueprint '/Game/FirstPersonCPP/Maps/FirstPersonExampleMap.FirstPersonExampleMap:PersistentLevel.FirstPersonExampleMap' with GeneratedClass '/Game/FirstPersonCPP/Maps/FirstPersonExampleMap.FirstPersonExampleMap_C' with ClassGeneratedBy '/Game/FirstPersonCPP/Maps/FirstPersonExampleMap.FirstPersonExampleMap:PersistentLevel.FirstPersonExampleMap'
[2015.10.29-09.46.12:722][837]LogBlueprintUserMessages: Late EndPlayMap Detection: Level '/Game/FirstPersonCPP/Maps/FirstPersonExampleMap.FirstPersonExampleMap:PersistentLevel' has LevelScriptBlueprint '/Game/FirstPersonCPP/Maps/FirstPersonExampleMap.FirstPersonExampleMap:PersistentLevel.FirstPersonExampleMap' with GeneratedClass '/Game/FirstPersonCPP/Maps/FirstPersonExampleMap.FirstPersonExampleMap_C' with ClassGeneratedBy '/Game/FirstPersonCPP/Maps/FirstPersonExampleMap.FirstPersonExampleMap:PersistentLevel.FirstPersonExampleMap'
[2015.10.29-09.46.12:755][838]LogParticles: Destroying 0 GPU particle simulations for FXSystem 0x000000233C3E37E0
[2015.10.29-09.46.25:430][343]LogBlueprintUserMessages: Early PlayInEditor Detection: Level '/Game/FirstPersonCPP/Maps/FirstPersonExampleMap.FirstPersonExampleMap:PersistentLevel' has LevelScriptBlueprint '/Game/FirstPersonCPP/Maps/FirstPersonExampleMap.FirstPersonExampleMap:PersistentLevel.FirstPersonExampleMap' with GeneratedClass '/Game/FirstPersonCPP/Maps/FirstPersonExampleMap.FirstPersonExampleMap_C' with ClassGeneratedBy '/Game/FirstPersonCPP/Maps/FirstPersonExampleMap.FirstPersonExampleMap:PersistentLevel.FirstPersonExampleMap'
[2015.10.29-09.46.25:430][343]LogPlayLevel: PlayLevel: No blueprints needed recompiling
[2015.10.29-09.46.25:430][343]PIE: New page: PIE session: FirstPersonExampleMap (Oct 29, 2015, 11:46:25 AM)
[2015.10.29-09.46.25:430][343]LogPlayLevel: Creating play world package: /Game/FirstPersonCPP/Maps/UEDPIE_0_FirstPersonExampleMap
[2015.10.29-09.46.25:432][343]LogSkinnedMeshComp:Warning: GetSocketByName(): No SkeletalMesh for CharacterMesh1P
[2015.10.29-09.46.25:458][343]LogPlayLevel: PIE: StaticDuplicateObject took: (0.027793s)
[2015.10.29-09.46.25:459][343]LogAIModule: Creating AISystem for world FirstPersonExampleMap
[2015.10.29-09.46.25:459][343]LogPlayLevel: PIE: World Init took: (0.000771s)
[2015.10.29-09.46.25:459][343]LogPlayLevel: PIE: Created PIE world by copying editor world from /Game/FirstPersonCPP/Maps/FirstPersonExampleMap.FirstPersonExampleMap to /Game/FirstPersonCPP/Maps/UEDPIE_0_FirstPersonExampleMap.FirstPersonExampleMap (0.028811s)
[2015.10.29-09.46.25:474][343]LogInit: XAudio2 using 'Speakers (4- High Definition Audio Device)' : 2 channels at 44.1 kHz using 16 bits per sample (channel mask 0x3)
[2015.10.29-09.46.25:479][343]LogInit: FAudioDevice initialized.
[2015.10.29-09.46.25:511][343]LogWorld: Game class is 'AutomaticDoorGameMode'
[2015.10.29-09.46.25:524][343]LogWorld:Warning: *** WARNING - PATHS MAY NOT BE VALID ***
[2015.10.29-09.46.25:524][343]LogWorld: Bringing World /Game/FirstPersonCPP/Maps/UEDPIE_0_FirstPersonExampleMap.FirstPersonExampleMap up for play (max tick rate 0) at 2015.10.29-10.46.25
[2015.10.29-09.46.25:524][343]LogActor:Warning: GameSession /Game/FirstPersonCPP/Maps/UEDPIE_0_FirstPersonExampleMap.FirstPersonExampleMap:PersistentLevel.GameSession_2 has natively added scene component(s), but none of them were set as the actor's RootComponent - picking one arbitrarily
[2015.10.29-09.46.25:525][343]LogActor:Warning: GameNetworkManager /Game/FirstPersonCPP/Maps/UEDPIE_0_FirstPersonExampleMap.FirstPersonExampleMap:PersistentLevel.GameNetworkManager_2 has natively added scene component(s), but none of them were set as the actor's RootComponent - picking one arbitrarily
[2015.10.29-09.46.25:525][343]LogWorld: Bringing up level for play took: 0.013815
[2015.10.29-09.46.25:527][343]PIE: Info Play in editor start time for /Game/FirstPersonCPP/Maps/UEDPIE_0_FirstPersonExampleMap 0.558
[2015.10.29-09.46.25:527][343]LogBlueprintUserMessages: Late PlayInEditor Detection: Level '/Game/FirstPersonCPP/Maps/FirstPersonExampleMap.FirstPersonExampleMap:PersistentLevel' has LevelScriptBlueprint '/Game/FirstPersonCPP/Maps/FirstPersonExampleMap.FirstPersonExampleMap:PersistentLevel.FirstPersonExampleMap' with GeneratedClass '/Game/FirstPersonCPP/Maps/FirstPersonExampleMap.FirstPersonExampleMap_C' with ClassGeneratedBy '/Game/FirstPersonCPP/Maps/FirstPersonExampleMap.FirstPersonExampleMap:PersistentLevel.FirstPersonExampleMap'
[2015.10.29-09.46.33:140][250]LogBlueprintUserMessages: Early EndPlayMap Detection: Level '/Game/FirstPersonCPP/Maps/FirstPersonExampleMap.FirstPersonExampleMap:PersistentLevel' has LevelScriptBlueprint '/Game/FirstPersonCPP/Maps/FirstPersonExampleMap.FirstPersonExampleMap:PersistentLevel.FirstPersonExampleMap' with GeneratedClass '/Game/FirstPersonCPP/Maps/FirstPersonExampleMap.FirstPersonExampleMap_C' with ClassGeneratedBy '/Game/FirstPersonCPP/Maps/FirstPersonExampleMap.FirstPersonExampleMap:PersistentLevel.FirstPersonExampleMap'
[2015.10.29-09.46.33:185][250]LogBlueprintUserMessages: Late EndPlayMap Detection: Level '/Game/FirstPersonCPP/Maps/FirstPersonExampleMap.FirstPersonExampleMap:PersistentLevel' has LevelScriptBlueprint '/Game/FirstPersonCPP/Maps/FirstPersonExampleMap.FirstPersonExampleMap:PersistentLevel.FirstPersonExampleMap' with GeneratedClass '/Game/FirstPersonCPP/Maps/FirstPersonExampleMap.FirstPersonExampleMap_C' with ClassGeneratedBy '/Game/FirstPersonCPP/Maps/FirstPersonExampleMap.FirstPersonExampleMap:PersistentLevel.FirstPersonExampleMap'
[2015.10.29-09.46.33:215][251]LogParticles: Destroying 0 GPU particle simulations for FXSystem 0x0000002314944B80
[2015.10.29-09.46.46:143][800]LogBlueprintUserMessages: Early PlayInEditor Detection: Level '/Game/FirstPersonCPP/Maps/FirstPersonExampleMap.FirstPersonExampleMap:PersistentLevel' has LevelScriptBlueprint '/Game/FirstPersonCPP/Maps/FirstPersonExampleMap.FirstPersonExampleMap:PersistentLevel.FirstPersonExampleMap' with GeneratedClass '/Game/FirstPersonCPP/Maps/FirstPersonExampleMap.FirstPersonExampleMap_C' with ClassGeneratedBy '/Game/FirstPersonCPP/Maps/FirstPersonExampleMap.FirstPersonExampleMap:PersistentLevel.FirstPersonExampleMap'
[2015.10.29-09.46.46:143][800]LogPlayLevel: PlayLevel: No blueprints needed recompiling
[2015.10.29-09.46.46:143][800]PIE: New page: PIE session: FirstPersonExampleMap (Oct 29, 2015, 11:46:46 AM)
[2015.10.29-09.46.46:143][800]LogPlayLevel: Creating play world package: /Game/FirstPersonCPP/Maps/UEDPIE_0_FirstPersonExampleMap
[2015.10.29-09.46.46:144][800]LogSkinnedMeshComp:Warning: GetSocketByName(): No SkeletalMesh for CharacterMesh1P
[2015.10.29-09.46.46:171][800]LogPlayLevel: PIE: StaticDuplicateObject took: (0.028193s)
[2015.10.29-09.46.46:172][800]LogAIModule: Creating AISystem for world FirstPersonExampleMap
[2015.10.29-09.46.46:172][800]LogPlayLevel: PIE: World Init took: (0.000926s)
[2015.10.29-09.46.46:172][800]LogPlayLevel: PIE: Created PIE world by copying editor world from /Game/FirstPersonCPP/Maps/FirstPersonExampleMap.FirstPersonExampleMap to /Game/FirstPersonCPP/Maps/UEDPIE_0_FirstPersonExampleMap.FirstPersonExampleMap (0.029362s)
[2015.10.29-09.46.46:188][800]LogInit: XAudio2 using 'Speakers (4- High Definition Audio Device)' : 2 channels at 44.1 kHz using 16 bits per sample (channel mask 0x3)
[2015.10.29-09.46.46:192][800]LogInit: FAudioDevice initialized.
[2015.10.29-09.46.46:221][800]LogWorld: Game class is 'AutomaticDoorGameMode'
[2015.10.29-09.46.46:235][800]LogWorld:Warning: *** WARNING - PATHS MAY NOT BE VALID ***
[2015.10.29-09.46.46:235][800]LogWorld: Bringing World /Game/FirstPersonCPP/Maps/UEDPIE_0_FirstPersonExampleMap.FirstPersonExampleMap up for play (max tick rate 0) at 2015.10.29-10.46.46
[2015.10.29-09.46.46:235][800]LogActor:Warning: GameSession /Game/FirstPersonCPP/Maps/UEDPIE_0_FirstPersonExampleMap.FirstPersonExampleMap:PersistentLevel.GameSession_3 has natively added scene component(s), but none of them were set as the actor's RootComponent - picking one arbitrarily
[2015.10.29-09.46.46:235][800]LogActor:Warning: GameNetworkManager /Game/FirstPersonCPP/Maps/UEDPIE_0_FirstPersonExampleMap.FirstPersonExampleMap:PersistentLevel.GameNetworkManager_3 has natively added scene component(s), but none of them were set as the actor's RootComponent - picking one arbitrarily
[2015.10.29-09.46.46:236][800]LogWorld: Bringing up level for play took: 0.014164
[2015.10.29-09.46.46:237][800]PIE: Info Play in editor start time for /Game/FirstPersonCPP/Maps/UEDPIE_0_FirstPersonExampleMap -0.731
[2015.10.29-09.46.46:237][800]LogBlueprintUserMessages: Late PlayInEditor Detection: Level '/Game/FirstPersonCPP/Maps/FirstPersonExampleMap.FirstPersonExampleMap:PersistentLevel' has LevelScriptBlueprint '/Game/FirstPersonCPP/Maps/FirstPersonExampleMap.FirstPersonExampleMap:PersistentLevel.FirstPersonExampleMap' with GeneratedClass '/Game/FirstPersonCPP/Maps/FirstPersonExampleMap.FirstPersonExampleMap_C' with ClassGeneratedBy '/Game/FirstPersonCPP/Maps/FirstPersonExampleMap.FirstPersonExampleMap:PersistentLevel.FirstPersonExampleMap'
[2015.10.29-09.47.12:964][  4]LogBlueprintUserMessages: Early EndPlayMap Detection: Level '/Game/FirstPersonCPP/Maps/FirstPersonExampleMap.FirstPersonExampleMap:PersistentLevel' has LevelScriptBlueprint '/Game/FirstPersonCPP/Maps/FirstPersonExampleMap.FirstPersonExampleMap:PersistentLevel.FirstPersonExampleMap' with GeneratedClass '/Game/FirstPersonCPP/Maps/FirstPersonExampleMap.FirstPersonExampleMap_C' with ClassGeneratedBy '/Game/FirstPersonCPP/Maps/FirstPersonExampleMap.FirstPersonExampleMap:PersistentLevel.FirstPersonExampleMap'
[2015.10.29-09.47.13:013][  4]LogBlueprintUserMessages: Late EndPlayMap Detection: Level '/Game/FirstPersonCPP/Maps/FirstPersonExampleMap.FirstPersonExampleMap:PersistentLevel' has LevelScriptBlueprint '/Game/FirstPersonCPP/Maps/FirstPersonExampleMap.FirstPersonExampleMap:PersistentLevel.FirstPersonExampleMap' with GeneratedClass '/Game/FirstPersonCPP/Maps/FirstPersonExampleMap.FirstPersonExampleMap_C' with ClassGeneratedBy '/Game/FirstPersonCPP/Maps/FirstPersonExampleMap.FirstPersonExampleMap:PersistentLevel.FirstPersonExampleMap'
[2015.10.29-09.47.13:043][  5]LogParticles: Destroying 0 GPU particle simulations for FXSystem 0x000000233C3E0F40
[2015.10.29-09.47.17:792][555]LogEditorViewport: Clicking on Actor (LMB): StaticMeshActor (Cube18)
[2015.10.29-09.55.41:104][645]Cmd: SELECT NONE
[2015.10.29-09.56.14:779][824]LogActorComponent: UnregisterComponent: (/Engine/Transient.CharMoveComp) Not registered. Aborting.
[2015.10.29-09.56.17:383][824]LogSavePackage: Save=1981.778564ms
[2015.10.29-09.56.17:383][824]LogSavePackage: Moving '../../../../../../Users/Spellabbet/Documents/Unreal Projects/AutomaticDoor/Saved/FirstPersonExampleMap_Auto161C148B5463565EEFE75A1876356F08C.tmp' to '../../../../../../Users/Spellabbet/Documents/Unreal Projects/AutomaticDoor/Saved/Autosaves/Game/FirstPersonCPP/Maps/FirstPersonExampleMap_Auto1.umap'
[2015.10.29-09.56.17:385][824]LogSavePackage: Total save time: 2432.700358ms
[2015.10.29-09.56.17:385][824]LogSavePackage:Warning: Finished SavePackage ../../../../../../Users/Spellabbet/Documents/Unreal Projects/AutomaticDoor/Saved/Autosaves/Game/FirstPersonCPP/Maps/FirstPersonExampleMap_Auto1.umap
[2015.10.29-09.56.17:387][824]LogFileHelpers: Editor autosave (incl. sublevels) for '/Game/FirstPersonCPP/Maps/FirstPersonExampleMap' took 2.608
[2015.10.29-09.56.17:387][824]LogFileHelpers: Editor autosave (incl. sublevels) for all levels took 2.608
[2015.10.29-09.57.37:562][235]LogEditorViewport: Clicking on Actor (context menu): StaticMeshActor (Wall13)
[2015.10.29-09.57.38:492][310]LogEditorViewport: Clicking on Actor (LMB): StaticMeshActor (Wall13)
[2015.10.29-09.57.40:861][568]LogEditorViewport: Clicking on Actor (LMB): DoorWallBP_C (DoorWallBP5)
[2015.10.29-09.57.49:901][638]LogBlueprintUserMessages: Early PlayInEditor Detection: Level '/Game/FirstPersonCPP/Maps/FirstPersonExampleMap.FirstPersonExampleMap:PersistentLevel' has LevelScriptBlueprint '/Game/FirstPersonCPP/Maps/FirstPersonExampleMap.FirstPersonExampleMap:PersistentLevel.FirstPersonExampleMap' with GeneratedClass '/Game/FirstPersonCPP/Maps/FirstPersonExampleMap.FirstPersonExampleMap_C' with ClassGeneratedBy '/Game/FirstPersonCPP/Maps/FirstPersonExampleMap.FirstPersonExampleMap:PersistentLevel.FirstPersonExampleMap'
[2015.10.29-09.57.49:901][638]LogPlayLevel: PlayLevel: No blueprints needed recompiling
[2015.10.29-09.57.49:901][638]PIE: New page: PIE session: FirstPersonExampleMap (Oct 29, 2015, 11:57:49 AM)
[2015.10.29-09.57.49:932][638]LogPlayLevel: Creating play world package: /Game/FirstPersonCPP/Maps/UEDPIE_0_FirstPersonExampleMap
[2015.10.29-09.57.49:933][638]LogSkinnedMeshComp:Warning: GetSocketByName(): No SkeletalMesh for CharacterMesh1P
[2015.10.29-09.57.49:961][638]LogPlayLevel: PIE: StaticDuplicateObject took: (0.029682s)
[2015.10.29-09.57.49:962][638]LogAIModule: Creating AISystem for world FirstPersonExampleMap
[2015.10.29-09.57.49:962][638]LogPlayLevel: PIE: World Init took: (0.001005s)
[2015.10.29-09.57.49:963][638]LogPlayLevel: PIE: Created PIE world by copying editor world from /Game/FirstPersonCPP/Maps/FirstPersonExampleMap.FirstPersonExampleMap to /Game/FirstPersonCPP/Maps/UEDPIE_0_FirstPersonExampleMap.FirstPersonExampleMap (0.030951s)
[2015.10.29-09.57.49:963][638]LogActorComponent: UnregisterComponent: (/Engine/Transient.CharMoveComp) Not registered. Aborting.
[2015.10.29-09.57.49:978][638]LogInit: XAudio2 using 'Speakers (4- High Definition Audio Device)' : 2 channels at 44.1 kHz using 16 bits per sample (channel mask 0x3)
[2015.10.29-09.57.49:983][638]LogInit: FAudioDevice initialized.
[2015.10.29-09.57.50:012][638]LogWorld: Game class is 'AutomaticDoorGameMode'
[2015.10.29-09.57.50:025][638]LogWorld:Warning: *** WARNING - PATHS MAY NOT BE VALID ***
[2015.10.29-09.57.50:025][638]LogWorld: Bringing World /Game/FirstPersonCPP/Maps/UEDPIE_0_FirstPersonExampleMap.FirstPersonExampleMap up for play (max tick rate 0) at 2015.10.29-10.57.50
[2015.10.29-09.57.50:025][638]LogActor:Warning: GameSession /Game/FirstPersonCPP/Maps/UEDPIE_0_FirstPersonExampleMap.FirstPersonExampleMap:PersistentLevel.GameSession_4 has natively added scene component(s), but none of them were set as the actor's RootComponent - picking one arbitrarily
[2015.10.29-09.57.50:025][638]LogActor:Warning: GameNetworkManager /Game/FirstPersonCPP/Maps/UEDPIE_0_FirstPersonExampleMap.FirstPersonExampleMap:PersistentLevel.GameNetworkManager_4 has natively added scene component(s), but none of them were set as the actor's RootComponent - picking one arbitrarily
[2015.10.29-09.57.50:026][638]LogWorld: Bringing up level for play took: 0.013807
[2015.10.29-09.57.50:028][638]PIE: Info Play in editor start time for /Game/FirstPersonCPP/Maps/UEDPIE_0_FirstPersonExampleMap 1.059
[2015.10.29-09.57.50:028][638]LogBlueprintUserMessages: Late PlayInEditor Detection: Level '/Game/FirstPersonCPP/Maps/FirstPersonExampleMap.FirstPersonExampleMap:PersistentLevel' has LevelScriptBlueprint '/Game/FirstPersonCPP/Maps/FirstPersonExampleMap.FirstPersonExampleMap:PersistentLevel.FirstPersonExampleMap' with GeneratedClass '/Game/FirstPersonCPP/Maps/FirstPersonExampleMap.FirstPersonExampleMap_C' with ClassGeneratedBy '/Game/FirstPersonCPP/Maps/FirstPersonExampleMap.FirstPersonExampleMap:PersistentLevel.FirstPersonExampleMap'
[2015.10.29-09.57.59:829][811]LogBlueprintUserMessages: Early EndPlayMap Detection: Level '/Game/FirstPersonCPP/Maps/FirstPersonExampleMap.FirstPersonExampleMap:PersistentLevel' has LevelScriptBlueprint '/Game/FirstPersonCPP/Maps/FirstPersonExampleMap.FirstPersonExampleMap:PersistentLevel.FirstPersonExampleMap' with GeneratedClass '/Game/FirstPersonCPP/Maps/FirstPersonExampleMap.FirstPersonExampleMap_C' with ClassGeneratedBy '/Game/FirstPersonCPP/Maps/FirstPersonExampleMap.FirstPersonExampleMap:PersistentLevel.FirstPersonExampleMap'
[2015.10.29-09.57.59:894][811]LogBlueprintUserMessages: Late EndPlayMap Detection: Level '/Game/FirstPersonCPP/Maps/FirstPersonExampleMap.FirstPersonExampleMap:PersistentLevel' has LevelScriptBlueprint '/Game/FirstPersonCPP/Maps/FirstPersonExampleMap.FirstPersonExampleMap:PersistentLevel.FirstPersonExampleMap' with GeneratedClass '/Game/FirstPersonCPP/Maps/FirstPersonExampleMap.FirstPersonExampleMap_C' with ClassGeneratedBy '/Game/FirstPersonCPP/Maps/FirstPersonExampleMap.FirstPersonExampleMap:PersistentLevel.FirstPersonExampleMap'
[2015.10.29-09.57.59:905][811]LogParticles: Destroying 0 GPU particle simulations for FXSystem 0x0000002360FE28E0
[2015.10.29-09.58.17:920][939]Cmd: BRUSH ADD SELECTNEWBRUSH
[2015.10.29-09.58.46:205][482]LogEditorViewport: Clicking on Actor (LMB): Brush (Box Brush12)
[2015.10.29-09.58.47:179][597]Cmd: DELETE
[2015.10.29-09.58.47:179][597]Cmd: ACTOR DELETE
[2015.10.29-09.58.47:221][597]LogEditorActor: Deleted Actor: Brush
[2015.10.29-09.58.48:692][597]LogEditorActor: Deleted 1 Actors (1.473 secs)
[2015.10.29-09.58.48:843][597]Cmd: DELETE
[2015.10.29-09.58.48:844][597]Cmd: ACTOR DELETE
[2015.10.29-09.58.48:845][597]LogEditorActor: Deleted Actor: Brush
[2015.10.29-09.58.49:660][597]LogEditorActor: Deleted 1 Actors (0.816 secs)
[2015.10.29-09.58.55:005][208]Cmd: TRANSACTION UNDO
[2015.10.29-09.58.55:005][208]LogEditorTransaction: Undo Delete Actors
[2015.10.29-09.58.55:010][208]LogActorComponent: ~FComponentReregisterContext: (/Game/FirstPersonCPP/Maps/FirstPersonExampleMap.FirstPersonExampleMap:PersistentLevel.BoxBrush6_25.BrushComponent0) Component already registered.
[2015.10.29-09.58.55:010][208]LogActorComponent: ~FComponentReregisterContext: (/Game/FirstPersonCPP/Maps/FirstPersonExampleMap.FirstPersonExampleMap:PersistentLevel.BoxBrush9.BrushComponent0) Component already registered.
[2015.10.29-09.58.56:057][208]Cmd: TRANSACTION UNDO
[2015.10.29-09.58.56:057][208]LogEditorTransaction: Undo Select Brush Surface
[2015.10.29-09.58.56:306][232]Cmd: TRANSACTION UNDO
[2015.10.29-09.58.56:306][232]LogEditorTransaction: Undo Delete Actors
[2015.10.29-09.58.56:311][232]LogActorComponent: ~FComponentReregisterContext: (/Game/FirstPersonCPP/Maps/FirstPersonExampleMap.FirstPersonExampleMap:PersistentLevel.BoxBrush2_12.BrushComponent0) Component already registered.
[2015.10.29-09.58.56:312][232]LogActorComponent: ~FComponentReregisterContext: (/Game/FirstPersonCPP/Maps/FirstPersonExampleMap.FirstPersonExampleMap:PersistentLevel.BoxBrush4_19.BrushComponent0) Component already registered.
[2015.10.29-09.58.56:312][232]LogActorComponent: ~FComponentReregisterContext: (/Game/FirstPersonCPP/Maps/FirstPersonExampleMap.FirstPersonExampleMap:PersistentLevel.BoxBrush8.BrushComponent0) Component already registered.
[2015.10.29-09.59.05:176][103]LogEditorActor: Deleted Actor: Brush
[2015.10.29-09.59.06:367][103]LogEditorActor: Deleted 1 Actors (1.192 secs)
[2015.10.29-09.59.22:406][827]Cmd: DELETE
[2015.10.29-09.59.22:406][827]Cmd: ACTOR DELETE
[2015.10.29-09.59.22:406][827]LogEditorActor: Deleted Actor: Actor
[2015.10.29-09.59.22:407][827]LogActorComponent: UnregisterComponent: (/Engine/Transient.CharMoveComp) Not registered. Aborting.
[2015.10.29-09.59.22:416][827]LogEditorActor: Deleted 1 Actors (0.010 secs)
[2015.10.29-09.59.25:524][199]LogActorFactory: Actor Factory created Cube
[2015.10.29-09.59.26:310][293]LogActorFactory: Actor Factory created Cube
[2015.10.29-09.59.55:292][220]LogEditorViewport: Clicking on Actor (LMB): StaticMeshActor (Wall7)
[2015.10.29-10.00.16:232][713]Cmd: EDIT COPY
[2015.10.29-10.00.16:954][799]Cmd: EDIT PASTE
[2015.10.29-10.00.16:966][799]LogActor:Warning: Trigger /Game/FirstPersonCPP/Maps/FirstPersonExampleMap.FirstPersonExampleMap:PersistentLevel.Trigger17_0 has natively added scene component(s), but none of them were set as the actor's RootComponent - picking one arbitrarily
[2015.10.29-10.00.53:717][981]LogEditorViewport: Clicking on Actor (LMB): StaticMeshActor (Cube19)
[2015.10.29-10.01.05:092][334]EditorErrors: New page: Actor attachment
[2015.10.29-10.01.16:423][687]LogBlueprintUserMessages: Early PlayInEditor Detection: Level '/Game/FirstPersonCPP/Maps/FirstPersonExampleMap.FirstPersonExampleMap:PersistentLevel' has LevelScriptBlueprint '/Game/FirstPersonCPP/Maps/FirstPersonExampleMap.FirstPersonExampleMap:PersistentLevel.FirstPersonExampleMap' with GeneratedClass '/Game/FirstPersonCPP/Maps/FirstPersonExampleMap.FirstPersonExampleMap_C' with ClassGeneratedBy '/Game/FirstPersonCPP/Maps/FirstPersonExampleMap.FirstPersonExampleMap:PersistentLevel.FirstPersonExampleMap'
[2015.10.29-10.01.16:423][687]LogPlayLevel: PlayLevel: No blueprints needed recompiling
[2015.10.29-10.01.16:423][687]PIE: New page: PIE session: FirstPersonExampleMap (Oct 29, 2015, 12:01:16 PM)
[2015.10.29-10.01.16:423][687]LogPlayLevel: Creating play world package: /Game/FirstPersonCPP/Maps/UEDPIE_0_FirstPersonExampleMap
[2015.10.29-10.01.16:425][687]LogSkinnedMeshComp:Warning: GetSocketByName(): No SkeletalMesh for CharacterMesh1P
[2015.10.29-10.01.16:464][687]LogPlayLevel: PIE: StaticDuplicateObject took: (0.040635s)
[2015.10.29-10.01.16:465][687]LogAIModule: Creating AISystem for world FirstPersonExampleMap
[2015.10.29-10.01.16:465][687]LogPlayLevel: PIE: World Init took: (0.001040s)
[2015.10.29-10.01.16:465][687]LogPlayLevel: PIE: Created PIE world by copying editor world from /Game/FirstPersonCPP/Maps/FirstPersonExampleMap.FirstPersonExampleMap to /Game/FirstPersonCPP/Maps/UEDPIE_0_FirstPersonExampleMap.FirstPersonExampleMap (0.041910s)
[2015.10.29-10.01.16:465][687]LogActorComponent: UnregisterComponent: (/Engine/Transient.CharMoveComp) Not registered. Aborting.
[2015.10.29-10.01.16:481][687]LogInit: XAudio2 using 'Speakers (4- High Definition Audio Device)' : 2 channels at 44.1 kHz using 16 bits per sample (channel mask 0x3)
[2015.10.29-10.01.16:485][687]LogInit: FAudioDevice initialized.
[2015.10.29-10.01.16:515][687]LogWorld: Game class is 'AutomaticDoorGameMode'
[2015.10.29-10.01.16:529][687]LogWorld:Warning: *** WARNING - PATHS MAY NOT BE VALID ***
[2015.10.29-10.01.16:529][687]LogWorld: Bringing World /Game/FirstPersonCPP/Maps/UEDPIE_0_FirstPersonExampleMap.FirstPersonExampleMap up for play (max tick rate 0) at 2015.10.29-11.01.16
[2015.10.29-10.01.16:529][687]LogActor:Warning: GameSession /Game/FirstPersonCPP/Maps/UEDPIE_0_FirstPersonExampleMap.FirstPersonExampleMap:PersistentLevel.GameSession_5 has natively added scene component(s), but none of them were set as the actor's RootComponent - picking one arbitrarily
[2015.10.29-10.01.16:529][687]LogActor:Warning: GameNetworkManager /Game/FirstPersonCPP/Maps/UEDPIE_0_FirstPersonExampleMap.FirstPersonExampleMap:PersistentLevel.GameNetworkManager_5 has natively added scene component(s), but none of them were set as the actor's RootComponent - picking one arbitrarily
[2015.10.29-10.01.16:530][687]LogWorld: Bringing up level for play took: 0.013847
[2015.10.29-10.01.16:531][687]PIE: Info Play in editor start time for /Game/FirstPersonCPP/Maps/UEDPIE_0_FirstPersonExampleMap -0.437
[2015.10.29-10.01.16:531][687]LogBlueprintUserMessages: Late PlayInEditor Detection: Level '/Game/FirstPersonCPP/Maps/FirstPersonExampleMap.FirstPersonExampleMap:PersistentLevel' has LevelScriptBlueprint '/Game/FirstPersonCPP/Maps/FirstPersonExampleMap.FirstPersonExampleMap:PersistentLevel.FirstPersonExampleMap' with GeneratedClass '/Game/FirstPersonCPP/Maps/FirstPersonExampleMap.FirstPersonExampleMap_C' with ClassGeneratedBy '/Game/FirstPersonCPP/Maps/FirstPersonExampleMap.FirstPersonExampleMap:PersistentLevel.FirstPersonExampleMap'
[2015.10.29-10.01.46:996][337]LogBlueprintUserMessages: Early EndPlayMap Detection: Level '/Game/FirstPersonCPP/Maps/FirstPersonExampleMap.FirstPersonExampleMap:PersistentLevel' has LevelScriptBlueprint '/Game/FirstPersonCPP/Maps/FirstPersonExampleMap.FirstPersonExampleMap:PersistentLevel.FirstPersonExampleMap' with GeneratedClass '/Game/FirstPersonCPP/Maps/FirstPersonExampleMap.FirstPersonExampleMap_C' with ClassGeneratedBy '/Game/FirstPersonCPP/Maps/FirstPersonExampleMap.FirstPersonExampleMap:PersistentLevel.FirstPersonExampleMap'
[2015.10.29-10.01.47:038][337]LogBlueprintUserMessages: Late EndPlayMap Detection: Level '/Game/FirstPersonCPP/Maps/FirstPersonExampleMap.FirstPersonExampleMap:PersistentLevel' has LevelScriptBlueprint '/Game/FirstPersonCPP/Maps/FirstPersonExampleMap.FirstPersonExampleMap:PersistentLevel.FirstPersonExampleMap' with GeneratedClass '/Game/FirstPersonCPP/Maps/FirstPersonExampleMap.FirstPersonExampleMap_C' with ClassGeneratedBy '/Game/FirstPersonCPP/Maps/FirstPersonExampleMap.FirstPersonExampleMap:PersistentLevel.FirstPersonExampleMap'
[2015.10.29-10.01.47:048][337]LogParticles: Destroying 0 GPU particle simulations for FXSystem 0x0000002314795BC0
[2015.10.29-10.01.48:450][500]LogBlueprintUserMessages: Early PlayInEditor Detection: Level '/Game/FirstPersonCPP/Maps/FirstPersonExampleMap.FirstPersonExampleMap:PersistentLevel' has LevelScriptBlueprint '/Game/FirstPersonCPP/Maps/FirstPersonExampleMap.FirstPersonExampleMap:PersistentLevel.FirstPersonExampleMap' with GeneratedClass '/Game/FirstPersonCPP/Maps/FirstPersonExampleMap.FirstPersonExampleMap_C' with ClassGeneratedBy '/Game/FirstPersonCPP/Maps/FirstPersonExampleMap.FirstPersonExampleMap:PersistentLevel.FirstPersonExampleMap'
[2015.10.29-10.01.48:450][500]LogPlayLevel: PlayLevel: No blueprints needed recompiling
[2015.10.29-10.01.48:450][500]PIE: New page: PIE session: FirstPersonExampleMap (Oct 29, 2015, 12:01:48 PM)
[2015.10.29-10.01.48:450][500]LogPlayLevel: Creating play world package: /Game/FirstPersonCPP/Maps/UEDPIE_0_FirstPersonExampleMap
[2015.10.29-10.01.48:452][500]LogSkinnedMeshComp:Warning: GetSocketByName(): No SkeletalMesh for CharacterMesh1P
[2015.10.29-10.01.48:480][500]LogPlayLevel: PIE: StaticDuplicateObject took: (0.030309s)
[2015.10.29-10.01.48:481][500]LogAIModule: Creating AISystem for world FirstPersonExampleMap
[2015.10.29-10.01.48:481][500]LogPlayLevel: PIE: World Init took: (0.000825s)
[2015.10.29-10.01.48:481][500]LogPlayLevel: PIE: Created PIE world by copying editor world from /Game/FirstPersonCPP/Maps/FirstPersonExampleMap.FirstPersonExampleMap to /Game/FirstPersonCPP/Maps/UEDPIE_0_FirstPersonExampleMap.FirstPersonExampleMap (0.031378s)
[2015.10.29-10.01.48:495][500]LogInit: XAudio2 using 'Speakers (4- High Definition Audio Device)' : 2 channels at 44.1 kHz using 16 bits per sample (channel mask 0x3)
[2015.10.29-10.01.48:499][500]LogInit: FAudioDevice initialized.
[2015.10.29-10.01.48:533][500]LogWorld: Game class is 'AutomaticDoorGameMode'
[2015.10.29-10.01.48:546][500]LogWorld:Warning: *** WARNING - PATHS MAY NOT BE VALID ***
[2015.10.29-10.01.48:546][500]LogWorld: Bringing World /Game/FirstPersonCPP/Maps/UEDPIE_0_FirstPersonExampleMap.FirstPersonExampleMap up for play (max tick rate 0) at 2015.10.29-11.01.48
[2015.10.29-10.01.48:546][500]LogActor:Warning: GameSession /Game/FirstPersonCPP/Maps/UEDPIE_0_FirstPersonExampleMap.FirstPersonExampleMap:PersistentLevel.GameSession_6 has natively added scene component(s), but none of them were set as the actor's RootComponent - picking one arbitrarily
[2015.10.29-10.01.48:547][500]LogActor:Warning: GameNetworkManager /Game/FirstPersonCPP/Maps/UEDPIE_0_FirstPersonExampleMap.FirstPersonExampleMap:PersistentLevel.GameNetworkManager_6 has natively added scene component(s), but none of them were set as the actor's RootComponent - picking one arbitrarily
[2015.10.29-10.01.48:548][500]LogWorld: Bringing up level for play took: 0.013981
[2015.10.29-10.01.48:549][500]PIE: Info Play in editor start time for /Game/FirstPersonCPP/Maps/UEDPIE_0_FirstPersonExampleMap -0.42
[2015.10.29-10.01.48:549][500]LogBlueprintUserMessages: Late PlayInEditor Detection: Level '/Game/FirstPersonCPP/Maps/FirstPersonExampleMap.FirstPersonExampleMap:PersistentLevel' has LevelScriptBlueprint '/Game/FirstPersonCPP/Maps/FirstPersonExampleMap.FirstPersonExampleMap:PersistentLevel.FirstPersonExampleMap' with GeneratedClass '/Game/FirstPersonCPP/Maps/FirstPersonExampleMap.FirstPersonExampleMap_C' with ClassGeneratedBy '/Game/FirstPersonCPP/Maps/FirstPersonExampleMap.FirstPersonExampleMap:PersistentLevel.FirstPersonExampleMap'
[2015.10.29-10.02.12:918][421]LogBlueprintUserMessages: Early EndPlayMap Detection: Level '/Game/FirstPersonCPP/Maps/FirstPersonExampleMap.FirstPersonExampleMap:PersistentLevel' has LevelScriptBlueprint '/Game/FirstPersonCPP/Maps/FirstPersonExampleMap.FirstPersonExampleMap:PersistentLevel.FirstPersonExampleMap' with GeneratedClass '/Game/FirstPersonCPP/Maps/FirstPersonExampleMap.FirstPersonExampleMap_C' with ClassGeneratedBy '/Game/FirstPersonCPP/Maps/FirstPersonExampleMap.FirstPersonExampleMap:PersistentLevel.FirstPersonExampleMap'
[2015.10.29-10.02.12:959][421]LogBlueprintUserMessages: Late EndPlayMap Detection: Level '/Game/FirstPersonCPP/Maps/FirstPersonExampleMap.FirstPersonExampleMap:PersistentLevel' has LevelScriptBlueprint '/Game/FirstPersonCPP/Maps/FirstPersonExampleMap.FirstPersonExampleMap:PersistentLevel.FirstPersonExampleMap' with GeneratedClass '/Game/FirstPersonCPP/Maps/FirstPersonExampleMap.FirstPersonExampleMap_C' with ClassGeneratedBy '/Game/FirstPersonCPP/Maps/FirstPersonExampleMap.FirstPersonExampleMap:PersistentLevel.FirstPersonExampleMap'
[2015.10.29-10.02.12:989][422]LogParticles: Destroying 0 GPU particle simulations for FXSystem 0x000000236149A7A0
[2015.10.29-10.02.17:099][899]LogEditorViewport: Clicking on Actor (LMB): StaticMeshActor (Cube19)
[2015.10.29-10.02.21:307][332]LogBlueprintUserMessages: Early PlayInEditor Detection: Level '/Game/FirstPersonCPP/Maps/FirstPersonExampleMap.FirstPersonExampleMap:PersistentLevel' has LevelScriptBlueprint '/Game/FirstPersonCPP/Maps/FirstPersonExampleMap.FirstPersonExampleMap:PersistentLevel.FirstPersonExampleMap' with GeneratedClass '/Game/FirstPersonCPP/Maps/FirstPersonExampleMap.FirstPersonExampleMap_C' with ClassGeneratedBy '/Game/FirstPersonCPP/Maps/FirstPersonExampleMap.FirstPersonExampleMap:PersistentLevel.FirstPersonExampleMap'
[2015.10.29-10.02.21:307][332]LogPlayLevel: PlayLevel: No blueprints needed recompiling
[2015.10.29-10.02.21:307][332]PIE: New page: PIE session: FirstPersonExampleMap (Oct 29, 2015, 12:02:21 PM)
[2015.10.29-10.02.21:307][332]LogPlayLevel: Creating play world package: /Game/FirstPersonCPP/Maps/UEDPIE_0_FirstPersonExampleMap
[2015.10.29-10.02.21:309][332]LogSkinnedMeshComp:Warning: GetSocketByName(): No SkeletalMesh for CharacterMesh1P
[2015.10.29-10.02.21:337][332]LogPlayLevel: PIE: StaticDuplicateObject took: (0.030011s)
[2015.10.29-10.02.21:338][332]LogAIModule: Creating AISystem for world FirstPersonExampleMap
[2015.10.29-10.02.21:338][332]LogPlayLevel: PIE: World Init took: (0.001072s)
[2015.10.29-10.02.21:338][332]LogPlayLevel: PIE: Created PIE world by copying editor world from /Game/FirstPersonCPP/Maps/FirstPersonExampleMap.FirstPersonExampleMap to /Game/FirstPersonCPP/Maps/UEDPIE_0_FirstPersonExampleMap.FirstPersonExampleMap (0.031324s)
[2015.10.29-10.02.21:353][332]LogInit: XAudio2 using 'Speakers (4- High Definition Audio Device)' : 2 channels at 44.1 kHz using 16 bits per sample (channel mask 0x3)
[2015.10.29-10.02.21:357][332]LogInit: FAudioDevice initialized.
[2015.10.29-10.02.21:388][332]LogWorld: Game class is 'AutomaticDoorGameMode'
[2015.10.29-10.02.21:401][332]LogWorld:Warning: *** WARNING - PATHS MAY NOT BE VALID ***
[2015.10.29-10.02.21:401][332]LogWorld: Bringing World /Game/FirstPersonCPP/Maps/UEDPIE_0_FirstPersonExampleMap.FirstPersonExampleMap up for play (max tick rate 0) at 2015.10.29-11.02.21
[2015.10.29-10.02.21:401][332]LogActor:Warning: GameSession /Game/FirstPersonCPP/Maps/UEDPIE_0_FirstPersonExampleMap.FirstPersonExampleMap:PersistentLevel.GameSession_7 has natively added scene component(s), but none of them were set as the actor's RootComponent - picking one arbitrarily
[2015.10.29-10.02.21:402][332]LogActor:Warning: GameNetworkManager /Game/FirstPersonCPP/Maps/UEDPIE_0_FirstPersonExampleMap.FirstPersonExampleMap:PersistentLevel.GameNetworkManager_7 has natively added scene component(s), but none of them were set as the actor's RootComponent - picking one arbitrarily
[2015.10.29-10.02.21:403][332]LogWorld: Bringing up level for play took: 0.013869
[2015.10.29-10.02.21:404][332]PIE: Info Play in editor start time for /Game/FirstPersonCPP/Maps/UEDPIE_0_FirstPersonExampleMap 0.435
[2015.10.29-10.02.21:404][332]LogBlueprintUserMessages: Late PlayInEditor Detection: Level '/Game/FirstPersonCPP/Maps/FirstPersonExampleMap.FirstPersonExampleMap:PersistentLevel' has LevelScriptBlueprint '/Game/FirstPersonCPP/Maps/FirstPersonExampleMap.FirstPersonExampleMap:PersistentLevel.FirstPersonExampleMap' with GeneratedClass '/Game/FirstPersonCPP/Maps/FirstPersonExampleMap.FirstPersonExampleMap_C' with ClassGeneratedBy '/Game/FirstPersonCPP/Maps/FirstPersonExampleMap.FirstPersonExampleMap:PersistentLevel.FirstPersonExampleMap'
[2015.10.29-10.02.32:531][664]LogBlueprintUserMessages: Early EndPlayMap Detection: Level '/Game/FirstPersonCPP/Maps/FirstPersonExampleMap.FirstPersonExampleMap:PersistentLevel' has LevelScriptBlueprint '/Game/FirstPersonCPP/Maps/FirstPersonExampleMap.FirstPersonExampleMap:PersistentLevel.FirstPersonExampleMap' with GeneratedClass '/Game/FirstPersonCPP/Maps/FirstPersonExampleMap.FirstPersonExampleMap_C' with ClassGeneratedBy '/Game/FirstPersonCPP/Maps/FirstPersonExampleMap.FirstPersonExampleMap:PersistentLevel.FirstPersonExampleMap'
[2015.10.29-10.02.32:578][664]LogBlueprintUserMessages: Late EndPlayMap Detection: Level '/Game/FirstPersonCPP/Maps/FirstPersonExampleMap.FirstPersonExampleMap:PersistentLevel' has LevelScriptBlueprint '/Game/FirstPersonCPP/Maps/FirstPersonExampleMap.FirstPersonExampleMap:PersistentLevel.FirstPersonExampleMap' with GeneratedClass '/Game/FirstPersonCPP/Maps/FirstPersonExampleMap.FirstPersonExampleMap_C' with ClassGeneratedBy '/Game/FirstPersonCPP/Maps/FirstPersonExampleMap.FirstPersonExampleMap:PersistentLevel.FirstPersonExampleMap'
[2015.10.29-10.02.32:609][665]LogParticles: Destroying 0 GPU particle simulations for FXSystem 0x00000023147AD4E0
[2015.10.29-10.02.58:923][592]LogLinker:Warning: Asset '../../../Engine/Content/ArtTools/RenderToTexture/Macros/RenderToTextureMacros.uasset' has been saved with empty engine version. The asset will be loaded but may be incompatible.
[2015.10.29-10.03.01:227][592]LogContentBrowser: Native class hierarchy updated for 'BlueprintGraph' in 0.0019 seconds. Added 107 classes and 0 folders.
[2015.10.29-10.06.52:181][376]LogEditorTransaction: Undo Delete current selection
[2015.10.29-10.06.55:688][696]LogBlueprintUserMessages: CustomizeDetails for Blueprint 'AgroCheck', cached variable property's owner is '/Game/AgroCheck.SKEL_AgroCheck_C'
[2015.10.29-10.07.00:077][ 97]LogBlueprintUserMessages: CustomizeDetails for Blueprint 'AgroCheck', cached variable property's owner is '/Game/AgroCheck.SKEL_AgroCheck_C'
[2015.10.29-10.07.00:896][169]LogBlueprintUserMessages: CustomizeDetails for Blueprint 'AgroCheck', cached variable property's owner is '/Game/AgroCheck.SKEL_AgroCheck_C'
[2015.10.29-10.07.01:898][263]LogBlueprintUserMessages: CustomizeDetails for Blueprint 'AgroCheck', cached variable property's owner is '/Game/AgroCheck.SKEL_AgroCheck_C'
[2015.10.29-10.07.28:062][613]LogBlueprintUserMessages: CustomizeDetails for Blueprint 'AgroCheck', cached variable property's owner is '/Game/AgroCheck.SKEL_AgroCheck_C'
[2015.10.29-10.08.00:124][857]LogBlueprintUserMessages: CustomizeDetails for Blueprint 'AgroCheck', cached variable property's owner is '/Game/AgroCheck.SKEL_AgroCheck_C'
[2015.10.29-10.08.03:297][153]LogBlueprintUserMessages: CustomizeDetails for Blueprint 'AgroCheck', cached variable property's owner is '/Game/AgroCheck.SKEL_AgroCheck_C'
[2015.10.29-10.08.04:844][308]LogBlueprintUserMessages: CustomizeDetails for Blueprint 'AgroCheck', cached variable property's owner is '/Game/AgroCheck.SKEL_AgroCheck_C'
[2015.10.29-10.08.05:810][396]LogBlueprintUserMessages: CustomizeDetails for Blueprint 'AgroCheck', cached variable property's owner is '/Game/AgroCheck.SKEL_AgroCheck_C'
[2015.10.29-10.08.07:211][528]LogBlueprintUserMessages: CustomizeDetails for Blueprint 'AgroCheck', cached variable property's owner is '/Game/AgroCheck.SKEL_AgroCheck_C'
[2015.10.29-10.08.16:828][424]LogBlueprintUserMessages: CustomizeDetails for Blueprint 'AgroCheck', cached variable property's owner is '/Game/AgroCheck.SKEL_AgroCheck_C'
[2015.10.29-10.08.18:359][578]LogBlueprintUserMessages: CustomizeDetails for Blueprint 'AgroCheck', cached variable property's owner is '/Game/AgroCheck.SKEL_AgroCheck_C'
[2015.10.29-10.08.19:076][644]LogBlueprintUserMessages: CustomizeDetails for Blueprint 'AgroCheck', cached variable property's owner is '/Game/AgroCheck.SKEL_AgroCheck_C'
[2015.10.29-10.08.19:828][714]LogBlueprintUserMessages: CustomizeDetails for Blueprint 'AgroCheck', cached variable property's owner is '/Game/AgroCheck.SKEL_AgroCheck_C'
[2015.10.29-10.09.12:812][604]BlueprintLog: New page: Compile AgroCheck
[2015.10.29-10.09.12:866][604]LogActorComponent: UnregisterComponent: (/Engine/Transient.CharMoveComp) Not registered. Aborting.
[2015.10.29-10.09.12:896][604]BlueprintEditorCompileResults: Info [1564.69] Compile of AgroCheck successful! [in 83 ms]
[2015.10.29-10.10.24:879][581]LogBlueprintUserMessages: CustomizeDetails for Blueprint 'AgroCheck', cached variable property's owner is '/Game/AgroCheck.SKEL_AgroCheck_C'
[2015.10.29-10.11.48:172][140]LogActorComponent: UnregisterComponent: (/Engine/Transient.CharMoveComp) Not registered. Aborting.
[2015.10.29-10.11.48:194][140]LogParticles: Destroying 0 GPU particle simulations for FXSystem 0x000000231EB0A020
[2015.10.29-10.11.49:070][140]LogSavePackage: Save=864.742126ms
[2015.10.29-10.11.49:072][140]LogSavePackage: Moving '../../../../../../Users/Spellabbet/Documents/Unreal Projects/AutomaticDoor/Saved/FirstPersonExampleMap_Auto27AE50D454650C2E87442439C9B8B4CA8.tmp' to '../../../../../../Users/Spellabbet/Documents/Unreal Projects/AutomaticDoor/Saved/Autosaves/Game/FirstPersonCPP/Maps/FirstPersonExampleMap_Auto2.umap'
[2015.10.29-10.11.49:077][140]LogSavePackage: Total save time: 875.065681ms
[2015.10.29-10.11.49:077][140]LogSavePackage:Warning: Finished SavePackage ../../../../../../Users/Spellabbet/Documents/Unreal Projects/AutomaticDoor/Saved/Autosaves/Game/FirstPersonCPP/Maps/FirstPersonExampleMap_Auto2.umap
[2015.10.29-10.11.49:086][140]LogFileHelpers: Editor autosave (incl. sublevels) for '/Game/FirstPersonCPP/Maps/FirstPersonExampleMap' took 0.913
[2015.10.29-10.11.49:086][140]LogFileHelpers: Editor autosave (incl. sublevels) for all levels took 0.913
[2015.10.29-10.11.49:110][140]OBJ SavePackage: Generating thumbnails for [0] asset(s) in package [/Game/AgroCheck] ([1] browsable assets)...
[2015.10.29-10.11.49:110][140]OBJ SavePackage: Finished generating thumbnails for package [/Game/AgroCheck]
[2015.10.29-10.11.49:110][140]Cmd: OBJ SAVEPACKAGE PACKAGE="/Game/AgroCheck" FILE="../../../../../../Users/Spellabbet/Documents/Unreal Projects/AutomaticDoor/Saved/Autosaves/Game/AgroCheck_Auto2.uasset" SILENT=false AUTOSAVING=true
[2015.10.29-10.11.49:226][140]LogSavePackage: Save=75.134392ms
[2015.10.29-10.11.49:226][140]LogSavePackage: Moving '../../../../../../Users/Spellabbet/Documents/Unreal Projects/AutomaticDoor/Saved/AgroCheck_Auto20BEDFB9948E087C8505B3A87A82AD77E.tmp' to '../../../../../../Users/Spellabbet/Documents/Unreal Projects/AutomaticDoor/Saved/Autosaves/Game/AgroCheck_Auto2.uasset'
[2015.10.29-10.11.49:265][140]LogSavePackage: Total save time: 150.904272ms
[2015.10.29-10.11.49:265][140]LogSavePackage:Warning: Finished SavePackage ../../../../../../Users/Spellabbet/Documents/Unreal Projects/AutomaticDoor/Saved/Autosaves/Game/AgroCheck_Auto2.uasset
[2015.10.29-10.11.49:275][140]OBJ SavePackage: Generating thumbnails for [0] asset(s) in package [/Game/FollowerBT] ([1] browsable assets)...
[2015.10.29-10.11.49:275][140]OBJ SavePackage: Finished generating thumbnails for package [/Game/FollowerBT]
[2015.10.29-10.11.49:275][140]Cmd: OBJ SAVEPACKAGE PACKAGE="/Game/FollowerBT" FILE="../../../../../../Users/Spellabbet/Documents/Unreal Projects/AutomaticDoor/Saved/Autosaves/Game/FollowerBT_Auto2.uasset" SILENT=false AUTOSAVING=true
[2015.10.29-10.11.49:312][140]LogSavePackage: Save=23.152288ms
[2015.10.29-10.11.49:312][140]LogSavePackage: Moving '../../../../../../Users/Spellabbet/Documents/Unreal Projects/AutomaticDoor/Saved/FollowerBT_Auto236EEDFBD41410C01C2071E9B83D24EC6.tmp' to '../../../../../../Users/Spellabbet/Documents/Unreal Projects/AutomaticDoor/Saved/Autosaves/Game/FollowerBT_Auto2.uasset'
[2015.10.29-10.11.49:338][140]LogSavePackage: Total save time: 59.373945ms
[2015.10.29-10.11.49:338][140]LogSavePackage:Warning: Finished SavePackage ../../../../../../Users/Spellabbet/Documents/Unreal Projects/AutomaticDoor/Saved/Autosaves/Game/FollowerBT_Auto2.uasset
[2015.10.29-10.11.49:338][140]LogFileHelpers: Auto-saving content packages took 0.239
[2015.10.29-10.12.18:550][519]Cmd: OBJ SAVEPACKAGE PACKAGE="/Game/AgroCheck" FILE="../../../../../../Users/Spellabbet/Documents/Unreal Projects/AutomaticDoor/Content/AgroCheck.uasset" SILENT=true
[2015.10.29-10.12.18:596][519]LogSavePackage: Save=42.549496ms
[2015.10.29-10.12.18:596][519]LogSavePackage: Moving '../../../../../../Users/Spellabbet/Documents/Unreal Projects/AutomaticDoor/Saved/AgroCheck822C2CA348A05BC5904E18A8D9F18D8D.tmp' to '../../../../../../Users/Spellabbet/Documents/Unreal Projects/AutomaticDoor/Content/AgroCheck.uasset'
[2015.10.29-10.12.18:599][519]LogSavePackage: Total save time: 47.638286ms
[2015.10.29-10.12.18:599][519]LogSavePackage:Warning: Finished SavePackage ../../../../../../Users/Spellabbet/Documents/Unreal Projects/AutomaticDoor/Content/AgroCheck.uasset
[2015.10.29-10.12.19:439][605]BlueprintLog: New page: Compile AgroCheck
[2015.10.29-10.12.19:513][605]BlueprintEditorCompileResults: Info [1751.30] Compile of AgroCheck successful! [in 73 ms]
[2015.10.29-10.17.00:705][602]BlueprintLog: New page: Compile RapidMoveTo
[2015.10.29-10.17.00:744][602]LogActorComponent: UnregisterComponent: (/Engine/Transient.CharMoveComp) Not registered. Aborting.
[2015.10.29-10.17.00:763][602]LogParticles: Destroying 0 GPU particle simulations for FXSystem 0x0000002331035EE0
[2015.10.29-10.17.00:769][602]BlueprintEditorCompileResults: Info [2032.56] Compile of RapidMoveTo successful! [in 63 ms]
[2015.10.29-10.17.38:289][263]LogBlueprintUserMessages: CustomizeDetails for Blueprint 'RapidMoveTo', cached variable property's owner is '/Game/RapidMoveTo.SKEL_RapidMoveTo_C'
[2015.10.29-10.17.46:107][593]LogBlueprintUserMessages: CustomizeDetails for Blueprint 'RapidMoveTo', cached variable property's owner is '/Game/RapidMoveTo.SKEL_RapidMoveTo_C'
[2015.10.29-10.22.06:307][531]LogBlueprintUserMessages: CustomizeDetails for Blueprint 'CloseEnough', cached variable property's owner is '/Game/CloseEnough.SKEL_CloseEnough_C'
[2015.10.29-10.22.13:361][881]LogBlueprintUserMessages: CustomizeDetails for Blueprint 'CloseEnough', cached variable property's owner is '/Game/CloseEnough.SKEL_CloseEnough_C'
[2015.10.29-10.22.20:533][306]LogBlueprintUserMessages: CustomizeDetails for Blueprint 'CloseEnough', cached variable property's owner is '/Game/CloseEnough.SKEL_CloseEnough_C'
[2015.10.29-10.22.46:135][493]LogActorComponent: UnregisterComponent: (/Engine/Transient.CharMoveComp) Not registered. Aborting.
[2015.10.29-10.22.46:158][493]LogParticles: Destroying 0 GPU particle simulations for FXSystem 0x000000232B0A72E0
[2015.10.29-10.22.46:160][493]LogParticles: Destroying 0 GPU particle simulations for FXSystem 0x000000232B1054E0
[2015.10.29-10.22.46:160][493]LogFileHelpers: Editor autosave (incl. sublevels) for '/Game/FirstPersonCPP/Maps/FirstPersonExampleMap' took 0.026
[2015.10.29-10.22.46:164][493]OBJ SavePackage: Generating thumbnails for [0] asset(s) in package [/Game/RapidMoveTo] ([1] browsable assets)...
[2015.10.29-10.22.46:164][493]OBJ SavePackage: Finished generating thumbnails for package [/Game/RapidMoveTo]
[2015.10.29-10.22.46:187][493]LogSavePackage: Save=16.374842ms
[2015.10.29-10.22.46:187][493]LogSavePackage: Moving '../../../../../../Users/Spellabbet/Documents/Unreal Projects/AutomaticDoor/Saved/RapidMoveTo_Auto3D750E31840FDC482303207A72BA44C09.tmp' to '../../../../../../Users/Spellabbet/Documents/Unreal Projects/AutomaticDoor/Saved/Autosaves/Game/RapidMoveTo_Auto3.uasset'
[2015.10.29-10.22.46:188][493]LogSavePackage: Total save time: 21.718509ms
[2015.10.29-10.22.46:188][493]LogSavePackage:Warning: Finished SavePackage ../../../../../../Users/Spellabbet/Documents/Unreal Projects/AutomaticDoor/Saved/Autosaves/Game/RapidMoveTo_Auto3.uasset
[2015.10.29-10.22.46:188][493]LogFileHelpers: Auto-saving content packages took 0.026
[2015.10.29-10.27.09:863][506]LogParticles: Destroying 0 GPU particle simulations for FXSystem 0x0000002342FD9580
[2015.10.29-10.27.12:632][506]LogSavePackage: Save=1133.193115ms
[2015.10.29-10.27.12:632][506]LogSavePackage: Moving '../../../../../../Users/Spellabbet/Documents/Unreal Projects/AutomaticDoor/Saved/FirstPersonExampleMap340F8CD9435340EC0C7BEB8FA1F369C1.tmp' to '../../../../../../Users/Spellabbet/Documents/Unreal Projects/AutomaticDoor/Content/FirstPersonCPP/Maps/FirstPersonExampleMap.umap'
[2015.10.29-10.27.12:636][506]LogSavePackage: Total save time: 1140.378870ms
[2015.10.29-10.27.12:636][506]LogSavePackage:Warning: Finished SavePackage ../../../../../../Users/Spellabbet/Documents/Unreal Projects/AutomaticDoor/Content/FirstPersonCPP/Maps/FirstPersonExampleMap.umap
[2015.10.29-10.27.12:662][506]LogFileHelpers: Saving map 'FirstPersonExampleMap' took 1.243
[2015.10.29-10.27.12:672][506]Cmd: OBJ SAVEPACKAGE PACKAGE="/Game/FollowerBT" FILE="../../../../../../Users/Spellabbet/Documents/Unreal Projects/AutomaticDoor/Content/FollowerBT.uasset" SILENT=true
[2015.10.29-10.27.12:680][506]LogSavePackage: Save=5.010100ms
[2015.10.29-10.27.12:680][506]LogSavePackage: Moving '../../../../../../Users/Spellabbet/Documents/Unreal Projects/AutomaticDoor/Saved/FollowerBTD655BF3544E54A1503CC9CAAC3C934CA.tmp' to '../../../../../../Users/Spellabbet/Documents/Unreal Projects/AutomaticDoor/Content/FollowerBT.uasset'
[2015.10.29-10.27.12:683][506]LogSavePackage: Total save time: 9.759903ms
[2015.10.29-10.27.12:683][506]LogSavePackage:Warning: Finished SavePackage ../../../../../../Users/Spellabbet/Documents/Unreal Projects/AutomaticDoor/Content/FollowerBT.uasset
[2015.10.29-10.27.12:688][506]Cmd: OBJ SAVEPACKAGE PACKAGE="/Game/RapidMoveTo" FILE="../../../../../../Users/Spellabbet/Documents/Unreal Projects/AutomaticDoor/Content/RapidMoveTo.uasset" SILENT=true
[2015.10.29-10.27.12:708][506]LogSavePackage: Save=16.342909ms
[2015.10.29-10.27.12:708][506]LogSavePackage: Moving '../../../../../../Users/Spellabbet/Documents/Unreal Projects/AutomaticDoor/Saved/RapidMoveToEFF841014E2ECC809A1D6CA5A631DC89.tmp' to '../../../../../../Users/Spellabbet/Documents/Unreal Projects/AutomaticDoor/Content/RapidMoveTo.uasset'
[2015.10.29-10.27.12:710][506]LogSavePackage: Total save time: 20.986084ms
[2015.10.29-10.27.12:710][506]LogSavePackage:Warning: Finished SavePackage ../../../../../../Users/Spellabbet/Documents/Unreal Projects/AutomaticDoor/Content/RapidMoveTo.uasset
[2015.10.29-10.27.12:794][506]LogWindowsTextInputMethodSystem:Display: IME system now deactivated.
[2015.10.29-10.27.13:239][507]Cmd: QUIT_EDITOR
[2015.10.29-10.27.14:213][507]LogExit: Preparing to exit.
[2015.10.29-10.27.14:876][507]LogExit: Editor shut down
[2015.10.29-10.27.14:876][507]LogExit: Transaction tracking system shut down
[2015.10.29-10.27.14:967][507]LogParticles: Destroying 0 GPU particle simulations for FXSystem 0x000000232BC5ED40
[2015.10.29-10.27.14:968][507]LogParticles: Destroying 0 GPU particle simulations for FXSystem 0x00000023353EB880
[2015.10.29-10.27.14:968][507]LogParticles: Destroying 0 GPU particle simulations for FXSystem 0x00000023269F2160
[2015.10.29-10.27.14:968][507]LogParticles: Destroying 0 GPU particle simulations for FXSystem 0x0000002335272E80
[2015.10.29-10.27.14:968][507]LogParticles: Destroying 0 GPU particle simulations for FXSystem 0x0000002314199DA0
[2015.10.29-10.27.15:417][507]LogExit: Object subsystem successfully closed.
[2015.10.29-10.27.15:725][507]LogD3D11RHI: Shutdown
[2015.10.29-10.27.15:725][507]LogD3D11RHI: CleanupD3DDevice
[2015.10.29-10.27.15:871][507]LogD3D11RHI: ~FD3D11DynamicRHI
[2015.10.29-10.27.16:196][507]LogModuleManager: Shutting down and abandoning module BlueprintGraph (199)
[2015.10.29-10.27.16:196][507]LogModuleManager: Shutting down and abandoning module CrashTracker (198)
[2015.10.29-10.27.16:196][507]LogModuleManager: Shutting down and abandoning module SceneOutliner (197)
[2015.10.29-10.27.16:196][507]LogModuleManager: Shutting down and abandoning module SuperSearch (196)
[2015.10.29-10.27.16:196][507]LogModuleManager: Shutting down and abandoning module WidgetCarousel (195)
[2015.10.29-10.27.16:196][507]LogModuleManager: Shutting down and abandoning module AddContentDialog (194)
[2015.10.29-10.27.16:219][507]LogModuleManager: Shutting down and abandoning module EditorWidgets (193)
[2015.10.29-10.27.16:219][507]LogModuleManager: Shutting down and abandoning module CollectionManager (192)
[2015.10.29-10.27.16:219][507]LogModuleManager: Shutting down and abandoning module StatsViewer (191)
[2015.10.29-10.27.16:219][507]LogModuleManager: Shutting down and abandoning module FoliageEdit (190)
[2015.10.29-10.27.16:219][507]LogModuleManager: Shutting down and abandoning module LandscapeEditor (189)
[2015.10.29-10.27.16:225][507]LogModuleManager: Shutting down and abandoning module ActorPickerMode (188)
[2015.10.29-10.27.16:225][507]LogModuleManager: Shutting down and abandoning module GeometryMode (187)
[2015.10.29-10.27.16:225][507]LogModuleManager: Shutting down and abandoning module TextureAlignMode (186)
[2015.10.29-10.27.16:225][507]LogModuleManager: Shutting down and abandoning module BspMode (185)
[2015.10.29-10.27.16:225][507]LogModuleManager: Shutting down and abandoning module PlacementMode (184)
[2015.10.29-10.27.16:225][507]LogModuleManager: Shutting down and abandoning module AutomationWorker (183)
[2015.10.29-10.27.16:225][507]LogModuleManager: Shutting down and abandoning module CharacterAI (182)
[2015.10.29-10.27.16:225][507]LogModuleManager: Shutting down and abandoning module SmartSnapping (181)
[2015.10.29-10.27.16:225][507]LogModuleManager: Shutting down and abandoning module ViewportSnapping (180)
[2015.10.29-10.27.16:225][507]LogModuleManager: Shutting down and abandoning module LogVisualizer (179)
[2015.10.29-10.27.16:226][507]LogModuleManager: Shutting down and abandoning module GameProjectGeneration (178)
[2015.10.29-10.27.16:233][507]LogModuleManager: Shutting down and abandoning module IntroTutorials (177)
[2015.10.29-10.27.16:233][507]LogModuleManager: Shutting down and abandoning module EditorLiveStreaming (176)
[2015.10.29-10.27.16:233][507]LogModuleManager: Shutting down and abandoning module IOSPlatformEditor (175)
[2015.10.29-10.27.16:233][507]LogModuleManager: Shutting down and abandoning module HTML5PlatformEditor (174)
[2015.10.29-10.27.16:233][507]LogModuleManager: Shutting down and abandoning module AndroidDeviceDetection (173)
[2015.10.29-10.27.16:564][507]LogModuleManager: Shutting down and abandoning module AndroidPlatformEditor (172)
[2015.10.29-10.27.16:564][507]LogModuleManager: Shutting down and abandoning module IOSRuntimeSettings (171)
[2015.10.29-10.27.16:564][507]LogModuleManager: Shutting down and abandoning module AndroidRuntimeSettings (170)
[2015.10.29-10.27.16:564][507]LogModuleManager: Shutting down and abandoning module MergeActors (169)
[2015.10.29-10.27.16:570][507]LogModuleManager: Shutting down and abandoning module SizeMap (168)
[2015.10.29-10.27.16:570][507]LogModuleManager: Shutting down and abandoning module TreeMap (167)
[2015.10.29-10.27.16:570][507]LogModuleManager: Shutting down and abandoning module ReferenceViewer (166)
[2015.10.29-10.27.16:570][507]LogModuleManager: Shutting down and abandoning module LocalizationService (165)
[2015.10.29-10.27.16:570][507]LogModuleManager: Shutting down and abandoning module LocalizationDashboard (164)
[2015.10.29-10.27.16:580][507]LogModuleManager: Shutting down and abandoning module HardwareTargeting (163)
[2015.10.29-10.27.16:580][507]LogModuleManager: Shutting down and abandoning module DeviceProfileEditor (162)
[2015.10.29-10.27.16:580][507]LogModuleManager: Shutting down and abandoning module UndoHistory (161)
[2015.10.29-10.27.16:580][507]LogModuleManager: Shutting down and abandoning module GameplayTagsEditor (160)
[2015.10.29-10.27.16:580][507]LogModuleManager: Shutting down and abandoning module UserFeedback (159)
[2015.10.29-10.27.16:580][507]LogModuleManager: Shutting down and abandoning module XmlParser (158)
[2015.10.29-10.27.16:580][507]LogModuleManager: Shutting down and abandoning module Blutility (157)
[2015.10.29-10.27.16:580][507]LogModuleManager: Shutting down and abandoning module ProjectTargetPlatformEditor (156)
[2015.10.29-10.27.16:580][507]LogModuleManager: Shutting down and abandoning module ProjectSettingsViewer (155)
[2015.10.29-10.27.16:581][507]LogModuleManager: Shutting down and abandoning module InputBindingEditor (154)
[2015.10.29-10.27.16:586][507]LogModuleManager: Shutting down and abandoning module EditorSettingsViewer (153)
[2015.10.29-10.27.16:586][507]LogModuleManager: Shutting down and abandoning module SettingsEditor (152)
[2015.10.29-10.27.16:586][507]LogModuleManager: Shutting down and abandoning module ProjectLauncher (151)
[2015.10.29-10.27.16:590][507]LogModuleManager: Shutting down and abandoning module SessionFrontend (150)
[2015.10.29-10.27.16:590][507]LogModuleManager: Shutting down and abandoning module ProfilerClient (149)
[2015.10.29-10.27.16:596][507]LogModuleManager: Shutting down and abandoning module TargetDeviceServices (148)
[2015.10.29-10.27.16:596][507]LogModuleManager: Shutting down and abandoning module DeviceManager (147)
[2015.10.29-10.27.16:596][507]LogModuleManager: Shutting down and abandoning module AutomationController (146)
[2015.10.29-10.27.16:596][507]LogModuleManager: Shutting down and abandoning module AutomationWindow (145)
[2015.10.29-10.27.16:600][507]LogModuleManager: Shutting down and abandoning module Layers (144)
[2015.10.29-10.27.16:601][507]LogModuleManager: Shutting down and abandoning module ComponentVisualizers (143)
[2015.10.29-10.27.16:601][507]LogModuleManager: Shutting down and abandoning module DetailCustomizations (142)
[2015.10.29-10.27.16:601][507]LogModuleManager: Shutting down and abandoning module PackagesDialog (141)
[2015.10.29-10.27.16:601][507]LogModuleManager: Shutting down and abandoning module Persona (140)
[2015.10.29-10.27.16:624][507]LogModuleManager: Shutting down and abandoning module Kismet (139)
[2015.10.29-10.27.16:624][507]LogModuleManager: Shutting down and abandoning module GraphEditor (138)
[2015.10.29-10.27.16:624][507]LogModuleManager: Shutting down and abandoning module ClassViewer (137)
[2015.10.29-10.27.16:624][507]LogModuleManager: Shutting down and abandoning module Toolbox (136)
[2015.10.29-10.27.16:624][507]LogModuleManager: Shutting down and abandoning module ModuleUI (135)
[2015.10.29-10.27.16:627][507]LogModuleManager: Shutting down and abandoning module MovieSceneTools (134)
[2015.10.29-10.27.16:627][507]LogModuleManager: Shutting down and abandoning module OutputLog (133)
[2015.10.29-10.27.16:627][507]LogModuleManager: Shutting down and abandoning module GammaUI (132)
[2015.10.29-10.27.16:631][507]LogModuleManager: Shutting down and abandoning module Documentation (131)
[2015.10.29-10.27.16:631][507]LogModuleManager: Shutting down and abandoning module GameLiveStreaming (130)
[2015.10.29-10.27.16:631][507]LogModuleManager: Shutting down and abandoning module StreamingPauseRendering (129)
[2015.10.29-10.27.16:631][507]LogModuleManager: Shutting down and abandoning module AnalyticsET (128)
[2015.10.29-10.27.16:631][507]LogModuleManager: Shutting down and abandoning module Analytics (127)
[2015.10.29-10.27.16:631][507]LogModuleManager: Shutting down and abandoning module AITestSuite (126)
[2015.10.29-10.27.16:631][507]LogModuleManager: Shutting down and abandoning module GameplayDebugger (125)
[2015.10.29-10.27.16:631][507]LogModuleManager: Shutting down and abandoning module AIModule (124)
[2015.10.29-10.27.16:631][507]LogModuleManager: Shutting down and abandoning module ProfilerService (123)
[2015.10.29-10.27.16:726][507]LogModuleManager: Shutting down and abandoning module TaskGraph (122)
[2015.10.29-10.27.16:726][507]LogModuleManager: Shutting down and abandoning module SlateRemote (121)
[2015.10.29-10.27.16:726][507]LogModuleManager: Shutting down and abandoning module SteamVRController (120)
[2015.10.29-10.27.16:726][507]LogModuleManager: Shutting down and abandoning module SteamVR (119)
[2015.10.29-10.27.16:726][507]LogModuleManager: Shutting down and abandoning module ProceduralMeshComponent (118)
[2015.10.29-10.27.16:726][507]LogModuleManager: Shutting down and abandoning module OculusRift (117)
[2015.10.29-10.27.16:726][507]LogModuleManager: Shutting down and abandoning module OculusLibrary (116)
[2015.10.29-10.27.16:726][507]LogModuleManager: Shutting down and abandoning module LeapMotionController (115)
[2015.10.29-10.27.16:734][507]LogModuleManager: Shutting down and abandoning module CustomMeshComponent (114)
[2015.10.29-10.27.16:741][507]LogModuleManager: Shutting down and abandoning module CableComponent (113)
[2015.10.29-10.27.16:741][507]LogModuleManager: Shutting down and abandoning module ArchVisCharacter (112)
[2015.10.29-10.27.16:741][507]LogModuleManager: Shutting down and abandoning module MessagingDebugger (111)
[2015.10.29-10.27.16:761][507]LogModuleManager: Shutting down and abandoning module MediaPlayerEditor (110)
[2015.10.29-10.27.16:769][507]LogModuleManager: Shutting down and abandoning module HTML5Networking (109)
[2015.10.29-10.27.16:769][507]LogModuleManager: Shutting down and abandoning module SpeedTreeImporter (108)
[2015.10.29-10.27.16:769][507]LogModuleManager: Shutting down and abandoning module PluginBrowser (107)
[2015.10.29-10.27.16:769][507]LogModuleManager: Shutting down and abandoning module EpicSurvey (106)
[2015.10.29-10.27.16:769][507]LogModuleManager: Shutting down and abandoning module DesktopPlatform (105)
[2015.10.29-10.27.16:769][507]LogModuleManager: Shutting down and abandoning module VisualStudioSourceCodeAccess (104)
[2015.10.29-10.27.16:769][507]LogModuleManager: Shutting down and abandoning module UObjectPlugin (103)
[2015.10.29-10.27.16:769][507]LogModuleManager: Shutting down and abandoning module SubversionSourceControl (102)
[2015.10.29-10.27.16:769][507]LogModuleManager: Shutting down and abandoning module PerforceSourceControl (101)
[2015.10.29-10.27.16:769][507]LogModuleManager: Shutting down and abandoning module SourceControl (100)
[2015.10.29-10.27.16:769][507]LogModuleManager: Shutting down and abandoning module GitSourceControl (99)
[2015.10.29-10.27.16:769][507]LogModuleManager: Shutting down and abandoning module LightPropagationVolumeEditor (98)
[2015.10.29-10.27.16:769][507]LogModuleManager: Shutting down and abandoning module PaperTiledImporter (97)
[2015.10.29-10.27.16:769][507]LogModuleManager: Shutting down and abandoning module PaperSpriteSheetImporter (96)
[2015.10.29-10.27.16:769][507]LogModuleManager: Shutting down and abandoning module MeshPaint (95)
[2015.10.29-10.27.16:769][507]LogModuleManager: Shutting down and abandoning module SlateReflector (94)
[2015.10.29-10.27.16:774][507]LogModuleManager: Shutting down and abandoning module HotReload (93)
[2015.10.29-10.27.16:775][507]LogModuleManager: Shutting down and abandoning module MainFrame (92)
[2015.10.29-10.27.16:775][507]LogModuleManager: Shutting down and abandoning module LevelEditor (91)
[2015.10.29-10.27.16:778][507]LogModuleManager: Shutting down and abandoning module DirectoryWatcher (90)
[2015.10.29-10.27.16:780][507]LogModuleManager: Shutting down and abandoning module AssetRegistry (89)
[2015.10.29-10.27.16:909][507]LogModuleManager: Shutting down and abandoning module ContentBrowser (88)
[2015.10.29-10.27.16:910][507]LogModuleManager: Shutting down and abandoning module Paper2DEditor (87)
[2015.10.29-10.27.16:922][507]LogModuleManager: Shutting down and abandoning module AutomaticDoor (86)
[2015.10.29-10.27.16:922][507]LogModuleManager: Shutting down and abandoning module UdpMessaging (85)
[2015.10.29-10.27.17:024][507]LogModuleManager: Shutting down and abandoning module LightPropagationVolumeRuntime (84)
[2015.10.29-10.27.17:024][507]LogModuleManager: Shutting down and abandoning module Paper2D (83)
[2015.10.29-10.27.17:024][507]LogModuleManager: Shutting down and abandoning module WindowsMoviePlayer (82)
[2015.10.29-10.27.17:030][507]LogModuleManager: Shutting down and abandoning module Media (81)
[2015.10.29-10.27.17:030][507]LogModuleManager: Shutting down and abandoning module WmfMedia (80)
[2015.10.29-10.27.17:031][507]LogModuleManager: Shutting down and abandoning module OnlineBlueprintSupport (79)
[2015.10.29-10.27.17:031][507]LogModuleManager: Shutting down and abandoning module GameplayTasksEditor (78)
[2015.10.29-10.27.17:031][507]LogModuleManager: Shutting down and abandoning module PropertyEditor (77)
[2015.10.29-10.27.17:031][507]LogModuleManager: Shutting down and abandoning module BehaviorTreeEditor (76)
[2015.10.29-10.27.17:031][507]LogModuleManager: Shutting down and abandoning module FunctionalTesting (75)
[2015.10.29-10.27.17:031][507]LogModuleManager: Shutting down and abandoning module CollisionAnalyzer (74)
[2015.10.29-10.27.17:031][507]LogModuleManager: Shutting down and abandoning module WorkspaceMenuStructure (73)
[2015.10.29-10.27.17:031][507]LogModuleManager: Shutting down and abandoning module MessageLog (72)
[2015.10.29-10.27.17:031][507]LogModuleManager: Shutting down and abandoning module Sequencer (71)
[2015.10.29-10.27.17:037][507]LogModuleManager: Shutting down and abandoning module AssetTools (70)
[2015.10.29-10.27.17:049][507]LogModuleManager: Shutting down and abandoning module UMGEditor (69)
[2015.10.29-10.27.17:052][507]LogModuleManager: Shutting down and abandoning module UMG (68)
[2015.10.29-10.27.17:052][507]LogModuleManager: Shutting down and abandoning module Slate (67)
[2015.10.29-10.27.17:052][507]LogModuleManager: Shutting down and abandoning module EditorStyle (66)
[2015.10.29-10.27.17:054][507]LogModuleManager: Shutting down and abandoning module SessionServices (65)
[2015.10.29-10.27.17:054][507]LogModuleManager: Shutting down and abandoning module SourceCodeAccess (64)
[2015.10.29-10.27.17:054][507]LogModuleManager: Shutting down and abandoning module HeadMountedDisplay (63)
[2015.10.29-10.27.17:054][507]LogModuleManager: Shutting down and abandoning module XAudio2 (62)
[2015.10.29-10.27.17:054][507]LogModuleManager: Shutting down and abandoning module Networking (60)
[2015.10.29-10.27.17:054][507]LogModuleManager: Shutting down and abandoning module Core (59)
[2015.10.29-10.27.17:054][507]LogModuleManager: Shutting down and abandoning module KismetCompiler (58)
[2015.10.29-10.27.17:054][507]LogModuleManager: Shutting down and abandoning module PhysXFormats (57)
[2015.10.29-10.27.17:054][507]LogModuleManager: Shutting down and abandoning module MeshUtilities (56)
[2015.10.29-10.27.17:056][507]LogModuleManager: Shutting down and abandoning module CookingStats (55)
[2015.10.29-10.27.17:059][507]LogModuleManager: Shutting down and abandoning module DerivedDataCache (54)
[2015.10.29-10.27.17:122][507]LogDerivedDataCache: Shutdown
[2015.10.29-10.27.17:122][507]LogModuleManager: Shutting down and abandoning module ShaderFormatOpenGL (53)
[2015.10.29-10.27.17:149][507]LogModuleManager: Shutting down and abandoning module ShaderFormatD3D (52)
[2015.10.29-10.27.17:149][507]LogModuleManager: Shutting down and abandoning module MetalShaderFormat (51)
[2015.10.29-10.27.17:159][507]LogModuleManager: Shutting down and abandoning module TextureFormatUncompressed (50)
[2015.10.29-10.27.17:159][507]LogModuleManager: Shutting down and abandoning module TextureFormatPVR (49)
[2015.10.29-10.27.17:159][507]LogModuleManager: Shutting down and abandoning module TextureFormatIntelISPCTexComp (48)
[2015.10.29-10.27.17:159][507]LogModuleManager: Shutting down and abandoning module TextureFormatDXT (47)
[2015.10.29-10.27.17:159][507]LogModuleManager: Shutting down and abandoning module ImageWrapper (46)
[2015.10.29-10.27.17:159][507]LogModuleManager: Shutting down and abandoning module TextureFormatASTC (45)
[2015.10.29-10.27.17:159][507]LogModuleManager: Shutting down and abandoning module TextureFormatAndroid (44)
[2015.10.29-10.27.17:159][507]LogModuleManager: Shutting down and abandoning module AudioFormatOpus (43)
[2015.10.29-10.27.17:159][507]LogModuleManager: Shutting down and abandoning module AudioFormatOgg (42)
[2015.10.29-10.27.17:159][507]LogModuleManager: Shutting down and abandoning module AudioFormatADPCM (41)
[2015.10.29-10.27.17:159][507]LogModuleManager: Shutting down and abandoning module LinuxTargetPlatform (40)
[2015.10.29-10.27.17:159][507]LogModuleManager: Shutting down and abandoning module LinuxServerTargetPlatform (39)
[2015.10.29-10.27.17:159][507]LogModuleManager: Shutting down and abandoning module LinuxNoEditorTargetPlatform (38)
[2015.10.29-10.27.17:159][507]LogModuleManager: Shutting down and abandoning module Messaging (37)
[2015.10.29-10.27.17:159][507]LogModuleManager: Shutting down and abandoning module IOSTargetPlatform (36)
[2015.10.29-10.27.17:159][507]LogModuleManager: Shutting down and abandoning module HTML5TargetPlatform (35)
[2015.10.29-10.27.17:159][507]LogModuleManager: Shutting down and abandoning module Android_PVRTCTargetPlatform (34)
[2015.10.29-10.27.17:159][507]LogModuleManager: Shutting down and abandoning module Android_ETC2TargetPlatform (33)
[2015.10.29-10.27.17:159][507]LogModuleManager: Shutting down and abandoning module Android_ETC1TargetPlatform (32)
[2015.10.29-10.27.17:159][507]LogModuleManager: Shutting down and abandoning module Android_DXTTargetPlatform (31)
[2015.10.29-10.27.17:159][507]LogModuleManager: Shutting down and abandoning module Android_ATCTargetPlatform (30)
[2015.10.29-10.27.17:159][507]LogModuleManager: Shutting down and abandoning module Android_ASTCTargetPlatform (29)
[2015.10.29-10.27.17:159][507]LogModuleManager: Shutting down and abandoning module AndroidTargetPlatform (28)
[2015.10.29-10.27.17:159][507]LogModuleManager: Shutting down and abandoning module WindowsTargetPlatform (27)
[2015.10.29-10.27.17:159][507]LogModuleManager: Shutting down and abandoning module WindowsServerTargetPlatform (26)
[2015.10.29-10.27.17:159][507]LogModuleManager: Shutting down and abandoning module WindowsNoEditorTargetPlatform (25)
[2015.10.29-10.27.17:159][507]LogModuleManager: Shutting down and abandoning module WindowsClientTargetPlatform (24)
[2015.10.29-10.27.17:159][507]LogModuleManager: Shutting down and abandoning module AllDesktopTargetPlatform (23)
[2015.10.29-10.27.17:159][507]LogModuleManager: Shutting down and abandoning module TargetPlatform (22)
[2015.10.29-10.27.17:159][507]LogModuleManager: Shutting down and abandoning module InputCore (21)
[2015.10.29-10.27.17:159][507]LogModuleManager: Shutting down and abandoning module Settings (20)
[2015.10.29-10.27.17:159][507]LogModuleManager: Shutting down and abandoning module OnlineSubsystem (18)
[2015.10.29-10.27.17:159][507]LogModuleManager: Shutting down and abandoning module HTTP (17)
[2015.10.29-10.27.19:162][507]LogModuleManager: Shutting down and abandoning module XMPP (16)
[2015.10.29-10.27.19:172][507]LogModuleManager: Shutting down and abandoning module ExampleDeviceProfileSelector (15)
[2015.10.29-10.27.19:172][507]LogModuleManager: Shutting down and abandoning module TextureCompressor (14)
[2015.10.29-10.27.19:177][507]LogModuleManager: Shutting down and abandoning module ShaderCore (13)
[2015.10.29-10.27.19:177][507]LogModuleManager: Shutting down and abandoning module Landscape (12)
[2015.10.29-10.27.19:177][507]LogModuleManager: Shutting down and abandoning module SlateRHIRenderer (11)
[2015.10.29-10.27.19:180][507]LogModuleManager: Shutting down and abandoning module OpenGLDrv (10)
[2015.10.29-10.27.19:186][507]LogModuleManager: Shutting down and abandoning module D3D11RHI (9)
[2015.10.29-10.27.19:186][507]LogModuleManager: Shutting down and abandoning module AnimGraphRuntime (8)
[2015.10.29-10.27.19:186][507]LogModuleManager: Shutting down and abandoning module Renderer (7)
[2015.10.29-10.27.19:186][507]LogModuleManager: Shutting down and abandoning module Engine (6)
[2015.10.29-10.27.19:186][507]LogModuleManager: Shutting down and abandoning module CoreUObject (5)
[2015.10.29-10.27.19:186][507]LogModuleManager: Shutting down and abandoning module NetworkFile (4)
[2015.10.29-10.27.19:195][507]LogModuleManager: Shutting down and abandoning module StreamingFile (3)
[2015.10.29-10.27.19:195][507]LogModuleManager: Shutting down and abandoning module SandboxFile (2)
[2015.10.29-10.27.19:195][507]LogModuleManager: Shutting down and abandoning module PakFile (1)
[2015.10.29-10.27.19:196][507]LogExit: Exiting.
[2015.10.29-10.27.19:197][507]Log file closed, 10/29/15 11:27:19
