[2015.10.29-10.18.39:991][  0]Log file open, 10/29/15 11:18:39
[2015.10.29-10.18.39:991][  0]LogInit:Display: Running engine for game: AutomaticDoor
[2015.10.29-10.18.39:991][  0]LogInit:Display: RandInit(-1607694766) SRandInit(-1607694766).
[2015.10.29-10.18.39:991][  0]LogTaskGraph: Started task graph with 4 named threads and 7 total threads.
[2015.10.29-10.18.39:991][  0]LogStats: Stats thread started at 0.069869
[2015.10.29-10.18.39:991][  0]LogInit: Version: 4.9.2-2707645+++depot+UE4-Releases+4.9
[2015.10.29-10.18.39:991][  0]LogInit: API Version: 2672455
[2015.10.29-10.18.39:991][  0]LogInit: Compiled (64-bit): Sep 28 2015 10:25:44
[2015.10.29-10.18.39:991][  0]LogInit: Compiled with Visual C++: 18.00.21005.01
[2015.10.29-10.18.39:991][  0]LogInit: Build Configuration: Development
[2015.10.29-10.18.39:991][  0]LogInit: Branch Name: ++depot+UE4-Releases+4.9
[2015.10.29-10.18.39:991][  0]LogInit: Command line:  
[2015.10.29-10.18.39:991][  0]LogInit: Base directory: C:/Program Files/Epic Games/4.9/Engine/Binaries/Win64/
[2015.10.29-10.18.39:991][  0]LogInit: Rocket: 1
[2015.10.29-10.18.40:016][  0]LogInit: Using libcurl 7.41.0
[2015.10.29-10.18.40:016][  0]LogInit:  - built for x86_64-pc-win32
[2015.10.29-10.18.40:016][  0]LogInit:  - supports SSL with WinSSL
[2015.10.29-10.18.40:016][  0]LogInit:  - other features:
[2015.10.29-10.18.40:016][  0]LogInit:      CURL_VERSION_SSL
[2015.10.29-10.18.40:016][  0]LogInit:      CURL_VERSION_IPV6
[2015.10.29-10.18.40:016][  0]LogInit:      CURL_VERSION_ASYNCHDNS
[2015.10.29-10.18.40:016][  0]LogInit:      CURL_VERSION_LARGEFILE
[2015.10.29-10.18.40:016][  0]LogInit:      CURL_VERSION_IDN
[2015.10.29-10.18.40:016][  0]LogInit:  CurlRequestOptions (configurable via config and command line):
[2015.10.29-10.18.40:016][  0]LogInit:  - bVerifyPeer = true  - Libcurl will verify peer certificate
[2015.10.29-10.18.40:016][  0]LogInit:  - bUseHttpProxy = false  - Libcurl will NOT use HTTP proxy
[2015.10.29-10.18.40:016][  0]LogInit:  - bDontReuseConnections = false  - Libcurl will reuse connections
[2015.10.29-10.18.40:016][  0]LogInit:  - CertBundlePath = nullptr  - Libcurl will use whatever was configured at build time.
[2015.10.29-10.18.40:029][  0]LogInit: Presizing for 0 objects not considered by GC, pre-allocating 0 bytes.
[2015.10.29-10.18.40:043][  0]LogInit: Object subsystem initialized
[2015.10.29-10.18.40:045][  0]LogInit: Selected Device Profile: [Windows]
[2015.10.29-10.18.40:045][  0]LogInit: Applying CVar settings loaded from the selected device profile: [Windows]
[2015.10.29-10.18.40:052][  0]LogInit: Computer: SpellabbA333-04
[2015.10.29-10.18.40:052][  0]LogInit: User: Spellabbet
[2015.10.29-10.18.40:052][  0]LogInit: CPU Page size=4096, Cores=4
[2015.10.29-10.18.40:052][  0]LogInit: High frequency timer resolution =3.507520 MHz
[2015.10.29-10.18.40:052][  0]LogMemory: Memory total: Physical=15.9GB (16GB approx)
[2015.10.29-10.18.40:052][  0]LogMemory: Platform Memory Stats for Windows
[2015.10.29-10.18.40:052][  0]LogMemory: Process Physical Memory: 52.10 MB used, 52.10 MB peak
[2015.10.29-10.18.40:052][  0]LogMemory: Process Virtual Memory: 56.95 MB used, 56.95 MB peak
[2015.10.29-10.18.40:052][  0]LogMemory: Physical Memory: 2441.90 MB used, 16318.82 MB total
[2015.10.29-10.18.40:052][  0]LogMemory: Virtual Memory: 349.31 MB used, 134217728.00 MB total
[2015.10.29-10.18.40:078][  0]LogTextLocalizationManager: No translations for ('sv-SE') exist, falling back to 'en' for localization and internationalization data.
[2015.10.29-10.18.43:067][  0]LogD3D11RHI: Found D3D11 adapter 0: NVIDIA GeForce GTX 960 (Feature Level 11_0)
[2015.10.29-10.18.43:067][  0]LogD3D11RHI: Adapter has 1965MB of dedicated video memory, 0MB of dedicated system memory, and 2048MB of shared system memory, 1 output[s]
[2015.10.29-10.18.43:189][  0]LogD3D11RHI: Found D3D11 adapter 1: Microsoft Basic Render Driver (Feature Level 11_0)
[2015.10.29-10.18.43:189][  0]LogD3D11RHI: Adapter has 0MB of dedicated video memory, 0MB of dedicated system memory, and 256MB of shared system memory, 0 output[s]
[2015.10.29-10.18.43:190][  0]LogD3D11RHI: Chosen D3D11 Adapter Id = 0
[2015.10.29-10.18.43:200][  0]LogD3D11RHI: !Direct3DDevice
[2015.10.29-10.18.43:200][  0]LogRHI: Texture pool is 1361 MB (70% of 1945 MB)
[2015.10.29-10.18.43:249][  0]LogD3D11RHI: Async texture creation enabled
[2015.10.29-10.18.43:897][  0]LogShaderCompilers: Guid format shader working directory is 15 characters bigger than the processId version (../../../../../../Users/Spellabbet/Documents/Unreal Projects/AutomaticDoor/Intermediate/Shaders/WorkingDirectory/3136/).
[2015.10.29-10.18.43:897][  0]LogShaderCompilers: Cleaned the shader compiler working directory '../../../../../../Users/Spellabbet/Documents/Unreal Projects/AutomaticDoor/Intermediate/Shaders/tmp/124CB4AC43991F96E554149695D6DAF7/'.
[2015.10.29-10.18.43:898][  0]LogShaderCompilers:Display: Using Local Shader Compiler.
[2015.10.29-10.18.53:588][  0]LogTemp:Display: Loaded TP AllDesktopTargetPlatform
[2015.10.29-10.18.53:597][  0]LogTemp:Display: Loaded TP WindowsClientTargetPlatform
[2015.10.29-10.18.53:605][  0]LogTemp:Display: Loaded TP WindowsNoEditorTargetPlatform
[2015.10.29-10.18.53:609][  0]LogTemp:Display: Loaded TP WindowsServerTargetPlatform
[2015.10.29-10.18.53:613][  0]LogTemp:Display: Loaded TP WindowsTargetPlatform
[2015.10.29-10.18.53:619][  0]LogTemp:Display: Loaded TP AndroidTargetPlatform
[2015.10.29-10.18.53:622][  0]LogTemp:Display: Loaded TP Android_ASTCTargetPlatform
[2015.10.29-10.18.53:627][  0]LogTemp:Display: Loaded TP Android_ATCTargetPlatform
[2015.10.29-10.18.53:630][  0]LogTemp:Display: Loaded TP Android_DXTTargetPlatform
[2015.10.29-10.18.53:634][  0]LogTemp:Display: Loaded TP Android_ETC1TargetPlatform
[2015.10.29-10.18.53:638][  0]LogTemp:Display: Loaded TP Android_ETC2TargetPlatform
[2015.10.29-10.18.53:641][  0]LogTemp:Display: Loaded TP Android_PVRTCTargetPlatform
[2015.10.29-10.18.53:642][  0]LogTemp:Display: Loaded TP HTML5TargetPlatform
[2015.10.29-10.18.54:055][  0]LogTemp:Display: Loaded TP IOSTargetPlatform
[2015.10.29-10.18.54:062][  0]LogTemp:Display: Loaded TP LinuxNoEditorTargetPlatform
[2015.10.29-10.18.54:068][  0]LogTemp:Display: Loaded TP LinuxServerTargetPlatform
[2015.10.29-10.18.54:079][  0]LogTemp:Display: Loaded TP LinuxTargetPlatform
[2015.10.29-10.18.54:079][  0]LogTargetPlatformManager:Display: Building Assets For Windows
[2015.10.29-10.18.57:095][  0]LogDerivedDataCache:Display: Max Cache Size: 512 MB
[2015.10.29-10.18.59:956][  0]LogDerivedDataCache: Loaded boot cache 2.86s 43MB C:/Users/Spellabbet/AppData/Local/UnrealEngine/4.9/DerivedDataCache/Boot.ddc.
[2015.10.29-10.18.59:956][  0]LogDerivedDataCache:Display: Loaded Boot cache: C:/Users/Spellabbet/AppData/Local/UnrealEngine/4.9/DerivedDataCache/Boot.ddc
[2015.10.29-10.18.59:957][  0]LogDerivedDataCache: FDerivedDataBackendGraph:  Pak pak cache file ../../../../../../Users/Spellabbet/Documents/Unreal Projects/AutomaticDoor/DerivedDataCache/DDC.ddp not found, will not use a pak cache.
[2015.10.29-10.18.59:957][  0]LogDerivedDataCache: Unable to find inner node Pak for hierarchical cache Hierarchy.
[2015.10.29-10.18.59:957][  0]LogDerivedDataCache: FDerivedDataBackendGraph:  CompressedPak pak cache file ../../../../../../Users/Spellabbet/Documents/Unreal Projects/AutomaticDoor/DerivedDataCache/Compressed.ddp not found, will not use a pak cache.
[2015.10.29-10.18.59:957][  0]LogDerivedDataCache: Unable to find inner node CompressedPak for hierarchical cache Hierarchy.
[2015.10.29-10.19.00:637][  0]LogDerivedDataCache:Display: Pak cache opened for reading ../../../Engine/DerivedDataCache/Compressed.ddp.
[2015.10.29-10.19.00:695][  0]LogDerivedDataCache: Using Local data cache path C:/Users/Spellabbet/AppData/Local/UnrealEngine/Common/DerivedDataCache: Writable
[2015.10.29-10.19.37:788][  0]LogInit: Selected Device Profile: [Windows]
[2015.10.29-10.19.37:835][  0]LogContentStreaming: Texture pool size is 0.000000MB
[2015.10.29-10.19.39:424][  0]LogMeshUtilities: No automatic mesh reduction module available
[2015.10.29-10.19.39:424][  0]LogMeshUtilities: No automatic mesh merging module available
[2015.10.29-10.19.44:883][  0]LogInit: WinSock: version 1.1 (2.2), MaxSocks=32767, MaxUdp=65467
[2015.10.29-10.20.09:670][  0]UdpMessaging: Initializing bridge on interface 0.0.0.0:0 to multicast group 230.0.0.1:6666.
[2015.10.29-10.20.10:036][  0]LogSkinnedMeshComp:Warning: GetSocketByName(): No SkeletalMesh for CharacterMesh1P
[2015.10.29-10.20.10:146][  0]LogLinker:Warning: Asset '../../../../../../Users/Spellabbet/Documents/Unreal Projects/AutomaticDoor/Content/FirstPersonCPP/Blueprints/FirstPersonCharacter.uasset' has been saved with empty engine version. The asset will be loaded but may be incompatible.
[2015.10.29-10.20.11:627][  0]LogLinker:Warning: Asset '../../../../../../Users/Spellabbet/Documents/Unreal Projects/AutomaticDoor/Content/FirstPerson/Meshes/FirstPersonProjectileMesh.uasset' has been saved with empty engine version. The asset will be loaded but may be incompatible.
[2015.10.29-10.20.14:494][  0]LogSkinnedMeshComp:Warning: GetSocketByName(): No SkeletalMesh for CharacterMesh1P
[2015.10.29-10.20.14:500][  0]LogSkinnedMeshComp:Warning: GetSocketByName(): No SkeletalMesh for CharacterMesh1P
[2015.10.29-10.20.16:602][  0]LogAssetRegistry: FAssetRegistry took 0.0344 seconds to start up
[2015.10.29-10.20.21:206][  0]SourceControl: Info Source control is disabled
[2015.10.29-10.20.23:507][  0]SourceControl: Info Source control is disabled
[2015.10.29-10.20.23:701][  0]SourceControl: Info Source control is disabled
[2015.10.29-10.20.24:024][  0]SourceControl: Info Source control is disabled
[2015.10.29-10.20.26:198][  0]LogLinker:Warning: Asset '../../../Engine/Plugins/Runtime/LeapMotionController/Content/LM_PassthroughMaterial.uasset' has been saved with empty engine version. The asset will be loaded but may be incompatible.
[2015.10.29-10.20.26:872][  0]LogObj: 32040 objects as part of root set at end of initial load.
[2015.10.29-10.20.26:872][  0]LogUObjectAllocator: 7361000 out of 0 bytes used by permanent object pool.
[2015.10.29-10.20.27:449][  0]LogEngine: Initializing Engine...
[2015.10.29-10.20.27:460][  0]LogHMD: Can't find Oculus library dev build: is proper Runtime installed? Version: 0.7.0.0
[2015.10.29-10.20.27:581][  0]LogHMD: SteamVR failed to initialize.  Err: 110
[2015.10.29-10.20.28:913][  0]LogAIModule: Creating AISystem for world NewWorld
[2015.10.29-10.20.29:062][  0]LogInit: XAudio2 using 'Speakers (4- High Definition Audio Device)' : 2 channels at 44.1 kHz using 16 bits per sample (channel mask 0x3)
[2015.10.29-10.20.29:532][  0]LogInit: FAudioDevice initialized.
[2015.10.29-10.20.29:535][  0]LogDerivedDataCache:Error: Could not save memory cache C:/Users/Spellabbet/AppData/Local/UnrealEngine/4.9/DerivedDataCache/Boot.ddc.
[2015.10.29-10.20.29:539][  0]LogInit: Texture streaming: Enabled
[2015.10.29-10.20.29:643][  0]LogAnalytics: Creating configured Analytics provider AnalyticsET
[2015.10.29-10.20.29:665][  0]LogAnalytics: [UEEditor.Rocket.Release] APIServer = http://et2.epicgames.com/ET2/. AppVersion = 4.9.2-2707645+++depot+UE4-Releases+4.9
[2015.10.29-10.20.29:665][  0]LogAnalytics: [UEEditor.Rocket.Release] SetUserId 7e3fa46547d3e524ffb1328701b2a07b|99f216c1865e471987722078da7bde5f|060e5e79-a789-49c4-8abd-5d8b330400a7
[2015.10.29-10.20.29:665][  0]LogAnalytics: [UEEditor.Rocket.Release] AnalyticsET::StartSession
[2015.10.29-10.20.30:176][  0]LogInit: Transaction tracking system initialized
[2015.10.29-10.20.32:473][  0]BlueprintLog: New page: Editor Load
[2015.10.29-10.20.35:362][  0]LocalizationService: Info Localization service is disabled
[2015.10.29-10.20.36:832][  0]LogConsoleResponse:Display: 
[2015.10.29-10.20.40:912][  0]LogFileCache: Scanning file cache for directory 'C:/Users/Spellabbet/Documents/Unreal Projects/AutomaticDoor/Content/' took 0.03s
[2015.10.29-10.20.40:912][  0]LogCook:Display: Done creating registry. It took  0.00s.
[2015.10.29-10.20.42:878][  0]SourceControl: Info Source control is disabled
[2015.10.29-10.20.42:966][  0]Cmd: MAP LOAD FILE="../../../../../../Users/Spellabbet/Documents/Unreal Projects/AutomaticDoor/Content/FirstPersonCPP/Maps/FirstPersonExampleMap.umap" TEMPLATE=0 SHOWPROGRESS=1 FEATURELEVEL=3
[2015.10.29-10.20.43:268][  0]LightingResults: New page: Lighting Build
[2015.10.29-10.20.43:387][  0]MapCheck: New page: Map Check
[2015.10.29-10.20.43:387][  0]LightingResults: New page: Lighting Build
[2015.10.29-10.20.43:487][  0]LogParticles: Destroying 0 GPU particle simulations for FXSystem 0x00000001A2AD6480
[2015.10.29-10.20.53:258][  0]LogSkinnedMeshComp:Warning: GetSocketByName(): No SkeletalMesh for CharacterMesh1P
[2015.10.29-10.21.21:514][  0]LogAIModule: Creating AISystem for world FirstPersonExampleMap
[2015.10.29-10.21.22:556][  0]LogEditorServer: Finished looking for orphan Actors (0.000 secs)
[2015.10.29-10.21.22:565][  0]Cmd: MAP CHECKDEP NOCLEARLOG
[2015.10.29-10.21.22:657][  0]MapCheck: Info Map check complete: 0 Error(s), 0 Warning(s), took 91.144ms to complete.
[2015.10.29-10.21.22:661][  0]LogFileHelpers: Loading map 'FirstPersonExampleMap' took 39.752
[2015.10.29-10.21.23:854][  0]LogCollectionManager: Loaded 0 collections in 0.010214 seconds
[2015.10.29-10.21.24:101][  0]LogFileCache: Scanning file cache for directory 'C:/Users/Spellabbet/Documents/Unreal Projects/AutomaticDoor/Saved/Collections/' took 0.01s
[2015.10.29-10.21.24:101][  0]LogFileCache: Scanning file cache for directory 'C:/Users/Spellabbet/Documents/Unreal Projects/AutomaticDoor/Content/Developers/Spellabbet/Collections/' took 0.01s
[2015.10.29-10.21.24:101][  0]LogFileCache: Scanning file cache for directory 'C:/Users/Spellabbet/Documents/Unreal Projects/AutomaticDoor/Content/Collections/' took 0.01s
[2015.10.29-10.21.24:101][  0]LogContentBrowser: Native class hierarchy populated in 0.0556 seconds. Added 1873 classes and 335 folders.
[2015.10.29-10.21.24:323][  0]LogCollectionManager: Rebuilt the GUID cache for 0 collections in 0.000008 seconds
[2015.10.29-10.21.24:409][  0]LogContentBrowser: Native class hierarchy updated for 'WidgetCarousel' in 0.0039 seconds. Added 0 classes and 0 folders.
[2015.10.29-10.21.29:207][  0]LogContentBrowser: Native class hierarchy updated for 'AddContentDialog' in 0.0057 seconds. Added 0 classes and 0 folders.
[2015.10.29-10.21.29:433][  0]LogContentBrowser: Native class hierarchy updated for 'SceneOutliner' in 0.0054 seconds. Added 1 classes and 2 folders.
[2015.10.29-10.21.30:151][  0]LogCrashTracker: Crashtracker disabled due to settings.
[2015.10.29-10.21.30:181][  0]LogUObjectGlobals:Warning: Failed to find object 'Class None.'
[2015.10.29-10.21.30:209][  0]LogLoad: Full Startup: 171.10 seconds (BP compile: 0.90 seconds)
[2015.10.29-10.21.30:807][  0]LogContentStreaming: Texture pool size now 1000 MB
[2015.10.29-10.21.31:194][  0]LogRenderer: Reallocating scene render targets to support 1208x556 (Frame:2).
[2015.10.29-10.21.31:990][  1]LogEditorViewport: Clicking on Actor (LMB): StaticMeshActor (Wall1)
[2015.10.29-10.21.37:418][  5]LogAssetRegistry: Asset discovery search completed in 80.8317 seconds
[2015.10.29-10.21.37:418][  5]LogCollectionManager: Rebuilt the object cache for 0 collections in 0.000000 seconds (found 0 objects)
[2015.10.29-10.21.37:418][  5]LogCollectionManager: Fixed up redirectors for 0 collections in 0.000015 seconds (updated 0 objects)
[2015.10.29-10.21.39:069][ 10]LogActorComponent: UnregisterComponent: (/Engine/Transient.CharMoveComp) Not registered. Aborting.
[2015.10.29-10.21.39:285][ 10]LogWindowsTextInputMethodSystem:Display: IME system now deactivated.
[2015.10.29-10.21.39:714][ 11]Cmd: QUIT_EDITOR
[2015.10.29-10.21.40:277][ 11]LogExit: Preparing to exit.
[2015.10.29-10.21.40:794][ 11]LogExit: Editor shut down
[2015.10.29-10.21.40:794][ 11]LogExit: Transaction tracking system shut down
[2015.10.29-10.21.40:808][ 11]LogParticles: Destroying 0 GPU particle simulations for FXSystem 0x00000001A7F3CF40
[2015.10.29-10.21.41:274][ 11]LogParticles: Destroying 0 GPU particle simulations for FXSystem 0x00000001B1EA60C0
[2015.10.29-10.21.41:274][ 11]LogParticles: Destroying 0 GPU particle simulations for FXSystem 0x00000001B1C06A20
[2015.10.29-10.21.41:274][ 11]LogParticles: Destroying 0 GPU particle simulations for FXSystem 0x00000001B7A2D8A0
[2015.10.29-10.21.41:274][ 11]LogParticles: Destroying 0 GPU particle simulations for FXSystem 0x00000001B7EB7CE0
[2015.10.29-10.21.41:274][ 11]LogExit: Object subsystem successfully closed.
[2015.10.29-10.21.41:370][ 11]LogD3D11RHI: Shutdown
[2015.10.29-10.21.41:370][ 11]LogD3D11RHI: CleanupD3DDevice
[2015.10.29-10.21.41:430][ 11]LogD3D11RHI: ~FD3D11DynamicRHI
[2015.10.29-10.21.41:605][ 11]LogModuleManager: Shutting down and abandoning module CrashTracker (198)
[2015.10.29-10.21.41:605][ 11]LogModuleManager: Shutting down and abandoning module SceneOutliner (197)
[2015.10.29-10.21.41:605][ 11]LogModuleManager: Shutting down and abandoning module SuperSearch (196)
[2015.10.29-10.21.41:605][ 11]LogModuleManager: Shutting down and abandoning module WidgetCarousel (195)
[2015.10.29-10.21.41:605][ 11]LogModuleManager: Shutting down and abandoning module AddContentDialog (194)
[2015.10.29-10.21.41:607][ 11]LogModuleManager: Shutting down and abandoning module EditorWidgets (193)
[2015.10.29-10.21.41:607][ 11]LogModuleManager: Shutting down and abandoning module CollectionManager (192)
[2015.10.29-10.21.41:607][ 11]LogModuleManager: Shutting down and abandoning module StatsViewer (191)
[2015.10.29-10.21.41:607][ 11]LogModuleManager: Shutting down and abandoning module FoliageEdit (190)
[2015.10.29-10.21.41:607][ 11]LogModuleManager: Shutting down and abandoning module LandscapeEditor (189)
[2015.10.29-10.21.41:609][ 11]LogModuleManager: Shutting down and abandoning module ActorPickerMode (188)
[2015.10.29-10.21.41:609][ 11]LogModuleManager: Shutting down and abandoning module GeometryMode (187)
[2015.10.29-10.21.41:609][ 11]LogModuleManager: Shutting down and abandoning module TextureAlignMode (186)
[2015.10.29-10.21.41:609][ 11]LogModuleManager: Shutting down and abandoning module BspMode (185)
[2015.10.29-10.21.41:609][ 11]LogModuleManager: Shutting down and abandoning module PlacementMode (184)
[2015.10.29-10.21.41:609][ 11]LogModuleManager: Shutting down and abandoning module AutomationWorker (183)
[2015.10.29-10.21.41:609][ 11]LogModuleManager: Shutting down and abandoning module CharacterAI (182)
[2015.10.29-10.21.41:609][ 11]LogModuleManager: Shutting down and abandoning module SmartSnapping (181)
[2015.10.29-10.21.41:609][ 11]LogModuleManager: Shutting down and abandoning module ViewportSnapping (180)
[2015.10.29-10.21.41:609][ 11]LogModuleManager: Shutting down and abandoning module LogVisualizer (179)
[2015.10.29-10.21.41:609][ 11]LogModuleManager: Shutting down and abandoning module GameProjectGeneration (178)
[2015.10.29-10.21.41:610][ 11]LogModuleManager: Shutting down and abandoning module IntroTutorials (177)
[2015.10.29-10.21.41:610][ 11]LogModuleManager: Shutting down and abandoning module EditorLiveStreaming (176)
[2015.10.29-10.21.41:610][ 11]LogModuleManager: Shutting down and abandoning module IOSPlatformEditor (175)
[2015.10.29-10.21.41:610][ 11]LogModuleManager: Shutting down and abandoning module HTML5PlatformEditor (174)
[2015.10.29-10.21.41:610][ 11]LogModuleManager: Shutting down and abandoning module AndroidDeviceDetection (173)
[2015.10.29-10.21.41:729][ 11]LogModuleManager: Shutting down and abandoning module AndroidPlatformEditor (172)
[2015.10.29-10.21.41:729][ 11]LogModuleManager: Shutting down and abandoning module IOSRuntimeSettings (171)
[2015.10.29-10.21.41:729][ 11]LogModuleManager: Shutting down and abandoning module AndroidRuntimeSettings (170)
[2015.10.29-10.21.41:729][ 11]LogModuleManager: Shutting down and abandoning module MergeActors (169)
[2015.10.29-10.21.41:734][ 11]LogModuleManager: Shutting down and abandoning module SizeMap (168)
[2015.10.29-10.21.41:734][ 11]LogModuleManager: Shutting down and abandoning module TreeMap (167)
[2015.10.29-10.21.41:735][ 11]LogModuleManager: Shutting down and abandoning module ReferenceViewer (166)
[2015.10.29-10.21.41:735][ 11]LogModuleManager: Shutting down and abandoning module LocalizationService (165)
[2015.10.29-10.21.41:735][ 11]LogModuleManager: Shutting down and abandoning module LocalizationDashboard (164)
[2015.10.29-10.21.41:751][ 11]LogModuleManager: Shutting down and abandoning module HardwareTargeting (163)
[2015.10.29-10.21.41:751][ 11]LogModuleManager: Shutting down and abandoning module DeviceProfileEditor (162)
[2015.10.29-10.21.41:751][ 11]LogModuleManager: Shutting down and abandoning module UndoHistory (161)
[2015.10.29-10.21.41:751][ 11]LogModuleManager: Shutting down and abandoning module GameplayTagsEditor (160)
[2015.10.29-10.21.41:751][ 11]LogModuleManager: Shutting down and abandoning module UserFeedback (159)
[2015.10.29-10.21.41:751][ 11]LogModuleManager: Shutting down and abandoning module XmlParser (158)
[2015.10.29-10.21.41:751][ 11]LogModuleManager: Shutting down and abandoning module Blutility (157)
[2015.10.29-10.21.41:751][ 11]LogModuleManager: Shutting down and abandoning module ProjectTargetPlatformEditor (156)
[2015.10.29-10.21.41:751][ 11]LogModuleManager: Shutting down and abandoning module ProjectSettingsViewer (155)
[2015.10.29-10.21.41:751][ 11]LogModuleManager: Shutting down and abandoning module InputBindingEditor (154)
[2015.10.29-10.21.41:752][ 11]LogModuleManager: Shutting down and abandoning module EditorSettingsViewer (153)
[2015.10.29-10.21.41:752][ 11]LogModuleManager: Shutting down and abandoning module SettingsEditor (152)
[2015.10.29-10.21.41:752][ 11]LogModuleManager: Shutting down and abandoning module ProjectLauncher (151)
[2015.10.29-10.21.41:753][ 11]LogModuleManager: Shutting down and abandoning module SessionFrontend (150)
[2015.10.29-10.21.41:753][ 11]LogModuleManager: Shutting down and abandoning module ProfilerClient (149)
[2015.10.29-10.21.41:754][ 11]LogModuleManager: Shutting down and abandoning module TargetDeviceServices (148)
[2015.10.29-10.21.41:754][ 11]LogModuleManager: Shutting down and abandoning module DeviceManager (147)
[2015.10.29-10.21.41:754][ 11]LogModuleManager: Shutting down and abandoning module AutomationController (146)
[2015.10.29-10.21.41:754][ 11]LogModuleManager: Shutting down and abandoning module AutomationWindow (145)
[2015.10.29-10.21.41:771][ 11]LogModuleManager: Shutting down and abandoning module Layers (144)
[2015.10.29-10.21.41:771][ 11]LogModuleManager: Shutting down and abandoning module ComponentVisualizers (143)
[2015.10.29-10.21.41:771][ 11]LogModuleManager: Shutting down and abandoning module DetailCustomizations (142)
[2015.10.29-10.21.41:771][ 11]LogModuleManager: Shutting down and abandoning module PackagesDialog (141)
[2015.10.29-10.21.41:771][ 11]LogModuleManager: Shutting down and abandoning module Persona (140)
[2015.10.29-10.21.41:774][ 11]LogModuleManager: Shutting down and abandoning module Kismet (139)
[2015.10.29-10.21.41:774][ 11]LogModuleManager: Shutting down and abandoning module GraphEditor (138)
[2015.10.29-10.21.41:806][ 11]LogModuleManager: Shutting down and abandoning module ClassViewer (137)
[2015.10.29-10.21.41:806][ 11]LogModuleManager: Shutting down and abandoning module Toolbox (136)
[2015.10.29-10.21.41:806][ 11]LogModuleManager: Shutting down and abandoning module ModuleUI (135)
[2015.10.29-10.21.41:807][ 11]LogModuleManager: Shutting down and abandoning module MovieSceneTools (134)
[2015.10.29-10.21.41:807][ 11]LogModuleManager: Shutting down and abandoning module OutputLog (133)
[2015.10.29-10.21.41:807][ 11]LogModuleManager: Shutting down and abandoning module GammaUI (132)
[2015.10.29-10.21.41:808][ 11]LogModuleManager: Shutting down and abandoning module Documentation (131)
[2015.10.29-10.21.41:808][ 11]LogModuleManager: Shutting down and abandoning module GameLiveStreaming (130)
[2015.10.29-10.21.41:808][ 11]LogModuleManager: Shutting down and abandoning module StreamingPauseRendering (129)
[2015.10.29-10.21.41:808][ 11]LogModuleManager: Shutting down and abandoning module AnalyticsET (128)
[2015.10.29-10.21.41:808][ 11]LogModuleManager: Shutting down and abandoning module Analytics (127)
[2015.10.29-10.21.41:808][ 11]LogModuleManager: Shutting down and abandoning module AITestSuite (126)
[2015.10.29-10.21.41:808][ 11]LogModuleManager: Shutting down and abandoning module GameplayDebugger (125)
[2015.10.29-10.21.41:808][ 11]LogModuleManager: Shutting down and abandoning module AIModule (124)
[2015.10.29-10.21.41:808][ 11]LogModuleManager: Shutting down and abandoning module ProfilerService (123)
[2015.10.29-10.21.41:835][ 11]LogModuleManager: Shutting down and abandoning module TaskGraph (122)
[2015.10.29-10.21.41:835][ 11]LogModuleManager: Shutting down and abandoning module SlateRemote (121)
[2015.10.29-10.21.41:835][ 11]LogModuleManager: Shutting down and abandoning module SteamVRController (120)
[2015.10.29-10.21.41:835][ 11]LogModuleManager: Shutting down and abandoning module SteamVR (119)
[2015.10.29-10.21.41:835][ 11]LogModuleManager: Shutting down and abandoning module ProceduralMeshComponent (118)
[2015.10.29-10.21.41:835][ 11]LogModuleManager: Shutting down and abandoning module OculusRift (117)
[2015.10.29-10.21.41:835][ 11]LogModuleManager: Shutting down and abandoning module OculusLibrary (116)
[2015.10.29-10.21.41:835][ 11]LogModuleManager: Shutting down and abandoning module LeapMotionController (115)
[2015.10.29-10.21.41:841][ 11]LogModuleManager: Shutting down and abandoning module CustomMeshComponent (114)
[2015.10.29-10.21.41:842][ 11]LogModuleManager: Shutting down and abandoning module CableComponent (113)
[2015.10.29-10.21.41:842][ 11]LogModuleManager: Shutting down and abandoning module ArchVisCharacter (112)
[2015.10.29-10.21.41:842][ 11]LogModuleManager: Shutting down and abandoning module MessagingDebugger (111)
[2015.10.29-10.21.41:857][ 11]LogModuleManager: Shutting down and abandoning module MediaPlayerEditor (110)
[2015.10.29-10.21.41:858][ 11]LogModuleManager: Shutting down and abandoning module HTML5Networking (109)
[2015.10.29-10.21.41:858][ 11]LogModuleManager: Shutting down and abandoning module SpeedTreeImporter (108)
[2015.10.29-10.21.41:858][ 11]LogModuleManager: Shutting down and abandoning module PluginBrowser (107)
[2015.10.29-10.21.41:858][ 11]LogModuleManager: Shutting down and abandoning module EpicSurvey (106)
[2015.10.29-10.21.41:858][ 11]LogModuleManager: Shutting down and abandoning module DesktopPlatform (105)
[2015.10.29-10.21.41:858][ 11]LogModuleManager: Shutting down and abandoning module VisualStudioSourceCodeAccess (104)
[2015.10.29-10.21.41:858][ 11]LogModuleManager: Shutting down and abandoning module UObjectPlugin (103)
[2015.10.29-10.21.41:858][ 11]LogModuleManager: Shutting down and abandoning module SubversionSourceControl (102)
[2015.10.29-10.21.41:858][ 11]LogModuleManager: Shutting down and abandoning module PerforceSourceControl (101)
[2015.10.29-10.21.41:858][ 11]LogModuleManager: Shutting down and abandoning module SourceControl (100)
[2015.10.29-10.21.41:858][ 11]LogModuleManager: Shutting down and abandoning module GitSourceControl (99)
[2015.10.29-10.21.41:858][ 11]LogModuleManager: Shutting down and abandoning module LightPropagationVolumeEditor (98)
[2015.10.29-10.21.41:858][ 11]LogModuleManager: Shutting down and abandoning module PaperTiledImporter (97)
[2015.10.29-10.21.41:858][ 11]LogModuleManager: Shutting down and abandoning module PaperSpriteSheetImporter (96)
[2015.10.29-10.21.41:858][ 11]LogModuleManager: Shutting down and abandoning module MeshPaint (95)
[2015.10.29-10.21.41:858][ 11]LogModuleManager: Shutting down and abandoning module SlateReflector (94)
[2015.10.29-10.21.41:859][ 11]LogModuleManager: Shutting down and abandoning module HotReload (93)
[2015.10.29-10.21.41:859][ 11]LogModuleManager: Shutting down and abandoning module MainFrame (92)
[2015.10.29-10.21.41:859][ 11]LogModuleManager: Shutting down and abandoning module LevelEditor (91)
[2015.10.29-10.21.41:861][ 11]LogModuleManager: Shutting down and abandoning module DirectoryWatcher (90)
[2015.10.29-10.21.41:861][ 11]LogModuleManager: Shutting down and abandoning module AssetRegistry (89)
[2015.10.29-10.21.41:961][ 11]LogModuleManager: Shutting down and abandoning module ContentBrowser (88)
[2015.10.29-10.21.41:962][ 11]LogModuleManager: Shutting down and abandoning module Paper2DEditor (87)
[2015.10.29-10.21.41:963][ 11]LogModuleManager: Shutting down and abandoning module AutomaticDoor (86)
[2015.10.29-10.21.41:963][ 11]LogModuleManager: Shutting down and abandoning module UdpMessaging (85)
[2015.10.29-10.21.42:065][ 11]LogModuleManager: Shutting down and abandoning module LightPropagationVolumeRuntime (84)
[2015.10.29-10.21.42:065][ 11]LogModuleManager: Shutting down and abandoning module Paper2D (83)
[2015.10.29-10.21.42:065][ 11]LogModuleManager: Shutting down and abandoning module WindowsMoviePlayer (82)
[2015.10.29-10.21.42:071][ 11]LogModuleManager: Shutting down and abandoning module Media (81)
[2015.10.29-10.21.42:071][ 11]LogModuleManager: Shutting down and abandoning module WmfMedia (80)
[2015.10.29-10.21.42:071][ 11]LogModuleManager: Shutting down and abandoning module OnlineBlueprintSupport (79)
[2015.10.29-10.21.42:071][ 11]LogModuleManager: Shutting down and abandoning module GameplayTasksEditor (78)
[2015.10.29-10.21.42:071][ 11]LogModuleManager: Shutting down and abandoning module PropertyEditor (77)
[2015.10.29-10.21.42:071][ 11]LogModuleManager: Shutting down and abandoning module BehaviorTreeEditor (76)
[2015.10.29-10.21.42:072][ 11]LogModuleManager: Shutting down and abandoning module FunctionalTesting (75)
[2015.10.29-10.21.42:072][ 11]LogModuleManager: Shutting down and abandoning module CollisionAnalyzer (74)
[2015.10.29-10.21.42:072][ 11]LogModuleManager: Shutting down and abandoning module WorkspaceMenuStructure (73)
[2015.10.29-10.21.42:072][ 11]LogModuleManager: Shutting down and abandoning module MessageLog (72)
[2015.10.29-10.21.42:072][ 11]LogModuleManager: Shutting down and abandoning module Sequencer (71)
[2015.10.29-10.21.42:073][ 11]LogModuleManager: Shutting down and abandoning module AssetTools (70)
[2015.10.29-10.21.42:077][ 11]LogModuleManager: Shutting down and abandoning module UMGEditor (69)
[2015.10.29-10.21.42:078][ 11]LogModuleManager: Shutting down and abandoning module UMG (68)
[2015.10.29-10.21.42:078][ 11]LogModuleManager: Shutting down and abandoning module Slate (67)
[2015.10.29-10.21.42:078][ 11]LogModuleManager: Shutting down and abandoning module EditorStyle (66)
[2015.10.29-10.21.42:079][ 11]LogModuleManager: Shutting down and abandoning module SessionServices (65)
[2015.10.29-10.21.42:079][ 11]LogModuleManager: Shutting down and abandoning module SourceCodeAccess (64)
[2015.10.29-10.21.42:079][ 11]LogModuleManager: Shutting down and abandoning module HeadMountedDisplay (63)
[2015.10.29-10.21.42:079][ 11]LogModuleManager: Shutting down and abandoning module XAudio2 (62)
[2015.10.29-10.21.42:079][ 11]LogModuleManager: Shutting down and abandoning module Networking (60)
[2015.10.29-10.21.42:079][ 11]LogModuleManager: Shutting down and abandoning module Core (59)
[2015.10.29-10.21.42:079][ 11]LogModuleManager: Shutting down and abandoning module KismetCompiler (58)
[2015.10.29-10.21.42:079][ 11]LogModuleManager: Shutting down and abandoning module PhysXFormats (57)
[2015.10.29-10.21.42:079][ 11]LogModuleManager: Shutting down and abandoning module MeshUtilities (56)
[2015.10.29-10.21.42:080][ 11]LogModuleManager: Shutting down and abandoning module CookingStats (55)
[2015.10.29-10.21.42:081][ 11]LogModuleManager: Shutting down and abandoning module DerivedDataCache (54)
[2015.10.29-10.21.42:168][ 11]LogDerivedDataCache: Shutdown
[2015.10.29-10.21.42:168][ 11]LogModuleManager: Shutting down and abandoning module ShaderFormatOpenGL (53)
[2015.10.29-10.21.42:177][ 11]LogModuleManager: Shutting down and abandoning module ShaderFormatD3D (52)
[2015.10.29-10.21.42:177][ 11]LogModuleManager: Shutting down and abandoning module MetalShaderFormat (51)
[2015.10.29-10.21.42:180][ 11]LogModuleManager: Shutting down and abandoning module TextureFormatUncompressed (50)
[2015.10.29-10.21.42:180][ 11]LogModuleManager: Shutting down and abandoning module TextureFormatPVR (49)
[2015.10.29-10.21.42:180][ 11]LogModuleManager: Shutting down and abandoning module TextureFormatIntelISPCTexComp (48)
[2015.10.29-10.21.42:180][ 11]LogModuleManager: Shutting down and abandoning module TextureFormatDXT (47)
[2015.10.29-10.21.42:180][ 11]LogModuleManager: Shutting down and abandoning module ImageWrapper (46)
[2015.10.29-10.21.42:180][ 11]LogModuleManager: Shutting down and abandoning module TextureFormatASTC (45)
[2015.10.29-10.21.42:180][ 11]LogModuleManager: Shutting down and abandoning module TextureFormatAndroid (44)
[2015.10.29-10.21.42:180][ 11]LogModuleManager: Shutting down and abandoning module AudioFormatOpus (43)
[2015.10.29-10.21.42:180][ 11]LogModuleManager: Shutting down and abandoning module AudioFormatOgg (42)
[2015.10.29-10.21.42:180][ 11]LogModuleManager: Shutting down and abandoning module AudioFormatADPCM (41)
[2015.10.29-10.21.42:180][ 11]LogModuleManager: Shutting down and abandoning module LinuxTargetPlatform (40)
[2015.10.29-10.21.42:180][ 11]LogModuleManager: Shutting down and abandoning module LinuxServerTargetPlatform (39)
[2015.10.29-10.21.42:180][ 11]LogModuleManager: Shutting down and abandoning module LinuxNoEditorTargetPlatform (38)
[2015.10.29-10.21.42:180][ 11]LogModuleManager: Shutting down and abandoning module Messaging (37)
[2015.10.29-10.21.42:180][ 11]LogModuleManager: Shutting down and abandoning module IOSTargetPlatform (36)
[2015.10.29-10.21.42:180][ 11]LogModuleManager: Shutting down and abandoning module HTML5TargetPlatform (35)
[2015.10.29-10.21.42:180][ 11]LogModuleManager: Shutting down and abandoning module Android_PVRTCTargetPlatform (34)
[2015.10.29-10.21.42:180][ 11]LogModuleManager: Shutting down and abandoning module Android_ETC2TargetPlatform (33)
[2015.10.29-10.21.42:180][ 11]LogModuleManager: Shutting down and abandoning module Android_ETC1TargetPlatform (32)
[2015.10.29-10.21.42:180][ 11]LogModuleManager: Shutting down and abandoning module Android_DXTTargetPlatform (31)
[2015.10.29-10.21.42:180][ 11]LogModuleManager: Shutting down and abandoning module Android_ATCTargetPlatform (30)
[2015.10.29-10.21.42:180][ 11]LogModuleManager: Shutting down and abandoning module Android_ASTCTargetPlatform (29)
[2015.10.29-10.21.42:180][ 11]LogModuleManager: Shutting down and abandoning module AndroidTargetPlatform (28)
[2015.10.29-10.21.42:180][ 11]LogModuleManager: Shutting down and abandoning module WindowsTargetPlatform (27)
[2015.10.29-10.21.42:180][ 11]LogModuleManager: Shutting down and abandoning module WindowsServerTargetPlatform (26)
[2015.10.29-10.21.42:180][ 11]LogModuleManager: Shutting down and abandoning module WindowsNoEditorTargetPlatform (25)
[2015.10.29-10.21.42:180][ 11]LogModuleManager: Shutting down and abandoning module WindowsClientTargetPlatform (24)
[2015.10.29-10.21.42:180][ 11]LogModuleManager: Shutting down and abandoning module AllDesktopTargetPlatform (23)
[2015.10.29-10.21.42:180][ 11]LogModuleManager: Shutting down and abandoning module TargetPlatform (22)
[2015.10.29-10.21.42:180][ 11]LogModuleManager: Shutting down and abandoning module InputCore (21)
[2015.10.29-10.21.42:180][ 11]LogModuleManager: Shutting down and abandoning module Settings (20)
[2015.10.29-10.21.42:180][ 11]LogModuleManager: Shutting down and abandoning module OnlineSubsystem (18)
[2015.10.29-10.21.42:180][ 11]LogModuleManager: Shutting down and abandoning module HTTP (17)
[2015.10.29-10.21.44:182][ 11]LogModuleManager: Shutting down and abandoning module XMPP (16)
[2015.10.29-10.21.44:293][ 11]LogModuleManager: Shutting down and abandoning module ExampleDeviceProfileSelector (15)
[2015.10.29-10.21.44:293][ 11]LogModuleManager: Shutting down and abandoning module TextureCompressor (14)
[2015.10.29-10.21.44:295][ 11]LogModuleManager: Shutting down and abandoning module ShaderCore (13)
[2015.10.29-10.21.44:295][ 11]LogModuleManager: Shutting down and abandoning module Landscape (12)
[2015.10.29-10.21.44:295][ 11]LogModuleManager: Shutting down and abandoning module SlateRHIRenderer (11)
[2015.10.29-10.21.44:295][ 11]LogModuleManager: Shutting down and abandoning module OpenGLDrv (10)
[2015.10.29-10.21.44:331][ 11]LogModuleManager: Shutting down and abandoning module D3D11RHI (9)
[2015.10.29-10.21.44:331][ 11]LogModuleManager: Shutting down and abandoning module AnimGraphRuntime (8)
[2015.10.29-10.21.44:331][ 11]LogModuleManager: Shutting down and abandoning module Renderer (7)
[2015.10.29-10.21.44:331][ 11]LogModuleManager: Shutting down and abandoning module Engine (6)
[2015.10.29-10.21.44:331][ 11]LogModuleManager: Shutting down and abandoning module CoreUObject (5)
[2015.10.29-10.21.44:331][ 11]LogModuleManager: Shutting down and abandoning module NetworkFile (4)
[2015.10.29-10.21.44:332][ 11]LogModuleManager: Shutting down and abandoning module StreamingFile (3)
[2015.10.29-10.21.44:332][ 11]LogModuleManager: Shutting down and abandoning module SandboxFile (2)
[2015.10.29-10.21.44:332][ 11]LogModuleManager: Shutting down and abandoning module PakFile (1)
[2015.10.29-10.21.44:333][ 11]LogExit: Exiting.
[2015.10.29-10.21.44:334][ 11]Log file closed, 10/29/15 11:21:44
