[2015.10.29-19.47.46:029][  0]Log file open, 10/29/15 20:47:46
[2015.10.29-19.47.46:029][  0]LogInit:Display: Running engine for game: AutomaticDoor
[2015.10.29-19.47.46:029][  0]LogInit:Display: RandInit(-1472873166) SRandInit(-1472873166).
[2015.10.29-19.47.46:029][  0]LogTaskGraph: Started task graph with 4 named threads and 7 total threads.
[2015.10.29-19.47.46:029][  0]LogStats: Stats thread started at 0.104228
[2015.10.29-19.47.46:029][  0]LogInit:Warning: Incompatible or missing module: UE4Editor-AutomaticDoor.dll
[2015.10.29-19.48.09:999][  0]LogExit: Preparing to exit.
[2015.10.29-19.48.10:120][  0]LogModuleManager: Shutting down and abandoning module TextureCompressor (14)
[2015.10.29-19.48.10:133][  0]LogModuleManager: Shutting down and abandoning module ShaderCore (13)
[2015.10.29-19.48.10:133][  0]LogModuleManager: Shutting down and abandoning module Landscape (12)
[2015.10.29-19.48.10:133][  0]LogModuleManager: Shutting down and abandoning module SlateRHIRenderer (11)
[2015.10.29-19.48.10:140][  0]LogModuleManager: Shutting down and abandoning module OpenGLDrv (10)
[2015.10.29-19.48.10:151][  0]LogModuleManager: Shutting down and abandoning module D3D11RHI (9)
[2015.10.29-19.48.10:151][  0]LogModuleManager: Shutting down and abandoning module AnimGraphRuntime (8)
[2015.10.29-19.48.10:151][  0]LogModuleManager: Shutting down and abandoning module Renderer (7)
[2015.10.29-19.48.10:151][  0]LogModuleManager: Shutting down and abandoning module Engine (6)
[2015.10.29-19.48.10:151][  0]LogModuleManager: Shutting down and abandoning module CoreUObject (5)
[2015.10.29-19.48.10:151][  0]LogModuleManager: Shutting down and abandoning module NetworkFile (4)
[2015.10.29-19.48.10:158][  0]LogModuleManager: Shutting down and abandoning module StreamingFile (3)
[2015.10.29-19.48.10:158][  0]LogModuleManager: Shutting down and abandoning module SandboxFile (2)
[2015.10.29-19.48.10:158][  0]LogModuleManager: Shutting down and abandoning module PakFile (1)
[2015.10.29-19.48.10:171][  0]LogExit: Exiting.
[2015.10.29-19.48.10:189][  0]Log file closed, 10/29/15 20:48:10
