[2015.11.06-09.43.21:544][  0]Log file open, 11/06/15 10:43:21
[2015.11.06-09.43.21:544][  0]LogInit:Display: Running engine for game: AutomaticDoor
[2015.11.06-09.43.21:544][  0]LogInit:Display: RandInit(-1099776132) SRandInit(-1099776132).
[2015.11.06-09.43.21:544][  0]LogTaskGraph: Started task graph with 4 named threads and 7 total threads.
[2015.11.06-09.43.21:544][  0]LogStats: Stats thread started at 0.069238
[2015.11.06-09.43.21:544][  0]LogInit:Warning: Incompatible or missing module: UE4Editor-AutomaticDoor.dll
[2015.11.06-09.43.24:308][  0]Running C:/Program Files/Epic Games/4.9/Engine/Binaries/DotNET/UnrealBuildTool.exe AutomaticDoor Development Win64 -project="C:/Users/Spellabbet/Documents/GitHub/UnrealTutorial/AutomaticDoor/AutomaticDoor.uproject" -rocket -editorrecompile -progress -noubtmakefiles
[2015.11.06-09.44.08:609][  0]@progress push 5%
[2015.11.06-09.44.11:117][  0]Parsing headers for AutomaticDoorEditor
[2015.11.06-09.44.11:117][  0]  Running UnrealHeaderTool "C:/Users/Spellabbet/Documents/GitHub/UnrealTutorial/AutomaticDoor/AutomaticDoor.uproject" "C:\Users\Spellabbet\Documents\GitHub\UnrealTutorial\AutomaticDoor\Intermediate\Build\Win64\AutomaticDoorEditor\Development\UnrealHeaderTool.manifest" -LogCmds="loginit warning, logexit warning, logdatabase error" -rocket -installed
[2015.11.06-09.44.21:958][  0]Reflection code generated for AutomaticDoorEditor in 10,7853773 seconds
[2015.11.06-09.44.22:159][  0]@progress pop
[2015.11.06-09.44.25:272][  0]Performing 10 actions (4 in parallel)
[2015.11.06-09.44.25:473][  0]PCH.AutomaticDoor.h.cpp
[2015.11.06-09.44.48:176][  0]AutomaticDoorHUD.cpp
[2015.11.06-09.44.48:176][  0]AutomaticDoorCharacter.cpp
[2015.11.06-09.44.48:176][  0]AutomaticDoorGameMode.cpp
[2015.11.06-09.44.48:176][  0]AutomaticDoor.generated.cpp
[2015.11.06-09.44.48:577][  0]AutomaticDoorProjectile.cpp
[2015.11.06-09.44.48:677][  0]Trigger.cpp
[2015.11.06-09.44.49:478][  0]DoorWall.cpp
[2015.11.06-09.44.49:579][  0]AutomaticDoor.cpp
[2015.11.06-09.44.49:779][  0][10/10] Link UE4Editor-AutomaticDoor.dll
[2015.11.06-09.44.53:398][  0]   Creating library C:\Users\Spellabbet\Documents\GitHub\UnrealTutorial\AutomaticDoor\Intermediate/Build/Win64\UE4Editor\Development\UE4Editor-AutomaticDoor.lib and object C:\Users\Spellabbet\Documents\GitHub\UnrealTutorial\AutomaticDoor\Intermediate/Build/Win64\UE4Editor\Development\UE4Editor-AutomaticDoor.exp
[2015.11.06-09.44.53:899][  0]-------- End Detailed Actions Stats -----------------------------------------------------------
[2015.11.06-09.44.53:899][  0]Total build time: 89,55 seconds
[2015.11.06-09.44.54:262][  0]LogInit: Version: 4.9.2-2707645+++depot+UE4-Releases+4.9
[2015.11.06-09.44.54:262][  0]LogInit: API Version: 2672455
[2015.11.06-09.44.54:262][  0]LogInit: Compiled (64-bit): Sep 28 2015 10:25:44
[2015.11.06-09.44.54:262][  0]LogInit: Compiled with Visual C++: 18.00.21005.01
[2015.11.06-09.44.54:262][  0]LogInit: Build Configuration: Development
[2015.11.06-09.44.54:262][  0]LogInit: Branch Name: ++depot+UE4-Releases+4.9
[2015.11.06-09.44.54:262][  0]LogInit: Command line:  
[2015.11.06-09.44.54:262][  0]LogInit: Base directory: C:/Program Files/Epic Games/4.9/Engine/Binaries/Win64/
[2015.11.06-09.44.54:262][  0]LogInit: Rocket: 1
[2015.11.06-09.44.54:269][  0]LogInit: Using libcurl 7.41.0
[2015.11.06-09.44.54:269][  0]LogInit:  - built for x86_64-pc-win32
[2015.11.06-09.44.54:269][  0]LogInit:  - supports SSL with WinSSL
[2015.11.06-09.44.54:269][  0]LogInit:  - other features:
[2015.11.06-09.44.54:269][  0]LogInit:      CURL_VERSION_SSL
[2015.11.06-09.44.54:269][  0]LogInit:      CURL_VERSION_IPV6
[2015.11.06-09.44.54:269][  0]LogInit:      CURL_VERSION_ASYNCHDNS
[2015.11.06-09.44.54:269][  0]LogInit:      CURL_VERSION_LARGEFILE
[2015.11.06-09.44.54:269][  0]LogInit:      CURL_VERSION_IDN
[2015.11.06-09.44.54:269][  0]LogInit:  CurlRequestOptions (configurable via config and command line):
[2015.11.06-09.44.54:269][  0]LogInit:  - bVerifyPeer = true  - Libcurl will verify peer certificate
[2015.11.06-09.44.54:269][  0]LogInit:  - bUseHttpProxy = false  - Libcurl will NOT use HTTP proxy
[2015.11.06-09.44.54:269][  0]LogInit:  - bDontReuseConnections = false  - Libcurl will reuse connections
[2015.11.06-09.44.54:269][  0]LogInit:  - CertBundlePath = nullptr  - Libcurl will use whatever was configured at build time.
[2015.11.06-09.44.54:274][  0]LogInit: Presizing for 0 objects not considered by GC, pre-allocating 0 bytes.
[2015.11.06-09.44.54:279][  0]LogInit: Object subsystem initialized
[2015.11.06-09.44.54:281][  0]LogInit: Selected Device Profile: [Windows]
[2015.11.06-09.44.54:281][  0]LogInit: Applying CVar settings loaded from the selected device profile: [Windows]
[2015.11.06-09.44.54:287][  0]LogInit: Computer: SpellabbA333-08
[2015.11.06-09.44.54:287][  0]LogInit: User: Spellabbet
[2015.11.06-09.44.54:287][  0]LogInit: CPU Page size=4096, Cores=4
[2015.11.06-09.44.54:287][  0]LogInit: High frequency timer resolution =3.507523 MHz
[2015.11.06-09.44.54:287][  0]LogMemory: Memory total: Physical=15.9GB (16GB approx)
[2015.11.06-09.44.54:287][  0]LogMemory: Platform Memory Stats for Windows
[2015.11.06-09.44.54:287][  0]LogMemory: Process Physical Memory: 54.66 MB used, 54.66 MB peak
[2015.11.06-09.44.54:287][  0]LogMemory: Process Virtual Memory: 55.25 MB used, 55.25 MB peak
[2015.11.06-09.44.54:287][  0]LogMemory: Physical Memory: 3319.52 MB used, 16318.82 MB total
[2015.11.06-09.44.54:287][  0]LogMemory: Virtual Memory: 370.78 MB used, 134217728.00 MB total
[2015.11.06-09.44.54:314][  0]LogTextLocalizationManager: No translations for ('sv-SE') exist, falling back to 'en' for localization and internationalization data.
[2015.11.06-09.44.54:923][  0]LogD3D11RHI: Found D3D11 adapter 0: NVIDIA GeForce GTX 960 (Feature Level 11_0)
[2015.11.06-09.44.54:924][  0]LogD3D11RHI: Adapter has 1965MB of dedicated video memory, 0MB of dedicated system memory, and 2048MB of shared system memory, 1 output[s]
[2015.11.06-09.44.54:924][  0]LogD3D11RHI: Found D3D11 adapter 1: Microsoft Basic Render Driver (Feature Level 11_0)
[2015.11.06-09.44.54:924][  0]LogD3D11RHI: Adapter has 0MB of dedicated video memory, 0MB of dedicated system memory, and 256MB of shared system memory, 0 output[s]
[2015.11.06-09.44.54:924][  0]LogD3D11RHI: Chosen D3D11 Adapter Id = 0
[2015.11.06-09.44.54:927][  0]LogD3D11RHI: !Direct3DDevice
[2015.11.06-09.44.54:927][  0]LogRHI: Texture pool is 1361 MB (70% of 1945 MB)
[2015.11.06-09.44.54:936][  0]LogD3D11RHI: Async texture creation enabled
[2015.11.06-09.44.54:951][  0]LogShaderCompilers: Guid format shader working directory is 15 characters bigger than the processId version (../../../../../../Users/Spellabbet/Documents/GitHub/UnrealTutorial/AutomaticDoor/Intermediate/Shaders/WorkingDirectory/5792/).
[2015.11.06-09.44.54:951][  0]LogShaderCompilers: Cleaned the shader compiler working directory '../../../../../../Users/Spellabbet/Documents/GitHub/UnrealTutorial/AutomaticDoor/Intermediate/Shaders/tmp/715EA3AE424204779F966280E52FAFDD/'.
[2015.11.06-09.44.54:951][  0]LogShaderCompilers:Display: Using Local Shader Compiler.
[2015.11.06-09.44.55:816][  0]LogTemp:Display: Loaded TP AllDesktopTargetPlatform
[2015.11.06-09.44.55:820][  0]LogTemp:Display: Loaded TP WindowsClientTargetPlatform
[2015.11.06-09.44.55:825][  0]LogTemp:Display: Loaded TP WindowsNoEditorTargetPlatform
[2015.11.06-09.44.55:829][  0]LogTemp:Display: Loaded TP WindowsServerTargetPlatform
[2015.11.06-09.44.55:833][  0]LogTemp:Display: Loaded TP WindowsTargetPlatform
[2015.11.06-09.44.55:836][  0]LogTemp:Display: Loaded TP AndroidTargetPlatform
[2015.11.06-09.44.55:838][  0]LogTemp:Display: Loaded TP Android_ASTCTargetPlatform
[2015.11.06-09.44.55:841][  0]LogTemp:Display: Loaded TP Android_ATCTargetPlatform
[2015.11.06-09.44.55:844][  0]LogTemp:Display: Loaded TP Android_DXTTargetPlatform
[2015.11.06-09.44.55:846][  0]LogTemp:Display: Loaded TP Android_ETC1TargetPlatform
[2015.11.06-09.44.55:849][  0]LogTemp:Display: Loaded TP Android_ETC2TargetPlatform
[2015.11.06-09.44.55:852][  0]LogTemp:Display: Loaded TP Android_PVRTCTargetPlatform
[2015.11.06-09.44.55:852][  0]LogTemp:Display: Loaded TP HTML5TargetPlatform
[2015.11.06-09.44.55:868][  0]LogTemp:Display: Loaded TP IOSTargetPlatform
[2015.11.06-09.44.55:870][  0]LogTemp:Display: Loaded TP LinuxNoEditorTargetPlatform
[2015.11.06-09.44.55:873][  0]LogTemp:Display: Loaded TP LinuxServerTargetPlatform
[2015.11.06-09.44.55:876][  0]LogTemp:Display: Loaded TP LinuxTargetPlatform
[2015.11.06-09.44.55:876][  0]LogTargetPlatformManager:Display: Building Assets For Windows
[2015.11.06-09.44.55:936][  0]LogDerivedDataCache:Display: Max Cache Size: 512 MB
[2015.11.06-09.44.55:970][  0]LogDerivedDataCache: Loaded boot cache 0.03s 44MB C:/Users/Spellabbet/AppData/Local/UnrealEngine/4.9/DerivedDataCache/Boot.ddc.
[2015.11.06-09.44.55:970][  0]LogDerivedDataCache:Display: Loaded Boot cache: C:/Users/Spellabbet/AppData/Local/UnrealEngine/4.9/DerivedDataCache/Boot.ddc
[2015.11.06-09.44.55:970][  0]LogDerivedDataCache: FDerivedDataBackendGraph:  Pak pak cache file ../../../../../../Users/Spellabbet/Documents/GitHub/UnrealTutorial/AutomaticDoor/DerivedDataCache/DDC.ddp not found, will not use a pak cache.
[2015.11.06-09.44.55:970][  0]LogDerivedDataCache: Unable to find inner node Pak for hierarchical cache Hierarchy.
[2015.11.06-09.44.55:970][  0]LogDerivedDataCache: FDerivedDataBackendGraph:  CompressedPak pak cache file ../../../../../../Users/Spellabbet/Documents/GitHub/UnrealTutorial/AutomaticDoor/DerivedDataCache/Compressed.ddp not found, will not use a pak cache.
[2015.11.06-09.44.55:970][  0]LogDerivedDataCache: Unable to find inner node CompressedPak for hierarchical cache Hierarchy.
[2015.11.06-09.44.56:078][  0]LogDerivedDataCache:Display: Pak cache opened for reading ../../../Engine/DerivedDataCache/Compressed.ddp.
[2015.11.06-09.44.56:090][  0]LogDerivedDataCache: Using Local data cache path C:/Users/Spellabbet/AppData/Local/UnrealEngine/Common/DerivedDataCache: Writable
[2015.11.06-09.44.56:225][  0]LogInit: Selected Device Profile: [Windows]
[2015.11.06-09.44.56:227][  0]LogContentStreaming: Texture pool size is 0.000000MB
[2015.11.06-09.44.56:322][  0]LogMeshUtilities: No automatic mesh reduction module available
[2015.11.06-09.44.56:322][  0]LogMeshUtilities: No automatic mesh merging module available
[2015.11.06-09.44.56:514][  0]LogInit: WinSock: version 1.1 (2.2), MaxSocks=32767, MaxUdp=65467
[2015.11.06-09.44.57:055][  0]UdpMessaging: Initializing bridge on interface 0.0.0.0:0 to multicast group 230.0.0.1:6666.
[2015.11.06-09.44.57:220][  0]LogSkinnedMeshComp:Warning: GetSocketByName(): No SkeletalMesh for CharacterMesh1P
[2015.11.06-09.44.57:344][  0]LogLinker:Warning: Asset '../../../../../../Users/Spellabbet/Documents/GitHub/UnrealTutorial/AutomaticDoor/Content/Mannequin/Animations/ThirdPerson_AnimBP.uasset' has been saved with empty engine version. The asset will be loaded but may be incompatible.
[2015.11.06-09.44.57:344][  0]LogLinker:Warning: Asset '../../../../../../Users/Spellabbet/Documents/GitHub/UnrealTutorial/AutomaticDoor/Content/Mannequin/Animations/ThirdPerson_Jump.uasset' has been saved with empty engine version. The asset will be loaded but may be incompatible.
[2015.11.06-09.44.57:345][  0]LogLinker:Warning: Asset '../../../../../../Users/Spellabbet/Documents/GitHub/UnrealTutorial/AutomaticDoor/Content/Mannequin/Animations/ThirdPersonJump_Loop.uasset' has been saved with empty engine version. The asset will be loaded but may be incompatible.
[2015.11.06-09.44.57:346][  0]LogLinker:Warning: Asset '../../../../../../Users/Spellabbet/Documents/GitHub/UnrealTutorial/AutomaticDoor/Content/Mannequin/Animations/ThirdPersonJump_Start.uasset' has been saved with empty engine version. The asset will be loaded but may be incompatible.
[2015.11.06-09.44.57:347][  0]LogLinker:Warning: Asset '../../../../../../Users/Spellabbet/Documents/GitHub/UnrealTutorial/AutomaticDoor/Content/Mannequin/Animations/ThirdPerson_IdleRun_2D.uasset' has been saved with empty engine version. The asset will be loaded but may be incompatible.
[2015.11.06-09.44.57:347][  0]LogLinker:Warning: Asset '../../../../../../Users/Spellabbet/Documents/GitHub/UnrealTutorial/AutomaticDoor/Content/Mannequin/Animations/ThirdPersonIdle.uasset' has been saved with empty engine version. The asset will be loaded but may be incompatible.
[2015.11.06-09.44.57:348][  0]LogLinker:Warning: Asset '../../../../../../Users/Spellabbet/Documents/GitHub/UnrealTutorial/AutomaticDoor/Content/Mannequin/Animations/ThirdPersonRun.uasset' has been saved with empty engine version. The asset will be loaded but may be incompatible.
[2015.11.06-09.44.57:349][  0]LogLinker:Warning: Asset '../../../../../../Users/Spellabbet/Documents/GitHub/UnrealTutorial/AutomaticDoor/Content/Mannequin/Animations/ThirdPersonWalk.uasset' has been saved with empty engine version. The asset will be loaded but may be incompatible.
[2015.11.06-09.44.57:379][  0]LogLinker:Warning: Asset '../../../../../../Users/Spellabbet/Documents/GitHub/UnrealTutorial/AutomaticDoor/Content/FirstPerson/Meshes/FirstPersonProjectileMesh.uasset' has been saved with empty engine version. The asset will be loaded but may be incompatible.
[2015.11.06-09.44.57:436][  0]LogSkinnedMeshComp:Warning: GetSocketByName(): No SkeletalMesh for CharacterMesh1P
[2015.11.06-09.44.57:446][  0]LogSkinnedMeshComp:Warning: GetSocketByName(): No SkeletalMesh for CharacterMesh1P
[2015.11.06-09.44.57:447][  0]LogSkinnedMeshComp:Warning: GetSocketByName(): No SkeletalMesh for CharacterMesh1P
[2015.11.06-09.44.57:448][  0]LogSkinnedMeshComp:Warning: GetSocketByName(): No SkeletalMesh for CharacterMesh1P
[2015.11.06-09.44.57:451][  0]LogSkinnedMeshComp:Warning: GetSocketByName(): No SkeletalMesh for CharacterMesh1P
[2015.11.06-09.44.57:453][  0]LogSkinnedMeshComp:Warning: GetSocketByName(): No SkeletalMesh for CharacterMesh1P
[2015.11.06-09.44.57:671][  0]LogAssetRegistry: FAssetRegistry took 0.0105 seconds to start up
[2015.11.06-09.44.57:785][  0]SourceControl: Info Source control is disabled
[2015.11.06-09.44.57:791][  0]SourceControl: Info Source control is disabled
[2015.11.06-09.44.57:798][  0]SourceControl: Info Source control is disabled
[2015.11.06-09.44.57:805][  0]SourceControl: Info Source control is disabled
[2015.11.06-09.44.57:898][  0]LogLinker:Warning: Asset '../../../Engine/Plugins/Runtime/LeapMotionController/Content/LM_PassthroughMaterial.uasset' has been saved with empty engine version. The asset will be loaded but may be incompatible.
[2015.11.06-09.44.57:951][  0]LogObj: 35574 objects as part of root set at end of initial load.
[2015.11.06-09.44.57:951][  0]LogUObjectAllocator: 8616472 out of 0 bytes used by permanent object pool.
[2015.11.06-09.44.57:998][  0]LogEngine: Initializing Engine...
[2015.11.06-09.44.57:999][  0]LogHMD: Can't find Oculus library dev build: is proper Runtime installed? Version: 0.7.0.0
[2015.11.06-09.44.58:000][  0]LogHMD: SteamVR failed to initialize.  Err: 110
[2015.11.06-09.44.58:094][  0]LogAIModule: Creating AISystem for world NewWorld
[2015.11.06-09.44.58:098][  0]LogInit: XAudio2 using 'Speakers (4- High Definition Audio Device)' : 2 channels at 44.1 kHz using 16 bits per sample (channel mask 0x3)
[2015.11.06-09.44.58:124][  0]LogInit: FAudioDevice initialized.
[2015.11.06-09.44.58:141][  0]LogDerivedDataCache: Saved boot cache 0.02s 44MB C:/Users/Spellabbet/AppData/Local/UnrealEngine/4.9/DerivedDataCache/Boot.ddc.
[2015.11.06-09.44.58:145][  0]LogInit: Texture streaming: Enabled
[2015.11.06-09.44.58:149][  0]LogAnalytics: Creating configured Analytics provider AnalyticsET
[2015.11.06-09.44.58:149][  0]LogAnalytics: [UEEditor.Rocket.Release] APIServer = http://et2.epicgames.com/ET2/. AppVersion = 4.9.2-2707645+++depot+UE4-Releases+4.9
[2015.11.06-09.44.58:149][  0]LogAnalytics: [UEEditor.Rocket.Release] SetUserId 7e3fa46547d3e524ffb1328701b2a07b|99f216c1865e471987722078da7bde5f|060e5e79-a789-49c4-8abd-5d8b330400a7
[2015.11.06-09.44.58:149][  0]LogAnalytics: [UEEditor.Rocket.Release] AnalyticsET::StartSession
[2015.11.06-09.44.58:748][  0]LogInit: Transaction tracking system initialized
[2015.11.06-09.44.58:784][  0]BlueprintLog: New page: Editor Load
[2015.11.06-09.44.58:883][  0]LocalizationService: Info Localization service is disabled
[2015.11.06-09.44.58:951][  0]LogConsoleResponse:Display: 
[2015.11.06-09.44.59:046][  0]LogCook:Display: Done creating registry. It took  0.00s.
[2015.11.06-09.44.59:088][  0]LogFileCache: Scanning file cache for directory 'C:/Users/Spellabbet/Documents/GitHub/UnrealTutorial/AutomaticDoor/Content/' took 0.01s
[2015.11.06-09.44.59:088][  0]SourceControl: Info Source control is disabled
[2015.11.06-09.44.59:088][  0]Cmd: MAP LOAD FILE="../../../../../../Users/Spellabbet/Documents/GitHub/UnrealTutorial/AutomaticDoor/Content/FirstPersonCPP/Maps/FirstPersonExampleMap.umap" TEMPLATE=0 SHOWPROGRESS=1 FEATURELEVEL=3
[2015.11.06-09.44.59:088][  0]LightingResults: New page: Lighting Build
[2015.11.06-09.44.59:090][  0]MapCheck: New page: Map Check
[2015.11.06-09.44.59:090][  0]LightingResults: New page: Lighting Build
[2015.11.06-09.44.59:102][  0]LogParticles: Destroying 0 GPU particle simulations for FXSystem 0x0000003364E8A480
[2015.11.06-09.44.59:286][  0]LogSkinnedMeshComp:Warning: GetSocketByName(): No SkeletalMesh for CharacterMesh1P
[2015.11.06-09.44.59:465][  0]LogAIModule: Creating AISystem for world FirstPersonExampleMap
[2015.11.06-09.44.59:477][  0]LogEditorServer: Finished looking for orphan Actors (0.000 secs)
[2015.11.06-09.44.59:478][  0]Cmd: MAP CHECKDEP NOCLEARLOG
[2015.11.06-09.44.59:527][  0]MapCheck: Info Map check complete: 0 Error(s), 0 Warning(s), took 49.334ms to complete.
[2015.11.06-09.44.59:527][  0]LogFileHelpers: Loading map 'FirstPersonExampleMap' took 0.439
[2015.11.06-09.44.59:611][  0]LogCollectionManager: Loaded 0 collections in 0.001734 seconds
[2015.11.06-09.44.59:652][  0]LogFileCache: Scanning file cache for directory 'C:/Users/Spellabbet/Documents/GitHub/UnrealTutorial/AutomaticDoor/Saved/Collections/' took 0.01s
[2015.11.06-09.44.59:652][  0]LogFileCache: Scanning file cache for directory 'C:/Users/Spellabbet/Documents/GitHub/UnrealTutorial/AutomaticDoor/Content/Developers/Spellabbet/Collections/' took 0.01s
[2015.11.06-09.44.59:652][  0]LogFileCache: Scanning file cache for directory 'C:/Users/Spellabbet/Documents/GitHub/UnrealTutorial/AutomaticDoor/Content/Collections/' took 0.01s
[2015.11.06-09.44.59:652][  0]LogContentBrowser: Native class hierarchy populated in 0.0068 seconds. Added 1873 classes and 335 folders.
[2015.11.06-09.44.59:656][  0]LogCollectionManager: Rebuilt the GUID cache for 0 collections in 0.000002 seconds
[2015.11.06-09.44.59:663][  0]LogContentBrowser: Native class hierarchy updated for 'WidgetCarousel' in 0.0008 seconds. Added 0 classes and 0 folders.
[2015.11.06-09.44.59:695][  0]LogContentBrowser: Native class hierarchy updated for 'AddContentDialog' in 0.0008 seconds. Added 0 classes and 0 folders.
[2015.11.06-09.44.59:699][  0]LogContentBrowser: Native class hierarchy updated for 'SceneOutliner' in 0.0008 seconds. Added 1 classes and 2 folders.
[2015.11.06-09.44.59:717][  0]LogCrashTracker: Crashtracker disabled due to settings.
[2015.11.06-09.44.59:720][  0]LogUObjectGlobals:Warning: Failed to find object 'Class None.'
[2015.11.06-09.44.59:742][  0]LogLoad: Full Startup: 98.82 seconds (BP compile: 0.10 seconds)
[2015.11.06-09.44.59:775][  0]LogContentStreaming: Texture pool size now 1000 MB
[2015.11.06-09.44.59:883][  0]LogRenderer: Reallocating scene render targets to support 1208x556 (Frame:2).
[2015.11.06-09.45.05:932][679]LogLinker:Warning: Asset '../../../Engine/Content/ArtTools/RenderToTexture/Macros/RenderToTextureMacros.uasset' has been saved with empty engine version. The asset will be loaded but may be incompatible.
[2015.11.06-09.45.06:323][679]LogContentBrowser: Native class hierarchy updated for 'BlueprintGraph' in 0.0012 seconds. Added 107 classes and 0 folders.
[2015.11.06-09.45.07:352][679]LogSkinnedMeshComp:Warning: GetSocketByName(): No SkeletalMesh for CharacterMesh1P
[2015.11.06-09.45.11:172][953]LogActorComponent: UnregisterComponent: (/Engine/Transient.EditorFloorComp) Not registered. Aborting.
[2015.11.06-09.45.12:208][ 66]LogBlueprintUserMessages: Early PlayInEditor Detection: Level '/Game/FirstPersonCPP/Maps/FirstPersonExampleMap.FirstPersonExampleMap:PersistentLevel' has LevelScriptBlueprint '/Game/FirstPersonCPP/Maps/FirstPersonExampleMap.FirstPersonExampleMap:PersistentLevel.FirstPersonExampleMap' with GeneratedClass '/Game/FirstPersonCPP/Maps/FirstPersonExampleMap.FirstPersonExampleMap_C' with ClassGeneratedBy '/Game/FirstPersonCPP/Maps/FirstPersonExampleMap.FirstPersonExampleMap:PersistentLevel.FirstPersonExampleMap'
[2015.11.06-09.45.12:208][ 66]LogPlayLevel: PlayLevel: No blueprints needed recompiling
[2015.11.06-09.45.12:209][ 66]PIE: New page: PIE session: FirstPersonExampleMap (Nov 6, 2015, 11:45:12 AM)
[2015.11.06-09.45.12:209][ 66]LogPlayLevel: Creating play world package: /Game/FirstPersonCPP/Maps/UEDPIE_0_FirstPersonExampleMap
[2015.11.06-09.45.12:211][ 66]LogSkinnedMeshComp:Warning: GetSocketByName(): No SkeletalMesh for CharacterMesh1P
[2015.11.06-09.45.12:251][ 66]LogPlayLevel: PIE: StaticDuplicateObject took: (0.041427s)
[2015.11.06-09.45.12:252][ 66]LogAIModule: Creating AISystem for world FirstPersonExampleMap
[2015.11.06-09.45.12:252][ 66]LogPlayLevel: PIE: World Init took: (0.000817s)
[2015.11.06-09.45.12:252][ 66]LogPlayLevel: PIE: Created PIE world by copying editor world from /Game/FirstPersonCPP/Maps/FirstPersonExampleMap.FirstPersonExampleMap to /Game/FirstPersonCPP/Maps/UEDPIE_0_FirstPersonExampleMap.FirstPersonExampleMap (0.042621s)
[2015.11.06-09.45.12:252][ 66]LogActorComponent: UnregisterComponent: (/Engine/Transient.CharMoveComp) Not registered. Aborting.
[2015.11.06-09.45.12:252][ 66]LogActorComponent: UnregisterComponent: (/Engine/Transient.PawnSensing_GEN_VARIABLE) Not registered. Aborting.
[2015.11.06-09.45.12:278][ 66]LogParticles: Destroying 0 GPU particle simulations for FXSystem 0x000000336A1CADE0
[2015.11.06-09.45.12:279][ 66]LogParticles: Destroying 0 GPU particle simulations for FXSystem 0x000000331AC75940
[2015.11.06-09.45.12:280][ 66]LogParticles: Destroying 0 GPU particle simulations for FXSystem 0x000000331AC75440
[2015.11.06-09.45.12:280][ 66]LogParticles: Destroying 0 GPU particle simulations for FXSystem 0x00000033184BEE80
[2015.11.06-09.45.12:281][ 66]LogParticles: Destroying 0 GPU particle simulations for FXSystem 0x00000033184BE980
[2015.11.06-09.45.12:282][ 66]LogParticles: Destroying 0 GPU particle simulations for FXSystem 0x000000337868C680
[2015.11.06-09.45.12:290][ 66]LogInit: XAudio2 using 'Speakers (4- High Definition Audio Device)' : 2 channels at 44.1 kHz using 16 bits per sample (channel mask 0x3)
[2015.11.06-09.45.12:295][ 66]LogInit: FAudioDevice initialized.
[2015.11.06-09.45.12:345][ 66]LogWorld: Game class is 'AutomaticDoorGameMode'
[2015.11.06-09.45.12:360][ 66]LogWorld:Warning: *** WARNING - PATHS MAY NOT BE VALID ***
[2015.11.06-09.45.12:360][ 66]LogWorld: Bringing World /Game/FirstPersonCPP/Maps/UEDPIE_0_FirstPersonExampleMap.FirstPersonExampleMap up for play (max tick rate 0) at 2015.11.06-10.45.12
[2015.11.06-09.45.12:360][ 66]LogActor:Warning: GameSession /Game/FirstPersonCPP/Maps/UEDPIE_0_FirstPersonExampleMap.FirstPersonExampleMap:PersistentLevel.GameSession_0 has natively added scene component(s), but none of them were set as the actor's RootComponent - picking one arbitrarily
[2015.11.06-09.45.12:360][ 66]LogActor:Warning: GameNetworkManager /Game/FirstPersonCPP/Maps/UEDPIE_0_FirstPersonExampleMap.FirstPersonExampleMap:PersistentLevel.GameNetworkManager_0 has natively added scene component(s), but none of them were set as the actor's RootComponent - picking one arbitrarily
[2015.11.06-09.45.12:362][ 66]LogWorld: Bringing up level for play took: 0.016464
[2015.11.06-09.45.12:364][ 66]PIE: Info Play in editor start time for /Game/FirstPersonCPP/Maps/UEDPIE_0_FirstPersonExampleMap -0.619
[2015.11.06-09.45.12:364][ 66]LogBlueprintUserMessages: Late PlayInEditor Detection: Level '/Game/FirstPersonCPP/Maps/FirstPersonExampleMap.FirstPersonExampleMap:PersistentLevel' has LevelScriptBlueprint '/Game/FirstPersonCPP/Maps/FirstPersonExampleMap.FirstPersonExampleMap:PersistentLevel.FirstPersonExampleMap' with GeneratedClass '/Game/FirstPersonCPP/Maps/FirstPersonExampleMap.FirstPersonExampleMap_C' with ClassGeneratedBy '/Game/FirstPersonCPP/Maps/FirstPersonExampleMap.FirstPersonExampleMap:PersistentLevel.FirstPersonExampleMap'
[2015.11.06-09.45.13:368][173]LogAssetRegistry: Asset discovery search completed in 15.7084 seconds
[2015.11.06-09.45.13:368][173]LogCollectionManager: Rebuilt the object cache for 0 collections in 0.000001 seconds (found 0 objects)
[2015.11.06-09.45.13:368][173]LogCollectionManager: Fixed up redirectors for 0 collections in 0.000018 seconds (updated 0 objects)
[2015.11.06-09.45.22:460][263]LogBlueprintUserMessages: Early EndPlayMap Detection: Level '/Game/FirstPersonCPP/Maps/FirstPersonExampleMap.FirstPersonExampleMap:PersistentLevel' has LevelScriptBlueprint '/Game/FirstPersonCPP/Maps/FirstPersonExampleMap.FirstPersonExampleMap:PersistentLevel.FirstPersonExampleMap' with GeneratedClass '/Game/FirstPersonCPP/Maps/FirstPersonExampleMap.FirstPersonExampleMap_C' with ClassGeneratedBy '/Game/FirstPersonCPP/Maps/FirstPersonExampleMap.FirstPersonExampleMap:PersistentLevel.FirstPersonExampleMap'
[2015.11.06-09.45.22:491][263]LogBlueprintUserMessages: Late EndPlayMap Detection: Level '/Game/FirstPersonCPP/Maps/FirstPersonExampleMap.FirstPersonExampleMap:PersistentLevel' has LevelScriptBlueprint '/Game/FirstPersonCPP/Maps/FirstPersonExampleMap.FirstPersonExampleMap:PersistentLevel.FirstPersonExampleMap' with GeneratedClass '/Game/FirstPersonCPP/Maps/FirstPersonExampleMap.FirstPersonExampleMap_C' with ClassGeneratedBy '/Game/FirstPersonCPP/Maps/FirstPersonExampleMap.FirstPersonExampleMap:PersistentLevel.FirstPersonExampleMap'
[2015.11.06-09.45.22:513][263]LogParticles: Destroying 0 GPU particle simulations for FXSystem 0x000000333C0F7B00
[2015.11.06-09.45.25:414][585]LogWindowsTextInputMethodSystem:Display: IME system now deactivated.
[2015.11.06-09.45.25:634][586]Cmd: QUIT_EDITOR
[2015.11.06-09.45.26:713][586]LogExit: Preparing to exit.
[2015.11.06-09.45.27:166][586]LogExit: Editor shut down
[2015.11.06-09.45.27:167][586]LogExit: Transaction tracking system shut down
[2015.11.06-09.45.27:168][586]LogParticles: Destroying 0 GPU particle simulations for FXSystem 0x0000003352414A40
[2015.11.06-09.45.27:169][586]LogParticles: Destroying 0 GPU particle simulations for FXSystem 0x00000033524C93A0
[2015.11.06-09.45.27:169][586]LogParticles: Destroying 0 GPU particle simulations for FXSystem 0x00000033724B2020
[2015.11.06-09.45.27:169][586]LogParticles: Destroying 0 GPU particle simulations for FXSystem 0x0000003376AC7420
[2015.11.06-09.45.27:306][586]LogExit: Object subsystem successfully closed.
[2015.11.06-09.45.27:318][586]LogD3D11RHI: Shutdown
[2015.11.06-09.45.27:318][586]LogD3D11RHI: CleanupD3DDevice
[2015.11.06-09.45.27:364][586]LogD3D11RHI: ~FD3D11DynamicRHI
[2015.11.06-09.45.27:377][586]LogModuleManager: Shutting down and abandoning module SequencerWidgets (200)
[2015.11.06-09.45.27:377][586]LogModuleManager: Shutting down and abandoning module BlueprintGraph (199)
[2015.11.06-09.45.27:377][586]LogModuleManager: Shutting down and abandoning module CrashTracker (198)
[2015.11.06-09.45.27:377][586]LogModuleManager: Shutting down and abandoning module SceneOutliner (197)
[2015.11.06-09.45.27:377][586]LogModuleManager: Shutting down and abandoning module SuperSearch (196)
[2015.11.06-09.45.27:377][586]LogModuleManager: Shutting down and abandoning module WidgetCarousel (195)
[2015.11.06-09.45.27:377][586]LogModuleManager: Shutting down and abandoning module AddContentDialog (194)
[2015.11.06-09.45.27:377][586]LogModuleManager: Shutting down and abandoning module EditorWidgets (193)
[2015.11.06-09.45.27:377][586]LogModuleManager: Shutting down and abandoning module CollectionManager (192)
[2015.11.06-09.45.27:378][586]LogModuleManager: Shutting down and abandoning module StatsViewer (191)
[2015.11.06-09.45.27:378][586]LogModuleManager: Shutting down and abandoning module FoliageEdit (190)
[2015.11.06-09.45.27:378][586]LogModuleManager: Shutting down and abandoning module LandscapeEditor (189)
[2015.11.06-09.45.27:378][586]LogModuleManager: Shutting down and abandoning module ActorPickerMode (188)
[2015.11.06-09.45.27:378][586]LogModuleManager: Shutting down and abandoning module GeometryMode (187)
[2015.11.06-09.45.27:378][586]LogModuleManager: Shutting down and abandoning module TextureAlignMode (186)
[2015.11.06-09.45.27:378][586]LogModuleManager: Shutting down and abandoning module BspMode (185)
[2015.11.06-09.45.27:378][586]LogModuleManager: Shutting down and abandoning module PlacementMode (184)
[2015.11.06-09.45.27:378][586]LogModuleManager: Shutting down and abandoning module AutomationWorker (183)
[2015.11.06-09.45.27:378][586]LogModuleManager: Shutting down and abandoning module CharacterAI (182)
[2015.11.06-09.45.27:378][586]LogModuleManager: Shutting down and abandoning module SmartSnapping (181)
[2015.11.06-09.45.27:378][586]LogModuleManager: Shutting down and abandoning module ViewportSnapping (180)
[2015.11.06-09.45.27:378][586]LogModuleManager: Shutting down and abandoning module LogVisualizer (179)
[2015.11.06-09.45.27:378][586]LogModuleManager: Shutting down and abandoning module GameProjectGeneration (178)
[2015.11.06-09.45.27:378][586]LogModuleManager: Shutting down and abandoning module IntroTutorials (177)
[2015.11.06-09.45.27:378][586]LogModuleManager: Shutting down and abandoning module EditorLiveStreaming (176)
[2015.11.06-09.45.27:378][586]LogModuleManager: Shutting down and abandoning module IOSPlatformEditor (175)
[2015.11.06-09.45.27:378][586]LogModuleManager: Shutting down and abandoning module HTML5PlatformEditor (174)
[2015.11.06-09.45.27:378][586]LogModuleManager: Shutting down and abandoning module AndroidDeviceDetection (173)
[2015.11.06-09.45.27:934][586]LogModuleManager: Shutting down and abandoning module AndroidPlatformEditor (172)
[2015.11.06-09.45.27:934][586]LogModuleManager: Shutting down and abandoning module IOSRuntimeSettings (171)
[2015.11.06-09.45.27:934][586]LogModuleManager: Shutting down and abandoning module AndroidRuntimeSettings (170)
[2015.11.06-09.45.27:934][586]LogModuleManager: Shutting down and abandoning module MergeActors (169)
[2015.11.06-09.45.27:934][586]LogModuleManager: Shutting down and abandoning module SizeMap (168)
[2015.11.06-09.45.27:934][586]LogModuleManager: Shutting down and abandoning module TreeMap (167)
[2015.11.06-09.45.27:934][586]LogModuleManager: Shutting down and abandoning module ReferenceViewer (166)
[2015.11.06-09.45.27:934][586]LogModuleManager: Shutting down and abandoning module LocalizationService (165)
[2015.11.06-09.45.27:934][586]LogModuleManager: Shutting down and abandoning module LocalizationDashboard (164)
[2015.11.06-09.45.27:934][586]LogModuleManager: Shutting down and abandoning module HardwareTargeting (163)
[2015.11.06-09.45.27:934][586]LogModuleManager: Shutting down and abandoning module DeviceProfileEditor (162)
[2015.11.06-09.45.27:934][586]LogModuleManager: Shutting down and abandoning module UndoHistory (161)
[2015.11.06-09.45.27:934][586]LogModuleManager: Shutting down and abandoning module GameplayTagsEditor (160)
[2015.11.06-09.45.27:934][586]LogModuleManager: Shutting down and abandoning module UserFeedback (159)
[2015.11.06-09.45.27:934][586]LogModuleManager: Shutting down and abandoning module XmlParser (158)
[2015.11.06-09.45.27:934][586]LogModuleManager: Shutting down and abandoning module Blutility (157)
[2015.11.06-09.45.27:934][586]LogModuleManager: Shutting down and abandoning module ProjectTargetPlatformEditor (156)
[2015.11.06-09.45.27:934][586]LogModuleManager: Shutting down and abandoning module ProjectSettingsViewer (155)
[2015.11.06-09.45.27:934][586]LogModuleManager: Shutting down and abandoning module InputBindingEditor (154)
[2015.11.06-09.45.27:934][586]LogModuleManager: Shutting down and abandoning module EditorSettingsViewer (153)
[2015.11.06-09.45.27:934][586]LogModuleManager: Shutting down and abandoning module SettingsEditor (152)
[2015.11.06-09.45.27:934][586]LogModuleManager: Shutting down and abandoning module ProjectLauncher (151)
[2015.11.06-09.45.27:934][586]LogModuleManager: Shutting down and abandoning module SessionFrontend (150)
[2015.11.06-09.45.27:934][586]LogModuleManager: Shutting down and abandoning module ProfilerClient (149)
[2015.11.06-09.45.27:934][586]LogModuleManager: Shutting down and abandoning module TargetDeviceServices (148)
[2015.11.06-09.45.27:934][586]LogModuleManager: Shutting down and abandoning module DeviceManager (147)
[2015.11.06-09.45.27:934][586]LogModuleManager: Shutting down and abandoning module AutomationController (146)
[2015.11.06-09.45.27:934][586]LogModuleManager: Shutting down and abandoning module AutomationWindow (145)
[2015.11.06-09.45.27:934][586]LogModuleManager: Shutting down and abandoning module Layers (144)
[2015.11.06-09.45.27:934][586]LogModuleManager: Shutting down and abandoning module ComponentVisualizers (143)
[2015.11.06-09.45.27:934][586]LogModuleManager: Shutting down and abandoning module DetailCustomizations (142)
[2015.11.06-09.45.27:934][586]LogModuleManager: Shutting down and abandoning module PackagesDialog (141)
[2015.11.06-09.45.27:934][586]LogModuleManager: Shutting down and abandoning module Persona (140)
[2015.11.06-09.45.27:934][586]LogModuleManager: Shutting down and abandoning module Kismet (139)
[2015.11.06-09.45.27:935][586]LogModuleManager: Shutting down and abandoning module GraphEditor (138)
[2015.11.06-09.45.27:935][586]LogModuleManager: Shutting down and abandoning module ClassViewer (137)
[2015.11.06-09.45.27:935][586]LogModuleManager: Shutting down and abandoning module Toolbox (136)
[2015.11.06-09.45.27:935][586]LogModuleManager: Shutting down and abandoning module ModuleUI (135)
[2015.11.06-09.45.27:935][586]LogModuleManager: Shutting down and abandoning module MovieSceneTools (134)
[2015.11.06-09.45.27:935][586]LogModuleManager: Shutting down and abandoning module OutputLog (133)
[2015.11.06-09.45.27:935][586]LogModuleManager: Shutting down and abandoning module GammaUI (132)
[2015.11.06-09.45.27:935][586]LogModuleManager: Shutting down and abandoning module Documentation (131)
[2015.11.06-09.45.27:935][586]LogModuleManager: Shutting down and abandoning module GameLiveStreaming (130)
[2015.11.06-09.45.27:935][586]LogModuleManager: Shutting down and abandoning module StreamingPauseRendering (129)
[2015.11.06-09.45.27:935][586]LogModuleManager: Shutting down and abandoning module AnalyticsET (128)
[2015.11.06-09.45.27:935][586]LogModuleManager: Shutting down and abandoning module Analytics (127)
[2015.11.06-09.45.27:935][586]LogModuleManager: Shutting down and abandoning module AITestSuite (126)
[2015.11.06-09.45.27:935][586]LogModuleManager: Shutting down and abandoning module GameplayDebugger (125)
[2015.11.06-09.45.27:935][586]LogModuleManager: Shutting down and abandoning module AIModule (124)
[2015.11.06-09.45.27:935][586]LogModuleManager: Shutting down and abandoning module ProfilerService (123)
[2015.11.06-09.45.28:010][586]LogModuleManager: Shutting down and abandoning module TaskGraph (122)
[2015.11.06-09.45.28:010][586]LogModuleManager: Shutting down and abandoning module SlateRemote (121)
[2015.11.06-09.45.28:010][586]LogModuleManager: Shutting down and abandoning module SteamVRController (120)
[2015.11.06-09.45.28:010][586]LogModuleManager: Shutting down and abandoning module SteamVR (119)
[2015.11.06-09.45.28:010][586]LogModuleManager: Shutting down and abandoning module ProceduralMeshComponent (118)
[2015.11.06-09.45.28:010][586]LogModuleManager: Shutting down and abandoning module OculusRift (117)
[2015.11.06-09.45.28:010][586]LogModuleManager: Shutting down and abandoning module OculusLibrary (116)
[2015.11.06-09.45.28:010][586]LogModuleManager: Shutting down and abandoning module LeapMotionController (115)
[2015.11.06-09.45.28:017][586]LogModuleManager: Shutting down and abandoning module CustomMeshComponent (114)
[2015.11.06-09.45.28:017][586]LogModuleManager: Shutting down and abandoning module CableComponent (113)
[2015.11.06-09.45.28:017][586]LogModuleManager: Shutting down and abandoning module ArchVisCharacter (112)
[2015.11.06-09.45.28:017][586]LogModuleManager: Shutting down and abandoning module MessagingDebugger (111)
[2015.11.06-09.45.28:017][586]LogModuleManager: Shutting down and abandoning module MediaPlayerEditor (110)
[2015.11.06-09.45.28:017][586]LogModuleManager: Shutting down and abandoning module HTML5Networking (109)
[2015.11.06-09.45.28:017][586]LogModuleManager: Shutting down and abandoning module SpeedTreeImporter (108)
[2015.11.06-09.45.28:017][586]LogModuleManager: Shutting down and abandoning module PluginBrowser (107)
[2015.11.06-09.45.28:017][586]LogModuleManager: Shutting down and abandoning module EpicSurvey (106)
[2015.11.06-09.45.28:017][586]LogModuleManager: Shutting down and abandoning module VisualStudioSourceCodeAccess (105)
[2015.11.06-09.45.28:017][586]LogModuleManager: Shutting down and abandoning module UObjectPlugin (104)
[2015.11.06-09.45.28:017][586]LogModuleManager: Shutting down and abandoning module SubversionSourceControl (103)
[2015.11.06-09.45.28:017][586]LogModuleManager: Shutting down and abandoning module PerforceSourceControl (102)
[2015.11.06-09.45.28:017][586]LogModuleManager: Shutting down and abandoning module SourceControl (101)
[2015.11.06-09.45.28:017][586]LogModuleManager: Shutting down and abandoning module GitSourceControl (100)
[2015.11.06-09.45.28:017][586]LogModuleManager: Shutting down and abandoning module LightPropagationVolumeEditor (99)
[2015.11.06-09.45.28:017][586]LogModuleManager: Shutting down and abandoning module PaperTiledImporter (98)
[2015.11.06-09.45.28:017][586]LogModuleManager: Shutting down and abandoning module PaperSpriteSheetImporter (97)
[2015.11.06-09.45.28:017][586]LogModuleManager: Shutting down and abandoning module MeshPaint (96)
[2015.11.06-09.45.28:017][586]LogModuleManager: Shutting down and abandoning module SlateReflector (95)
[2015.11.06-09.45.28:017][586]LogModuleManager: Shutting down and abandoning module HotReload (94)
[2015.11.06-09.45.28:017][586]LogModuleManager: Shutting down and abandoning module MainFrame (93)
[2015.11.06-09.45.28:017][586]LogModuleManager: Shutting down and abandoning module LevelEditor (92)
[2015.11.06-09.45.28:018][586]LogModuleManager: Shutting down and abandoning module DirectoryWatcher (91)
[2015.11.06-09.45.28:018][586]LogModuleManager: Shutting down and abandoning module AssetRegistry (90)
[2015.11.06-09.45.28:051][586]LogModuleManager: Shutting down and abandoning module ContentBrowser (89)
[2015.11.06-09.45.28:052][586]LogModuleManager: Shutting down and abandoning module Paper2DEditor (88)
[2015.11.06-09.45.28:052][586]LogModuleManager: Shutting down and abandoning module AutomaticDoor (87)
[2015.11.06-09.45.28:052][586]LogModuleManager: Shutting down and abandoning module UdpMessaging (86)
[2015.11.06-09.45.28:152][586]LogModuleManager: Shutting down and abandoning module LightPropagationVolumeRuntime (85)
[2015.11.06-09.45.28:152][586]LogModuleManager: Shutting down and abandoning module Paper2D (84)
[2015.11.06-09.45.28:152][586]LogModuleManager: Shutting down and abandoning module WindowsMoviePlayer (83)
[2015.11.06-09.45.28:157][586]LogModuleManager: Shutting down and abandoning module Media (82)
[2015.11.06-09.45.28:157][586]LogModuleManager: Shutting down and abandoning module WmfMedia (81)
[2015.11.06-09.45.28:157][586]LogModuleManager: Shutting down and abandoning module OnlineBlueprintSupport (80)
[2015.11.06-09.45.28:157][586]LogModuleManager: Shutting down and abandoning module GameplayTasksEditor (79)
[2015.11.06-09.45.28:157][586]LogModuleManager: Shutting down and abandoning module PropertyEditor (78)
[2015.11.06-09.45.28:157][586]LogModuleManager: Shutting down and abandoning module BehaviorTreeEditor (77)
[2015.11.06-09.45.28:157][586]LogModuleManager: Shutting down and abandoning module FunctionalTesting (76)
[2015.11.06-09.45.28:157][586]LogModuleManager: Shutting down and abandoning module CollisionAnalyzer (75)
[2015.11.06-09.45.28:157][586]LogModuleManager: Shutting down and abandoning module WorkspaceMenuStructure (74)
[2015.11.06-09.45.28:157][586]LogModuleManager: Shutting down and abandoning module MessageLog (73)
[2015.11.06-09.45.28:157][586]LogModuleManager: Shutting down and abandoning module Sequencer (72)
[2015.11.06-09.45.28:158][586]LogModuleManager: Shutting down and abandoning module AssetTools (71)
[2015.11.06-09.45.28:158][586]LogModuleManager: Shutting down and abandoning module UMGEditor (70)
[2015.11.06-09.45.28:158][586]LogModuleManager: Shutting down and abandoning module UMG (69)
[2015.11.06-09.45.28:158][586]LogModuleManager: Shutting down and abandoning module Slate (68)
[2015.11.06-09.45.28:158][586]LogModuleManager: Shutting down and abandoning module EditorStyle (67)
[2015.11.06-09.45.28:161][586]LogModuleManager: Shutting down and abandoning module SessionServices (66)
[2015.11.06-09.45.28:161][586]LogModuleManager: Shutting down and abandoning module SourceCodeAccess (65)
[2015.11.06-09.45.28:161][586]LogModuleManager: Shutting down and abandoning module HeadMountedDisplay (64)
[2015.11.06-09.45.28:161][586]LogModuleManager: Shutting down and abandoning module XAudio2 (63)
[2015.11.06-09.45.28:161][586]LogModuleManager: Shutting down and abandoning module Networking (61)
[2015.11.06-09.45.28:161][586]LogModuleManager: Shutting down and abandoning module Core (60)
[2015.11.06-09.45.28:161][586]LogModuleManager: Shutting down and abandoning module KismetCompiler (59)
[2015.11.06-09.45.28:161][586]LogModuleManager: Shutting down and abandoning module PhysXFormats (58)
[2015.11.06-09.45.28:161][586]LogModuleManager: Shutting down and abandoning module MeshUtilities (57)
[2015.11.06-09.45.28:161][586]LogModuleManager: Shutting down and abandoning module CookingStats (56)
[2015.11.06-09.45.28:163][586]LogModuleManager: Shutting down and abandoning module DerivedDataCache (55)
[2015.11.06-09.45.28:615][586]LogDerivedDataCache: Shutdown
[2015.11.06-09.45.28:615][586]LogModuleManager: Shutting down and abandoning module ShaderFormatOpenGL (54)
[2015.11.06-09.45.28:615][586]LogModuleManager: Shutting down and abandoning module ShaderFormatD3D (53)
[2015.11.06-09.45.28:615][586]LogModuleManager: Shutting down and abandoning module MetalShaderFormat (52)
[2015.11.06-09.45.28:615][586]LogModuleManager: Shutting down and abandoning module TextureFormatUncompressed (51)
[2015.11.06-09.45.28:615][586]LogModuleManager: Shutting down and abandoning module TextureFormatPVR (50)
[2015.11.06-09.45.28:615][586]LogModuleManager: Shutting down and abandoning module TextureFormatIntelISPCTexComp (49)
[2015.11.06-09.45.28:615][586]LogModuleManager: Shutting down and abandoning module TextureFormatDXT (48)
[2015.11.06-09.45.28:615][586]LogModuleManager: Shutting down and abandoning module ImageWrapper (47)
[2015.11.06-09.45.28:615][586]LogModuleManager: Shutting down and abandoning module TextureFormatASTC (46)
[2015.11.06-09.45.28:615][586]LogModuleManager: Shutting down and abandoning module TextureFormatAndroid (45)
[2015.11.06-09.45.28:615][586]LogModuleManager: Shutting down and abandoning module AudioFormatOpus (44)
[2015.11.06-09.45.28:615][586]LogModuleManager: Shutting down and abandoning module AudioFormatOgg (43)
[2015.11.06-09.45.28:615][586]LogModuleManager: Shutting down and abandoning module AudioFormatADPCM (42)
[2015.11.06-09.45.28:615][586]LogModuleManager: Shutting down and abandoning module LinuxTargetPlatform (41)
[2015.11.06-09.45.28:616][586]LogModuleManager: Shutting down and abandoning module LinuxServerTargetPlatform (40)
[2015.11.06-09.45.28:616][586]LogModuleManager: Shutting down and abandoning module LinuxNoEditorTargetPlatform (39)
[2015.11.06-09.45.28:616][586]LogModuleManager: Shutting down and abandoning module Messaging (38)
[2015.11.06-09.45.28:616][586]LogModuleManager: Shutting down and abandoning module IOSTargetPlatform (37)
[2015.11.06-09.45.28:616][586]LogModuleManager: Shutting down and abandoning module HTML5TargetPlatform (36)
[2015.11.06-09.45.28:616][586]LogModuleManager: Shutting down and abandoning module Android_PVRTCTargetPlatform (35)
[2015.11.06-09.45.28:616][586]LogModuleManager: Shutting down and abandoning module Android_ETC2TargetPlatform (34)
[2015.11.06-09.45.28:616][586]LogModuleManager: Shutting down and abandoning module Android_ETC1TargetPlatform (33)
[2015.11.06-09.45.28:616][586]LogModuleManager: Shutting down and abandoning module Android_DXTTargetPlatform (32)
[2015.11.06-09.45.28:616][586]LogModuleManager: Shutting down and abandoning module Android_ATCTargetPlatform (31)
[2015.11.06-09.45.28:616][586]LogModuleManager: Shutting down and abandoning module Android_ASTCTargetPlatform (30)
[2015.11.06-09.45.28:616][586]LogModuleManager: Shutting down and abandoning module AndroidTargetPlatform (29)
[2015.11.06-09.45.28:616][586]LogModuleManager: Shutting down and abandoning module WindowsTargetPlatform (28)
[2015.11.06-09.45.28:616][586]LogModuleManager: Shutting down and abandoning module WindowsServerTargetPlatform (27)
[2015.11.06-09.45.28:616][586]LogModuleManager: Shutting down and abandoning module WindowsNoEditorTargetPlatform (26)
[2015.11.06-09.45.28:616][586]LogModuleManager: Shutting down and abandoning module WindowsClientTargetPlatform (25)
[2015.11.06-09.45.28:616][586]LogModuleManager: Shutting down and abandoning module AllDesktopTargetPlatform (24)
[2015.11.06-09.45.28:616][586]LogModuleManager: Shutting down and abandoning module TargetPlatform (23)
[2015.11.06-09.45.28:616][586]LogModuleManager: Shutting down and abandoning module InputCore (22)
[2015.11.06-09.45.28:616][586]LogModuleManager: Shutting down and abandoning module Settings (21)
[2015.11.06-09.45.28:616][586]LogModuleManager: Shutting down and abandoning module OnlineSubsystem (19)
[2015.11.06-09.45.28:616][586]LogModuleManager: Shutting down and abandoning module HTTP (18)
[2015.11.06-09.45.30:619][586]LogModuleManager: Shutting down and abandoning module XMPP (17)
[2015.11.06-09.45.30:619][586]LogModuleManager: Shutting down and abandoning module ExampleDeviceProfileSelector (16)
[2015.11.06-09.45.30:619][586]LogModuleManager: Shutting down and abandoning module DesktopPlatform (15)
[2015.11.06-09.45.30:619][586]LogModuleManager: Shutting down and abandoning module TextureCompressor (14)
[2015.11.06-09.45.30:619][586]LogModuleManager: Shutting down and abandoning module ShaderCore (13)
[2015.11.06-09.45.30:619][586]LogModuleManager: Shutting down and abandoning module Landscape (12)
[2015.11.06-09.45.30:619][586]LogModuleManager: Shutting down and abandoning module SlateRHIRenderer (11)
[2015.11.06-09.45.30:620][586]LogModuleManager: Shutting down and abandoning module OpenGLDrv (10)
[2015.11.06-09.45.30:620][586]LogModuleManager: Shutting down and abandoning module D3D11RHI (9)
[2015.11.06-09.45.30:620][586]LogModuleManager: Shutting down and abandoning module AnimGraphRuntime (8)
[2015.11.06-09.45.30:620][586]LogModuleManager: Shutting down and abandoning module Renderer (7)
[2015.11.06-09.45.30:620][586]LogModuleManager: Shutting down and abandoning module Engine (6)
[2015.11.06-09.45.30:620][586]LogModuleManager: Shutting down and abandoning module CoreUObject (5)
[2015.11.06-09.45.30:620][586]LogModuleManager: Shutting down and abandoning module NetworkFile (4)
[2015.11.06-09.45.30:620][586]LogModuleManager: Shutting down and abandoning module StreamingFile (3)
[2015.11.06-09.45.30:620][586]LogModuleManager: Shutting down and abandoning module SandboxFile (2)
[2015.11.06-09.45.30:620][586]LogModuleManager: Shutting down and abandoning module PakFile (1)
[2015.11.06-09.45.30:622][586]LogExit: Exiting.
[2015.11.06-09.45.30:657][586]Log file closed, 11/06/15 10:45:30
