[2015.11.26-12.30.51:057][  0]Log file open, 11/26/15 13:30:51
[2015.11.26-12.30.51:057][  0]LogInit:Display: Running engine for game: AutomaticDoor
[2015.11.26-12.30.51:057][  0]LogInit:Display: RandInit(-760677275) SRandInit(-760677275).
[2015.11.26-12.30.51:057][  0]LogTaskGraph: Started task graph with 4 named threads and 7 total threads.
[2015.11.26-12.30.51:057][  0]LogStats: Stats thread started at 0.070359
[2015.11.26-12.30.51:057][  0]LogInit: Version: 4.9.2-2707645+++depot+UE4-Releases+4.9
[2015.11.26-12.30.51:057][  0]LogInit: API Version: 2672455
[2015.11.26-12.30.51:057][  0]LogInit: Compiled (64-bit): Sep 28 2015 10:25:44
[2015.11.26-12.30.51:057][  0]LogInit: Compiled with Visual C++: 18.00.21005.01
[2015.11.26-12.30.51:057][  0]LogInit: Build Configuration: Development
[2015.11.26-12.30.51:057][  0]LogInit: Branch Name: ++depot+UE4-Releases+4.9
[2015.11.26-12.30.51:057][  0]LogInit: Command line:  
[2015.11.26-12.30.51:057][  0]LogInit: Base directory: C:/Program Files/Epic Games/4.9/Engine/Binaries/Win64/
[2015.11.26-12.30.51:057][  0]LogInit: Rocket: 1
[2015.11.26-12.30.51:079][  0]LogInit: Using libcurl 7.41.0
[2015.11.26-12.30.51:079][  0]LogInit:  - built for x86_64-pc-win32
[2015.11.26-12.30.51:079][  0]LogInit:  - supports SSL with WinSSL
[2015.11.26-12.30.51:079][  0]LogInit:  - other features:
[2015.11.26-12.30.51:079][  0]LogInit:      CURL_VERSION_SSL
[2015.11.26-12.30.51:079][  0]LogInit:      CURL_VERSION_IPV6
[2015.11.26-12.30.51:079][  0]LogInit:      CURL_VERSION_ASYNCHDNS
[2015.11.26-12.30.51:079][  0]LogInit:      CURL_VERSION_LARGEFILE
[2015.11.26-12.30.51:079][  0]LogInit:      CURL_VERSION_IDN
[2015.11.26-12.30.51:080][  0]LogInit:  CurlRequestOptions (configurable via config and command line):
[2015.11.26-12.30.51:080][  0]LogInit:  - bVerifyPeer = true  - Libcurl will verify peer certificate
[2015.11.26-12.30.51:080][  0]LogInit:  - bUseHttpProxy = false  - Libcurl will NOT use HTTP proxy
[2015.11.26-12.30.51:080][  0]LogInit:  - bDontReuseConnections = false  - Libcurl will reuse connections
[2015.11.26-12.30.51:080][  0]LogInit:  - CertBundlePath = nullptr  - Libcurl will use whatever was configured at build time.
[2015.11.26-12.30.51:085][  0]LogInit: Presizing for 0 objects not considered by GC, pre-allocating 0 bytes.
[2015.11.26-12.30.51:091][  0]LogInit: Object subsystem initialized
[2015.11.26-12.30.51:092][  0]LogInit: Selected Device Profile: [Windows]
[2015.11.26-12.30.51:092][  0]LogInit: Applying CVar settings loaded from the selected device profile: [Windows]
[2015.11.26-12.30.51:131][  0]LogInit: Computer: SpellabbA333-13
[2015.11.26-12.30.51:131][  0]LogInit: User: Spellabbet
[2015.11.26-12.30.51:131][  0]LogInit: CPU Page size=4096, Cores=4
[2015.11.26-12.30.51:131][  0]LogInit: High frequency timer resolution =3.507520 MHz
[2015.11.26-12.30.51:132][  0]LogMemory: Memory total: Physical=15.9GB (16GB approx)
[2015.11.26-12.30.51:132][  0]LogMemory: Platform Memory Stats for Windows
[2015.11.26-12.30.51:132][  0]LogMemory: Process Physical Memory: 52.64 MB used, 52.64 MB peak
[2015.11.26-12.30.51:132][  0]LogMemory: Process Virtual Memory: 54.99 MB used, 54.99 MB peak
[2015.11.26-12.30.51:132][  0]LogMemory: Physical Memory: 5278.66 MB used, 16318.82 MB total
[2015.11.26-12.30.51:132][  0]LogMemory: Virtual Memory: 347.31 MB used, 134217728.00 MB total
[2015.11.26-12.30.51:158][  0]LogTextLocalizationManager: No translations for ('sv-SE') exist, falling back to 'en' for localization and internationalization data.
[2015.11.26-12.30.51:840][  0]LogD3D11RHI: Found D3D11 adapter 0: NVIDIA GeForce GTX 960 (Feature Level 11_0)
[2015.11.26-12.30.51:840][  0]LogD3D11RHI: Adapter has 1965MB of dedicated video memory, 0MB of dedicated system memory, and 2048MB of shared system memory, 1 output[s]
[2015.11.26-12.30.51:841][  0]LogD3D11RHI: Found D3D11 adapter 1: Microsoft Basic Render Driver (Feature Level 11_0)
[2015.11.26-12.30.51:841][  0]LogD3D11RHI: Adapter has 0MB of dedicated video memory, 0MB of dedicated system memory, and 256MB of shared system memory, 0 output[s]
[2015.11.26-12.30.51:841][  0]LogD3D11RHI: Chosen D3D11 Adapter Id = 0
[2015.11.26-12.30.51:844][  0]LogD3D11RHI: !Direct3DDevice
[2015.11.26-12.30.51:844][  0]LogRHI: Texture pool is 1361 MB (70% of 1945 MB)
[2015.11.26-12.30.51:854][  0]LogD3D11RHI: Async texture creation enabled
[2015.11.26-12.30.51:869][  0]LogShaderCompilers: Guid format shader working directory is 15 characters bigger than the processId version (../../../../../../Users/Spellabbet/Documents/GitHub/UnrealTutorial/AutomaticDoor/Intermediate/Shaders/WorkingDirectory/5248/).
[2015.11.26-12.30.51:870][  0]LogShaderCompilers: Cleaned the shader compiler working directory '../../../../../../Users/Spellabbet/Documents/GitHub/UnrealTutorial/AutomaticDoor/Intermediate/Shaders/tmp/894B694D40B682BB3FBEBDADEEDDE79D/'.
[2015.11.26-12.30.51:870][  0]LogShaderCompilers:Display: Using Local Shader Compiler.
[2015.11.26-12.30.52:793][  0]LogTemp:Display: Loaded TP AllDesktopTargetPlatform
[2015.11.26-12.30.52:797][  0]LogTemp:Display: Loaded TP WindowsClientTargetPlatform
[2015.11.26-12.30.52:801][  0]LogTemp:Display: Loaded TP WindowsNoEditorTargetPlatform
[2015.11.26-12.30.52:806][  0]LogTemp:Display: Loaded TP WindowsServerTargetPlatform
[2015.11.26-12.30.52:811][  0]LogTemp:Display: Loaded TP WindowsTargetPlatform
[2015.11.26-12.30.52:814][  0]LogTemp:Display: Loaded TP AndroidTargetPlatform
[2015.11.26-12.30.52:816][  0]LogTemp:Display: Loaded TP Android_ASTCTargetPlatform
[2015.11.26-12.30.52:819][  0]LogTemp:Display: Loaded TP Android_ATCTargetPlatform
[2015.11.26-12.30.52:821][  0]LogTemp:Display: Loaded TP Android_DXTTargetPlatform
[2015.11.26-12.30.52:824][  0]LogTemp:Display: Loaded TP Android_ETC1TargetPlatform
[2015.11.26-12.30.52:827][  0]LogTemp:Display: Loaded TP Android_ETC2TargetPlatform
[2015.11.26-12.30.52:830][  0]LogTemp:Display: Loaded TP Android_PVRTCTargetPlatform
[2015.11.26-12.30.52:830][  0]LogTemp:Display: Loaded TP HTML5TargetPlatform
[2015.11.26-12.30.52:846][  0]LogTemp:Display: Loaded TP IOSTargetPlatform
[2015.11.26-12.30.52:848][  0]LogTemp:Display: Loaded TP LinuxNoEditorTargetPlatform
[2015.11.26-12.30.52:851][  0]LogTemp:Display: Loaded TP LinuxServerTargetPlatform
[2015.11.26-12.30.52:854][  0]LogTemp:Display: Loaded TP LinuxTargetPlatform
[2015.11.26-12.30.52:854][  0]LogTargetPlatformManager:Display: Building Assets For Windows
[2015.11.26-12.30.52:924][  0]LogDerivedDataCache:Display: Max Cache Size: 512 MB
[2015.11.26-12.30.52:960][  0]LogDerivedDataCache: Loaded boot cache 0.04s 42MB C:/Users/Spellabbet/AppData/Local/UnrealEngine/4.9/DerivedDataCache/Boot.ddc.
[2015.11.26-12.30.52:960][  0]LogDerivedDataCache:Display: Loaded Boot cache: C:/Users/Spellabbet/AppData/Local/UnrealEngine/4.9/DerivedDataCache/Boot.ddc
[2015.11.26-12.30.52:961][  0]LogDerivedDataCache: FDerivedDataBackendGraph:  Pak pak cache file ../../../../../../Users/Spellabbet/Documents/GitHub/UnrealTutorial/AutomaticDoor/DerivedDataCache/DDC.ddp not found, will not use a pak cache.
[2015.11.26-12.30.52:961][  0]LogDerivedDataCache: Unable to find inner node Pak for hierarchical cache Hierarchy.
[2015.11.26-12.30.52:961][  0]LogDerivedDataCache: FDerivedDataBackendGraph:  CompressedPak pak cache file ../../../../../../Users/Spellabbet/Documents/GitHub/UnrealTutorial/AutomaticDoor/DerivedDataCache/Compressed.ddp not found, will not use a pak cache.
[2015.11.26-12.30.52:961][  0]LogDerivedDataCache: Unable to find inner node CompressedPak for hierarchical cache Hierarchy.
[2015.11.26-12.30.53:082][  0]LogDerivedDataCache:Display: Pak cache opened for reading ../../../Engine/DerivedDataCache/Compressed.ddp.
[2015.11.26-12.30.53:094][  0]LogDerivedDataCache: Using Local data cache path C:/Users/Spellabbet/AppData/Local/UnrealEngine/Common/DerivedDataCache: Writable
[2015.11.26-12.30.53:238][  0]LogInit: Selected Device Profile: [Windows]
[2015.11.26-12.30.53:240][  0]LogContentStreaming: Texture pool size is 0.000000MB
[2015.11.26-12.30.53:341][  0]LogMeshUtilities: No automatic mesh reduction module available
[2015.11.26-12.30.53:341][  0]LogMeshUtilities: No automatic mesh merging module available
[2015.11.26-12.30.53:544][  0]LogInit: WinSock: version 1.1 (2.2), MaxSocks=32767, MaxUdp=65467
[2015.11.26-12.30.54:108][  0]UdpMessaging: Initializing bridge on interface 0.0.0.0:0 to multicast group 230.0.0.1:6666.
[2015.11.26-12.30.54:187][  0]LogSkinnedMeshComp:Warning: GetSocketByName(): No SkeletalMesh for CharacterMesh1P
[2015.11.26-12.30.55:087][  0]LogLinker:Warning: Asset '../../../../../../Users/Spellabbet/Documents/GitHub/UnrealTutorial/AutomaticDoor/Content/Mannequin/Animations/ThirdPerson_AnimBP.uasset' has been saved with empty engine version. The asset will be loaded but may be incompatible.
[2015.11.26-12.30.55:173][  0]LogLinker:Warning: Asset '../../../../../../Users/Spellabbet/Documents/GitHub/UnrealTutorial/AutomaticDoor/Content/Mannequin/Animations/ThirdPerson_Jump.uasset' has been saved with empty engine version. The asset will be loaded but may be incompatible.
[2015.11.26-12.30.55:319][  0]LogLinker:Warning: Asset '../../../../../../Users/Spellabbet/Documents/GitHub/UnrealTutorial/AutomaticDoor/Content/Mannequin/Animations/ThirdPersonJump_Loop.uasset' has been saved with empty engine version. The asset will be loaded but may be incompatible.
[2015.11.26-12.30.55:326][  0]LogLinker:Warning: Asset '../../../../../../Users/Spellabbet/Documents/GitHub/UnrealTutorial/AutomaticDoor/Content/Mannequin/Animations/ThirdPersonJump_Start.uasset' has been saved with empty engine version. The asset will be loaded but may be incompatible.
[2015.11.26-12.30.55:331][  0]LogLinker:Warning: Asset '../../../../../../Users/Spellabbet/Documents/GitHub/UnrealTutorial/AutomaticDoor/Content/Mannequin/Animations/ThirdPerson_IdleRun_2D.uasset' has been saved with empty engine version. The asset will be loaded but may be incompatible.
[2015.11.26-12.30.55:353][  0]LogLinker:Warning: Asset '../../../../../../Users/Spellabbet/Documents/GitHub/UnrealTutorial/AutomaticDoor/Content/Mannequin/Animations/ThirdPersonIdle.uasset' has been saved with empty engine version. The asset will be loaded but may be incompatible.
[2015.11.26-12.30.55:404][  0]LogLinker:Warning: Asset '../../../../../../Users/Spellabbet/Documents/GitHub/UnrealTutorial/AutomaticDoor/Content/Mannequin/Animations/ThirdPersonRun.uasset' has been saved with empty engine version. The asset will be loaded but may be incompatible.
[2015.11.26-12.30.55:411][  0]LogLinker:Warning: Asset '../../../../../../Users/Spellabbet/Documents/GitHub/UnrealTutorial/AutomaticDoor/Content/Mannequin/Animations/ThirdPersonWalk.uasset' has been saved with empty engine version. The asset will be loaded but may be incompatible.
[2015.11.26-12.30.55:514][  0]LogLinker:Warning: Asset '../../../../../../Users/Spellabbet/Documents/GitHub/UnrealTutorial/AutomaticDoor/Content/FirstPerson/Meshes/FirstPersonProjectileMesh.uasset' has been saved with empty engine version. The asset will be loaded but may be incompatible.
[2015.11.26-12.30.58:103][  0]LogSkinnedMeshComp:Warning: GetSocketByName(): No SkeletalMesh for CharacterMesh1P
[2015.11.26-12.30.58:203][  0]LogSkinnedMeshComp:Warning: GetSocketByName(): No SkeletalMesh for CharacterMesh1P
[2015.11.26-12.30.58:207][  0]LogSkinnedMeshComp:Warning: GetSocketByName(): No SkeletalMesh for CharacterMesh1P
[2015.11.26-12.30.58:210][  0]LogSkinnedMeshComp:Warning: GetSocketByName(): No SkeletalMesh for CharacterMesh1P
[2015.11.26-12.30.58:213][  0]LogSkinnedMeshComp:Warning: GetSocketByName(): No SkeletalMesh for CharacterMesh1P
[2015.11.26-12.30.58:215][  0]LogSkinnedMeshComp:Warning: GetSocketByName(): No SkeletalMesh for CharacterMesh1P
[2015.11.26-12.30.59:710][  0]LogAssetRegistry: FAssetRegistry took 0.0106 seconds to start up
[2015.11.26-12.30.59:911][  0]SourceControl: Info Source control is disabled
[2015.11.26-12.30.59:917][  0]SourceControl: Info Source control is disabled
[2015.11.26-12.30.59:924][  0]SourceControl: Info Source control is disabled
[2015.11.26-12.30.59:935][  0]SourceControl: Info Source control is disabled
[2015.11.26-12.31.00:044][  0]LogLinker:Warning: Asset '../../../Engine/Plugins/Runtime/LeapMotionController/Content/LM_PassthroughMaterial.uasset' has been saved with empty engine version. The asset will be loaded but may be incompatible.
[2015.11.26-12.31.00:104][  0]LogObj: 35574 objects as part of root set at end of initial load.
[2015.11.26-12.31.00:104][  0]LogUObjectAllocator: 8616472 out of 0 bytes used by permanent object pool.
[2015.11.26-12.31.00:152][  0]LogEngine: Initializing Engine...
[2015.11.26-12.31.00:154][  0]LogHMD: Can't find Oculus library dev build: is proper Runtime installed? Version: 0.7.0.0
[2015.11.26-12.31.00:154][  0]LogHMD: SteamVR failed to initialize.  Err: 110
[2015.11.26-12.31.00:260][  0]LogAIModule: Creating AISystem for world NewWorld
[2015.11.26-12.31.00:265][  0]LogInit: XAudio2 using 'Speakers (4- High Definition Audio Device)' : 2 channels at 44.1 kHz using 16 bits per sample (channel mask 0x3)
[2015.11.26-12.31.00:271][  0]LogInit: FAudioDevice initialized.
[2015.11.26-12.31.00:290][  0]LogDerivedDataCache: Saved boot cache 0.02s 44MB C:/Users/Spellabbet/AppData/Local/UnrealEngine/4.9/DerivedDataCache/Boot.ddc.
[2015.11.26-12.31.00:294][  0]LogInit: Texture streaming: Enabled
[2015.11.26-12.31.00:298][  0]LogAnalytics: Creating configured Analytics provider AnalyticsET
[2015.11.26-12.31.00:298][  0]LogAnalytics: [UEEditor.Rocket.Release] APIServer = http://et2.epicgames.com/ET2/. AppVersion = 4.9.2-2707645+++depot+UE4-Releases+4.9
[2015.11.26-12.31.00:298][  0]LogAnalytics: [UEEditor.Rocket.Release] SetUserId 7e3fa46547d3e524ffb1328701b2a07b|99f216c1865e471987722078da7bde5f|060e5e79-a789-49c4-8abd-5d8b330400a7
[2015.11.26-12.31.00:298][  0]LogAnalytics: [UEEditor.Rocket.Release] AnalyticsET::StartSession
[2015.11.26-12.31.00:319][  0]LogInit: Transaction tracking system initialized
[2015.11.26-12.31.00:344][  0]BlueprintLog: New page: Editor Load
[2015.11.26-12.31.00:521][  0]LocalizationService: Info Localization service is disabled
[2015.11.26-12.31.00:585][  0]LogConsoleResponse:Display: 
[2015.11.26-12.31.00:693][  0]LogCook:Display: Done creating registry. It took  0.00s.
[2015.11.26-12.31.00:732][  0]SourceControl: Info Source control is disabled
[2015.11.26-12.31.00:733][  0]Cmd: MAP LOAD FILE="../../../../../../Users/Spellabbet/Documents/GitHub/UnrealTutorial/AutomaticDoor/Content/FirstPersonCPP/Maps/FirstPersonExampleMap.umap" TEMPLATE=0 SHOWPROGRESS=1 FEATURELEVEL=3
[2015.11.26-12.31.01:133][  0]LightingResults: New page: Lighting Build
[2015.11.26-12.31.01:136][  0]MapCheck: New page: Map Check
[2015.11.26-12.31.01:136][  0]LightingResults: New page: Lighting Build
[2015.11.26-12.31.01:337][  0]LogParticles: Destroying 0 GPU particle simulations for FXSystem 0x0000002F00DD6160
[2015.11.26-12.31.04:011][  0]LogFileCache: Scanning file cache for directory 'C:/Users/Spellabbet/Documents/GitHub/UnrealTutorial/AutomaticDoor/Content/' took 3.07s
[2015.11.26-12.31.08:234][  0]LogSkinnedMeshComp:Warning: GetSocketByName(): No SkeletalMesh for CharacterMesh1P
[2015.11.26-12.31.16:562][  0]LogAIModule: Creating AISystem for world FirstPersonExampleMap
[2015.11.26-12.31.16:622][  0]LogEditorServer: Finished looking for orphan Actors (0.000 secs)
[2015.11.26-12.31.16:623][  0]Cmd: MAP CHECKDEP NOCLEARLOG
[2015.11.26-12.31.16:672][  0]MapCheck: Info Map check complete: 0 Error(s), 0 Warning(s), took 49.224ms to complete.
[2015.11.26-12.31.16:672][  0]LogFileHelpers: Loading map 'FirstPersonExampleMap' took 15.940
[2015.11.26-12.31.16:765][  0]LogCollectionManager: Loaded 0 collections in 0.001875 seconds
[2015.11.26-12.31.16:805][  0]LogFileCache: Scanning file cache for directory 'C:/Users/Spellabbet/Documents/GitHub/UnrealTutorial/AutomaticDoor/Saved/Collections/' took 0.01s
[2015.11.26-12.31.16:805][  0]LogFileCache: Scanning file cache for directory 'C:/Users/Spellabbet/Documents/GitHub/UnrealTutorial/AutomaticDoor/Content/Developers/Spellabbet/Collections/' took 0.01s
[2015.11.26-12.31.16:805][  0]LogFileCache: Scanning file cache for directory 'C:/Users/Spellabbet/Documents/GitHub/UnrealTutorial/AutomaticDoor/Content/Collections/' took 0.01s
[2015.11.26-12.31.16:805][  0]LogContentBrowser: Native class hierarchy populated in 0.0069 seconds. Added 1873 classes and 335 folders.
[2015.11.26-12.31.16:811][  0]LogCollectionManager: Rebuilt the GUID cache for 0 collections in 0.000003 seconds
[2015.11.26-12.31.16:821][  0]LogContentBrowser: Native class hierarchy updated for 'WidgetCarousel' in 0.0012 seconds. Added 0 classes and 0 folders.
[2015.11.26-12.31.16:852][  0]LogContentBrowser: Native class hierarchy updated for 'AddContentDialog' in 0.0008 seconds. Added 0 classes and 0 folders.
[2015.11.26-12.31.16:855][  0]LogContentBrowser: Native class hierarchy updated for 'SceneOutliner' in 0.0007 seconds. Added 1 classes and 2 folders.
[2015.11.26-12.31.17:085][  0]LogCrashTracker: Crashtracker disabled due to settings.
[2015.11.26-12.31.17:088][  0]LogUObjectGlobals:Warning: Failed to find object 'Class None.'
[2015.11.26-12.31.17:111][  0]LogLoad: Full Startup: 28.03 seconds (BP compile: 0.22 seconds)
[2015.11.26-12.31.17:230][  0]LogContentStreaming: Texture pool size now 1000 MB
[2015.11.26-12.31.17:387][  0]LogRenderer: Reallocating scene render targets to support 1208x556 (Frame:2).
[2015.11.26-12.31.17:658][  5]LogAssetRegistry: Asset discovery search completed in 17.9598 seconds
[2015.11.26-12.31.17:658][  5]LogCollectionManager: Rebuilt the object cache for 0 collections in 0.000001 seconds (found 0 objects)
[2015.11.26-12.31.17:658][  5]LogCollectionManager: Fixed up redirectors for 0 collections in 0.000027 seconds (updated 0 objects)
[2015.11.26-12.31.22:720][604]LogBlueprintUserMessages: Early PlayInEditor Detection: Level '/Game/FirstPersonCPP/Maps/FirstPersonExampleMap.FirstPersonExampleMap:PersistentLevel' has LevelScriptBlueprint '/Game/FirstPersonCPP/Maps/FirstPersonExampleMap.FirstPersonExampleMap:PersistentLevel.FirstPersonExampleMap' with GeneratedClass '/Game/FirstPersonCPP/Maps/FirstPersonExampleMap.FirstPersonExampleMap_C' with ClassGeneratedBy '/Game/FirstPersonCPP/Maps/FirstPersonExampleMap.FirstPersonExampleMap:PersistentLevel.FirstPersonExampleMap'
[2015.11.26-12.31.22:720][604]LogPlayLevel: PlayLevel: No blueprints needed recompiling
[2015.11.26-12.31.22:720][604]PIE: New page: PIE session: FirstPersonExampleMap (Nov 26, 2015, 2:31:22 PM)
[2015.11.26-12.31.22:720][604]LogPlayLevel: Creating play world package: /Game/FirstPersonCPP/Maps/UEDPIE_0_FirstPersonExampleMap
[2015.11.26-12.31.22:723][604]LogSkinnedMeshComp:Warning: GetSocketByName(): No SkeletalMesh for CharacterMesh1P
[2015.11.26-12.31.22:762][604]LogPlayLevel: PIE: StaticDuplicateObject took: (0.042153s)
[2015.11.26-12.31.22:764][604]LogAIModule: Creating AISystem for world FirstPersonExampleMap
[2015.11.26-12.31.22:764][604]LogPlayLevel: PIE: World Init took: (0.001745s)
[2015.11.26-12.31.22:764][604]LogPlayLevel: PIE: Created PIE world by copying editor world from /Game/FirstPersonCPP/Maps/FirstPersonExampleMap.FirstPersonExampleMap to /Game/FirstPersonCPP/Maps/UEDPIE_0_FirstPersonExampleMap.FirstPersonExampleMap (0.044230s)
[2015.11.26-12.31.22:765][604]LogActorComponent: UnregisterComponent: (/Engine/Transient.CharMoveComp) Not registered. Aborting.
[2015.11.26-12.31.22:765][604]LogActorComponent: UnregisterComponent: (/Engine/Transient.PawnSensing_GEN_VARIABLE) Not registered. Aborting.
[2015.11.26-12.31.22:786][604]LogInit: XAudio2 using 'Speakers (4- High Definition Audio Device)' : 2 channels at 44.1 kHz using 16 bits per sample (channel mask 0x3)
[2015.11.26-12.31.22:790][604]LogInit: FAudioDevice initialized.
[2015.11.26-12.31.23:034][604]LogWorld: Game class is 'AutomaticDoorGameMode'
[2015.11.26-12.31.23:049][604]LogWorld:Warning: *** WARNING - PATHS MAY NOT BE VALID ***
[2015.11.26-12.31.23:049][604]LogWorld: Bringing World /Game/FirstPersonCPP/Maps/UEDPIE_0_FirstPersonExampleMap.FirstPersonExampleMap up for play (max tick rate 0) at 2015.11.26-13.31.23
[2015.11.26-12.31.23:049][604]LogActor:Warning: GameSession /Game/FirstPersonCPP/Maps/UEDPIE_0_FirstPersonExampleMap.FirstPersonExampleMap:PersistentLevel.GameSession_0 has natively added scene component(s), but none of them were set as the actor's RootComponent - picking one arbitrarily
[2015.11.26-12.31.23:049][604]LogActor:Warning: GameNetworkManager /Game/FirstPersonCPP/Maps/UEDPIE_0_FirstPersonExampleMap.FirstPersonExampleMap:PersistentLevel.GameNetworkManager_0 has natively added scene component(s), but none of them were set as the actor's RootComponent - picking one arbitrarily
[2015.11.26-12.31.23:063][604]LogWorld: Bringing up level for play took: 0.027971
[2015.11.26-12.31.23:149][604]PIE: Info Play in editor start time for /Game/FirstPersonCPP/Maps/UEDPIE_0_FirstPersonExampleMap 0.181
[2015.11.26-12.31.23:149][604]LogBlueprintUserMessages: Late PlayInEditor Detection: Level '/Game/FirstPersonCPP/Maps/FirstPersonExampleMap.FirstPersonExampleMap:PersistentLevel' has LevelScriptBlueprint '/Game/FirstPersonCPP/Maps/FirstPersonExampleMap.FirstPersonExampleMap:PersistentLevel.FirstPersonExampleMap' with GeneratedClass '/Game/FirstPersonCPP/Maps/FirstPersonExampleMap.FirstPersonExampleMap_C' with ClassGeneratedBy '/Game/FirstPersonCPP/Maps/FirstPersonExampleMap.FirstPersonExampleMap:PersistentLevel.FirstPersonExampleMap'
[2015.11.26-12.33.05:770][889]LogBlueprintUserMessages: Early EndPlayMap Detection: Level '/Game/FirstPersonCPP/Maps/FirstPersonExampleMap.FirstPersonExampleMap:PersistentLevel' has LevelScriptBlueprint '/Game/FirstPersonCPP/Maps/FirstPersonExampleMap.FirstPersonExampleMap:PersistentLevel.FirstPersonExampleMap' with GeneratedClass '/Game/FirstPersonCPP/Maps/FirstPersonExampleMap.FirstPersonExampleMap_C' with ClassGeneratedBy '/Game/FirstPersonCPP/Maps/FirstPersonExampleMap.FirstPersonExampleMap:PersistentLevel.FirstPersonExampleMap'
[2015.11.26-12.33.05:800][889]LogBlueprintUserMessages: Late EndPlayMap Detection: Level '/Game/FirstPersonCPP/Maps/FirstPersonExampleMap.FirstPersonExampleMap:PersistentLevel' has LevelScriptBlueprint '/Game/FirstPersonCPP/Maps/FirstPersonExampleMap.FirstPersonExampleMap:PersistentLevel.FirstPersonExampleMap' with GeneratedClass '/Game/FirstPersonCPP/Maps/FirstPersonExampleMap.FirstPersonExampleMap_C' with ClassGeneratedBy '/Game/FirstPersonCPP/Maps/FirstPersonExampleMap.FirstPersonExampleMap:PersistentLevel.FirstPersonExampleMap'
[2015.11.26-12.33.05:813][889]LogParticles: Destroying 0 GPU particle simulations for FXSystem 0x0000002F0EF70AE0
[2015.11.26-12.33.07:308][ 65]LogBlueprintUserMessages: Early PlayInEditor Detection: Level '/Game/FirstPersonCPP/Maps/FirstPersonExampleMap.FirstPersonExampleMap:PersistentLevel' has LevelScriptBlueprint '/Game/FirstPersonCPP/Maps/FirstPersonExampleMap.FirstPersonExampleMap:PersistentLevel.FirstPersonExampleMap' with GeneratedClass '/Game/FirstPersonCPP/Maps/FirstPersonExampleMap.FirstPersonExampleMap_C' with ClassGeneratedBy '/Game/FirstPersonCPP/Maps/FirstPersonExampleMap.FirstPersonExampleMap:PersistentLevel.FirstPersonExampleMap'
[2015.11.26-12.33.07:308][ 65]LogPlayLevel: PlayLevel: No blueprints needed recompiling
[2015.11.26-12.33.07:308][ 65]PIE: New page: PIE session: FirstPersonExampleMap (Nov 26, 2015, 2:33:07 PM)
[2015.11.26-12.33.07:308][ 65]LogPlayLevel: Creating play world package: /Game/FirstPersonCPP/Maps/UEDPIE_0_FirstPersonExampleMap
[2015.11.26-12.33.07:310][ 65]LogSkinnedMeshComp:Warning: GetSocketByName(): No SkeletalMesh for CharacterMesh1P
[2015.11.26-12.33.07:346][ 65]LogPlayLevel: PIE: StaticDuplicateObject took: (0.037766s)
[2015.11.26-12.33.07:347][ 65]LogAIModule: Creating AISystem for world FirstPersonExampleMap
[2015.11.26-12.33.07:347][ 65]LogPlayLevel: PIE: World Init took: (0.000808s)
[2015.11.26-12.33.07:347][ 65]LogPlayLevel: PIE: Created PIE world by copying editor world from /Game/FirstPersonCPP/Maps/FirstPersonExampleMap.FirstPersonExampleMap to /Game/FirstPersonCPP/Maps/UEDPIE_0_FirstPersonExampleMap.FirstPersonExampleMap (0.038816s)
[2015.11.26-12.33.07:365][ 65]LogInit: XAudio2 using 'Speakers (4- High Definition Audio Device)' : 2 channels at 44.1 kHz using 16 bits per sample (channel mask 0x3)
[2015.11.26-12.33.07:370][ 65]LogInit: FAudioDevice initialized.
[2015.11.26-12.33.07:402][ 65]LogWorld: Game class is 'AutomaticDoorGameMode'
[2015.11.26-12.33.07:417][ 65]LogWorld:Warning: *** WARNING - PATHS MAY NOT BE VALID ***
[2015.11.26-12.33.07:417][ 65]LogWorld: Bringing World /Game/FirstPersonCPP/Maps/UEDPIE_0_FirstPersonExampleMap.FirstPersonExampleMap up for play (max tick rate 0) at 2015.11.26-13.33.07
[2015.11.26-12.33.07:417][ 65]LogActor:Warning: GameSession /Game/FirstPersonCPP/Maps/UEDPIE_0_FirstPersonExampleMap.FirstPersonExampleMap:PersistentLevel.GameSession_1 has natively added scene component(s), but none of them were set as the actor's RootComponent - picking one arbitrarily
[2015.11.26-12.33.07:417][ 65]LogActor:Warning: GameNetworkManager /Game/FirstPersonCPP/Maps/UEDPIE_0_FirstPersonExampleMap.FirstPersonExampleMap:PersistentLevel.GameNetworkManager_1 has natively added scene component(s), but none of them were set as the actor's RootComponent - picking one arbitrarily
[2015.11.26-12.33.07:418][ 65]LogWorld: Bringing up level for play took: 0.015507
[2015.11.26-12.33.07:421][ 65]PIE: Info Play in editor start time for /Game/FirstPersonCPP/Maps/UEDPIE_0_FirstPersonExampleMap 0.453
[2015.11.26-12.33.07:421][ 65]LogBlueprintUserMessages: Late PlayInEditor Detection: Level '/Game/FirstPersonCPP/Maps/FirstPersonExampleMap.FirstPersonExampleMap:PersistentLevel' has LevelScriptBlueprint '/Game/FirstPersonCPP/Maps/FirstPersonExampleMap.FirstPersonExampleMap:PersistentLevel.FirstPersonExampleMap' with GeneratedClass '/Game/FirstPersonCPP/Maps/FirstPersonExampleMap.FirstPersonExampleMap_C' with ClassGeneratedBy '/Game/FirstPersonCPP/Maps/FirstPersonExampleMap.FirstPersonExampleMap:PersistentLevel.FirstPersonExampleMap'
[2015.11.26-12.33.24:599][123]LogBlueprintUserMessages: Early EndPlayMap Detection: Level '/Game/FirstPersonCPP/Maps/FirstPersonExampleMap.FirstPersonExampleMap:PersistentLevel' has LevelScriptBlueprint '/Game/FirstPersonCPP/Maps/FirstPersonExampleMap.FirstPersonExampleMap:PersistentLevel.FirstPersonExampleMap' with GeneratedClass '/Game/FirstPersonCPP/Maps/FirstPersonExampleMap.FirstPersonExampleMap_C' with ClassGeneratedBy '/Game/FirstPersonCPP/Maps/FirstPersonExampleMap.FirstPersonExampleMap:PersistentLevel.FirstPersonExampleMap'
[2015.11.26-12.33.24:633][123]LogBlueprintUserMessages: Late EndPlayMap Detection: Level '/Game/FirstPersonCPP/Maps/FirstPersonExampleMap.FirstPersonExampleMap:PersistentLevel' has LevelScriptBlueprint '/Game/FirstPersonCPP/Maps/FirstPersonExampleMap.FirstPersonExampleMap:PersistentLevel.FirstPersonExampleMap' with GeneratedClass '/Game/FirstPersonCPP/Maps/FirstPersonExampleMap.FirstPersonExampleMap_C' with ClassGeneratedBy '/Game/FirstPersonCPP/Maps/FirstPersonExampleMap.FirstPersonExampleMap:PersistentLevel.FirstPersonExampleMap'
[2015.11.26-12.33.24:659][124]LogParticles: Destroying 0 GPU particle simulations for FXSystem 0x0000002F7B1665C0
[2015.11.26-12.33.29:289][658]Cmd: EDIT COPY
[2015.11.26-12.33.29:578][690]Cmd: EDIT PASTE
[2015.11.26-12.34.06:259][426]LogSavePackage: Save=823.430237ms
[2015.11.26-12.34.06:259][426]LogSavePackage: Moving '../../../../../../Users/Spellabbet/Documents/GitHub/UnrealTutorial/AutomaticDoor/Saved/FirstPersonExampleMap1536525C448508AF43AC62B4745D30D6.tmp' to '../../../../../../Users/Spellabbet/Documents/GitHub/UnrealTutorial/AutomaticDoor/Content/FirstPersonCPP/Maps/FirstPersonExampleMap.umap'
[2015.11.26-12.34.06:262][426]LogSavePackage: Total save time: 1059.991390ms
[2015.11.26-12.34.06:262][426]LogSavePackage:Warning: Finished SavePackage ../../../../../../Users/Spellabbet/Documents/GitHub/UnrealTutorial/AutomaticDoor/Content/FirstPersonCPP/Maps/FirstPersonExampleMap.umap
[2015.11.26-12.34.06:305][426]LogFileHelpers: Saving map 'FirstPersonExampleMap' took 1.171
[2015.11.26-12.36.08:248][ 34]LogWindowsTextInputMethodSystem:Display: IME system now deactivated.
[2015.11.26-12.36.08:483][ 35]Cmd: QUIT_EDITOR
[2015.11.26-12.36.08:847][ 35]LogExit: Preparing to exit.
[2015.11.26-12.36.09:436][ 35]LogExit: Editor shut down
[2015.11.26-12.36.09:437][ 35]LogExit: Transaction tracking system shut down
[2015.11.26-12.36.09:438][ 35]LogParticles: Destroying 0 GPU particle simulations for FXSystem 0x0000002F7D632C00
[2015.11.26-12.36.09:439][ 35]LogParticles: Destroying 0 GPU particle simulations for FXSystem 0x0000002F7D7E7880
[2015.11.26-12.36.09:439][ 35]LogParticles: Destroying 0 GPU particle simulations for FXSystem 0x0000002F6EAD4720
[2015.11.26-12.36.09:439][ 35]LogParticles: Destroying 0 GPU particle simulations for FXSystem 0x0000002F0F3F1080
[2015.11.26-12.36.09:439][ 35]LogParticles: Destroying 0 GPU particle simulations for FXSystem 0x0000002F0FAB8C20
[2015.11.26-12.36.09:567][ 35]LogExit: Object subsystem successfully closed.
[2015.11.26-12.36.09:580][ 35]LogD3D11RHI: Shutdown
[2015.11.26-12.36.09:580][ 35]LogD3D11RHI: CleanupD3DDevice
[2015.11.26-12.36.09:630][ 35]LogD3D11RHI: ~FD3D11DynamicRHI
[2015.11.26-12.36.09:650][ 35]LogModuleManager: Shutting down and abandoning module CrashTracker (198)
[2015.11.26-12.36.09:650][ 35]LogModuleManager: Shutting down and abandoning module SceneOutliner (197)
[2015.11.26-12.36.09:650][ 35]LogModuleManager: Shutting down and abandoning module SuperSearch (196)
[2015.11.26-12.36.09:650][ 35]LogModuleManager: Shutting down and abandoning module WidgetCarousel (195)
[2015.11.26-12.36.09:650][ 35]LogModuleManager: Shutting down and abandoning module AddContentDialog (194)
[2015.11.26-12.36.09:651][ 35]LogModuleManager: Shutting down and abandoning module EditorWidgets (193)
[2015.11.26-12.36.09:651][ 35]LogModuleManager: Shutting down and abandoning module CollectionManager (192)
[2015.11.26-12.36.09:651][ 35]LogModuleManager: Shutting down and abandoning module StatsViewer (191)
[2015.11.26-12.36.09:651][ 35]LogModuleManager: Shutting down and abandoning module FoliageEdit (190)
[2015.11.26-12.36.09:651][ 35]LogModuleManager: Shutting down and abandoning module LandscapeEditor (189)
[2015.11.26-12.36.09:652][ 35]LogModuleManager: Shutting down and abandoning module ActorPickerMode (188)
[2015.11.26-12.36.09:652][ 35]LogModuleManager: Shutting down and abandoning module GeometryMode (187)
[2015.11.26-12.36.09:652][ 35]LogModuleManager: Shutting down and abandoning module TextureAlignMode (186)
[2015.11.26-12.36.09:652][ 35]LogModuleManager: Shutting down and abandoning module BspMode (185)
[2015.11.26-12.36.09:652][ 35]LogModuleManager: Shutting down and abandoning module PlacementMode (184)
[2015.11.26-12.36.09:652][ 35]LogModuleManager: Shutting down and abandoning module AutomationWorker (183)
[2015.11.26-12.36.09:652][ 35]LogModuleManager: Shutting down and abandoning module CharacterAI (182)
[2015.11.26-12.36.09:652][ 35]LogModuleManager: Shutting down and abandoning module SmartSnapping (181)
[2015.11.26-12.36.09:652][ 35]LogModuleManager: Shutting down and abandoning module ViewportSnapping (180)
[2015.11.26-12.36.09:652][ 35]LogModuleManager: Shutting down and abandoning module LogVisualizer (179)
[2015.11.26-12.36.09:652][ 35]LogModuleManager: Shutting down and abandoning module GameProjectGeneration (178)
[2015.11.26-12.36.09:652][ 35]LogModuleManager: Shutting down and abandoning module IntroTutorials (177)
[2015.11.26-12.36.09:652][ 35]LogModuleManager: Shutting down and abandoning module EditorLiveStreaming (176)
[2015.11.26-12.36.09:652][ 35]LogModuleManager: Shutting down and abandoning module IOSPlatformEditor (175)
[2015.11.26-12.36.09:652][ 35]LogModuleManager: Shutting down and abandoning module HTML5PlatformEditor (174)
[2015.11.26-12.36.09:652][ 35]LogModuleManager: Shutting down and abandoning module AndroidDeviceDetection (173)
[2015.11.26-12.36.09:768][ 35]LogModuleManager: Shutting down and abandoning module AndroidPlatformEditor (172)
[2015.11.26-12.36.09:768][ 35]LogModuleManager: Shutting down and abandoning module IOSRuntimeSettings (171)
[2015.11.26-12.36.09:768][ 35]LogModuleManager: Shutting down and abandoning module AndroidRuntimeSettings (170)
[2015.11.26-12.36.09:768][ 35]LogModuleManager: Shutting down and abandoning module MergeActors (169)
[2015.11.26-12.36.09:768][ 35]LogModuleManager: Shutting down and abandoning module SizeMap (168)
[2015.11.26-12.36.09:768][ 35]LogModuleManager: Shutting down and abandoning module TreeMap (167)
[2015.11.26-12.36.09:768][ 35]LogModuleManager: Shutting down and abandoning module ReferenceViewer (166)
[2015.11.26-12.36.09:768][ 35]LogModuleManager: Shutting down and abandoning module LocalizationService (165)
[2015.11.26-12.36.09:768][ 35]LogModuleManager: Shutting down and abandoning module LocalizationDashboard (164)
[2015.11.26-12.36.09:768][ 35]LogModuleManager: Shutting down and abandoning module HardwareTargeting (163)
[2015.11.26-12.36.09:768][ 35]LogModuleManager: Shutting down and abandoning module DeviceProfileEditor (162)
[2015.11.26-12.36.09:768][ 35]LogModuleManager: Shutting down and abandoning module UndoHistory (161)
[2015.11.26-12.36.09:768][ 35]LogModuleManager: Shutting down and abandoning module GameplayTagsEditor (160)
[2015.11.26-12.36.09:768][ 35]LogModuleManager: Shutting down and abandoning module UserFeedback (159)
[2015.11.26-12.36.09:768][ 35]LogModuleManager: Shutting down and abandoning module XmlParser (158)
[2015.11.26-12.36.09:768][ 35]LogModuleManager: Shutting down and abandoning module Blutility (157)
[2015.11.26-12.36.09:768][ 35]LogModuleManager: Shutting down and abandoning module ProjectTargetPlatformEditor (156)
[2015.11.26-12.36.09:768][ 35]LogModuleManager: Shutting down and abandoning module ProjectSettingsViewer (155)
[2015.11.26-12.36.09:768][ 35]LogModuleManager: Shutting down and abandoning module InputBindingEditor (154)
[2015.11.26-12.36.09:768][ 35]LogModuleManager: Shutting down and abandoning module EditorSettingsViewer (153)
[2015.11.26-12.36.09:768][ 35]LogModuleManager: Shutting down and abandoning module SettingsEditor (152)
[2015.11.26-12.36.09:768][ 35]LogModuleManager: Shutting down and abandoning module ProjectLauncher (151)
[2015.11.26-12.36.09:768][ 35]LogModuleManager: Shutting down and abandoning module SessionFrontend (150)
[2015.11.26-12.36.09:768][ 35]LogModuleManager: Shutting down and abandoning module ProfilerClient (149)
[2015.11.26-12.36.09:768][ 35]LogModuleManager: Shutting down and abandoning module TargetDeviceServices (148)
[2015.11.26-12.36.09:768][ 35]LogModuleManager: Shutting down and abandoning module DeviceManager (147)
[2015.11.26-12.36.09:768][ 35]LogModuleManager: Shutting down and abandoning module AutomationController (146)
[2015.11.26-12.36.09:768][ 35]LogModuleManager: Shutting down and abandoning module AutomationWindow (145)
[2015.11.26-12.36.09:768][ 35]LogModuleManager: Shutting down and abandoning module Layers (144)
[2015.11.26-12.36.09:768][ 35]LogModuleManager: Shutting down and abandoning module ComponentVisualizers (143)
[2015.11.26-12.36.09:768][ 35]LogModuleManager: Shutting down and abandoning module DetailCustomizations (142)
[2015.11.26-12.36.09:768][ 35]LogModuleManager: Shutting down and abandoning module PackagesDialog (141)
[2015.11.26-12.36.09:769][ 35]LogModuleManager: Shutting down and abandoning module Persona (140)
[2015.11.26-12.36.09:769][ 35]LogModuleManager: Shutting down and abandoning module Kismet (139)
[2015.11.26-12.36.09:769][ 35]LogModuleManager: Shutting down and abandoning module GraphEditor (138)
[2015.11.26-12.36.09:769][ 35]LogModuleManager: Shutting down and abandoning module ClassViewer (137)
[2015.11.26-12.36.09:769][ 35]LogModuleManager: Shutting down and abandoning module Toolbox (136)
[2015.11.26-12.36.09:769][ 35]LogModuleManager: Shutting down and abandoning module ModuleUI (135)
[2015.11.26-12.36.09:769][ 35]LogModuleManager: Shutting down and abandoning module MovieSceneTools (134)
[2015.11.26-12.36.09:769][ 35]LogModuleManager: Shutting down and abandoning module OutputLog (133)
[2015.11.26-12.36.09:769][ 35]LogModuleManager: Shutting down and abandoning module GammaUI (132)
[2015.11.26-12.36.09:769][ 35]LogModuleManager: Shutting down and abandoning module Documentation (131)
[2015.11.26-12.36.09:769][ 35]LogModuleManager: Shutting down and abandoning module GameLiveStreaming (130)
[2015.11.26-12.36.09:769][ 35]LogModuleManager: Shutting down and abandoning module StreamingPauseRendering (129)
[2015.11.26-12.36.09:769][ 35]LogModuleManager: Shutting down and abandoning module AnalyticsET (128)
[2015.11.26-12.36.09:769][ 35]LogModuleManager: Shutting down and abandoning module Analytics (127)
[2015.11.26-12.36.09:769][ 35]LogModuleManager: Shutting down and abandoning module AITestSuite (126)
[2015.11.26-12.36.09:769][ 35]LogModuleManager: Shutting down and abandoning module GameplayDebugger (125)
[2015.11.26-12.36.09:769][ 35]LogModuleManager: Shutting down and abandoning module AIModule (124)
[2015.11.26-12.36.09:769][ 35]LogModuleManager: Shutting down and abandoning module ProfilerService (123)
[2015.11.26-12.36.09:832][ 35]LogModuleManager: Shutting down and abandoning module TaskGraph (122)
[2015.11.26-12.36.09:832][ 35]LogModuleManager: Shutting down and abandoning module SlateRemote (121)
[2015.11.26-12.36.09:832][ 35]LogModuleManager: Shutting down and abandoning module SteamVRController (120)
[2015.11.26-12.36.09:832][ 35]LogModuleManager: Shutting down and abandoning module SteamVR (119)
[2015.11.26-12.36.09:832][ 35]LogModuleManager: Shutting down and abandoning module ProceduralMeshComponent (118)
[2015.11.26-12.36.09:832][ 35]LogModuleManager: Shutting down and abandoning module OculusRift (117)
[2015.11.26-12.36.09:832][ 35]LogModuleManager: Shutting down and abandoning module OculusLibrary (116)
[2015.11.26-12.36.09:832][ 35]LogModuleManager: Shutting down and abandoning module LeapMotionController (115)
[2015.11.26-12.36.09:839][ 35]LogModuleManager: Shutting down and abandoning module CustomMeshComponent (114)
[2015.11.26-12.36.09:839][ 35]LogModuleManager: Shutting down and abandoning module CableComponent (113)
[2015.11.26-12.36.09:839][ 35]LogModuleManager: Shutting down and abandoning module ArchVisCharacter (112)
[2015.11.26-12.36.09:839][ 35]LogModuleManager: Shutting down and abandoning module MessagingDebugger (111)
[2015.11.26-12.36.09:840][ 35]LogModuleManager: Shutting down and abandoning module MediaPlayerEditor (110)
[2015.11.26-12.36.09:840][ 35]LogModuleManager: Shutting down and abandoning module HTML5Networking (109)
[2015.11.26-12.36.09:840][ 35]LogModuleManager: Shutting down and abandoning module SpeedTreeImporter (108)
[2015.11.26-12.36.09:840][ 35]LogModuleManager: Shutting down and abandoning module PluginBrowser (107)
[2015.11.26-12.36.09:840][ 35]LogModuleManager: Shutting down and abandoning module EpicSurvey (106)
[2015.11.26-12.36.09:840][ 35]LogModuleManager: Shutting down and abandoning module DesktopPlatform (105)
[2015.11.26-12.36.09:840][ 35]LogModuleManager: Shutting down and abandoning module VisualStudioSourceCodeAccess (104)
[2015.11.26-12.36.09:840][ 35]LogModuleManager: Shutting down and abandoning module UObjectPlugin (103)
[2015.11.26-12.36.09:840][ 35]LogModuleManager: Shutting down and abandoning module SubversionSourceControl (102)
[2015.11.26-12.36.09:840][ 35]LogModuleManager: Shutting down and abandoning module PerforceSourceControl (101)
[2015.11.26-12.36.09:840][ 35]LogModuleManager: Shutting down and abandoning module SourceControl (100)
[2015.11.26-12.36.09:840][ 35]LogModuleManager: Shutting down and abandoning module GitSourceControl (99)
[2015.11.26-12.36.09:840][ 35]LogModuleManager: Shutting down and abandoning module LightPropagationVolumeEditor (98)
[2015.11.26-12.36.09:840][ 35]LogModuleManager: Shutting down and abandoning module PaperTiledImporter (97)
[2015.11.26-12.36.09:840][ 35]LogModuleManager: Shutting down and abandoning module PaperSpriteSheetImporter (96)
[2015.11.26-12.36.09:840][ 35]LogModuleManager: Shutting down and abandoning module MeshPaint (95)
[2015.11.26-12.36.09:840][ 35]LogModuleManager: Shutting down and abandoning module SlateReflector (94)
[2015.11.26-12.36.09:840][ 35]LogModuleManager: Shutting down and abandoning module HotReload (93)
[2015.11.26-12.36.09:840][ 35]LogModuleManager: Shutting down and abandoning module MainFrame (92)
[2015.11.26-12.36.09:840][ 35]LogModuleManager: Shutting down and abandoning module LevelEditor (91)
[2015.11.26-12.36.09:841][ 35]LogModuleManager: Shutting down and abandoning module DirectoryWatcher (90)
[2015.11.26-12.36.09:841][ 35]LogModuleManager: Shutting down and abandoning module AssetRegistry (89)
[2015.11.26-12.36.09:872][ 35]LogModuleManager: Shutting down and abandoning module ContentBrowser (88)
[2015.11.26-12.36.09:873][ 35]LogModuleManager: Shutting down and abandoning module Paper2DEditor (87)
[2015.11.26-12.36.09:873][ 35]LogModuleManager: Shutting down and abandoning module AutomaticDoor (86)
[2015.11.26-12.36.09:873][ 35]LogModuleManager: Shutting down and abandoning module UdpMessaging (85)
[2015.11.26-12.36.09:974][ 35]LogModuleManager: Shutting down and abandoning module LightPropagationVolumeRuntime (84)
[2015.11.26-12.36.09:974][ 35]LogModuleManager: Shutting down and abandoning module Paper2D (83)
[2015.11.26-12.36.09:974][ 35]LogModuleManager: Shutting down and abandoning module WindowsMoviePlayer (82)
[2015.11.26-12.36.09:977][ 35]LogModuleManager: Shutting down and abandoning module Media (81)
[2015.11.26-12.36.09:977][ 35]LogModuleManager: Shutting down and abandoning module WmfMedia (80)
[2015.11.26-12.36.09:977][ 35]LogModuleManager: Shutting down and abandoning module OnlineBlueprintSupport (79)
[2015.11.26-12.36.09:977][ 35]LogModuleManager: Shutting down and abandoning module GameplayTasksEditor (78)
[2015.11.26-12.36.09:977][ 35]LogModuleManager: Shutting down and abandoning module PropertyEditor (77)
[2015.11.26-12.36.09:977][ 35]LogModuleManager: Shutting down and abandoning module BehaviorTreeEditor (76)
[2015.11.26-12.36.09:977][ 35]LogModuleManager: Shutting down and abandoning module FunctionalTesting (75)
[2015.11.26-12.36.09:977][ 35]LogModuleManager: Shutting down and abandoning module CollisionAnalyzer (74)
[2015.11.26-12.36.09:977][ 35]LogModuleManager: Shutting down and abandoning module WorkspaceMenuStructure (73)
[2015.11.26-12.36.09:977][ 35]LogModuleManager: Shutting down and abandoning module MessageLog (72)
[2015.11.26-12.36.09:977][ 35]LogModuleManager: Shutting down and abandoning module Sequencer (71)
[2015.11.26-12.36.09:977][ 35]LogModuleManager: Shutting down and abandoning module AssetTools (70)
[2015.11.26-12.36.09:977][ 35]LogModuleManager: Shutting down and abandoning module UMGEditor (69)
[2015.11.26-12.36.09:977][ 35]LogModuleManager: Shutting down and abandoning module UMG (68)
[2015.11.26-12.36.09:977][ 35]LogModuleManager: Shutting down and abandoning module Slate (67)
[2015.11.26-12.36.09:977][ 35]LogModuleManager: Shutting down and abandoning module EditorStyle (66)
[2015.11.26-12.36.09:979][ 35]LogModuleManager: Shutting down and abandoning module SessionServices (65)
[2015.11.26-12.36.09:979][ 35]LogModuleManager: Shutting down and abandoning module SourceCodeAccess (64)
[2015.11.26-12.36.09:979][ 35]LogModuleManager: Shutting down and abandoning module HeadMountedDisplay (63)
[2015.11.26-12.36.09:979][ 35]LogModuleManager: Shutting down and abandoning module XAudio2 (62)
[2015.11.26-12.36.09:979][ 35]LogModuleManager: Shutting down and abandoning module Networking (60)
[2015.11.26-12.36.09:979][ 35]LogModuleManager: Shutting down and abandoning module Core (59)
[2015.11.26-12.36.09:979][ 35]LogModuleManager: Shutting down and abandoning module KismetCompiler (58)
[2015.11.26-12.36.09:979][ 35]LogModuleManager: Shutting down and abandoning module PhysXFormats (57)
[2015.11.26-12.36.09:979][ 35]LogModuleManager: Shutting down and abandoning module MeshUtilities (56)
[2015.11.26-12.36.09:979][ 35]LogModuleManager: Shutting down and abandoning module CookingStats (55)
[2015.11.26-12.36.09:981][ 35]LogModuleManager: Shutting down and abandoning module DerivedDataCache (54)
[2015.11.26-12.36.10:081][ 35]LogDerivedDataCache: Shutdown
[2015.11.26-12.36.10:081][ 35]LogModuleManager: Shutting down and abandoning module ShaderFormatOpenGL (53)
[2015.11.26-12.36.10:081][ 35]LogModuleManager: Shutting down and abandoning module ShaderFormatD3D (52)
[2015.11.26-12.36.10:081][ 35]LogModuleManager: Shutting down and abandoning module MetalShaderFormat (51)
[2015.11.26-12.36.10:081][ 35]LogModuleManager: Shutting down and abandoning module TextureFormatUncompressed (50)
[2015.11.26-12.36.10:081][ 35]LogModuleManager: Shutting down and abandoning module TextureFormatPVR (49)
[2015.11.26-12.36.10:081][ 35]LogModuleManager: Shutting down and abandoning module TextureFormatIntelISPCTexComp (48)
[2015.11.26-12.36.10:081][ 35]LogModuleManager: Shutting down and abandoning module TextureFormatDXT (47)
[2015.11.26-12.36.10:081][ 35]LogModuleManager: Shutting down and abandoning module ImageWrapper (46)
[2015.11.26-12.36.10:081][ 35]LogModuleManager: Shutting down and abandoning module TextureFormatASTC (45)
[2015.11.26-12.36.10:081][ 35]LogModuleManager: Shutting down and abandoning module TextureFormatAndroid (44)
[2015.11.26-12.36.10:081][ 35]LogModuleManager: Shutting down and abandoning module AudioFormatOpus (43)
[2015.11.26-12.36.10:081][ 35]LogModuleManager: Shutting down and abandoning module AudioFormatOgg (42)
[2015.11.26-12.36.10:081][ 35]LogModuleManager: Shutting down and abandoning module AudioFormatADPCM (41)
[2015.11.26-12.36.10:081][ 35]LogModuleManager: Shutting down and abandoning module LinuxTargetPlatform (40)
[2015.11.26-12.36.10:081][ 35]LogModuleManager: Shutting down and abandoning module LinuxServerTargetPlatform (39)
[2015.11.26-12.36.10:081][ 35]LogModuleManager: Shutting down and abandoning module LinuxNoEditorTargetPlatform (38)
[2015.11.26-12.36.10:081][ 35]LogModuleManager: Shutting down and abandoning module Messaging (37)
[2015.11.26-12.36.10:081][ 35]LogModuleManager: Shutting down and abandoning module IOSTargetPlatform (36)
[2015.11.26-12.36.10:081][ 35]LogModuleManager: Shutting down and abandoning module HTML5TargetPlatform (35)
[2015.11.26-12.36.10:081][ 35]LogModuleManager: Shutting down and abandoning module Android_PVRTCTargetPlatform (34)
[2015.11.26-12.36.10:081][ 35]LogModuleManager: Shutting down and abandoning module Android_ETC2TargetPlatform (33)
[2015.11.26-12.36.10:081][ 35]LogModuleManager: Shutting down and abandoning module Android_ETC1TargetPlatform (32)
[2015.11.26-12.36.10:081][ 35]LogModuleManager: Shutting down and abandoning module Android_DXTTargetPlatform (31)
[2015.11.26-12.36.10:081][ 35]LogModuleManager: Shutting down and abandoning module Android_ATCTargetPlatform (30)
[2015.11.26-12.36.10:081][ 35]LogModuleManager: Shutting down and abandoning module Android_ASTCTargetPlatform (29)
[2015.11.26-12.36.10:081][ 35]LogModuleManager: Shutting down and abandoning module AndroidTargetPlatform (28)
[2015.11.26-12.36.10:081][ 35]LogModuleManager: Shutting down and abandoning module WindowsTargetPlatform (27)
[2015.11.26-12.36.10:081][ 35]LogModuleManager: Shutting down and abandoning module WindowsServerTargetPlatform (26)
[2015.11.26-12.36.10:081][ 35]LogModuleManager: Shutting down and abandoning module WindowsNoEditorTargetPlatform (25)
[2015.11.26-12.36.10:081][ 35]LogModuleManager: Shutting down and abandoning module WindowsClientTargetPlatform (24)
[2015.11.26-12.36.10:081][ 35]LogModuleManager: Shutting down and abandoning module AllDesktopTargetPlatform (23)
[2015.11.26-12.36.10:081][ 35]LogModuleManager: Shutting down and abandoning module TargetPlatform (22)
[2015.11.26-12.36.10:081][ 35]LogModuleManager: Shutting down and abandoning module InputCore (21)
[2015.11.26-12.36.10:081][ 35]LogModuleManager: Shutting down and abandoning module Settings (20)
[2015.11.26-12.36.10:081][ 35]LogModuleManager: Shutting down and abandoning module OnlineSubsystem (18)
[2015.11.26-12.36.10:081][ 35]LogModuleManager: Shutting down and abandoning module HTTP (17)
[2015.11.26-12.36.12:083][ 35]LogModuleManager: Shutting down and abandoning module XMPP (16)
[2015.11.26-12.36.12:083][ 35]LogModuleManager: Shutting down and abandoning module ExampleDeviceProfileSelector (15)
[2015.11.26-12.36.12:083][ 35]LogModuleManager: Shutting down and abandoning module TextureCompressor (14)
[2015.11.26-12.36.12:083][ 35]LogModuleManager: Shutting down and abandoning module ShaderCore (13)
[2015.11.26-12.36.12:083][ 35]LogModuleManager: Shutting down and abandoning module Landscape (12)
[2015.11.26-12.36.12:083][ 35]LogModuleManager: Shutting down and abandoning module SlateRHIRenderer (11)
[2015.11.26-12.36.12:083][ 35]LogModuleManager: Shutting down and abandoning module OpenGLDrv (10)
[2015.11.26-12.36.12:083][ 35]LogModuleManager: Shutting down and abandoning module D3D11RHI (9)
[2015.11.26-12.36.12:083][ 35]LogModuleManager: Shutting down and abandoning module AnimGraphRuntime (8)
[2015.11.26-12.36.12:083][ 35]LogModuleManager: Shutting down and abandoning module Renderer (7)
[2015.11.26-12.36.12:083][ 35]LogModuleManager: Shutting down and abandoning module Engine (6)
[2015.11.26-12.36.12:084][ 35]LogModuleManager: Shutting down and abandoning module CoreUObject (5)
[2015.11.26-12.36.12:084][ 35]LogModuleManager: Shutting down and abandoning module NetworkFile (4)
[2015.11.26-12.36.12:084][ 35]LogModuleManager: Shutting down and abandoning module StreamingFile (3)
[2015.11.26-12.36.12:084][ 35]LogModuleManager: Shutting down and abandoning module SandboxFile (2)
[2015.11.26-12.36.12:084][ 35]LogModuleManager: Shutting down and abandoning module PakFile (1)
[2015.11.26-12.36.12:084][ 35]LogExit: Exiting.
[2015.11.26-12.36.12:112][ 35]Log file closed, 11/26/15 13:36:12
