[2015.10.29-17.12.12:490][  0]Log file open, 10/29/15 18:12:12
[2015.10.29-17.12.12:490][  0]LogInit:Display: Running engine for game: AutomaticDoor
[2015.10.29-17.12.12:490][  0]LogInit:Display: RandInit(-724243790) SRandInit(-724243789).
[2015.10.29-17.12.12:490][  0]LogTaskGraph: Started task graph with 4 named threads and 7 total threads.
[2015.10.29-17.12.12:490][  0]LogStats: Stats thread started at 0.071953
[2015.10.29-17.12.12:490][  0]LogInit: Version: 4.9.2-2707645+++depot+UE4-Releases+4.9
[2015.10.29-17.12.12:490][  0]LogInit: API Version: 2672455
[2015.10.29-17.12.12:490][  0]LogInit: Compiled (64-bit): Sep 28 2015 10:25:44
[2015.10.29-17.12.12:490][  0]LogInit: Compiled with Visual C++: 18.00.21005.01
[2015.10.29-17.12.12:490][  0]LogInit: Build Configuration: Development
[2015.10.29-17.12.12:490][  0]LogInit: Branch Name: ++depot+UE4-Releases+4.9
[2015.10.29-17.12.12:490][  0]LogInit: Command line:  
[2015.10.29-17.12.12:490][  0]LogInit: Base directory: C:/Program Files/Epic Games/4.9/Engine/Binaries/Win64/
[2015.10.29-17.12.12:490][  0]LogInit: Rocket: 1
[2015.10.29-17.12.12:498][  0]LogInit: Using libcurl 7.41.0
[2015.10.29-17.12.12:498][  0]LogInit:  - built for x86_64-pc-win32
[2015.10.29-17.12.12:498][  0]LogInit:  - supports SSL with WinSSL
[2015.10.29-17.12.12:498][  0]LogInit:  - other features:
[2015.10.29-17.12.12:498][  0]LogInit:      CURL_VERSION_SSL
[2015.10.29-17.12.12:498][  0]LogInit:      CURL_VERSION_IPV6
[2015.10.29-17.12.12:498][  0]LogInit:      CURL_VERSION_ASYNCHDNS
[2015.10.29-17.12.12:498][  0]LogInit:      CURL_VERSION_LARGEFILE
[2015.10.29-17.12.12:498][  0]LogInit:      CURL_VERSION_IDN
[2015.10.29-17.12.12:498][  0]LogInit:  CurlRequestOptions (configurable via config and command line):
[2015.10.29-17.12.12:498][  0]LogInit:  - bVerifyPeer = true  - Libcurl will verify peer certificate
[2015.10.29-17.12.12:498][  0]LogInit:  - bUseHttpProxy = false  - Libcurl will NOT use HTTP proxy
[2015.10.29-17.12.12:498][  0]LogInit:  - bDontReuseConnections = false  - Libcurl will reuse connections
[2015.10.29-17.12.12:498][  0]LogInit:  - CertBundlePath = nullptr  - Libcurl will use whatever was configured at build time.
[2015.10.29-17.12.12:505][  0]LogInit: Presizing for 0 objects not considered by GC, pre-allocating 0 bytes.
[2015.10.29-17.12.12:511][  0]LogInit: Object subsystem initialized
[2015.10.29-17.12.12:512][  0]LogInit: Selected Device Profile: [Windows]
[2015.10.29-17.12.12:512][  0]LogInit: Applying CVar settings loaded from the selected device profile: [Windows]
[2015.10.29-17.12.12:521][  0]LogInit: Computer: FIDUS
[2015.10.29-17.12.12:521][  0]LogInit: User: Niclas
[2015.10.29-17.12.12:521][  0]LogInit: CPU Page size=4096, Cores=4
[2015.10.29-17.12.12:521][  0]LogInit: High frequency timer resolution =3.386474 MHz
[2015.10.29-17.12.12:521][  0]LogMemory: Memory total: Physical=15.9GB (16GB approx)
[2015.10.29-17.12.12:521][  0]LogMemory: Platform Memory Stats for Windows
[2015.10.29-17.12.12:521][  0]LogMemory: Process Physical Memory: 54.25 MB used, 54.25 MB peak
[2015.10.29-17.12.12:521][  0]LogMemory: Process Virtual Memory: 55.36 MB used, 55.36 MB peak
[2015.10.29-17.12.12:521][  0]LogMemory: Physical Memory: 4706.74 MB used, 16332.28 MB total
[2015.10.29-17.12.12:521][  0]LogMemory: Virtual Memory: 364.26 MB used, 134217728.00 MB total
[2015.10.29-17.12.12:549][  0]LogTextLocalizationManager: No translations for ('sv-SE') exist, falling back to 'en' for localization and internationalization data.
[2015.10.29-17.12.13:171][  0]LogD3D11RHI: Found D3D11 adapter 0: AMD Radeon HD 7800 Series (Feature Level 11_0)
[2015.10.29-17.12.13:171][  0]LogD3D11RHI: Adapter has 2026MB of dedicated video memory, 0MB of dedicated system memory, and 8166MB of shared system memory, 1 output[s]
[2015.10.29-17.12.13:172][  0]LogD3D11RHI: Found D3D11 adapter 1: Microsoft Basic Render Driver (Feature Level 11_0)
[2015.10.29-17.12.13:172][  0]LogD3D11RHI: Adapter has 0MB of dedicated video memory, 0MB of dedicated system memory, and 8166MB of shared system memory, 0 output[s]
[2015.10.29-17.12.13:172][  0]LogD3D11RHI: Chosen D3D11 Adapter Id = 0
[2015.10.29-17.12.13:176][  0]LogD3D11RHI: !Direct3DDevice
[2015.10.29-17.12.13:176][  0]LogRHI: Texture pool is 1361 MB (70% of 1945 MB)
[2015.10.29-17.12.13:182][  0]LogD3D11RHI: Async texture creation disabled: no driver support
[2015.10.29-17.12.13:192][  0]LogShaderCompilers: Guid format shader working directory is 15 characters bigger than the processId version (../../../../../../Users/Niclas/Documents/GitHub/UnrealTutorial/AutomaticDoor/Intermediate/Shaders/WorkingDirectory/3432/).
[2015.10.29-17.12.13:192][  0]LogShaderCompilers: Cleaned the shader compiler working directory '../../../../../../Users/Niclas/Documents/GitHub/UnrealTutorial/AutomaticDoor/Intermediate/Shaders/tmp/A54A27A040B56875E58779AD5C3E9273/'.
[2015.10.29-17.12.13:192][  0]LogShaderCompilers:Display: Using Local Shader Compiler.
[2015.10.29-17.12.14:121][  0]LogTemp:Display: Loaded TP AllDesktopTargetPlatform
[2015.10.29-17.12.14:127][  0]LogTemp:Display: Loaded TP WindowsClientTargetPlatform
[2015.10.29-17.12.14:132][  0]LogTemp:Display: Loaded TP WindowsNoEditorTargetPlatform
[2015.10.29-17.12.14:138][  0]LogTemp:Display: Loaded TP WindowsServerTargetPlatform
[2015.10.29-17.12.14:143][  0]LogTemp:Display: Loaded TP WindowsTargetPlatform
[2015.10.29-17.12.14:146][  0]LogTemp:Display: Loaded TP AndroidTargetPlatform
[2015.10.29-17.12.14:150][  0]LogTemp:Display: Loaded TP Android_ASTCTargetPlatform
[2015.10.29-17.12.14:153][  0]LogTemp:Display: Loaded TP Android_ATCTargetPlatform
[2015.10.29-17.12.14:156][  0]LogTemp:Display: Loaded TP Android_DXTTargetPlatform
[2015.10.29-17.12.14:160][  0]LogTemp:Display: Loaded TP Android_ETC1TargetPlatform
[2015.10.29-17.12.14:163][  0]LogTemp:Display: Loaded TP Android_ETC2TargetPlatform
[2015.10.29-17.12.14:167][  0]LogTemp:Display: Loaded TP Android_PVRTCTargetPlatform
[2015.10.29-17.12.14:168][  0]LogTemp:Display: Loaded TP HTML5TargetPlatform
[2015.10.29-17.12.14:184][  0]LogTemp:Display: Loaded TP IOSTargetPlatform
[2015.10.29-17.12.14:187][  0]LogTemp:Display: Loaded TP LinuxNoEditorTargetPlatform
[2015.10.29-17.12.14:190][  0]LogTemp:Display: Loaded TP LinuxServerTargetPlatform
[2015.10.29-17.12.14:194][  0]LogTemp:Display: Loaded TP LinuxTargetPlatform
[2015.10.29-17.12.14:194][  0]LogTargetPlatformManager:Display: Building Assets For Windows
[2015.10.29-17.12.14:286][  0]LogDerivedDataCache:Display: Max Cache Size: 512 MB
[2015.10.29-17.12.14:322][  0]LogDerivedDataCache: Loaded boot cache 0.04s 43MB C:/Users/Niclas/AppData/Local/UnrealEngine/4.9/DerivedDataCache/Boot.ddc.
[2015.10.29-17.12.14:322][  0]LogDerivedDataCache:Display: Loaded Boot cache: C:/Users/Niclas/AppData/Local/UnrealEngine/4.9/DerivedDataCache/Boot.ddc
[2015.10.29-17.12.14:322][  0]LogDerivedDataCache: FDerivedDataBackendGraph:  Pak pak cache file ../../../../../../Users/Niclas/Documents/GitHub/UnrealTutorial/AutomaticDoor/DerivedDataCache/DDC.ddp not found, will not use a pak cache.
[2015.10.29-17.12.14:322][  0]LogDerivedDataCache: Unable to find inner node Pak for hierarchical cache Hierarchy.
[2015.10.29-17.12.14:322][  0]LogDerivedDataCache: FDerivedDataBackendGraph:  CompressedPak pak cache file ../../../../../../Users/Niclas/Documents/GitHub/UnrealTutorial/AutomaticDoor/DerivedDataCache/Compressed.ddp not found, will not use a pak cache.
[2015.10.29-17.12.14:323][  0]LogDerivedDataCache: Unable to find inner node CompressedPak for hierarchical cache Hierarchy.
[2015.10.29-17.12.14:441][  0]LogDerivedDataCache:Display: Pak cache opened for reading ../../../Engine/DerivedDataCache/Compressed.ddp.
[2015.10.29-17.12.14:454][  0]LogDerivedDataCache: Using Local data cache path C:/Users/Niclas/AppData/Local/UnrealEngine/Common/DerivedDataCache: Writable
[2015.10.29-17.12.14:627][  0]LogInit: Selected Device Profile: [Windows]
[2015.10.29-17.12.14:630][  0]LogContentStreaming: Texture pool size is 0.000000MB
[2015.10.29-17.12.14:738][  0]LogMeshUtilities: No automatic mesh reduction module available
[2015.10.29-17.12.14:738][  0]LogMeshUtilities: No automatic mesh merging module available
[2015.10.29-17.12.14:952][  0]LogInit: WinSock: version 1.1 (2.2), MaxSocks=32767, MaxUdp=65467
[2015.10.29-17.12.15:554][  0]UdpMessaging: Initializing bridge on interface 0.0.0.0:0 to multicast group 230.0.0.1:6666.
[2015.10.29-17.12.15:627][  0]LogSkinnedMeshComp:Warning: GetSocketByName(): No SkeletalMesh for CharacterMesh1P
[2015.10.29-17.12.15:627][  0]LogLinker:Warning: Asset '../../../../../../Users/Niclas/Documents/GitHub/UnrealTutorial/AutomaticDoor/Content/FirstPersonCPP/Blueprints/FirstPersonCharacter.uasset' has been saved with empty engine version. The asset will be loaded but may be incompatible.
[2015.10.29-17.12.15:723][  0]LogLinker:Warning: Asset '../../../../../../Users/Niclas/Documents/GitHub/UnrealTutorial/AutomaticDoor/Content/FirstPerson/Meshes/FirstPersonProjectileMesh.uasset' has been saved with empty engine version. The asset will be loaded but may be incompatible.
[2015.10.29-17.12.15:757][  0]LogSkinnedMeshComp:Warning: GetSocketByName(): No SkeletalMesh for CharacterMesh1P
[2015.10.29-17.12.15:758][  0]LogSkinnedMeshComp:Warning: GetSocketByName(): No SkeletalMesh for CharacterMesh1P
[2015.10.29-17.12.15:834][  0]LogAssetRegistry: FAssetRegistry took 0.0105 seconds to start up
[2015.10.29-17.12.15:984][  0]SourceControl: Info Source control is disabled
[2015.10.29-17.12.15:997][  0]SourceControl: Info Source control is disabled
[2015.10.29-17.12.16:010][  0]SourceControl: Info Source control is disabled
[2015.10.29-17.12.16:022][  0]SourceControl: Info Source control is disabled
[2015.10.29-17.12.16:182][  0]LogLinker:Warning: Asset '../../../Engine/Plugins/Runtime/LeapMotionController/Content/LM_PassthroughMaterial.uasset' has been saved with empty engine version. The asset will be loaded but may be incompatible.
[2015.10.29-17.12.16:267][  0]LogObj: 32040 objects as part of root set at end of initial load.
[2015.10.29-17.12.16:267][  0]LogUObjectAllocator: 7361000 out of 0 bytes used by permanent object pool.
[2015.10.29-17.12.16:316][  0]LogEngine: Initializing Engine...
[2015.10.29-17.12.16:318][  0]LogHMD: Can't find Oculus library dev build: is proper Runtime installed? Version: 0.7.0.0
[2015.10.29-17.12.16:318][  0]LogHMD: SteamVR failed to initialize.  Err: 110
[2015.10.29-17.12.16:423][  0]LogAIModule: Creating AISystem for world NewWorld
[2015.10.29-17.12.16:438][  0]LogInit: XAudio2 using 'Högtalare (Logitech G35 Gaming Headset)' : 2 channels at 44.1 kHz using 16 bits per sample (channel mask 0x3)
[2015.10.29-17.12.16:460][  0]LogInit: FAudioDevice initialized.
[2015.10.29-17.12.16:478][  0]LogDerivedDataCache: Saved boot cache 0.02s 43MB C:/Users/Niclas/AppData/Local/UnrealEngine/4.9/DerivedDataCache/Boot.ddc.
[2015.10.29-17.12.16:481][  0]LogInit: Texture streaming: Enabled
[2015.10.29-17.12.16:487][  0]LogAnalytics: Creating configured Analytics provider AnalyticsET
[2015.10.29-17.12.16:487][  0]LogAnalytics: [UEEditor.Rocket.Release] APIServer = http://et2.epicgames.com/ET2/. AppVersion = 4.9.2-2707645+++depot+UE4-Releases+4.9
[2015.10.29-17.12.16:487][  0]LogAnalytics: [UEEditor.Rocket.Release] SetUserId 8d5f2d8b4e520712a8f1e688fed765ab|99f216c1865e471987722078da7bde5f|50f43dcd-c54f-4aa6-a5c1-e948023fc359
[2015.10.29-17.12.16:487][  0]LogAnalytics: [UEEditor.Rocket.Release] AnalyticsET::StartSession
[2015.10.29-17.12.16:517][  0]LogInit: Transaction tracking system initialized
[2015.10.29-17.12.16:554][  0]BlueprintLog: New page: Editor Load
[2015.10.29-17.12.16:670][  0]LocalizationService: Info Localization service is disabled
[2015.10.29-17.12.16:733][  0]LogLinker:Warning: Can't find file '/Game/ThirdPersonBP/ThirdPersonOverview'
[2015.10.29-17.12.16:733][  0]LogLinker:Warning: Can't find file '/Game/ThirdPersonBP/ThirdPersonOverview'
[2015.10.29-17.12.16:734][  0]LogUObjectGlobals:Warning: Failed to find object 'Class /Game/ThirdPersonBP/ThirdPersonOverview.ThirdPersonOverview_C'
[2015.10.29-17.12.16:745][  0]LogConsoleResponse:Display: 
[2015.10.29-17.12.16:842][  0]LogCook:Display: Done creating registry. It took  0.00s.
[2015.10.29-17.12.16:901][  0]LogFileCache: Scanning file cache for directory 'C:/Users/Niclas/Documents/GitHub/UnrealTutorial/AutomaticDoor/Content/' took 0.02s
[2015.10.29-17.12.16:901][  0]SourceControl: Info Source control is disabled
[2015.10.29-17.12.16:901][  0]Cmd: MAP LOAD FILE="../../../../../../Users/Niclas/Documents/GitHub/UnrealTutorial/AutomaticDoor/Content/FirstPersonCPP/Maps/FirstPersonExampleMap.umap" TEMPLATE=0 SHOWPROGRESS=1 FEATURELEVEL=3
[2015.10.29-17.12.16:902][  0]LightingResults: New page: Lighting Build
[2015.10.29-17.12.16:905][  0]MapCheck: New page: Map Check
[2015.10.29-17.12.16:905][  0]LightingResults: New page: Lighting Build
[2015.10.29-17.12.16:915][  0]LogParticles: Destroying 0 GPU particle simulations for FXSystem 0x000000A08A99E480
[2015.10.29-17.12.17:110][  0]LogSkinnedMeshComp:Warning: GetSocketByName(): No SkeletalMesh for CharacterMesh1P
[2015.10.29-17.12.17:297][  0]LogAIModule: Creating AISystem for world FirstPersonExampleMap
[2015.10.29-17.12.17:309][  0]LogEditorServer: Finished looking for orphan Actors (0.000 secs)
[2015.10.29-17.12.17:309][  0]Cmd: MAP CHECKDEP NOCLEARLOG
[2015.10.29-17.12.17:383][  0]MapCheck: Info Map check complete: 0 Error(s), 0 Warning(s), took 73.598ms to complete.
[2015.10.29-17.12.17:383][  0]LogFileHelpers: Loading map 'FirstPersonExampleMap' took 0.481
[2015.10.29-17.12.17:487][  0]LogCollectionManager: Loaded 0 collections in 0.002304 seconds
[2015.10.29-17.12.17:528][  0]LogFileCache: Scanning file cache for directory 'C:/Users/Niclas/Documents/GitHub/UnrealTutorial/AutomaticDoor/Saved/Collections/' took 0.01s
[2015.10.29-17.12.17:528][  0]LogFileCache: Scanning file cache for directory 'C:/Users/Niclas/Documents/GitHub/UnrealTutorial/AutomaticDoor/Content/Developers/Niclas/Collections/' took 0.01s
[2015.10.29-17.12.17:528][  0]LogFileCache: Scanning file cache for directory 'C:/Users/Niclas/Documents/GitHub/UnrealTutorial/AutomaticDoor/Content/Collections/' took 0.01s
[2015.10.29-17.12.17:528][  0]LogContentBrowser: Native class hierarchy populated in 0.0079 seconds. Added 1873 classes and 335 folders.
[2015.10.29-17.12.17:533][  0]LogCollectionManager: Rebuilt the GUID cache for 0 collections in 0.000002 seconds
[2015.10.29-17.12.17:541][  0]LogContentBrowser: Native class hierarchy updated for 'WidgetCarousel' in 0.0015 seconds. Added 0 classes and 0 folders.
[2015.10.29-17.12.17:587][  0]LogContentBrowser: Native class hierarchy updated for 'AddContentDialog' in 0.0016 seconds. Added 0 classes and 0 folders.
[2015.10.29-17.12.17:592][  0]LogContentBrowser: Native class hierarchy updated for 'SceneOutliner' in 0.0015 seconds. Added 1 classes and 2 folders.
[2015.10.29-17.12.17:612][  0]LogCrashTracker: Crashtracker disabled due to settings.
[2015.10.29-17.12.17:654][  0]LogLoad: Full Startup: 6.01 seconds (BP compile: 0.08 seconds)
[2015.10.29-17.12.18:054][  0]LogContentStreaming: Texture pool size now 1000 MB
[2015.10.29-17.12.18:163][  0]LogRenderer: Reallocating scene render targets to support 1208x576 (Frame:2).
[2015.10.29-17.12.19:134][  3]LogAssetRegistry: Asset discovery search completed in 3.3097 seconds
[2015.10.29-17.12.19:134][  3]LogCollectionManager: Rebuilt the object cache for 0 collections in 0.000001 seconds (found 0 objects)
[2015.10.29-17.12.19:134][  3]LogCollectionManager: Fixed up redirectors for 0 collections in 0.000023 seconds (updated 0 objects)
[2015.10.29-17.13.17:671][121]LogLinker:Warning: Asset '../../../../../../Users/Niclas/Documents/GitHub/UnrealTutorial/AutomaticDoor/Content/Mannequin/Animations/ThirdPerson_AnimBP.uasset' has been saved with empty engine version. The asset will be loaded but may be incompatible.
[2015.10.29-17.13.17:672][121]LogLinker:Warning: Asset '../../../../../../Users/Niclas/Documents/GitHub/UnrealTutorial/AutomaticDoor/Content/Mannequin/Animations/ThirdPerson_Jump.uasset' has been saved with empty engine version. The asset will be loaded but may be incompatible.
[2015.10.29-17.13.17:674][121]LogLinker:Warning: Asset '../../../../../../Users/Niclas/Documents/GitHub/UnrealTutorial/AutomaticDoor/Content/Mannequin/Animations/ThirdPersonJump_Loop.uasset' has been saved with empty engine version. The asset will be loaded but may be incompatible.
[2015.10.29-17.13.17:675][121]LogLinker:Warning: Asset '../../../../../../Users/Niclas/Documents/GitHub/UnrealTutorial/AutomaticDoor/Content/Mannequin/Animations/ThirdPersonJump_Start.uasset' has been saved with empty engine version. The asset will be loaded but may be incompatible.
[2015.10.29-17.13.17:676][121]LogLinker:Warning: Asset '../../../../../../Users/Niclas/Documents/GitHub/UnrealTutorial/AutomaticDoor/Content/Mannequin/Animations/ThirdPerson_IdleRun_2D.uasset' has been saved with empty engine version. The asset will be loaded but may be incompatible.
[2015.10.29-17.13.17:676][121]LogLinker:Warning: Asset '../../../../../../Users/Niclas/Documents/GitHub/UnrealTutorial/AutomaticDoor/Content/Mannequin/Animations/ThirdPersonIdle.uasset' has been saved with empty engine version. The asset will be loaded but may be incompatible.
[2015.10.29-17.13.17:677][121]LogLinker:Warning: Asset '../../../../../../Users/Niclas/Documents/GitHub/UnrealTutorial/AutomaticDoor/Content/Mannequin/Animations/ThirdPersonRun.uasset' has been saved with empty engine version. The asset will be loaded but may be incompatible.
[2015.10.29-17.13.17:678][121]LogLinker:Warning: Asset '../../../../../../Users/Niclas/Documents/GitHub/UnrealTutorial/AutomaticDoor/Content/Mannequin/Animations/ThirdPersonWalk.uasset' has been saved with empty engine version. The asset will be loaded but may be incompatible.
[2015.10.29-17.13.44:106][262]Cmd: DELETE
[2015.10.29-17.13.44:106][262]Cmd: ACTOR DELETE
[2015.10.29-17.13.44:112][262]LogEditorActor: Deleted Actor: Brush
[2015.10.29-17.13.44:113][262]LogActorComponent: UnregisterComponent: (/Engine/Transient.CharMoveComp) Not registered. Aborting.
[2015.10.29-17.13.44:146][262]LogEditorActor: Deleted 1 Actors (0.034 secs)
[2015.10.29-17.13.45:788][406]Cmd: TRANSACTION UNDO
[2015.10.29-17.13.45:788][406]LogEditorTransaction: Undo Delete Actors
[2015.10.29-17.13.46:752][483]LogEditorViewport: Clicking on Actor (LMB): basicai_C (basicai)
[2015.10.29-17.13.47:973][558]Cmd: DELETE
[2015.10.29-17.13.47:973][558]Cmd: ACTOR DELETE
[2015.10.29-17.13.47:974][558]LogEditorActor: Deleted Actor: basicai_C
[2015.10.29-17.13.48:019][558]LogEditorActor: Deleted 1 Actors (0.046 secs)
[2015.10.29-17.13.49:500][685]LogLinker:Warning: Asset '../../../Engine/Content/ArtTools/RenderToTexture/Macros/RenderToTextureMacros.uasset' has been saved with empty engine version. The asset will be loaded but may be incompatible.
[2015.10.29-17.13.49:964][685]LogContentBrowser: Native class hierarchy updated for 'BlueprintGraph' in 0.0021 seconds. Added 107 classes and 0 folders.
[2015.10.29-17.14.05:605][543]LogActorComponent: UnregisterComponent: (/Engine/Transient.CharMoveComp) Not registered. Aborting.
[2015.10.29-17.14.07:288][700]LogActorComponent: UnregisterComponent: (/Engine/Transient.CharacterMovementComponent_0) Not registered. Aborting.
[2015.10.29-17.14.21:813][213]LogSavePackage: Save=18.418568ms
[2015.10.29-17.14.21:813][213]LogSavePackage: Moving '../../../../../../Users/Niclas/Documents/GitHub/UnrealTutorial/AutomaticDoor/Saved/basicaiF79DC3A64116D6FB845DAFBF2F9D9183.tmp' to '../../../../../../Users/Niclas/Documents/GitHub/UnrealTutorial/AutomaticDoor/Content/ThirdPersonBP/Blueprints/basicai.uasset'
[2015.10.29-17.14.21:815][213]LogSavePackage: Total save time: 25.914565ms
[2015.10.29-17.14.21:815][213]LogSavePackage:Warning: Finished SavePackage ../../../../../../Users/Niclas/Documents/GitHub/UnrealTutorial/AutomaticDoor/Content/ThirdPersonBP/Blueprints/basicai.uasset
[2015.10.29-17.14.22:242][255]BlueprintLog: New page: Compile basicai
[2015.10.29-17.14.22:281][255]LogActorComponent: UnregisterComponent: (/Engine/Transient.CharacterMovementComponent_1) Not registered. Aborting.
[2015.10.29-17.14.22:308][255]BlueprintEditorCompileResults: Info [0130.67] Compile of basicai successful! [in 65 ms]
[2015.10.29-17.20.53:346][  0]BlueprintLog: New page: Compile FirstPersonExampleMap
[2015.10.29-17.20.53:385][  0]LogActorComponent: UnregisterComponent: (/Engine/Transient.CharMoveComp) Not registered. Aborting.
[2015.10.29-17.20.53:385][  0]LogActorComponent: UnregisterComponent: (/Engine/Transient.CharacterMovementComponent_2) Not registered. Aborting.
[2015.10.29-17.20.53:386][  0]LogActorComponent: UnregisterComponent: (/Engine/Transient.ProjectileComp) Not registered. Aborting.
[2015.10.29-17.20.53:386][  0]LogActorComponent: UnregisterComponent: (/Engine/Transient.MovementComponent0) Not registered. Aborting.
[2015.10.29-17.20.53:405][  0]LogParticles: Destroying 0 GPU particle simulations for FXSystem 0x000000A095885800
[2015.10.29-17.20.53:410][  0]BlueprintEditorCompileResults: Info [0521.77] Compile of FirstPersonExampleMap successful! [in 63 ms]
[2015.10.29-17.20.59:360][570]LogBlueprintUserMessages: Early PlayInEditor Detection: Level '/Game/FirstPersonCPP/Maps/FirstPersonExampleMap.FirstPersonExampleMap:PersistentLevel' has LevelScriptBlueprint '/Game/FirstPersonCPP/Maps/FirstPersonExampleMap.FirstPersonExampleMap:PersistentLevel.FirstPersonExampleMap' with GeneratedClass '/Game/FirstPersonCPP/Maps/FirstPersonExampleMap.FirstPersonExampleMap_C' with ClassGeneratedBy '/Game/FirstPersonCPP/Maps/FirstPersonExampleMap.FirstPersonExampleMap:PersistentLevel.FirstPersonExampleMap'
[2015.10.29-17.20.59:360][570]LogPlayLevel: PlayLevel: No blueprints needed recompiling
[2015.10.29-17.20.59:361][570]PIE: New page: PIE session: FirstPersonExampleMap (Oct 29, 2015, 7:20:59 PM)
[2015.10.29-17.20.59:361][570]LogPlayLevel: Creating play world package: /Game/FirstPersonCPP/Maps/UEDPIE_0_FirstPersonExampleMap
[2015.10.29-17.20.59:363][570]LogSkinnedMeshComp:Warning: GetSocketByName(): No SkeletalMesh for CharacterMesh1P
[2015.10.29-17.20.59:396][570]LogPlayLevel: PIE: StaticDuplicateObject took: (0.035034s)
[2015.10.29-17.20.59:396][570]LogAIModule: Creating AISystem for world FirstPersonExampleMap
[2015.10.29-17.20.59:396][570]LogPlayLevel: PIE: World Init took: (0.000706s)
[2015.10.29-17.20.59:397][570]LogPlayLevel: PIE: Created PIE world by copying editor world from /Game/FirstPersonCPP/Maps/FirstPersonExampleMap.FirstPersonExampleMap to /Game/FirstPersonCPP/Maps/UEDPIE_0_FirstPersonExampleMap.FirstPersonExampleMap (0.035957s)
[2015.10.29-17.20.59:430][570]LogInit: XAudio2 using 'Högtalare (Logitech G35 Gaming Headset)' : 2 channels at 44.1 kHz using 16 bits per sample (channel mask 0x3)
[2015.10.29-17.20.59:444][570]LogInit: FAudioDevice initialized.
[2015.10.29-17.20.59:492][570]LogWorld: Game class is 'AutomaticDoorGameMode'
[2015.10.29-17.20.59:515][570]LogWorld:Warning: *** WARNING - PATHS MAY NOT BE VALID ***
[2015.10.29-17.20.59:515][570]LogWorld: Bringing World /Game/FirstPersonCPP/Maps/UEDPIE_0_FirstPersonExampleMap.FirstPersonExampleMap up for play (max tick rate 0) at 2015.10.29-18.20.59
[2015.10.29-17.20.59:515][570]LogActor:Warning: GameSession /Game/FirstPersonCPP/Maps/UEDPIE_0_FirstPersonExampleMap.FirstPersonExampleMap:PersistentLevel.GameSession_0 has natively added scene component(s), but none of them were set as the actor's RootComponent - picking one arbitrarily
[2015.10.29-17.20.59:515][570]LogActor:Warning: GameNetworkManager /Game/FirstPersonCPP/Maps/UEDPIE_0_FirstPersonExampleMap.FirstPersonExampleMap:PersistentLevel.GameNetworkManager_0 has natively added scene component(s), but none of them were set as the actor's RootComponent - picking one arbitrarily
[2015.10.29-17.20.59:516][570]LogWorld: Bringing up level for play took: 0.023610
[2015.10.29-17.20.59:518][570]PIE: Info Play in editor start time for /Game/FirstPersonCPP/Maps/UEDPIE_0_FirstPersonExampleMap 0.527
[2015.10.29-17.20.59:519][570]LogBlueprintUserMessages: Late PlayInEditor Detection: Level '/Game/FirstPersonCPP/Maps/FirstPersonExampleMap.FirstPersonExampleMap:PersistentLevel' has LevelScriptBlueprint '/Game/FirstPersonCPP/Maps/FirstPersonExampleMap.FirstPersonExampleMap:PersistentLevel.FirstPersonExampleMap' with GeneratedClass '/Game/FirstPersonCPP/Maps/FirstPersonExampleMap.FirstPersonExampleMap_C' with ClassGeneratedBy '/Game/FirstPersonCPP/Maps/FirstPersonExampleMap.FirstPersonExampleMap:PersistentLevel.FirstPersonExampleMap'
[2015.10.29-17.21.17:724][717]LogBlueprintUserMessages: Early EndPlayMap Detection: Level '/Game/FirstPersonCPP/Maps/FirstPersonExampleMap.FirstPersonExampleMap:PersistentLevel' has LevelScriptBlueprint '/Game/FirstPersonCPP/Maps/FirstPersonExampleMap.FirstPersonExampleMap:PersistentLevel.FirstPersonExampleMap' with GeneratedClass '/Game/FirstPersonCPP/Maps/FirstPersonExampleMap.FirstPersonExampleMap_C' with ClassGeneratedBy '/Game/FirstPersonCPP/Maps/FirstPersonExampleMap.FirstPersonExampleMap:PersistentLevel.FirstPersonExampleMap'
[2015.10.29-17.21.17:770][717]LogBlueprintUserMessages: Late EndPlayMap Detection: Level '/Game/FirstPersonCPP/Maps/FirstPersonExampleMap.FirstPersonExampleMap:PersistentLevel' has LevelScriptBlueprint '/Game/FirstPersonCPP/Maps/FirstPersonExampleMap.FirstPersonExampleMap:PersistentLevel.FirstPersonExampleMap' with GeneratedClass '/Game/FirstPersonCPP/Maps/FirstPersonExampleMap.FirstPersonExampleMap_C' with ClassGeneratedBy '/Game/FirstPersonCPP/Maps/FirstPersonExampleMap.FirstPersonExampleMap:PersistentLevel.FirstPersonExampleMap'
[2015.10.29-17.21.17:792][717]LogParticles: Destroying 0 GPU particle simulations for FXSystem 0x000000A0BCF862A0
[2015.10.29-17.22.26:575][841]LogEditorViewport: Clicking on Actor (LMB): StaticMeshActor (Wall12)
[2015.10.29-17.22.36:565][723]Cmd: TRANSACTION UNDO
[2015.10.29-17.22.36:565][723]LogEditorTransaction: Undo Move Actors
[2015.10.29-17.22.40:993][103]LogEditorViewport: Clicking on Actor (LMB): PostProcessVolume (PostProcessVolume)
[2015.10.29-17.24.05:454][887]Cmd: EDCALLBACK SURFPROPS
[2015.10.29-17.24.06:096][942]Cmd: EDCALLBACK SURFPROPS
[2015.10.29-17.24.43:309][216]LogEditorActor: Deleted Actor: Brush
[2015.10.29-17.24.43:337][216]LogEditorActor: Deleted 1 Actors (0.031 secs)
[2015.10.29-17.24.49:753][798]Cmd: EDIT COPY
[2015.10.29-17.24.50:497][865]Cmd: EDIT PASTE
[2015.10.29-17.25.29:407][406]LogBlueprintUserMessages: Early PlayInEditor Detection: Level '/Game/FirstPersonCPP/Maps/FirstPersonExampleMap.FirstPersonExampleMap:PersistentLevel' has LevelScriptBlueprint '/Game/FirstPersonCPP/Maps/FirstPersonExampleMap.FirstPersonExampleMap:PersistentLevel.FirstPersonExampleMap' with GeneratedClass '/Game/FirstPersonCPP/Maps/FirstPersonExampleMap.FirstPersonExampleMap_C' with ClassGeneratedBy '/Game/FirstPersonCPP/Maps/FirstPersonExampleMap.FirstPersonExampleMap:PersistentLevel.FirstPersonExampleMap'
[2015.10.29-17.25.29:407][406]BlueprintLog: New page: Pre-Play auto-recompile
[2015.10.29-17.25.29:409][406]LogPlayLevel: [PlayLevel] Compiling FirstPersonExampleMap before play...
[2015.10.29-17.25.29:449][406]LogPlayLevel: PlayLevel: Blueprint regeneration took 41 ms (1 blueprints)
[2015.10.29-17.25.29:470][406]PIE: New page: PIE session: FirstPersonExampleMap (Oct 29, 2015, 7:25:29 PM)
[2015.10.29-17.25.29:470][406]LogPlayLevel: Creating play world package: /Game/FirstPersonCPP/Maps/UEDPIE_0_FirstPersonExampleMap
[2015.10.29-17.25.29:472][406]LogSkinnedMeshComp:Warning: GetSocketByName(): No SkeletalMesh for CharacterMesh1P
[2015.10.29-17.25.29:501][406]LogPlayLevel: PIE: StaticDuplicateObject took: (0.030956s)
[2015.10.29-17.25.29:502][406]LogAIModule: Creating AISystem for world FirstPersonExampleMap
[2015.10.29-17.25.29:502][406]LogPlayLevel: PIE: World Init took: (0.000753s)
[2015.10.29-17.25.29:502][406]LogPlayLevel: PIE: Created PIE world by copying editor world from /Game/FirstPersonCPP/Maps/FirstPersonExampleMap.FirstPersonExampleMap to /Game/FirstPersonCPP/Maps/UEDPIE_0_FirstPersonExampleMap.FirstPersonExampleMap (0.031912s)
[2015.10.29-17.25.29:536][406]LogInit: XAudio2 using 'Högtalare (Logitech G35 Gaming Headset)' : 2 channels at 44.1 kHz using 16 bits per sample (channel mask 0x3)
[2015.10.29-17.25.29:553][406]LogInit: FAudioDevice initialized.
[2015.10.29-17.25.29:584][406]LogWorld: Game class is 'AutomaticDoorGameMode'
[2015.10.29-17.25.29:607][406]LogWorld:Warning: *** WARNING - PATHS MAY NOT BE VALID ***
[2015.10.29-17.25.29:607][406]LogWorld: Bringing World /Game/FirstPersonCPP/Maps/UEDPIE_0_FirstPersonExampleMap.FirstPersonExampleMap up for play (max tick rate 0) at 2015.10.29-18.25.29
[2015.10.29-17.25.29:607][406]LogActor:Warning: GameSession /Game/FirstPersonCPP/Maps/UEDPIE_0_FirstPersonExampleMap.FirstPersonExampleMap:PersistentLevel.GameSession_1 has natively added scene component(s), but none of them were set as the actor's RootComponent - picking one arbitrarily
[2015.10.29-17.25.29:608][406]LogActor:Warning: GameNetworkManager /Game/FirstPersonCPP/Maps/UEDPIE_0_FirstPersonExampleMap.FirstPersonExampleMap:PersistentLevel.GameNetworkManager_1 has natively added scene component(s), but none of them were set as the actor's RootComponent - picking one arbitrarily
[2015.10.29-17.25.29:609][406]LogWorld: Bringing up level for play took: 0.024278
[2015.10.29-17.25.29:611][406]PIE: Info Play in editor start time for /Game/FirstPersonCPP/Maps/UEDPIE_0_FirstPersonExampleMap 0.62
[2015.10.29-17.25.29:611][406]LogBlueprintUserMessages: Late PlayInEditor Detection: Level '/Game/FirstPersonCPP/Maps/FirstPersonExampleMap.FirstPersonExampleMap:PersistentLevel' has LevelScriptBlueprint '/Game/FirstPersonCPP/Maps/FirstPersonExampleMap.FirstPersonExampleMap:PersistentLevel.FirstPersonExampleMap' with GeneratedClass '/Game/FirstPersonCPP/Maps/FirstPersonExampleMap.FirstPersonExampleMap_C' with ClassGeneratedBy '/Game/FirstPersonCPP/Maps/FirstPersonExampleMap.FirstPersonExampleMap:PersistentLevel.FirstPersonExampleMap'
[2015.10.29-17.26.06:001][578]LogBlueprintUserMessages: Early EndPlayMap Detection: Level '/Game/FirstPersonCPP/Maps/FirstPersonExampleMap.FirstPersonExampleMap:PersistentLevel' has LevelScriptBlueprint '/Game/FirstPersonCPP/Maps/FirstPersonExampleMap.FirstPersonExampleMap:PersistentLevel.FirstPersonExampleMap' with GeneratedClass '/Game/FirstPersonCPP/Maps/FirstPersonExampleMap.FirstPersonExampleMap_C' with ClassGeneratedBy '/Game/FirstPersonCPP/Maps/FirstPersonExampleMap.FirstPersonExampleMap:PersistentLevel.FirstPersonExampleMap'
[2015.10.29-17.26.06:042][578]LogBlueprintUserMessages: Late EndPlayMap Detection: Level '/Game/FirstPersonCPP/Maps/FirstPersonExampleMap.FirstPersonExampleMap:PersistentLevel' has LevelScriptBlueprint '/Game/FirstPersonCPP/Maps/FirstPersonExampleMap.FirstPersonExampleMap:PersistentLevel.FirstPersonExampleMap' with GeneratedClass '/Game/FirstPersonCPP/Maps/FirstPersonExampleMap.FirstPersonExampleMap_C' with ClassGeneratedBy '/Game/FirstPersonCPP/Maps/FirstPersonExampleMap.FirstPersonExampleMap:PersistentLevel.FirstPersonExampleMap'
[2015.10.29-17.26.06:068][578]LogParticles: Destroying 0 GPU particle simulations for FXSystem 0x000000A1089C6D40
[2015.10.29-17.26.51:491][549]LogSavePackage: Save=784.903687ms
[2015.10.29-17.26.51:491][549]LogSavePackage: Moving '../../../../../../Users/Niclas/Documents/GitHub/UnrealTutorial/AutomaticDoor/Saved/FirstPersonExampleMap_Auto11CC8F89B427FBCA88A751BAB324B8227.tmp' to '../../../../../../Users/Niclas/Documents/GitHub/UnrealTutorial/AutomaticDoor/Saved/Autosaves/Game/FirstPersonCPP/Maps/FirstPersonExampleMap_Auto1.umap'
[2015.10.29-17.26.51:494][549]LogSavePackage: Total save time: 803.505059ms
[2015.10.29-17.26.51:494][549]LogSavePackage:Warning: Finished SavePackage ../../../../../../Users/Niclas/Documents/GitHub/UnrealTutorial/AutomaticDoor/Saved/Autosaves/Game/FirstPersonCPP/Maps/FirstPersonExampleMap_Auto1.umap
[2015.10.29-17.26.51:496][549]LogFileHelpers: Editor autosave (incl. sublevels) for '/Game/FirstPersonCPP/Maps/FirstPersonExampleMap' took 0.837
[2015.10.29-17.26.51:496][549]LogFileHelpers: Editor autosave (incl. sublevels) for all levels took 0.837
[2015.10.29-17.31.14:835][254]BlueprintLog: New page: Compile FirstPersonExampleMap
[2015.10.29-17.31.14:873][254]LogActorComponent: UnregisterComponent: (/Engine/Transient.CharMoveComp) Not registered. Aborting.
[2015.10.29-17.31.14:873][254]LogActorComponent: UnregisterComponent: (/Engine/Transient.CharacterMovementComponent_3) Not registered. Aborting.
[2015.10.29-17.31.14:874][254]LogActorComponent: UnregisterComponent: (/Engine/Transient.ProjectileComp) Not registered. Aborting.
[2015.10.29-17.31.14:894][254]LogParticles: Destroying 0 GPU particle simulations for FXSystem 0x000000A0F9895EE0
[2015.10.29-17.31.14:895][254]LogParticles: Destroying 0 GPU particle simulations for FXSystem 0x000000A107871940
[2015.10.29-17.31.14:895][254]LogParticles: Destroying 0 GPU particle simulations for FXSystem 0x000000A11A1E9DA0
[2015.10.29-17.31.14:900][254]BlueprintEditorCompileResults: Info [1143.26] Compile of FirstPersonExampleMap successful! [in 64 ms]
[2015.10.29-17.31.18:058][519]LogBlueprintUserMessages: Early PlayInEditor Detection: Level '/Game/FirstPersonCPP/Maps/FirstPersonExampleMap.FirstPersonExampleMap:PersistentLevel' has LevelScriptBlueprint '/Game/FirstPersonCPP/Maps/FirstPersonExampleMap.FirstPersonExampleMap:PersistentLevel.FirstPersonExampleMap' with GeneratedClass '/Game/FirstPersonCPP/Maps/FirstPersonExampleMap.FirstPersonExampleMap_C' with ClassGeneratedBy '/Game/FirstPersonCPP/Maps/FirstPersonExampleMap.FirstPersonExampleMap:PersistentLevel.FirstPersonExampleMap'
[2015.10.29-17.31.18:058][519]LogPlayLevel: PlayLevel: No blueprints needed recompiling
[2015.10.29-17.31.18:058][519]PIE: New page: PIE session: FirstPersonExampleMap (Oct 29, 2015, 7:31:18 PM)
[2015.10.29-17.31.18:058][519]LogPlayLevel: Creating play world package: /Game/FirstPersonCPP/Maps/UEDPIE_0_FirstPersonExampleMap
[2015.10.29-17.31.18:060][519]LogSkinnedMeshComp:Warning: GetSocketByName(): No SkeletalMesh for CharacterMesh1P
[2015.10.29-17.31.18:092][519]LogPlayLevel: PIE: StaticDuplicateObject took: (0.033852s)
[2015.10.29-17.31.18:092][519]LogAIModule: Creating AISystem for world FirstPersonExampleMap
[2015.10.29-17.31.18:092][519]LogPlayLevel: PIE: World Init took: (0.000842s)
[2015.10.29-17.31.18:093][519]LogPlayLevel: PIE: Created PIE world by copying editor world from /Game/FirstPersonCPP/Maps/FirstPersonExampleMap.FirstPersonExampleMap to /Game/FirstPersonCPP/Maps/UEDPIE_0_FirstPersonExampleMap.FirstPersonExampleMap (0.034906s)
[2015.10.29-17.31.18:111][519]LogParticles: Destroying 0 GPU particle simulations for FXSystem 0x000000A095884E00
[2015.10.29-17.31.18:126][519]LogInit: XAudio2 using 'Högtalare (Logitech G35 Gaming Headset)' : 2 channels at 44.1 kHz using 16 bits per sample (channel mask 0x3)
[2015.10.29-17.31.18:143][519]LogInit: FAudioDevice initialized.
[2015.10.29-17.31.18:174][519]LogWorld: Game class is 'AutomaticDoorGameMode'
[2015.10.29-17.31.18:197][519]LogWorld:Warning: *** WARNING - PATHS MAY NOT BE VALID ***
[2015.10.29-17.31.18:197][519]LogWorld: Bringing World /Game/FirstPersonCPP/Maps/UEDPIE_0_FirstPersonExampleMap.FirstPersonExampleMap up for play (max tick rate 0) at 2015.10.29-18.31.18
[2015.10.29-17.31.18:197][519]LogActor:Warning: GameSession /Game/FirstPersonCPP/Maps/UEDPIE_0_FirstPersonExampleMap.FirstPersonExampleMap:PersistentLevel.GameSession_2 has natively added scene component(s), but none of them were set as the actor's RootComponent - picking one arbitrarily
[2015.10.29-17.31.18:197][519]LogActor:Warning: GameNetworkManager /Game/FirstPersonCPP/Maps/UEDPIE_0_FirstPersonExampleMap.FirstPersonExampleMap:PersistentLevel.GameNetworkManager_2 has natively added scene component(s), but none of them were set as the actor's RootComponent - picking one arbitrarily
[2015.10.29-17.31.18:198][519]LogWorld: Bringing up level for play took: 0.023867
[2015.10.29-17.31.18:200][519]PIE: Info Play in editor start time for /Game/FirstPersonCPP/Maps/UEDPIE_0_FirstPersonExampleMap -0.791
[2015.10.29-17.31.18:205][519]LogBlueprintUserMessages: Late PlayInEditor Detection: Level '/Game/FirstPersonCPP/Maps/FirstPersonExampleMap.FirstPersonExampleMap:PersistentLevel' has LevelScriptBlueprint '/Game/FirstPersonCPP/Maps/FirstPersonExampleMap.FirstPersonExampleMap:PersistentLevel.FirstPersonExampleMap' with GeneratedClass '/Game/FirstPersonCPP/Maps/FirstPersonExampleMap.FirstPersonExampleMap_C' with ClassGeneratedBy '/Game/FirstPersonCPP/Maps/FirstPersonExampleMap.FirstPersonExampleMap:PersistentLevel.FirstPersonExampleMap'
[2015.10.29-17.31.38:733][935]LogBlueprintUserMessages: Early EndPlayMap Detection: Level '/Game/FirstPersonCPP/Maps/FirstPersonExampleMap.FirstPersonExampleMap:PersistentLevel' has LevelScriptBlueprint '/Game/FirstPersonCPP/Maps/FirstPersonExampleMap.FirstPersonExampleMap:PersistentLevel.FirstPersonExampleMap' with GeneratedClass '/Game/FirstPersonCPP/Maps/FirstPersonExampleMap.FirstPersonExampleMap_C' with ClassGeneratedBy '/Game/FirstPersonCPP/Maps/FirstPersonExampleMap.FirstPersonExampleMap:PersistentLevel.FirstPersonExampleMap'
[2015.10.29-17.31.38:774][935]LogBlueprintUserMessages: Late EndPlayMap Detection: Level '/Game/FirstPersonCPP/Maps/FirstPersonExampleMap.FirstPersonExampleMap:PersistentLevel' has LevelScriptBlueprint '/Game/FirstPersonCPP/Maps/FirstPersonExampleMap.FirstPersonExampleMap:PersistentLevel.FirstPersonExampleMap' with GeneratedClass '/Game/FirstPersonCPP/Maps/FirstPersonExampleMap.FirstPersonExampleMap_C' with ClassGeneratedBy '/Game/FirstPersonCPP/Maps/FirstPersonExampleMap.FirstPersonExampleMap:PersistentLevel.FirstPersonExampleMap'
[2015.10.29-17.31.38:818][936]LogParticles: Destroying 0 GPU particle simulations for FXSystem 0x000000A106BFE0C0
[2015.10.29-17.31.40:681][156]LogBlueprintUserMessages: Early PlayInEditor Detection: Level '/Game/FirstPersonCPP/Maps/FirstPersonExampleMap.FirstPersonExampleMap:PersistentLevel' has LevelScriptBlueprint '/Game/FirstPersonCPP/Maps/FirstPersonExampleMap.FirstPersonExampleMap:PersistentLevel.FirstPersonExampleMap' with GeneratedClass '/Game/FirstPersonCPP/Maps/FirstPersonExampleMap.FirstPersonExampleMap_C' with ClassGeneratedBy '/Game/FirstPersonCPP/Maps/FirstPersonExampleMap.FirstPersonExampleMap:PersistentLevel.FirstPersonExampleMap'
[2015.10.29-17.31.40:681][156]LogPlayLevel: PlayLevel: No blueprints needed recompiling
[2015.10.29-17.31.40:681][156]PIE: New page: PIE session: FirstPersonExampleMap (Oct 29, 2015, 7:31:40 PM)
[2015.10.29-17.31.40:681][156]LogPlayLevel: Creating play world package: /Game/FirstPersonCPP/Maps/UEDPIE_0_FirstPersonExampleMap
[2015.10.29-17.31.40:683][156]LogSkinnedMeshComp:Warning: GetSocketByName(): No SkeletalMesh for CharacterMesh1P
[2015.10.29-17.31.40:712][156]LogPlayLevel: PIE: StaticDuplicateObject took: (0.030724s)
[2015.10.29-17.31.40:712][156]LogAIModule: Creating AISystem for world FirstPersonExampleMap
[2015.10.29-17.31.40:712][156]LogPlayLevel: PIE: World Init took: (0.000908s)
[2015.10.29-17.31.40:713][156]LogPlayLevel: PIE: Created PIE world by copying editor world from /Game/FirstPersonCPP/Maps/FirstPersonExampleMap.FirstPersonExampleMap to /Game/FirstPersonCPP/Maps/UEDPIE_0_FirstPersonExampleMap.FirstPersonExampleMap (0.031877s)
[2015.10.29-17.31.40:746][156]LogInit: XAudio2 using 'Högtalare (Logitech G35 Gaming Headset)' : 2 channels at 44.1 kHz using 16 bits per sample (channel mask 0x3)
[2015.10.29-17.31.40:760][156]LogInit: FAudioDevice initialized.
[2015.10.29-17.31.40:797][156]LogWorld: Game class is 'AutomaticDoorGameMode'
[2015.10.29-17.31.40:820][156]LogWorld:Warning: *** WARNING - PATHS MAY NOT BE VALID ***
[2015.10.29-17.31.40:820][156]LogWorld: Bringing World /Game/FirstPersonCPP/Maps/UEDPIE_0_FirstPersonExampleMap.FirstPersonExampleMap up for play (max tick rate 0) at 2015.10.29-18.31.40
[2015.10.29-17.31.40:820][156]LogActor:Warning: GameSession /Game/FirstPersonCPP/Maps/UEDPIE_0_FirstPersonExampleMap.FirstPersonExampleMap:PersistentLevel.GameSession_3 has natively added scene component(s), but none of them were set as the actor's RootComponent - picking one arbitrarily
[2015.10.29-17.31.40:820][156]LogActor:Warning: GameNetworkManager /Game/FirstPersonCPP/Maps/UEDPIE_0_FirstPersonExampleMap.FirstPersonExampleMap:PersistentLevel.GameNetworkManager_3 has natively added scene component(s), but none of them were set as the actor's RootComponent - picking one arbitrarily
[2015.10.29-17.31.40:821][156]LogWorld: Bringing up level for play took: 0.023797
[2015.10.29-17.31.40:823][156]PIE: Info Play in editor start time for /Game/FirstPersonCPP/Maps/UEDPIE_0_FirstPersonExampleMap -0.168
[2015.10.29-17.31.40:823][156]LogBlueprintUserMessages: Late PlayInEditor Detection: Level '/Game/FirstPersonCPP/Maps/FirstPersonExampleMap.FirstPersonExampleMap:PersistentLevel' has LevelScriptBlueprint '/Game/FirstPersonCPP/Maps/FirstPersonExampleMap.FirstPersonExampleMap:PersistentLevel.FirstPersonExampleMap' with GeneratedClass '/Game/FirstPersonCPP/Maps/FirstPersonExampleMap.FirstPersonExampleMap_C' with ClassGeneratedBy '/Game/FirstPersonCPP/Maps/FirstPersonExampleMap.FirstPersonExampleMap:PersistentLevel.FirstPersonExampleMap'
[2015.10.29-17.32.32:274][306]LogBlueprintUserMessages: Early EndPlayMap Detection: Level '/Game/FirstPersonCPP/Maps/FirstPersonExampleMap.FirstPersonExampleMap:PersistentLevel' has LevelScriptBlueprint '/Game/FirstPersonCPP/Maps/FirstPersonExampleMap.FirstPersonExampleMap:PersistentLevel.FirstPersonExampleMap' with GeneratedClass '/Game/FirstPersonCPP/Maps/FirstPersonExampleMap.FirstPersonExampleMap_C' with ClassGeneratedBy '/Game/FirstPersonCPP/Maps/FirstPersonExampleMap.FirstPersonExampleMap:PersistentLevel.FirstPersonExampleMap'
[2015.10.29-17.32.32:314][306]LogBlueprintUserMessages: Late EndPlayMap Detection: Level '/Game/FirstPersonCPP/Maps/FirstPersonExampleMap.FirstPersonExampleMap:PersistentLevel' has LevelScriptBlueprint '/Game/FirstPersonCPP/Maps/FirstPersonExampleMap.FirstPersonExampleMap:PersistentLevel.FirstPersonExampleMap' with GeneratedClass '/Game/FirstPersonCPP/Maps/FirstPersonExampleMap.FirstPersonExampleMap_C' with ClassGeneratedBy '/Game/FirstPersonCPP/Maps/FirstPersonExampleMap.FirstPersonExampleMap:PersistentLevel.FirstPersonExampleMap'
[2015.10.29-17.32.32:358][307]LogParticles: Destroying 0 GPU particle simulations for FXSystem 0x000000A107879300
[2015.10.29-17.32.33:811][469]LogBlueprintUserMessages: Early PlayInEditor Detection: Level '/Game/FirstPersonCPP/Maps/FirstPersonExampleMap.FirstPersonExampleMap:PersistentLevel' has LevelScriptBlueprint '/Game/FirstPersonCPP/Maps/FirstPersonExampleMap.FirstPersonExampleMap:PersistentLevel.FirstPersonExampleMap' with GeneratedClass '/Game/FirstPersonCPP/Maps/FirstPersonExampleMap.FirstPersonExampleMap_C' with ClassGeneratedBy '/Game/FirstPersonCPP/Maps/FirstPersonExampleMap.FirstPersonExampleMap:PersistentLevel.FirstPersonExampleMap'
[2015.10.29-17.32.33:811][469]LogPlayLevel: PlayLevel: No blueprints needed recompiling
[2015.10.29-17.32.33:811][469]PIE: New page: PIE session: FirstPersonExampleMap (Oct 29, 2015, 7:32:33 PM)
[2015.10.29-17.32.33:811][469]LogPlayLevel: Creating play world package: /Game/FirstPersonCPP/Maps/UEDPIE_0_FirstPersonExampleMap
[2015.10.29-17.32.33:814][469]LogSkinnedMeshComp:Warning: GetSocketByName(): No SkeletalMesh for CharacterMesh1P
[2015.10.29-17.32.33:842][469]LogPlayLevel: PIE: StaticDuplicateObject took: (0.031018s)
[2015.10.29-17.32.33:843][469]LogAIModule: Creating AISystem for world FirstPersonExampleMap
[2015.10.29-17.32.33:843][469]LogPlayLevel: PIE: World Init took: (0.000801s)
[2015.10.29-17.32.33:844][469]LogPlayLevel: PIE: Created PIE world by copying editor world from /Game/FirstPersonCPP/Maps/FirstPersonExampleMap.FirstPersonExampleMap to /Game/FirstPersonCPP/Maps/UEDPIE_0_FirstPersonExampleMap.FirstPersonExampleMap (0.032150s)
[2015.10.29-17.32.33:877][469]LogInit: XAudio2 using 'Högtalare (Logitech G35 Gaming Headset)' : 2 channels at 44.1 kHz using 16 bits per sample (channel mask 0x3)
[2015.10.29-17.32.33:891][469]LogInit: FAudioDevice initialized.
[2015.10.29-17.32.33:928][469]LogWorld: Game class is 'AutomaticDoorGameMode'
[2015.10.29-17.32.33:952][469]LogWorld:Warning: *** WARNING - PATHS MAY NOT BE VALID ***
[2015.10.29-17.32.33:952][469]LogWorld: Bringing World /Game/FirstPersonCPP/Maps/UEDPIE_0_FirstPersonExampleMap.FirstPersonExampleMap up for play (max tick rate 0) at 2015.10.29-18.32.33
[2015.10.29-17.32.33:952][469]LogActor:Warning: GameSession /Game/FirstPersonCPP/Maps/UEDPIE_0_FirstPersonExampleMap.FirstPersonExampleMap:PersistentLevel.GameSession_4 has natively added scene component(s), but none of them were set as the actor's RootComponent - picking one arbitrarily
[2015.10.29-17.32.33:952][469]LogActor:Warning: GameNetworkManager /Game/FirstPersonCPP/Maps/UEDPIE_0_FirstPersonExampleMap.FirstPersonExampleMap:PersistentLevel.GameNetworkManager_4 has natively added scene component(s), but none of them were set as the actor's RootComponent - picking one arbitrarily
[2015.10.29-17.32.33:953][469]LogWorld: Bringing up level for play took: 0.024022
[2015.10.29-17.32.33:955][469]PIE: Info Play in editor start time for /Game/FirstPersonCPP/Maps/UEDPIE_0_FirstPersonExampleMap 0.964
[2015.10.29-17.32.33:955][469]LogBlueprintUserMessages: Late PlayInEditor Detection: Level '/Game/FirstPersonCPP/Maps/FirstPersonExampleMap.FirstPersonExampleMap:PersistentLevel' has LevelScriptBlueprint '/Game/FirstPersonCPP/Maps/FirstPersonExampleMap.FirstPersonExampleMap:PersistentLevel.FirstPersonExampleMap' with GeneratedClass '/Game/FirstPersonCPP/Maps/FirstPersonExampleMap.FirstPersonExampleMap_C' with ClassGeneratedBy '/Game/FirstPersonCPP/Maps/FirstPersonExampleMap.FirstPersonExampleMap:PersistentLevel.FirstPersonExampleMap'
[2015.10.29-17.33.16:142][466]LogBlueprintUserMessages: Early EndPlayMap Detection: Level '/Game/FirstPersonCPP/Maps/FirstPersonExampleMap.FirstPersonExampleMap:PersistentLevel' has LevelScriptBlueprint '/Game/FirstPersonCPP/Maps/FirstPersonExampleMap.FirstPersonExampleMap:PersistentLevel.FirstPersonExampleMap' with GeneratedClass '/Game/FirstPersonCPP/Maps/FirstPersonExampleMap.FirstPersonExampleMap_C' with ClassGeneratedBy '/Game/FirstPersonCPP/Maps/FirstPersonExampleMap.FirstPersonExampleMap:PersistentLevel.FirstPersonExampleMap'
[2015.10.29-17.33.16:183][466]LogBlueprintUserMessages: Late EndPlayMap Detection: Level '/Game/FirstPersonCPP/Maps/FirstPersonExampleMap.FirstPersonExampleMap:PersistentLevel' has LevelScriptBlueprint '/Game/FirstPersonCPP/Maps/FirstPersonExampleMap.FirstPersonExampleMap:PersistentLevel.FirstPersonExampleMap' with GeneratedClass '/Game/FirstPersonCPP/Maps/FirstPersonExampleMap.FirstPersonExampleMap_C' with ClassGeneratedBy '/Game/FirstPersonCPP/Maps/FirstPersonExampleMap.FirstPersonExampleMap:PersistentLevel.FirstPersonExampleMap'
[2015.10.29-17.33.16:228][467]LogParticles: Destroying 0 GPU particle simulations for FXSystem 0x000000A0C3F7E660
[2015.10.29-17.33.17:640][595]LogBlueprintUserMessages: Early PlayInEditor Detection: Level '/Game/FirstPersonCPP/Maps/FirstPersonExampleMap.FirstPersonExampleMap:PersistentLevel' has LevelScriptBlueprint '/Game/FirstPersonCPP/Maps/FirstPersonExampleMap.FirstPersonExampleMap:PersistentLevel.FirstPersonExampleMap' with GeneratedClass '/Game/FirstPersonCPP/Maps/FirstPersonExampleMap.FirstPersonExampleMap_C' with ClassGeneratedBy '/Game/FirstPersonCPP/Maps/FirstPersonExampleMap.FirstPersonExampleMap:PersistentLevel.FirstPersonExampleMap'
[2015.10.29-17.33.17:640][595]LogPlayLevel: PlayLevel: No blueprints needed recompiling
[2015.10.29-17.33.17:640][595]PIE: New page: PIE session: FirstPersonExampleMap (Oct 29, 2015, 7:33:17 PM)
[2015.10.29-17.33.17:640][595]LogPlayLevel: Creating play world package: /Game/FirstPersonCPP/Maps/UEDPIE_0_FirstPersonExampleMap
[2015.10.29-17.33.17:642][595]LogSkinnedMeshComp:Warning: GetSocketByName(): No SkeletalMesh for CharacterMesh1P
[2015.10.29-17.33.17:672][595]LogPlayLevel: PIE: StaticDuplicateObject took: (0.032011s)
[2015.10.29-17.33.17:673][595]LogAIModule: Creating AISystem for world FirstPersonExampleMap
[2015.10.29-17.33.17:673][595]LogPlayLevel: PIE: World Init took: (0.000702s)
[2015.10.29-17.33.17:673][595]LogPlayLevel: PIE: Created PIE world by copying editor world from /Game/FirstPersonCPP/Maps/FirstPersonExampleMap.FirstPersonExampleMap to /Game/FirstPersonCPP/Maps/UEDPIE_0_FirstPersonExampleMap.FirstPersonExampleMap (0.032912s)
[2015.10.29-17.33.17:706][595]LogInit: XAudio2 using 'Högtalare (Logitech G35 Gaming Headset)' : 2 channels at 44.1 kHz using 16 bits per sample (channel mask 0x3)
[2015.10.29-17.33.17:721][595]LogInit: FAudioDevice initialized.
[2015.10.29-17.33.17:753][595]LogWorld: Game class is 'AutomaticDoorGameMode'
[2015.10.29-17.33.17:776][595]LogWorld:Warning: *** WARNING - PATHS MAY NOT BE VALID ***
[2015.10.29-17.33.17:776][595]LogWorld: Bringing World /Game/FirstPersonCPP/Maps/UEDPIE_0_FirstPersonExampleMap.FirstPersonExampleMap up for play (max tick rate 0) at 2015.10.29-18.33.17
[2015.10.29-17.33.17:776][595]LogActor:Warning: GameSession /Game/FirstPersonCPP/Maps/UEDPIE_0_FirstPersonExampleMap.FirstPersonExampleMap:PersistentLevel.GameSession_5 has natively added scene component(s), but none of them were set as the actor's RootComponent - picking one arbitrarily
[2015.10.29-17.33.17:776][595]LogActor:Warning: GameNetworkManager /Game/FirstPersonCPP/Maps/UEDPIE_0_FirstPersonExampleMap.FirstPersonExampleMap:PersistentLevel.GameNetworkManager_5 has natively added scene component(s), but none of them were set as the actor's RootComponent - picking one arbitrarily
[2015.10.29-17.33.17:778][595]LogWorld: Bringing up level for play took: 0.023809
[2015.10.29-17.33.17:780][595]PIE: Info Play in editor start time for /Game/FirstPersonCPP/Maps/UEDPIE_0_FirstPersonExampleMap 0.788
[2015.10.29-17.33.17:780][595]LogBlueprintUserMessages: Late PlayInEditor Detection: Level '/Game/FirstPersonCPP/Maps/FirstPersonExampleMap.FirstPersonExampleMap:PersistentLevel' has LevelScriptBlueprint '/Game/FirstPersonCPP/Maps/FirstPersonExampleMap.FirstPersonExampleMap:PersistentLevel.FirstPersonExampleMap' with GeneratedClass '/Game/FirstPersonCPP/Maps/FirstPersonExampleMap.FirstPersonExampleMap_C' with ClassGeneratedBy '/Game/FirstPersonCPP/Maps/FirstPersonExampleMap.FirstPersonExampleMap:PersistentLevel.FirstPersonExampleMap'
[2015.10.29-17.34.23:188][391]LogBlueprintUserMessages: Early EndPlayMap Detection: Level '/Game/FirstPersonCPP/Maps/FirstPersonExampleMap.FirstPersonExampleMap:PersistentLevel' has LevelScriptBlueprint '/Game/FirstPersonCPP/Maps/FirstPersonExampleMap.FirstPersonExampleMap:PersistentLevel.FirstPersonExampleMap' with GeneratedClass '/Game/FirstPersonCPP/Maps/FirstPersonExampleMap.FirstPersonExampleMap_C' with ClassGeneratedBy '/Game/FirstPersonCPP/Maps/FirstPersonExampleMap.FirstPersonExampleMap:PersistentLevel.FirstPersonExampleMap'
[2015.10.29-17.34.23:229][391]LogBlueprintUserMessages: Late EndPlayMap Detection: Level '/Game/FirstPersonCPP/Maps/FirstPersonExampleMap.FirstPersonExampleMap:PersistentLevel' has LevelScriptBlueprint '/Game/FirstPersonCPP/Maps/FirstPersonExampleMap.FirstPersonExampleMap:PersistentLevel.FirstPersonExampleMap' with GeneratedClass '/Game/FirstPersonCPP/Maps/FirstPersonExampleMap.FirstPersonExampleMap_C' with ClassGeneratedBy '/Game/FirstPersonCPP/Maps/FirstPersonExampleMap.FirstPersonExampleMap:PersistentLevel.FirstPersonExampleMap'
[2015.10.29-17.34.23:274][392]LogParticles: Destroying 0 GPU particle simulations for FXSystem 0x000000A107210FE0
[2015.10.29-17.34.27:366][761]LogSavePackage: Save=729.098145ms
[2015.10.29-17.34.27:366][761]LogSavePackage: Moving '../../../../../../Users/Niclas/Documents/GitHub/UnrealTutorial/AutomaticDoor/Saved/FirstPersonExampleMap5ADAC4C341C6FDD7BDADF39D65D02F8F.tmp' to '../../../../../../Users/Niclas/Documents/GitHub/UnrealTutorial/AutomaticDoor/Content/FirstPersonCPP/Maps/FirstPersonExampleMap.umap'
[2015.10.29-17.34.27:369][761]LogSavePackage: Total save time: 746.905778ms
[2015.10.29-17.34.27:369][761]LogSavePackage:Warning: Finished SavePackage ../../../../../../Users/Niclas/Documents/GitHub/UnrealTutorial/AutomaticDoor/Content/FirstPersonCPP/Maps/FirstPersonExampleMap.umap
[2015.10.29-17.34.27:397][761]LogFileHelpers: Saving map 'FirstPersonExampleMap' took 0.879
[2015.10.29-17.34.34:250][559]LogBlueprintUserMessages: Early PlayInEditor Detection: Level '/Game/FirstPersonCPP/Maps/FirstPersonExampleMap.FirstPersonExampleMap:PersistentLevel' has LevelScriptBlueprint '/Game/FirstPersonCPP/Maps/FirstPersonExampleMap.FirstPersonExampleMap:PersistentLevel.FirstPersonExampleMap' with GeneratedClass '/Game/FirstPersonCPP/Maps/FirstPersonExampleMap.FirstPersonExampleMap_C' with ClassGeneratedBy '/Game/FirstPersonCPP/Maps/FirstPersonExampleMap.FirstPersonExampleMap:PersistentLevel.FirstPersonExampleMap'
[2015.10.29-17.34.34:250][559]LogPlayLevel: PlayLevel: No blueprints needed recompiling
[2015.10.29-17.34.34:250][559]PIE: New page: PIE session: FirstPersonExampleMap (Oct 29, 2015, 7:34:34 PM)
[2015.10.29-17.34.34:250][559]LogPlayLevel: Creating play world package: /Game/FirstPersonCPP/Maps/UEDPIE_0_FirstPersonExampleMap
[2015.10.29-17.34.34:253][559]LogSkinnedMeshComp:Warning: GetSocketByName(): No SkeletalMesh for CharacterMesh1P
[2015.10.29-17.34.34:281][559]LogPlayLevel: PIE: StaticDuplicateObject took: (0.030930s)
[2015.10.29-17.34.34:282][559]LogAIModule: Creating AISystem for world FirstPersonExampleMap
[2015.10.29-17.34.34:282][559]LogPlayLevel: PIE: World Init took: (0.000838s)
[2015.10.29-17.34.34:282][559]LogPlayLevel: PIE: Created PIE world by copying editor world from /Game/FirstPersonCPP/Maps/FirstPersonExampleMap.FirstPersonExampleMap to /Game/FirstPersonCPP/Maps/UEDPIE_0_FirstPersonExampleMap.FirstPersonExampleMap (0.031998s)
[2015.10.29-17.34.34:302][559]LogParticles: Destroying 0 GPU particle simulations for FXSystem 0x000000A0A152C720
[2015.10.29-17.34.34:321][559]LogInit: XAudio2 using 'Högtalare (Logitech G35 Gaming Headset)' : 2 channels at 44.1 kHz using 16 bits per sample (channel mask 0x3)
[2015.10.29-17.34.34:336][559]LogInit: FAudioDevice initialized.
[2015.10.29-17.34.34:370][559]LogWorld: Game class is 'AutomaticDoorGameMode'
[2015.10.29-17.34.34:393][559]LogWorld:Warning: *** WARNING - PATHS MAY NOT BE VALID ***
[2015.10.29-17.34.34:393][559]LogWorld: Bringing World /Game/FirstPersonCPP/Maps/UEDPIE_0_FirstPersonExampleMap.FirstPersonExampleMap up for play (max tick rate 0) at 2015.10.29-18.34.34
[2015.10.29-17.34.34:393][559]LogActor:Warning: GameSession /Game/FirstPersonCPP/Maps/UEDPIE_0_FirstPersonExampleMap.FirstPersonExampleMap:PersistentLevel.GameSession_6 has natively added scene component(s), but none of them were set as the actor's RootComponent - picking one arbitrarily
[2015.10.29-17.34.34:394][559]LogActor:Warning: GameNetworkManager /Game/FirstPersonCPP/Maps/UEDPIE_0_FirstPersonExampleMap.FirstPersonExampleMap:PersistentLevel.GameNetworkManager_6 has natively added scene component(s), but none of them were set as the actor's RootComponent - picking one arbitrarily
[2015.10.29-17.34.34:395][559]LogWorld: Bringing up level for play took: 0.023925
[2015.10.29-17.34.34:397][559]PIE: Info Play in editor start time for /Game/FirstPersonCPP/Maps/UEDPIE_0_FirstPersonExampleMap -0.595
[2015.10.29-17.34.34:397][559]LogBlueprintUserMessages: Late PlayInEditor Detection: Level '/Game/FirstPersonCPP/Maps/FirstPersonExampleMap.FirstPersonExampleMap:PersistentLevel' has LevelScriptBlueprint '/Game/FirstPersonCPP/Maps/FirstPersonExampleMap.FirstPersonExampleMap:PersistentLevel.FirstPersonExampleMap' with GeneratedClass '/Game/FirstPersonCPP/Maps/FirstPersonExampleMap.FirstPersonExampleMap_C' with ClassGeneratedBy '/Game/FirstPersonCPP/Maps/FirstPersonExampleMap.FirstPersonExampleMap:PersistentLevel.FirstPersonExampleMap'
[2015.10.29-17.34.59:745][530]LogBlueprintUserMessages: Early EndPlayMap Detection: Level '/Game/FirstPersonCPP/Maps/FirstPersonExampleMap.FirstPersonExampleMap:PersistentLevel' has LevelScriptBlueprint '/Game/FirstPersonCPP/Maps/FirstPersonExampleMap.FirstPersonExampleMap:PersistentLevel.FirstPersonExampleMap' with GeneratedClass '/Game/FirstPersonCPP/Maps/FirstPersonExampleMap.FirstPersonExampleMap_C' with ClassGeneratedBy '/Game/FirstPersonCPP/Maps/FirstPersonExampleMap.FirstPersonExampleMap:PersistentLevel.FirstPersonExampleMap'
[2015.10.29-17.34.59:783][530]LogBlueprintUserMessages: Late EndPlayMap Detection: Level '/Game/FirstPersonCPP/Maps/FirstPersonExampleMap.FirstPersonExampleMap:PersistentLevel' has LevelScriptBlueprint '/Game/FirstPersonCPP/Maps/FirstPersonExampleMap.FirstPersonExampleMap:PersistentLevel.FirstPersonExampleMap' with GeneratedClass '/Game/FirstPersonCPP/Maps/FirstPersonExampleMap.FirstPersonExampleMap_C' with ClassGeneratedBy '/Game/FirstPersonCPP/Maps/FirstPersonExampleMap.FirstPersonExampleMap:PersistentLevel.FirstPersonExampleMap'
[2015.10.29-17.34.59:806][530]LogParticles: Destroying 0 GPU particle simulations for FXSystem 0x000000A0F9AADA80
[2015.10.29-17.35.05:357][156]LogEditorViewport: Clicking on Actor (LMB): basicai_C (basicai)
[2015.10.29-17.35.16:315][731]LogCrashTracker: 


[2015.10.29-17.35.16:316][731]LogWindows:Error: Windows GetLastError: The operation completed successfully. (0)
[2015.10.29-17.35.16:317][731]LogCrashTracker: 


[2015.10.29-17.35.16:317][731]LogWindows: === Critical error: ===
Fatal error: [File:D:\BuildFarm\buildmachine_++depot+UE4-Releases+4.9\Engine\Source\Runtime\RenderCore\Private\RenderingThread.cpp] [Line: 675] 
Rendering thread exception:
Fatal error!






[2015.10.29-17.35.16:426][731]LogExit: Executing StaticShutdownAfterError
[2015.10.29-17.35.16:433][731]LogPhysics:Warning: PHYSX: ..\..\PhysX\src\NpScene.cpp (2946) 8 : PxScene::unlockWrite() called without matching call to PxScene::lockWrite(), behaviour will be undefined.
[2015.10.29-17.35.16:433][731]LogPhysics:Warning: PHYSX: ..\..\PhysX\src\NpScene.cpp (2946) 8 : PxScene::unlockWrite() called without matching call to PxScene::lockWrite(), behaviour will be undefined.
[2015.10.29-17.35.16:434][731]LogWindows: FPlatformMisc::RequestExit(1)
[2015.10.29-17.35.16:434][731]Log file closed, 10/29/15 18:35:16
