[2015.10.16-09.18.21:915][  0]Log file open, 10/16/15 11:18:21
[2015.10.16-09.18.21:915][  0]LogInit:Display: Running engine for game: AutomaticDoor
[2015.10.16-09.18.21:915][  0]LogInit:Display: RandInit(-175988636) SRandInit(-175988636).
[2015.10.16-09.18.21:915][  0]LogTaskGraph: Started task graph with 4 named threads and 7 total threads.
[2015.10.16-09.18.21:915][  0]LogStats: Stats thread started at 0.068001
[2015.10.16-09.18.21:915][  0]LogInit: Version: 4.9.2-2707645+++depot+UE4-Releases+4.9
[2015.10.16-09.18.21:915][  0]LogInit: API Version: 2672455
[2015.10.16-09.18.21:915][  0]LogInit: Compiled (64-bit): Sep 28 2015 10:25:44
[2015.10.16-09.18.21:915][  0]LogInit: Compiled with Visual C++: 18.00.21005.01
[2015.10.16-09.18.21:915][  0]LogInit: Build Configuration: Development
[2015.10.16-09.18.21:915][  0]LogInit: Branch Name: ++depot+UE4-Releases+4.9
[2015.10.16-09.18.21:915][  0]LogInit: Command line:  
[2015.10.16-09.18.21:915][  0]LogInit: Base directory: C:/Program Files/Epic Games/4.9/Engine/Binaries/Win64/
[2015.10.16-09.18.21:915][  0]LogInit: Rocket: 1
[2015.10.16-09.18.21:921][  0]LogInit: Using libcurl 7.41.0
[2015.10.16-09.18.21:921][  0]LogInit:  - built for x86_64-pc-win32
[2015.10.16-09.18.21:921][  0]LogInit:  - supports SSL with WinSSL
[2015.10.16-09.18.21:921][  0]LogInit:  - other features:
[2015.10.16-09.18.21:921][  0]LogInit:      CURL_VERSION_SSL
[2015.10.16-09.18.21:921][  0]LogInit:      CURL_VERSION_IPV6
[2015.10.16-09.18.21:921][  0]LogInit:      CURL_VERSION_ASYNCHDNS
[2015.10.16-09.18.21:921][  0]LogInit:      CURL_VERSION_LARGEFILE
[2015.10.16-09.18.21:921][  0]LogInit:      CURL_VERSION_IDN
[2015.10.16-09.18.21:921][  0]LogInit:  CurlRequestOptions (configurable via config and command line):
[2015.10.16-09.18.21:921][  0]LogInit:  - bVerifyPeer = true  - Libcurl will verify peer certificate
[2015.10.16-09.18.21:921][  0]LogInit:  - bUseHttpProxy = false  - Libcurl will NOT use HTTP proxy
[2015.10.16-09.18.21:921][  0]LogInit:  - bDontReuseConnections = false  - Libcurl will reuse connections
[2015.10.16-09.18.21:921][  0]LogInit:  - CertBundlePath = nullptr  - Libcurl will use whatever was configured at build time.
[2015.10.16-09.18.21:926][  0]LogInit: Presizing for 0 objects not considered by GC, pre-allocating 0 bytes.
[2015.10.16-09.18.21:931][  0]LogInit: Object subsystem initialized
[2015.10.16-09.18.21:932][  0]LogInit: Selected Device Profile: [Windows]
[2015.10.16-09.18.21:932][  0]LogInit: Applying CVar settings loaded from the selected device profile: [Windows]
[2015.10.16-09.18.21:939][  0]LogInit: Computer: SpellabbA333-08
[2015.10.16-09.18.21:939][  0]LogInit: User: Spellabbet
[2015.10.16-09.18.21:939][  0]LogInit: CPU Page size=4096, Cores=4
[2015.10.16-09.18.21:939][  0]LogInit: High frequency timer resolution =3.507518 MHz
[2015.10.16-09.18.21:939][  0]LogMemory: Memory total: Physical=15.9GB (16GB approx)
[2015.10.16-09.18.21:939][  0]LogMemory: Platform Memory Stats for Windows
[2015.10.16-09.18.21:939][  0]LogMemory: Process Physical Memory: 52.09 MB used, 52.09 MB peak
[2015.10.16-09.18.21:939][  0]LogMemory: Process Virtual Memory: 56.93 MB used, 56.93 MB peak
[2015.10.16-09.18.21:939][  0]LogMemory: Physical Memory: 3560.59 MB used, 16318.82 MB total
[2015.10.16-09.18.21:939][  0]LogMemory: Virtual Memory: 349.31 MB used, 134217728.00 MB total
[2015.10.16-09.18.21:965][  0]LogTextLocalizationManager: No translations for ('sv-SE') exist, falling back to 'en' for localization and internationalization data.
[2015.10.16-09.18.22:566][  0]LogD3D11RHI: Found D3D11 adapter 0: NVIDIA GeForce GTX 960 (Feature Level 11_0)
[2015.10.16-09.18.22:566][  0]LogD3D11RHI: Adapter has 1965MB of dedicated video memory, 0MB of dedicated system memory, and 2048MB of shared system memory, 1 output[s]
[2015.10.16-09.18.22:567][  0]LogD3D11RHI: Found D3D11 adapter 1: Microsoft Basic Render Driver (Feature Level 11_0)
[2015.10.16-09.18.22:567][  0]LogD3D11RHI: Adapter has 0MB of dedicated video memory, 0MB of dedicated system memory, and 256MB of shared system memory, 0 output[s]
[2015.10.16-09.18.22:567][  0]LogD3D11RHI: Chosen D3D11 Adapter Id = 0
[2015.10.16-09.18.22:569][  0]LogD3D11RHI: !Direct3DDevice
[2015.10.16-09.18.22:569][  0]LogRHI: Texture pool is 1361 MB (70% of 1945 MB)
[2015.10.16-09.18.22:581][  0]LogD3D11RHI: Async texture creation enabled
[2015.10.16-09.18.22:596][  0]LogShaderCompilers: Guid format shader working directory is 15 characters bigger than the processId version (../../../../../../Users/Spellabbet/Documents/Unreal Projects/AutomaticDoor/Intermediate/Shaders/WorkingDirectory/6352/).
[2015.10.16-09.18.22:596][  0]LogShaderCompilers: Cleaned the shader compiler working directory '../../../../../../Users/Spellabbet/Documents/Unreal Projects/AutomaticDoor/Intermediate/Shaders/tmp/6414A0644668260739BC849250FA0A52/'.
[2015.10.16-09.18.22:596][  0]LogShaderCompilers:Display: Using Local Shader Compiler.
[2015.10.16-09.18.23:454][  0]LogTemp:Display: Loaded TP AllDesktopTargetPlatform
[2015.10.16-09.18.23:458][  0]LogTemp:Display: Loaded TP WindowsClientTargetPlatform
[2015.10.16-09.18.23:462][  0]LogTemp:Display: Loaded TP WindowsNoEditorTargetPlatform
[2015.10.16-09.18.23:466][  0]LogTemp:Display: Loaded TP WindowsServerTargetPlatform
[2015.10.16-09.18.23:470][  0]LogTemp:Display: Loaded TP WindowsTargetPlatform
[2015.10.16-09.18.23:472][  0]LogTemp:Display: Loaded TP AndroidTargetPlatform
[2015.10.16-09.18.23:475][  0]LogTemp:Display: Loaded TP Android_ASTCTargetPlatform
[2015.10.16-09.18.23:477][  0]LogTemp:Display: Loaded TP Android_ATCTargetPlatform
[2015.10.16-09.18.23:480][  0]LogTemp:Display: Loaded TP Android_DXTTargetPlatform
[2015.10.16-09.18.23:483][  0]LogTemp:Display: Loaded TP Android_ETC1TargetPlatform
[2015.10.16-09.18.23:485][  0]LogTemp:Display: Loaded TP Android_ETC2TargetPlatform
[2015.10.16-09.18.23:488][  0]LogTemp:Display: Loaded TP Android_PVRTCTargetPlatform
[2015.10.16-09.18.23:489][  0]LogTemp:Display: Loaded TP HTML5TargetPlatform
[2015.10.16-09.18.23:504][  0]LogTemp:Display: Loaded TP IOSTargetPlatform
[2015.10.16-09.18.23:506][  0]LogTemp:Display: Loaded TP LinuxNoEditorTargetPlatform
[2015.10.16-09.18.23:509][  0]LogTemp:Display: Loaded TP LinuxServerTargetPlatform
[2015.10.16-09.18.23:511][  0]LogTemp:Display: Loaded TP LinuxTargetPlatform
[2015.10.16-09.18.23:512][  0]LogTargetPlatformManager:Display: Building Assets For Windows
[2015.10.16-09.18.23:570][  0]LogDerivedDataCache:Display: Max Cache Size: 512 MB
[2015.10.16-09.18.23:604][  0]LogDerivedDataCache: Loaded boot cache 0.03s 43MB C:/Users/Spellabbet/AppData/Local/UnrealEngine/4.9/DerivedDataCache/Boot.ddc.
[2015.10.16-09.18.23:604][  0]LogDerivedDataCache:Display: Loaded Boot cache: C:/Users/Spellabbet/AppData/Local/UnrealEngine/4.9/DerivedDataCache/Boot.ddc
[2015.10.16-09.18.23:604][  0]LogDerivedDataCache: FDerivedDataBackendGraph:  Pak pak cache file ../../../../../../Users/Spellabbet/Documents/Unreal Projects/AutomaticDoor/DerivedDataCache/DDC.ddp not found, will not use a pak cache.
[2015.10.16-09.18.23:604][  0]LogDerivedDataCache: Unable to find inner node Pak for hierarchical cache Hierarchy.
[2015.10.16-09.18.23:604][  0]LogDerivedDataCache: FDerivedDataBackendGraph:  CompressedPak pak cache file ../../../../../../Users/Spellabbet/Documents/Unreal Projects/AutomaticDoor/DerivedDataCache/Compressed.ddp not found, will not use a pak cache.
[2015.10.16-09.18.23:604][  0]LogDerivedDataCache: Unable to find inner node CompressedPak for hierarchical cache Hierarchy.
[2015.10.16-09.18.23:710][  0]LogDerivedDataCache:Display: Pak cache opened for reading ../../../Engine/DerivedDataCache/Compressed.ddp.
[2015.10.16-09.18.23:721][  0]LogDerivedDataCache: Using Local data cache path C:/Users/Spellabbet/AppData/Local/UnrealEngine/Common/DerivedDataCache: Writable
[2015.10.16-09.18.23:848][  0]LogInit: Selected Device Profile: [Windows]
[2015.10.16-09.18.23:850][  0]LogContentStreaming: Texture pool size is 0.000000MB
[2015.10.16-09.18.23:942][  0]LogMeshUtilities: No automatic mesh reduction module available
[2015.10.16-09.18.23:942][  0]LogMeshUtilities: No automatic mesh merging module available
[2015.10.16-09.18.24:118][  0]LogInit: WinSock: version 1.1 (2.2), MaxSocks=32767, MaxUdp=65467
[2015.10.16-09.18.24:627][  0]UdpMessaging: Initializing bridge on interface 0.0.0.0:0 to multicast group 230.0.0.1:6666.
[2015.10.16-09.18.24:715][  0]LogSkinnedMeshComp:Warning: GetSocketByName(): No SkeletalMesh for CharacterMesh1P
[2015.10.16-09.18.24:716][  0]LogLinker:Warning: Asset '../../../../../../Users/Spellabbet/Documents/Unreal Projects/AutomaticDoor/Content/FirstPersonCPP/Blueprints/FirstPersonCharacter.uasset' has been saved with empty engine version. The asset will be loaded but may be incompatible.
[2015.10.16-09.18.24:846][  0]LogLinker:Warning: Asset '../../../../../../Users/Spellabbet/Documents/Unreal Projects/AutomaticDoor/Content/FirstPerson/Meshes/FirstPersonProjectileMesh.uasset' has been saved with empty engine version. The asset will be loaded but may be incompatible.
[2015.10.16-09.18.24:877][  0]LogSkinnedMeshComp:Warning: GetSocketByName(): No SkeletalMesh for CharacterMesh1P
[2015.10.16-09.18.24:878][  0]LogSkinnedMeshComp:Warning: GetSocketByName(): No SkeletalMesh for CharacterMesh1P
[2015.10.16-09.18.24:944][  0]LogAssetRegistry: FAssetRegistry took 0.0112 seconds to start up
[2015.10.16-09.18.25:062][  0]SourceControl: Info Source control is disabled
[2015.10.16-09.18.25:064][  0]SourceControl: Info Source control is disabled
[2015.10.16-09.18.25:072][  0]SourceControl: Info Source control is disabled
[2015.10.16-09.18.25:080][  0]SourceControl: Info Source control is disabled
[2015.10.16-09.18.25:174][  0]LogLinker:Warning: Asset '../../../Engine/Plugins/Runtime/LeapMotionController/Content/LM_PassthroughMaterial.uasset' has been saved with empty engine version. The asset will be loaded but may be incompatible.
[2015.10.16-09.18.25:225][  0]LogObj: 32028 objects as part of root set at end of initial load.
[2015.10.16-09.18.25:225][  0]LogUObjectAllocator: 7356792 out of 0 bytes used by permanent object pool.
[2015.10.16-09.18.25:272][  0]LogEngine: Initializing Engine...
[2015.10.16-09.18.25:273][  0]LogHMD: Can't find Oculus library dev build: is proper Runtime installed? Version: 0.7.0.0
[2015.10.16-09.18.25:274][  0]LogHMD: SteamVR failed to initialize.  Err: 110
[2015.10.16-09.18.25:365][  0]LogAIModule: Creating AISystem for world NewWorld
[2015.10.16-09.18.25:369][  0]LogInit: XAudio2 using 'Speakers (4- High Definition Audio Device)' : 2 channels at 44.1 kHz using 16 bits per sample (channel mask 0x3)
[2015.10.16-09.18.25:379][  0]LogInit: FAudioDevice initialized.
[2015.10.16-09.18.25:397][  0]LogDerivedDataCache: Saved boot cache 0.02s 43MB C:/Users/Spellabbet/AppData/Local/UnrealEngine/4.9/DerivedDataCache/Boot.ddc.
[2015.10.16-09.18.25:401][  0]LogInit: Texture streaming: Enabled
[2015.10.16-09.18.25:405][  0]LogAnalytics: Creating configured Analytics provider AnalyticsET
[2015.10.16-09.18.25:405][  0]LogAnalytics: [UEEditor.Rocket.Release] APIServer = http://et2.epicgames.com/ET2/. AppVersion = 4.9.2-2707645+++depot+UE4-Releases+4.9
[2015.10.16-09.18.25:405][  0]LogAnalytics: [UEEditor.Rocket.Release] SetUserId 7e3fa46547d3e524ffb1328701b2a07b|99f216c1865e471987722078da7bde5f|060e5e79-a789-49c4-8abd-5d8b330400a7
[2015.10.16-09.18.25:405][  0]LogAnalytics: [UEEditor.Rocket.Release] AnalyticsET::StartSession
[2015.10.16-09.18.25:420][  0]LogInit: Transaction tracking system initialized
[2015.10.16-09.18.25:441][  0]BlueprintLog: New page: Editor Load
[2015.10.16-09.18.25:526][  0]LocalizationService: Info Localization service is disabled
[2015.10.16-09.18.25:583][  0]LogConsoleResponse:Display: 
[2015.10.16-09.18.25:672][  0]LogCook:Display: Done creating registry. It took  0.00s.
[2015.10.16-09.18.25:711][  0]LogFileCache: Scanning file cache for directory 'C:/Users/Spellabbet/Documents/Unreal Projects/AutomaticDoor/Content/' took 0.01s
[2015.10.16-09.18.25:711][  0]SourceControl: Info Source control is disabled
[2015.10.16-09.18.25:711][  0]Cmd: MAP LOAD FILE="../../../../../../Users/Spellabbet/Documents/Unreal Projects/AutomaticDoor/Content/FirstPersonCPP/Maps/FirstPersonExampleMap.umap" TEMPLATE=0 SHOWPROGRESS=1 FEATURELEVEL=3
[2015.10.16-09.18.25:711][  0]LightingResults: New page: Lighting Build
[2015.10.16-09.18.25:714][  0]MapCheck: New page: Map Check
[2015.10.16-09.18.25:714][  0]LightingResults: New page: Lighting Build
[2015.10.16-09.18.25:724][  0]LogParticles: Destroying 0 GPU particle simulations for FXSystem 0x00000073AD853CE0
[2015.10.16-09.18.25:819][  0]LogSkinnedMeshComp:Warning: GetSocketByName(): No SkeletalMesh for CharacterMesh1P
[2015.10.16-09.18.25:885][  0]LogAIModule: Creating AISystem for world FirstPersonExampleMap
[2015.10.16-09.18.25:891][  0]LogEditorServer: Finished looking for orphan Actors (0.000 secs)
[2015.10.16-09.18.25:891][  0]Cmd: MAP CHECKDEP NOCLEARLOG
[2015.10.16-09.18.25:928][  0]MapCheck: Info Map check complete: 0 Error(s), 0 Warning(s), took 36.935ms to complete.
[2015.10.16-09.18.25:928][  0]LogFileHelpers: Loading map 'FirstPersonExampleMap' took 0.217
[2015.10.16-09.18.26:012][  0]LogCollectionManager: Loaded 0 collections in 0.001517 seconds
[2015.10.16-09.18.26:051][  0]LogFileCache: Scanning file cache for directory 'C:/Users/Spellabbet/Documents/Unreal Projects/AutomaticDoor/Saved/Collections/' took 0.01s
[2015.10.16-09.18.26:051][  0]LogFileCache: Scanning file cache for directory 'C:/Users/Spellabbet/Documents/Unreal Projects/AutomaticDoor/Content/Developers/Spellabbet/Collections/' took 0.01s
[2015.10.16-09.18.26:051][  0]LogFileCache: Scanning file cache for directory 'C:/Users/Spellabbet/Documents/Unreal Projects/AutomaticDoor/Content/Collections/' took 0.01s
[2015.10.16-09.18.26:051][  0]LogContentBrowser: Native class hierarchy populated in 0.0063 seconds. Added 1872 classes and 335 folders.
[2015.10.16-09.18.26:055][  0]LogCollectionManager: Rebuilt the GUID cache for 0 collections in 0.000002 seconds
[2015.10.16-09.18.26:062][  0]LogContentBrowser: Native class hierarchy updated for 'WidgetCarousel' in 0.0008 seconds. Added 0 classes and 0 folders.
[2015.10.16-09.18.26:091][  0]LogContentBrowser: Native class hierarchy updated for 'AddContentDialog' in 0.0008 seconds. Added 0 classes and 0 folders.
[2015.10.16-09.18.26:095][  0]LogContentBrowser: Native class hierarchy updated for 'SceneOutliner' in 0.0007 seconds. Added 1 classes and 2 folders.
[2015.10.16-09.18.26:113][  0]LogCrashTracker: Crashtracker disabled due to settings.
[2015.10.16-09.18.26:116][  0]LogUObjectGlobals:Warning: Failed to find object 'Class None.'
[2015.10.16-09.18.26:139][  0]LogLoad: Full Startup: 4.83 seconds (BP compile: 0.06 seconds)
[2015.10.16-09.18.26:193][  0]LogContentStreaming: Texture pool size now 1000 MB
[2015.10.16-09.18.26:299][  0]LogRenderer: Reallocating scene render targets to support 1208x576 (Frame:2).
[2015.10.16-09.18.26:423][  3]LogAssetRegistry: Asset discovery search completed in 1.4911 seconds
[2015.10.16-09.18.26:424][  3]LogCollectionManager: Rebuilt the object cache for 0 collections in 0.000001 seconds (found 0 objects)
[2015.10.16-09.18.26:424][  3]LogCollectionManager: Fixed up redirectors for 0 collections in 0.000042 seconds (updated 0 objects)
[2015.10.16-09.18.35:654][102]LogEditorViewport: Clicking on Actor (LMB): StaticMeshActor (BigWall3)
[2015.10.16-09.18.36:400][186]Cmd: DELETE
[2015.10.16-09.18.36:400][186]Cmd: ACTOR DELETE
[2015.10.16-09.18.36:402][186]LogEditorActor: Deleted Actor: StaticMeshActor
[2015.10.16-09.18.36:415][186]LogEditorActor: Deleted 1 Actors (0.015 secs)
[2015.10.16-09.18.37:181][278]LogEditorViewport: Clicking on Actor (LMB): StaticMeshActor (BigWall2)
[2015.10.16-09.18.37:470][309]Cmd: DELETE
[2015.10.16-09.18.37:470][309]Cmd: ACTOR DELETE
[2015.10.16-09.18.37:471][309]LogEditorActor: Deleted Actor: StaticMeshActor
[2015.10.16-09.18.37:479][309]LogEditorActor: Deleted 1 Actors (0.009 secs)
[2015.10.16-09.18.40:809][709]LogEditorViewport: Clicking on Actor (LMB): DoorWallBP_C (DoorWallBP2)
[2015.10.16-09.18.41:918][836]Cmd: DELETE
[2015.10.16-09.18.41:918][836]Cmd: ACTOR DELETE
[2015.10.16-09.18.41:918][836]LogEditorActor: Deleted Actor: DoorWallBP_C
[2015.10.16-09.18.41:927][836]LogEditorActor: Deleted 1 Actors (0.009 secs)
[2015.10.16-09.18.57:058][573]LogLinker:Warning: Asset '../../../Engine/Content/ArtTools/RenderToTexture/Macros/RenderToTextureMacros.uasset' has been saved with empty engine version. The asset will be loaded but may be incompatible.
[2015.10.16-09.18.57:418][573]LogContentBrowser: Native class hierarchy updated for 'BlueprintGraph' in 0.0010 seconds. Added 107 classes and 0 folders.
[2015.10.16-09.19.55:440][382]BlueprintLog: New page: Compile Forcefield
[2015.10.16-09.19.55:498][382]BlueprintEditorCompileResults: Info [0094.19] Compile of Forcefield successful! [in 58 ms]
[2015.10.16-09.19.57:778][643]LogBlueprintUserMessages: Early PlayInEditor Detection: Level '/Game/FirstPersonCPP/Maps/FirstPersonExampleMap.FirstPersonExampleMap:PersistentLevel' has LevelScriptBlueprint '/Game/FirstPersonCPP/Maps/FirstPersonExampleMap.FirstPersonExampleMap:PersistentLevel.FirstPersonExampleMap' with GeneratedClass '/Game/FirstPersonCPP/Maps/FirstPersonExampleMap.FirstPersonExampleMap_C' with ClassGeneratedBy '/Game/FirstPersonCPP/Maps/FirstPersonExampleMap.FirstPersonExampleMap:PersistentLevel.FirstPersonExampleMap'
[2015.10.16-09.19.57:779][643]LogPlayLevel: PlayLevel: No blueprints needed recompiling
[2015.10.16-09.19.57:779][643]PIE: New page: PIE session: FirstPersonExampleMap (Oct 16, 2015, 1:19:57 PM)
[2015.10.16-09.19.57:779][643]LogPlayLevel: Creating play world package: /Game/FirstPersonCPP/Maps/UEDPIE_0_FirstPersonExampleMap
[2015.10.16-09.19.57:779][643]LogSkinnedMeshComp:Warning: GetSocketByName(): No SkeletalMesh for CharacterMesh1P
[2015.10.16-09.19.57:799][643]LogPlayLevel: PIE: StaticDuplicateObject took: (0.020404s)
[2015.10.16-09.19.57:800][643]LogAIModule: Creating AISystem for world FirstPersonExampleMap
[2015.10.16-09.19.57:801][643]LogPlayLevel: PIE: World Init took: (0.001267s)
[2015.10.16-09.19.57:801][643]LogPlayLevel: PIE: Created PIE world by copying editor world from /Game/FirstPersonCPP/Maps/FirstPersonExampleMap.FirstPersonExampleMap to /Game/FirstPersonCPP/Maps/UEDPIE_0_FirstPersonExampleMap.FirstPersonExampleMap (0.022260s)
[2015.10.16-09.19.57:827][643]LogInit: XAudio2 using 'Speakers (4- High Definition Audio Device)' : 2 channels at 44.1 kHz using 16 bits per sample (channel mask 0x3)
[2015.10.16-09.19.57:832][643]LogInit: FAudioDevice initialized.
[2015.10.16-09.19.57:875][643]LogWorld: Game class is 'AutomaticDoorGameMode'
[2015.10.16-09.19.57:879][643]LogWorld: Bringing World /Game/FirstPersonCPP/Maps/UEDPIE_0_FirstPersonExampleMap.FirstPersonExampleMap up for play (max tick rate 0) at 2015.10.16-11.19.57
[2015.10.16-09.19.57:879][643]LogActor:Warning: GameSession /Game/FirstPersonCPP/Maps/UEDPIE_0_FirstPersonExampleMap.FirstPersonExampleMap:PersistentLevel.GameSession_0 has natively added scene component(s), but none of them were set as the actor's RootComponent - picking one arbitrarily
[2015.10.16-09.19.57:880][643]LogActor:Warning: GameNetworkManager /Game/FirstPersonCPP/Maps/UEDPIE_0_FirstPersonExampleMap.FirstPersonExampleMap:PersistentLevel.GameNetworkManager_0 has natively added scene component(s), but none of them were set as the actor's RootComponent - picking one arbitrarily
[2015.10.16-09.19.57:880][643]LogWorld: Bringing up level for play took: 0.004077
[2015.10.16-09.19.57:881][643]PIE: Info Play in editor start time for /Game/FirstPersonCPP/Maps/UEDPIE_0_FirstPersonExampleMap 0.898
[2015.10.16-09.19.57:881][643]LogBlueprintUserMessages: Late PlayInEditor Detection: Level '/Game/FirstPersonCPP/Maps/FirstPersonExampleMap.FirstPersonExampleMap:PersistentLevel' has LevelScriptBlueprint '/Game/FirstPersonCPP/Maps/FirstPersonExampleMap.FirstPersonExampleMap:PersistentLevel.FirstPersonExampleMap' with GeneratedClass '/Game/FirstPersonCPP/Maps/FirstPersonExampleMap.FirstPersonExampleMap_C' with ClassGeneratedBy '/Game/FirstPersonCPP/Maps/FirstPersonExampleMap.FirstPersonExampleMap:PersistentLevel.FirstPersonExampleMap'
[2015.10.16-09.20.03:225][281]LogBlueprintUserMessages: Early EndPlayMap Detection: Level '/Game/FirstPersonCPP/Maps/FirstPersonExampleMap.FirstPersonExampleMap:PersistentLevel' has LevelScriptBlueprint '/Game/FirstPersonCPP/Maps/FirstPersonExampleMap.FirstPersonExampleMap:PersistentLevel.FirstPersonExampleMap' with GeneratedClass '/Game/FirstPersonCPP/Maps/FirstPersonExampleMap.FirstPersonExampleMap_C' with ClassGeneratedBy '/Game/FirstPersonCPP/Maps/FirstPersonExampleMap.FirstPersonExampleMap:PersistentLevel.FirstPersonExampleMap'
[2015.10.16-09.20.03:256][281]LogBlueprintUserMessages: Late EndPlayMap Detection: Level '/Game/FirstPersonCPP/Maps/FirstPersonExampleMap.FirstPersonExampleMap:PersistentLevel' has LevelScriptBlueprint '/Game/FirstPersonCPP/Maps/FirstPersonExampleMap.FirstPersonExampleMap:PersistentLevel.FirstPersonExampleMap' with GeneratedClass '/Game/FirstPersonCPP/Maps/FirstPersonExampleMap.FirstPersonExampleMap_C' with ClassGeneratedBy '/Game/FirstPersonCPP/Maps/FirstPersonExampleMap.FirstPersonExampleMap:PersistentLevel.FirstPersonExampleMap'
[2015.10.16-09.20.03:292][282]LogParticles: Destroying 0 GPU particle simulations for FXSystem 0x00000073F0176980
[2015.10.16-09.20.08:708][848]LogBlueprintUserMessages: Early PlayInEditor Detection: Level '/Game/FirstPersonCPP/Maps/FirstPersonExampleMap.FirstPersonExampleMap:PersistentLevel' has LevelScriptBlueprint '/Game/FirstPersonCPP/Maps/FirstPersonExampleMap.FirstPersonExampleMap:PersistentLevel.FirstPersonExampleMap' with GeneratedClass '/Game/FirstPersonCPP/Maps/FirstPersonExampleMap.FirstPersonExampleMap_C' with ClassGeneratedBy '/Game/FirstPersonCPP/Maps/FirstPersonExampleMap.FirstPersonExampleMap:PersistentLevel.FirstPersonExampleMap'
[2015.10.16-09.20.08:708][848]LogPlayLevel: PlayLevel: No blueprints needed recompiling
[2015.10.16-09.20.08:708][848]PIE: New page: PIE session: FirstPersonExampleMap (Oct 16, 2015, 1:20:08 PM)
[2015.10.16-09.20.08:708][848]LogPlayLevel: Creating play world package: /Game/FirstPersonCPP/Maps/UEDPIE_0_FirstPersonExampleMap
[2015.10.16-09.20.08:709][848]LogSkinnedMeshComp:Warning: GetSocketByName(): No SkeletalMesh for CharacterMesh1P
[2015.10.16-09.20.08:726][848]LogPlayLevel: PIE: StaticDuplicateObject took: (0.018075s)
[2015.10.16-09.20.08:727][848]LogAIModule: Creating AISystem for world FirstPersonExampleMap
[2015.10.16-09.20.08:728][848]LogPlayLevel: PIE: World Init took: (0.001444s)
[2015.10.16-09.20.08:728][848]LogPlayLevel: PIE: Created PIE world by copying editor world from /Game/FirstPersonCPP/Maps/FirstPersonExampleMap.FirstPersonExampleMap to /Game/FirstPersonCPP/Maps/UEDPIE_0_FirstPersonExampleMap.FirstPersonExampleMap (0.019735s)
[2015.10.16-09.20.08:754][848]LogInit: XAudio2 using 'Speakers (4- High Definition Audio Device)' : 2 channels at 44.1 kHz using 16 bits per sample (channel mask 0x3)
[2015.10.16-09.20.08:758][848]LogInit: FAudioDevice initialized.
[2015.10.16-09.20.08:789][848]LogWorld: Game class is 'AutomaticDoorGameMode'
[2015.10.16-09.20.08:794][848]LogWorld: Bringing World /Game/FirstPersonCPP/Maps/UEDPIE_0_FirstPersonExampleMap.FirstPersonExampleMap up for play (max tick rate 0) at 2015.10.16-11.20.08
[2015.10.16-09.20.08:794][848]LogActor:Warning: GameSession /Game/FirstPersonCPP/Maps/UEDPIE_0_FirstPersonExampleMap.FirstPersonExampleMap:PersistentLevel.GameSession_1 has natively added scene component(s), but none of them were set as the actor's RootComponent - picking one arbitrarily
[2015.10.16-09.20.08:794][848]LogActor:Warning: GameNetworkManager /Game/FirstPersonCPP/Maps/UEDPIE_0_FirstPersonExampleMap.FirstPersonExampleMap:PersistentLevel.GameNetworkManager_1 has natively added scene component(s), but none of them were set as the actor's RootComponent - picking one arbitrarily
[2015.10.16-09.20.08:794][848]LogWorld: Bringing up level for play took: 0.004610
[2015.10.16-09.20.08:795][848]PIE: Info Play in editor start time for /Game/FirstPersonCPP/Maps/UEDPIE_0_FirstPersonExampleMap -0.187
[2015.10.16-09.20.08:795][848]LogBlueprintUserMessages: Late PlayInEditor Detection: Level '/Game/FirstPersonCPP/Maps/FirstPersonExampleMap.FirstPersonExampleMap:PersistentLevel' has LevelScriptBlueprint '/Game/FirstPersonCPP/Maps/FirstPersonExampleMap.FirstPersonExampleMap:PersistentLevel.FirstPersonExampleMap' with GeneratedClass '/Game/FirstPersonCPP/Maps/FirstPersonExampleMap.FirstPersonExampleMap_C' with ClassGeneratedBy '/Game/FirstPersonCPP/Maps/FirstPersonExampleMap.FirstPersonExampleMap:PersistentLevel.FirstPersonExampleMap'
[2015.10.16-09.20.26:424][961]LogBlueprintUserMessages: Early EndPlayMap Detection: Level '/Game/FirstPersonCPP/Maps/FirstPersonExampleMap.FirstPersonExampleMap:PersistentLevel' has LevelScriptBlueprint '/Game/FirstPersonCPP/Maps/FirstPersonExampleMap.FirstPersonExampleMap:PersistentLevel.FirstPersonExampleMap' with GeneratedClass '/Game/FirstPersonCPP/Maps/FirstPersonExampleMap.FirstPersonExampleMap_C' with ClassGeneratedBy '/Game/FirstPersonCPP/Maps/FirstPersonExampleMap.FirstPersonExampleMap:PersistentLevel.FirstPersonExampleMap'
[2015.10.16-09.20.26:490][961]LogBlueprintUserMessages: Late EndPlayMap Detection: Level '/Game/FirstPersonCPP/Maps/FirstPersonExampleMap.FirstPersonExampleMap:PersistentLevel' has LevelScriptBlueprint '/Game/FirstPersonCPP/Maps/FirstPersonExampleMap.FirstPersonExampleMap:PersistentLevel.FirstPersonExampleMap' with GeneratedClass '/Game/FirstPersonCPP/Maps/FirstPersonExampleMap.FirstPersonExampleMap_C' with ClassGeneratedBy '/Game/FirstPersonCPP/Maps/FirstPersonExampleMap.FirstPersonExampleMap:PersistentLevel.FirstPersonExampleMap'
[2015.10.16-09.20.26:509][961]LogParticles: Destroying 0 GPU particle simulations for FXSystem 0x00000073DC46EE80
[2015.10.16-09.20.31:830][528]LogCrashTracker: 


[2015.10.16-09.20.31:830][528]LogCrashTracker: 


[2015.10.16-09.20.31:830][528]LogWindows: === Critical error: ===
Fatal error!



[2015.10.16-09.20.31:924][528]LogExit: Executing StaticShutdownAfterError
[2015.10.16-09.20.31:927][528]LogOutputDevice:Warning: 

Script Stack:
DoorWall.OnBeginOverlap

[2015.10.16-09.20.31:928][528]LogPhysics:Warning: PHYSX: ..\..\PhysX\src\NpScene.cpp (2946) 8 : PxScene::unlockWrite() called without matching call to PxScene::lockWrite(), behaviour will be undefined.
[2015.10.16-09.20.31:928][528]LogPhysics:Warning: PHYSX: ..\..\PhysX\src\NpScene.cpp (2946) 8 : PxScene::unlockWrite() called without matching call to PxScene::lockWrite(), behaviour will be undefined.
[2015.10.16-09.20.31:928][528]LogPhysics:Warning: PHYSX: ..\..\PhysX\src\NpScene.cpp (2946) 8 : PxScene::unlockWrite() called without matching call to PxScene::lockWrite(), behaviour will be undefined.
[2015.10.16-09.20.31:928][528]LogPhysics:Warning: PHYSX: ..\..\PhysX\src\NpScene.cpp (2946) 8 : PxScene::unlockWrite() called without matching call to PxScene::lockWrite(), behaviour will be undefined.
[2015.10.16-09.20.31:929][528]LogPhysics:Warning: PHYSX: ..\..\PhysX\src\NpScene.cpp (2946) 8 : PxScene::unlockWrite() called without matching call to PxScene::lockWrite(), behaviour will be undefined.
[2015.10.16-09.20.31:929][528]LogPhysics:Warning: PHYSX: ..\..\PhysX\src\NpScene.cpp (2946) 8 : PxScene::unlockWrite() called without matching call to PxScene::lockWrite(), behaviour will be undefined.
[2015.10.16-09.20.31:929][528]LogWindows: FPlatformMisc::RequestExit(1)
[2015.10.16-09.20.31:929][528]Log file closed, 10/16/15 11:20:31
